<!--Copyright (c) 2013, Stanford University

Permission is hereby granted, free of charge, to any person obtaining a copy of this software and associated documentation files (the "Software"), to deal in the Software without restriction, including without limitation the rights to use, copy, modify, merge, publish, distribute, sublicense, and/or sell copies of the Software, and to permit persons to whom the Software is furnished to do so, subject to the following conditions:

The above copyright notice and this permission notice shall be included in all copies or substantial portions of the Software.

THE SOFTWARE IS PROVIDED "AS IS", WITHOUT WARRANTY OF ANY KIND, EXPRESS OR IMPLIED, INCLUDING BUT NOT LIMITED TO THE WARRANTIES OF MERCHANTABILITY, FITNESS FOR A PARTICULAR PURPOSE AND NONINFRINGEMENT. IN NO EVENT SHALL THE AUTHORS OR COPYRIGHT HOLDERS BE LIABLE FOR ANY CLAIM, DAMAGES OR OTHER LIABILITY, WHETHER IN AN ACTION OF CONTRACT, TORT OR OTHERWISE, ARISING FROM, OUT OF OR IN CONNECTION WITH THE SOFTWARE OR THE USE OR OTHER DEALINGS IN THE 
SOFTWARE.



Please cite: Hamner, S.R., Delp, S.L. (2013) Muscle contributions to fore-aft and vertical body mass center accelerations 
over a range of running speeds. Journal of Biomechanics, vol 46, pp 780-787.-->

-------------------------------------------------------
This program includes software developed by the
Apache Software Foundation (http://www.apache.org/).
-------------------------------------------------------


-------------------------------------------------------
Library SimbodyEngine...
-------------------------------------------------------

Constructing investigation from setup file subject10_Setup_RRA_Run_50002_cycle7_v191.xml.

AbstractTool subject10_Run_50002_cycle7 loading model '../../scale/subject10_scaled_v191.osim'
Created model subject10_scaled from file ../../scale/subject10_scaled_v191.osim
Adding actuator set from ../gait2392_RRA_Actuators_v191.xml
-----------------------------------------------------------------------
Loaded library
-----------------------------------------------------------------------
             MODEL: subject10_scaled
         actuators: 29
          analyses: 0
          contacts: 0
-----------------------------------------------------------------------

Running tool subject10_Run_50002_cycle7.
MODEL: subject10_scaled

ANALYSES (0)

BODIES (21)
body[0] = ground (mass: 0) (inertia: 0 0 0 0 0 0 0 0 0)
body[1] = pelvis (mass: 10.8524) (inertia: 0.101881 0 0 0 0.101881 0 0 0 0.0499109)
body[2] = femur_r (mass: 8.57116) (inertia: 0.140817 0 0 0 0.0369133 0 0 0 0.148494)
body[3] = tibia_r (mass: 3.41643) (inertia: 0.0470409 0 0 0 0.00476009 0 0 0 0.0476942)
body[4] = talus_r (mass: 0.0921492) (inertia: 0.00101469 0 0 0 0.00101469 0 0 0 0.00101469)
body[5] = calcn_r (mass: 1.15186) (inertia: 0.00142056 0 0 0 0.00395728 0 0 0 0.00416022)
body[6] = toes_r (mass: 0.199595) (inertia: 0.00010147 0 0 0 0.00020294 0 0 0 0.00101469)
body[7] = femur_l (mass: 8.57116) (inertia: 0.140817 0 0 0 0.0369133 0 0 0 0.148494)
body[8] = tibia_l (mass: 3.41643) (inertia: 0.0467434 0 0 0 0.00416516 0 0 0 0.0467434)
body[9] = talus_l (mass: 0.0921492) (inertia: 0.00101469 0 0 0 0.00101469 0 0 0 0.00101469)
body[10] = calcn_l (mass: 1.15186) (inertia: 0.00142056 0 0 0 0.00395728 0 0 0 0.00416022)
body[11] = toes_l (mass: 0.199595) (inertia: 0.00010147 0 0 0 0.00020294 0 0 0 0.00101469)
body[12] = torso (mass: 24.7205) (inertia: 1.3821 0 0 0 0.708156 0 0 0 1.3417)
body[13] = humerus_r (mass: 1.87293) (inertia: 0.0110313 0 0 0 0.00380546 0 0 0 0.0123823)
body[14] = ulna_r (mass: 0.559806) (inertia: 0.00258388 0 0 0 0.00053911 0 0 0 0.00280284)
body[15] = radius_r (mass: 0.559806) (inertia: 0.00258388 0 0 0 0.00053911 0 0 0 0.00280284)
body[16] = hand_r (mass: 0.421582) (inertia: 0.00077813 0 0 0 0.00047717 0 0 0 0.00116894)
body[17] = humerus_l (mass: 1.87293) (inertia: 0.0110313 0 0 0 0.00380546 0 0 0 0.0123823)
body[18] = ulna_l (mass: 0.559806) (inertia: 0.00258388 0 0 0 0.00053911 0 0 0 0.00280284)
body[19] = radius_l (mass: 0.559806) (inertia: 0.00258388 0 0 0 0.00053911 0 0 0 0.00280284)
body[20] = hand_l (mass: 0.421582) (inertia: 0.00077813 0 0 0 0.00047717 0 0 0 0.00116894)

ACTUATORS (29)
actuator[0] = FX (controls: FX.excitation)
actuator[1] = FY (controls: FY.excitation)
actuator[2] = FZ (controls: FZ.excitation)
actuator[3] = MX (controls: MX.excitation)
actuator[4] = MY (controls: MY.excitation)
actuator[5] = MZ (controls: MZ.excitation)
actuator[6] = hip_flexion_r (controls: hip_flexion_r.excitation)
actuator[7] = hip_adduction_r (controls: hip_adduction_r.excitation)
actuator[8] = hip_rotation_r (controls: hip_rotation_r.excitation)
actuator[9] = knee_angle_r (controls: knee_angle_r.excitation)
actuator[10] = ankle_angle_r (controls: ankle_angle_r.excitation)
actuator[11] = hip_flexion_l (controls: hip_flexion_l.excitation)
actuator[12] = hip_adduction_l (controls: hip_adduction_l.excitation)
actuator[13] = hip_rotation_l (controls: hip_rotation_l.excitation)
actuator[14] = knee_angle_l (controls: knee_angle_l.excitation)
actuator[15] = ankle_angle_l (controls: ankle_angle_l.excitation)
actuator[16] = lumbar_extension (controls: lumbar_extension.excitation)
actuator[17] = lumbar_bending (controls: lumbar_bending.excitation)
actuator[18] = lumbar_rotation (controls: lumbar_rotation.excitation)
actuator[19] = arm_flex_r (controls: arm_flex_r.excitation)
actuator[20] = arm_add_r (controls: arm_add_r.excitation)
actuator[21] = arm_rot_r (controls: arm_rot_r.excitation)
actuator[22] = elbow_flex_r (controls: elbow_flex_r.excitation)
actuator[23] = pro_sup_r (controls: pro_sup_r.excitation)
actuator[24] = arm_flex_l (controls: arm_flex_l.excitation)
actuator[25] = arm_add_l (controls: arm_add_l.excitation)
actuator[26] = arm_rot_l (controls: arm_rot_l.excitation)
actuator[27] = elbow_flex_l (controls: elbow_flex_l.excitation)
actuator[28] = pro_sup_l (controls: pro_sup_l.excitation)

CONTACTS (0)
numControls = 29
numStates = 74
numCoordinates = 37
numSpeeds = 37
numActuators = 29
numBodies = 21
numConstraints = 0

STATES (74)
y[0] = pelvis_tilt
y[1] = pelvis_list
y[2] = pelvis_rotation
y[3] = pelvis_tx
y[4] = pelvis_ty
y[5] = pelvis_tz
y[6] = hip_flexion_r
y[7] = hip_adduction_r
y[8] = hip_rotation_r
y[9] = knee_angle_r
y[10] = ankle_angle_r
y[11] = subtalar_angle_r
y[12] = mtp_angle_r
y[13] = hip_flexion_l
y[14] = hip_adduction_l
y[15] = hip_rotation_l
y[16] = knee_angle_l
y[17] = ankle_angle_l
y[18] = subtalar_angle_l
y[19] = mtp_angle_l
y[20] = lumbar_extension
y[21] = lumbar_bending
y[22] = lumbar_rotation
y[23] = arm_flex_r
y[24] = arm_add_r
y[25] = arm_rot_r
y[26] = elbow_flex_r
y[27] = pro_sup_r
y[28] = wrist_flex_r
y[29] = wrist_dev_r
y[30] = arm_flex_l
y[31] = arm_add_l
y[32] = arm_rot_l
y[33] = elbow_flex_l
y[34] = pro_sup_l
y[35] = wrist_flex_l
y[36] = wrist_dev_l
y[37] = pelvis_tilt_u
y[38] = pelvis_list_u
y[39] = pelvis_rotation_u
y[40] = pelvis_tx_u
y[41] = pelvis_ty_u
y[42] = pelvis_tz_u
y[43] = hip_flexion_r_u
y[44] = hip_adduction_r_u
y[45] = hip_rotation_r_u
y[46] = knee_angle_r_u
y[47] = ankle_angle_r_u
y[48] = subtalar_angle_r_u
y[49] = mtp_angle_r_u
y[50] = hip_flexion_l_u
y[51] = hip_adduction_l_u
y[52] = hip_rotation_l_u
y[53] = knee_angle_l_u
y[54] = ankle_angle_l_u
y[55] = subtalar_angle_l_u
y[56] = mtp_angle_l_u
y[57] = lumbar_extension_u
y[58] = lumbar_bending_u
y[59] = lumbar_rotation_u
y[60] = arm_flex_r_u
y[61] = arm_add_r_u
y[62] = arm_rot_r_u
y[63] = elbow_flex_r_u
y[64] = pro_sup_r_u
y[65] = wrist_flex_r_u
y[66] = wrist_dev_r_u
y[67] = arm_flex_l_u
y[68] = arm_add_l_u
y[69] = arm_rot_l_u
y[70] = elbow_flex_l_u
y[71] = pro_sup_l_u
y[72] = wrist_flex_l_u
y[73] = wrist_dev_l_u


WARN- a desired points file was not specified.



Loading desired kinematics from file S:\RackSpaceSync\nmbl_running\OpenSimResults\subject10\ik\Results_191\Run_50002.mot ...
Storage: file=S:\RackSpaceSync\nmbl_running\OpenSimResults\subject10\ik\Results_191\Run_50002.mot (nr=544 nc=164)


Low-pass filtering desired kinematics with a cutoff frequency of 15...



Loading external loads kinematics from file S:\RackSpaceSync\nmbl_running\OpenSimResults\subject10\ik\Results_191\Run_50002.mot ...
Storage: file=S:\RackSpaceSync\nmbl_running\OpenSimResults\subject10\ik\Results_191\Run_50002.mot (nr=544 nc=164)
Low-pass filtering external load kinematics with a cutoff frequency of 15...
Storage: file=S:\RackSpaceSync\nmbl_running\HPL_Data\Hamner_Test\subject10\Session 1\ExportedData\Run_500 02_newCOP3.mot (nr=5431 nc=19)

Note: requested COM adjustment time range 3.838 - 4.464 clamped to nearest available data times 3.83 - 4.46

Computing average residuals between 3.83 and 4.46
Average residuals before adjusting torso COM:
FX=1.57772 FY=-22.8278 FZ=2.57809
MX=4.07013 MY=0.197423 MZ=-11.2712

CMCTool.adjustCOMToReduceResiduals:
torso weight = 242.425
dx=-0.0464934, dz=-0.0167892

dmass = 2.32779

Recommended mass adjustments:
ground:  orig mass = 0, new mass = 0
pelvis:  orig mass = 10.8524, new mass = 11.2171
femur_r:  orig mass = 8.57116, new mass = 8.85922
tibia_r:  orig mass = 3.41643, new mass = 3.53125
talus_r:  orig mass = 0.0921492, new mass = 0.0952461
calcn_r:  orig mass = 1.15186, new mass = 1.19058
toes_r:  orig mass = 0.199595, new mass = 0.206303
femur_l:  orig mass = 8.57116, new mass = 8.85922
tibia_l:  orig mass = 3.41643, new mass = 3.53125
talus_l:  orig mass = 0.0921492, new mass = 0.0952461
calcn_l:  orig mass = 1.15186, new mass = 1.19058
toes_l:  orig mass = 0.199595, new mass = 0.206303
torso:  orig mass = 24.7205, new mass = 25.5513
humerus_r:  orig mass = 1.87293, new mass = 1.93588
ulna_r:  orig mass = 0.559806, new mass = 0.57862
radius_r:  orig mass = 0.559806, new mass = 0.57862
hand_r:  orig mass = 0.421582, new mass = 0.435751
humerus_l:  orig mass = 1.87293, new mass = 1.93588
ulna_l:  orig mass = 0.559806, new mass = 0.57862
radius_l:  orig mass = 0.559806, new mass = 0.57862
hand_l:  orig mass = 0.421582, new mass = 0.435751

Computing average residuals between 3.83 and 4.46
Average residuals after adjusting torso COM:
FX=1.71941 FY=-22.9469 FZ=1.93557
MX=-0.252735 MY=0.031663 MZ=-0.487898


Constructing function set for tracking desired kinematics...

No Actuation analysis found in analysis set -- adding one
No Kinematics analysis found in analysis set -- adding one


 taskSet size = 29

Using the generalized coordinates specified in S:\RackSpaceSync\nmbl_running\OpenSimResults\subject10\ik\Results_191\Run_50002.mot to set the initial configuration.
Successfully linked to CFSQP library 'osimCFSQP.dll'
Using CFSQP optimizer algorithm.

Setting optimizer print level to 0.
Setting optimizer convergence criterion to 1e-006.
Setting optimizer maximum iterations to 1000.

Setting cmc controller to not use verbose printing.



================================================================
================================================================
Using CMC to track the specified kinematics
Integrating from 3.838 to 4.464
Start time = Thu Mar 01 19:40:45 2012
================================================================
rdCMC.computeControls:  t = 3.838
rdCMC.computeControls:  t = 3.839
rdCMC.computeControls:  t = 3.84
rdCMC.computeControls:  t = 3.841
rdCMC.computeControls:  t = 3.842
rdCMC.computeControls:  t = 3.843
rdCMC.computeControls:  t = 3.844
rdCMC.computeControls:  t = 3.845
rdCMC.computeControls:  t = 3.846
rdCMC.computeControls:  t = 3.847
rdCMC.computeControls:  t = 3.848
rdCMC.computeControls:  t = 3.849
rdCMC.computeControls:  t = 3.85
rdCMC.computeControls:  t = 3.851
rdCMC.computeControls:  t = 3.852
rdCMC.computeControls:  t = 3.853
rdCMC.computeControls:  t = 3.854
rdCMC.computeControls:  t = 3.855
rdCMC.computeControls:  t = 3.856
rdCMC.computeControls:  t = 3.857
rdCMC.computeControls:  t = 3.858
rdCMC.computeControls:  t = 3.859
rdCMC.computeControls:  t = 3.86
rdCMC.computeControls:  t = 3.861
rdCMC.computeControls:  t = 3.862
rdCMC.computeControls:  t = 3.863
rdCMC.computeControls:  t = 3.864
rdCMC.computeControls:  t = 3.865
rdCMC.computeControls:  t = 3.866
rdCMC.computeControls:  t = 3.867
rdCMC.computeControls:  t = 3.868
rdCMC.computeControls:  t = 3.869
rdCMC.computeControls:  t = 3.87
rdCMC.computeControls:  t = 3.871
rdCMC.computeControls:  t = 3.872
rdCMC.computeControls:  t = 3.873
rdCMC.computeControls:  t = 3.874
rdCMC.computeControls:  t = 3.875
rdCMC.computeControls:  t = 3.876
rdCMC.computeControls:  t = 3.877
rdCMC.computeControls:  t = 3.878
rdCMC.computeControls:  t = 3.879
rdCMC.computeControls:  t = 3.88
rdCMC.computeControls:  t = 3.881
rdCMC.computeControls:  t = 3.882
rdCMC.computeControls:  t = 3.883
rdCMC.computeControls:  t = 3.884
rdCMC.computeControls:  t = 3.885
rdCMC.computeControls:  t = 3.886
rdCMC.computeControls:  t = 3.887
rdCMC.computeControls:  t = 3.888
rdCMC.computeControls:  t = 3.889
rdCMC.computeControls:  t = 3.89
rdCMC.computeControls:  t = 3.891
rdCMC.computeControls:  t = 3.892
rdCMC.computeControls:  t = 3.893
rdCMC.computeControls:  t = 3.894
rdCMC.computeControls:  t = 3.895
rdCMC.computeControls:  t = 3.896
rdCMC.computeControls:  t = 3.897
rdCMC.computeControls:  t = 3.898
rdCMC.computeControls:  t = 3.899
rdCMC.computeControls:  t = 3.9
rdCMC.computeControls:  t = 3.901
rdCMC.computeControls:  t = 3.902
rdCMC.computeControls:  t = 3.903
rdCMC.computeControls:  t = 3.904
rdCMC.computeControls:  t = 3.905
rdCMC.computeControls:  t = 3.906
rdCMC.computeControls:  t = 3.907
rdCMC.computeControls:  t = 3.908
rdCMC.computeControls:  t = 3.909
rdCMC.computeControls:  t = 3.91
rdCMC.computeControls:  t = 3.911
rdCMC.computeControls:  t = 3.912
rdCMC.computeControls:  t = 3.913
rdCMC.computeControls:  t = 3.914
rdCMC.computeControls:  t = 3.915
rdCMC.computeControls:  t = 3.916
rdCMC.computeControls:  t = 3.917
rdCMC.computeControls:  t = 3.918
rdCMC.computeControls:  t = 3.919
rdCMC.computeControls:  t = 3.92
rdCMC.computeControls:  t = 3.921
rdCMC.computeControls:  t = 3.922
rdCMC.computeControls:  t = 3.923
rdCMC.computeControls:  t = 3.924
rdCMC.computeControls:  t = 3.925
rdCMC.computeControls:  t = 3.926
rdCMC.computeControls:  t = 3.927
rdCMC.computeControls:  t = 3.928
rdCMC.computeControls:  t = 3.929
rdCMC.computeControls:  t = 3.93
rdCMC.computeControls:  t = 3.931
rdCMC.computeControls:  t = 3.932
rdCMC.computeControls:  t = 3.933
rdCMC.computeControls:  t = 3.934
rdCMC.computeControls:  t = 3.935
rdCMC.computeControls:  t = 3.936
rdCMC.computeControls:  t = 3.937
rdCMC.computeControls:  t = 3.938
rdCMC.computeControls:  t = 3.939
rdCMC.computeControls:  t = 3.94
rdCMC.computeControls:  t = 3.941
rdCMC.computeControls:  t = 3.942
rdCMC.computeControls:  t = 3.943
rdCMC.computeControls:  t = 3.944
rdCMC.computeControls:  t = 3.945
rdCMC.computeControls:  t = 3.946
rdCMC.computeControls:  t = 3.947
rdCMC.computeControls:  t = 3.948
rdCMC.computeControls:  t = 3.949
rdCMC.computeControls:  t = 3.95
rdCMC.computeControls:  t = 3.951
rdCMC.computeControls:  t = 3.952
rdCMC.computeControls:  t = 3.953
rdCMC.computeControls:  t = 3.954
rdCMC.computeControls:  t = 3.955
rdCMC.computeControls:  t = 3.956
rdCMC.computeControls:  t = 3.957
rdCMC.computeControls:  t = 3.958
rdCMC.computeControls:  t = 3.959
rdCMC.computeControls:  t = 3.96
rdCMC.computeControls:  t = 3.961
rdCMC.computeControls:  t = 3.962
rdCMC.computeControls:  t = 3.963
rdCMC.computeControls:  t = 3.964
rdCMC.computeControls:  t = 3.965
rdCMC.computeControls:  t = 3.966
rdCMC.computeControls:  t = 3.967
rdCMC.computeControls:  t = 3.968
rdCMC.computeControls:  t = 3.969
rdCMC.computeControls:  t = 3.97
rdCMC.computeControls:  t = 3.971
rdCMC.computeControls:  t = 3.972
rdCMC.computeControls:  t = 3.973
rdCMC.computeControls:  t = 3.974
rdCMC.computeControls:  t = 3.975
rdCMC.computeControls:  t = 3.976
rdCMC.computeControls:  t = 3.977
rdCMC.computeControls:  t = 3.978
rdCMC.computeControls:  t = 3.979
rdCMC.computeControls:  t = 3.98
rdCMC.computeControls:  t = 3.981
rdCMC.computeControls:  t = 3.982
rdCMC.computeControls:  t = 3.983
rdCMC.computeControls:  t = 3.984
rdCMC.computeControls:  t = 3.985
rdCMC.computeControls:  t = 3.986
rdCMC.computeControls:  t = 3.987
rdCMC.computeControls:  t = 3.988
rdCMC.computeControls:  t = 3.989
rdCMC.computeControls:  t = 3.99
rdCMC.computeControls:  t = 3.991
rdCMC.computeControls:  t = 3.992
rdCMC.computeControls:  t = 3.993
rdCMC.computeControls:  t = 3.994
rdCMC.computeControls:  t = 3.995
rdCMC.computeControls:  t = 3.996
rdCMC.computeControls:  t = 3.997
rdCMC.computeControls:  t = 3.998
rdCMC.computeControls:  t = 3.999
rdCMC.computeControls:  t = 4
rdCMC.computeControls:  t = 4.001
rdCMC.computeControls:  t = 4.002
rdCMC.computeControls:  t = 4.003
rdCMC.computeControls:  t = 4.004
rdCMC.computeControls:  t = 4.005
rdCMC.computeControls:  t = 4.006
rdCMC.computeControls:  t = 4.007
rdCMC.computeControls:  t = 4.008
rdCMC.computeControls:  t = 4.009
rdCMC.computeControls:  t = 4.01
rdCMC.computeControls:  t = 4.011
rdCMC.computeControls:  t = 4.012
rdCMC.computeControls:  t = 4.013
rdCMC.computeControls:  t = 4.014
rdCMC.computeControls:  t = 4.015
rdCMC.computeControls:  t = 4.016
rdCMC.computeControls:  t = 4.017
rdCMC.computeControls:  t = 4.018
rdCMC.computeControls:  t = 4.019
rdCMC.computeControls:  t = 4.02
rdCMC.computeControls:  t = 4.021
rdCMC.computeControls:  t = 4.022
rdCMC.computeControls:  t = 4.023
rdCMC.computeControls:  t = 4.024
rdCMC.computeControls:  t = 4.025
rdCMC.computeControls:  t = 4.026
rdCMC.computeControls:  t = 4.027
rdCMC.computeControls:  t = 4.028
rdCMC.computeControls:  t = 4.029
rdCMC.computeControls:  t = 4.03
rdCMC.computeControls:  t = 4.031
rdCMC.computeControls:  t = 4.032
rdCMC.computeControls:  t = 4.033
rdCMC.computeControls:  t = 4.034
rdCMC.computeControls:  t = 4.035
rdCMC.computeControls:  t = 4.036
rdCMC.computeControls:  t = 4.037
rdCMC.computeControls:  t = 4.038
rdCMC.computeControls:  t = 4.039
rdCMC.computeControls:  t = 4.04
rdCMC.computeControls:  t = 4.041
rdCMC.computeControls:  t = 4.042
rdCMC.computeControls:  t = 4.043
rdCMC.computeControls:  t = 4.044
rdCMC.computeControls:  t = 4.045
rdCMC.computeControls:  t = 4.046
rdCMC.computeControls:  t = 4.047
rdCMC.computeControls:  t = 4.048
rdCMC.computeControls:  t = 4.049
rdCMC.computeControls:  t = 4.05
rdCMC.computeControls:  t = 4.051
rdCMC.computeControls:  t = 4.052
rdCMC.computeControls:  t = 4.053
rdCMC.computeControls:  t = 4.054
rdCMC.computeControls:  t = 4.055
rdCMC.computeControls:  t = 4.056
rdCMC.computeControls:  t = 4.057
rdCMC.computeControls:  t = 4.058
rdCMC.computeControls:  t = 4.059
rdCMC.computeControls:  t = 4.06
rdCMC.computeControls:  t = 4.061
rdCMC.computeControls:  t = 4.062
rdCMC.computeControls:  t = 4.063
rdCMC.computeControls:  t = 4.064
rdCMC.computeControls:  t = 4.065
rdCMC.computeControls:  t = 4.066
rdCMC.computeControls:  t = 4.067
rdCMC.computeControls:  t = 4.068
rdCMC.computeControls:  t = 4.069
rdCMC.computeControls:  t = 4.07
rdCMC.computeControls:  t = 4.071
rdCMC.computeControls:  t = 4.072
rdCMC.computeControls:  t = 4.073
rdCMC.computeControls:  t = 4.074
rdCMC.computeControls:  t = 4.075
rdCMC.computeControls:  t = 4.076
rdCMC.computeControls:  t = 4.077
rdCMC.computeControls:  t = 4.078
rdCMC.computeControls:  t = 4.079
rdCMC.computeControls:  t = 4.08
rdCMC.computeControls:  t = 4.081
rdCMC.computeControls:  t = 4.082
rdCMC.computeControls:  t = 4.083
rdCMC.computeControls:  t = 4.084
rdCMC.computeControls:  t = 4.085
rdCMC.computeControls:  t = 4.086
rdCMC.computeControls:  t = 4.087
rdCMC.computeControls:  t = 4.088
rdCMC.computeControls:  t = 4.089
rdCMC.computeControls:  t = 4.09
rdCMC.computeControls:  t = 4.091
rdCMC.computeControls:  t = 4.092
rdCMC.computeControls:  t = 4.093
rdCMC.computeControls:  t = 4.094
rdCMC.computeControls:  t = 4.095
rdCMC.computeControls:  t = 4.096
rdCMC.computeControls:  t = 4.097
rdCMC.computeControls:  t = 4.098
rdCMC.computeControls:  t = 4.099
rdCMC.computeControls:  t = 4.1
rdCMC.computeControls:  t = 4.101
rdCMC.computeControls:  t = 4.102
rdCMC.computeControls:  t = 4.103
rdCMC.computeControls:  t = 4.104
rdCMC.computeControls:  t = 4.105
rdCMC.computeControls:  t = 4.106
rdCMC.computeControls:  t = 4.107
rdCMC.computeControls:  t = 4.108
rdCMC.computeControls:  t = 4.109
rdCMC.computeControls:  t = 4.11
rdCMC.computeControls:  t = 4.111
rdCMC.computeControls:  t = 4.112
rdCMC.computeControls:  t = 4.113
rdCMC.computeControls:  t = 4.114
rdCMC.computeControls:  t = 4.115
rdCMC.computeControls:  t = 4.116
rdCMC.computeControls:  t = 4.117
rdCMC.computeControls:  t = 4.118
rdCMC.computeControls:  t = 4.119
rdCMC.computeControls:  t = 4.12
rdCMC.computeControls:  t = 4.121
rdCMC.computeControls:  t = 4.122
rdCMC.computeControls:  t = 4.123
rdCMC.computeControls:  t = 4.124
rdCMC.computeControls:  t = 4.125
rdCMC.computeControls:  t = 4.126
rdCMC.computeControls:  t = 4.127
rdCMC.computeControls:  t = 4.128
rdCMC.computeControls:  t = 4.129
rdCMC.computeControls:  t = 4.13
rdCMC.computeControls:  t = 4.131
rdCMC.computeControls:  t = 4.132
rdCMC.computeControls:  t = 4.133
rdCMC.computeControls:  t = 4.134
rdCMC.computeControls:  t = 4.135
rdCMC.computeControls:  t = 4.136
rdCMC.computeControls:  t = 4.137
rdCMC.computeControls:  t = 4.138
rdCMC.computeControls:  t = 4.139
rdCMC.computeControls:  t = 4.14
rdCMC.computeControls:  t = 4.141
rdCMC.computeControls:  t = 4.142
rdCMC.computeControls:  t = 4.143
rdCMC.computeControls:  t = 4.144
rdCMC.computeControls:  t = 4.145
rdCMC.computeControls:  t = 4.146
rdCMC.computeControls:  t = 4.147
rdCMC.computeControls:  t = 4.148
rdCMC.computeControls:  t = 4.149
rdCMC.computeControls:  t = 4.15
rdCMC.computeControls:  t = 4.151
rdCMC.computeControls:  t = 4.152
rdCMC.computeControls:  t = 4.153
rdCMC.computeControls:  t = 4.154
rdCMC.computeControls:  t = 4.155
rdCMC.computeControls:  t = 4.156
rdCMC.computeControls:  t = 4.157
rdCMC.computeControls:  t = 4.158
rdCMC.computeControls:  t = 4.159
rdCMC.computeControls:  t = 4.16
rdCMC.computeControls:  t = 4.161
rdCMC.computeControls:  t = 4.162
rdCMC.computeControls:  t = 4.163
rdCMC.computeControls:  t = 4.164
rdCMC.computeControls:  t = 4.165
rdCMC.computeControls:  t = 4.166
rdCMC.computeControls:  t = 4.167
rdCMC.computeControls:  t = 4.168
rdCMC.computeControls:  t = 4.169
rdCMC.computeControls:  t = 4.17
rdCMC.computeControls:  t = 4.171
rdCMC.computeControls:  t = 4.172
rdCMC.computeControls:  t = 4.173
rdCMC.computeControls:  t = 4.174
rdCMC.computeControls:  t = 4.175
rdCMC.computeControls:  t = 4.176
rdCMC.computeControls:  t = 4.177
rdCMC.computeControls:  t = 4.178
rdCMC.computeControls:  t = 4.179
rdCMC.computeControls:  t = 4.18
rdCMC.computeControls:  t = 4.181
rdCMC.computeControls:  t = 4.182
rdCMC.computeControls:  t = 4.183
rdCMC.computeControls:  t = 4.184
rdCMC.computeControls:  t = 4.185
rdCMC.computeControls:  t = 4.186
rdCMC.computeControls:  t = 4.187
rdCMC.computeControls:  t = 4.188
rdCMC.computeControls:  t = 4.189
rdCMC.computeControls:  t = 4.19
rdCMC.computeControls:  t = 4.191
rdCMC.computeControls:  t = 4.192
rdCMC.computeControls:  t = 4.193
rdCMC.computeControls:  t = 4.194
rdCMC.computeControls:  t = 4.195
rdCMC.computeControls:  t = 4.196
rdCMC.computeControls:  t = 4.197
rdCMC.computeControls:  t = 4.198
rdCMC.computeControls:  t = 4.199
rdCMC.computeControls:  t = 4.2
rdCMC.computeControls:  t = 4.201
rdCMC.computeControls:  t = 4.202
rdCMC.computeControls:  t = 4.203
rdCMC.computeControls:  t = 4.204
rdCMC.computeControls:  t = 4.205
rdCMC.computeControls:  t = 4.206
rdCMC.computeControls:  t = 4.207
rdCMC.computeControls:  t = 4.208
rdCMC.computeControls:  t = 4.209
rdCMC.computeControls:  t = 4.21
rdCMC.computeControls:  t = 4.211
rdCMC.computeControls:  t = 4.212
rdCMC.computeControls:  t = 4.213
rdCMC.computeControls:  t = 4.214
rdCMC.computeControls:  t = 4.215
rdCMC.computeControls:  t = 4.216
rdCMC.computeControls:  t = 4.217
rdCMC.computeControls:  t = 4.218
rdCMC.computeControls:  t = 4.219
rdCMC.computeControls:  t = 4.22
rdCMC.computeControls:  t = 4.221
rdCMC.computeControls:  t = 4.222
rdCMC.computeControls:  t = 4.223
rdCMC.computeControls:  t = 4.224
rdCMC.computeControls:  t = 4.225
rdCMC.computeControls:  t = 4.226
rdCMC.computeControls:  t = 4.227
rdCMC.computeControls:  t = 4.228
rdCMC.computeControls:  t = 4.229
rdCMC.computeControls:  t = 4.23
rdCMC.computeControls:  t = 4.231
rdCMC.computeControls:  t = 4.232
rdCMC.computeControls:  t = 4.233
rdCMC.computeControls:  t = 4.234
rdCMC.computeControls:  t = 4.235
rdCMC.computeControls:  t = 4.236
rdCMC.computeControls:  t = 4.237
rdCMC.computeControls:  t = 4.238
rdCMC.computeControls:  t = 4.239
rdCMC.computeControls:  t = 4.24
rdCMC.computeControls:  t = 4.241
rdCMC.computeControls:  t = 4.242
rdCMC.computeControls:  t = 4.243
rdCMC.computeControls:  t = 4.244
rdCMC.computeControls:  t = 4.245
rdCMC.computeControls:  t = 4.246
rdCMC.computeControls:  t = 4.247
rdCMC.computeControls:  t = 4.248
rdCMC.computeControls:  t = 4.249
rdCMC.computeControls:  t = 4.25
rdCMC.computeControls:  t = 4.251
rdCMC.computeControls:  t = 4.252
rdCMC.computeControls:  t = 4.253
rdCMC.computeControls:  t = 4.254
rdCMC.computeControls:  t = 4.255
rdCMC.computeControls:  t = 4.256
rdCMC.computeControls:  t = 4.257
rdCMC.computeControls:  t = 4.258
rdCMC.computeControls:  t = 4.259
rdCMC.computeControls:  t = 4.26
rdCMC.computeControls:  t = 4.261
rdCMC.computeControls:  t = 4.262
rdCMC.computeControls:  t = 4.263
rdCMC.computeControls:  t = 4.264
rdCMC.computeControls:  t = 4.265
rdCMC.computeControls:  t = 4.266
rdCMC.computeControls:  t = 4.267
rdCMC.computeControls:  t = 4.268
rdCMC.computeControls:  t = 4.269
rdCMC.computeControls:  t = 4.27
rdCMC.computeControls:  t = 4.271
rdCMC.computeControls:  t = 4.272
rdCMC.computeControls:  t = 4.273
rdCMC.computeControls:  t = 4.274
rdCMC.computeControls:  t = 4.275
rdCMC.computeControls:  t = 4.276
rdCMC.computeControls:  t = 4.277
rdCMC.computeControls:  t = 4.278
rdCMC.computeControls:  t = 4.279
rdCMC.computeControls:  t = 4.28
rdCMC.computeControls:  t = 4.281
rdCMC.computeControls:  t = 4.282
rdCMC.computeControls:  t = 4.283
rdCMC.computeControls:  t = 4.284
rdCMC.computeControls:  t = 4.285
rdCMC.computeControls:  t = 4.286
rdCMC.computeControls:  t = 4.287
rdCMC.computeControls:  t = 4.288
rdCMC.computeControls:  t = 4.289
rdCMC.computeControls:  t = 4.29
rdCMC.computeControls:  t = 4.291
rdCMC.computeControls:  t = 4.292
rdCMC.computeControls:  t = 4.293
rdCMC.computeControls:  t = 4.294
rdCMC.computeControls:  t = 4.295
rdCMC.computeControls:  t = 4.296
rdCMC.computeControls:  t = 4.297
rdCMC.computeControls:  t = 4.298
rdCMC.computeControls:  t = 4.299
rdCMC.computeControls:  t = 4.3
rdCMC.computeControls:  t = 4.301
rdCMC.computeControls:  t = 4.302
rdCMC.computeControls:  t = 4.303
rdCMC.computeControls:  t = 4.304
rdCMC.computeControls:  t = 4.305
rdCMC.computeControls:  t = 4.306
rdCMC.computeControls:  t = 4.307
rdCMC.computeControls:  t = 4.308
rdCMC.computeControls:  t = 4.309
rdCMC.computeControls:  t = 4.31
rdCMC.computeControls:  t = 4.311
rdCMC.computeControls:  t = 4.312
rdCMC.computeControls:  t = 4.313
rdCMC.computeControls:  t = 4.314
rdCMC.computeControls:  t = 4.315
rdCMC.computeControls:  t = 4.316
rdCMC.computeControls:  t = 4.317
rdCMC.computeControls:  t = 4.318
rdCMC.computeControls:  t = 4.319
rdCMC.computeControls:  t = 4.32
rdCMC.computeControls:  t = 4.321
rdCMC.computeControls:  t = 4.322
rdCMC.computeControls:  t = 4.323
rdCMC.computeControls:  t = 4.324
rdCMC.computeControls:  t = 4.325
rdCMC.computeControls:  t = 4.326
rdCMC.computeControls:  t = 4.327
rdCMC.computeControls:  t = 4.328
rdCMC.computeControls:  t = 4.329
rdCMC.computeControls:  t = 4.33
rdCMC.computeControls:  t = 4.331
rdCMC.computeControls:  t = 4.332
rdCMC.computeControls:  t = 4.333
rdCMC.computeControls:  t = 4.334
rdCMC.computeControls:  t = 4.335
rdCMC.computeControls:  t = 4.336
rdCMC.computeControls:  t = 4.337
rdCMC.computeControls:  t = 4.338
rdCMC.computeControls:  t = 4.339
rdCMC.computeControls:  t = 4.34
rdCMC.computeControls:  t = 4.341
rdCMC.computeControls:  t = 4.342
rdCMC.computeControls:  t = 4.343
rdCMC.computeControls:  t = 4.344
rdCMC.computeControls:  t = 4.345
rdCMC.computeControls:  t = 4.346
rdCMC.computeControls:  t = 4.347
rdCMC.computeControls:  t = 4.348
rdCMC.computeControls:  t = 4.349
rdCMC.computeControls:  t = 4.35
rdCMC.computeControls:  t = 4.351
rdCMC.computeControls:  t = 4.352
rdCMC.computeControls:  t = 4.353
rdCMC.computeControls:  t = 4.354
rdCMC.computeControls:  t = 4.355
rdCMC.computeControls:  t = 4.356
rdCMC.computeControls:  t = 4.357
rdCMC.computeControls:  t = 4.358
rdCMC.computeControls:  t = 4.359
rdCMC.computeControls:  t = 4.36
rdCMC.computeControls:  t = 4.361
rdCMC.computeControls:  t = 4.362
rdCMC.computeControls:  t = 4.363
rdCMC.computeControls:  t = 4.364
rdCMC.computeControls:  t = 4.365
rdCMC.computeControls:  t = 4.366
rdCMC.computeControls:  t = 4.367
rdCMC.computeControls:  t = 4.368
rdCMC.computeControls:  t = 4.369
rdCMC.computeControls:  t = 4.37
rdCMC.computeControls:  t = 4.371
rdCMC.computeControls:  t = 4.372
rdCMC.computeControls:  t = 4.373
rdCMC.computeControls:  t = 4.374
rdCMC.computeControls:  t = 4.375
rdCMC.computeControls:  t = 4.376
rdCMC.computeControls:  t = 4.377
rdCMC.computeControls:  t = 4.378
rdCMC.computeControls:  t = 4.379
rdCMC.computeControls:  t = 4.38
rdCMC.computeControls:  t = 4.381
rdCMC.computeControls:  t = 4.382
rdCMC.computeControls:  t = 4.383
rdCMC.computeControls:  t = 4.384
rdCMC.computeControls:  t = 4.385
rdCMC.computeControls:  t = 4.386
rdCMC.computeControls:  t = 4.387
rdCMC.computeControls:  t = 4.388
rdCMC.computeControls:  t = 4.389
rdCMC.computeControls:  t = 4.39
rdCMC.computeControls:  t = 4.391
rdCMC.computeControls:  t = 4.392
rdCMC.computeControls:  t = 4.393
rdCMC.computeControls:  t = 4.394
rdCMC.computeControls:  t = 4.395
rdCMC.computeControls:  t = 4.396
rdCMC.computeControls:  t = 4.397
rdCMC.computeControls:  t = 4.398
rdCMC.computeControls:  t = 4.399
rdCMC.computeControls:  t = 4.4
rdCMC.computeControls:  t = 4.401
rdCMC.computeControls:  t = 4.402
rdCMC.computeControls:  t = 4.403
rdCMC.computeControls:  t = 4.404
rdCMC.computeControls:  t = 4.405
rdCMC.computeControls:  t = 4.406
rdCMC.computeControls:  t = 4.407
rdCMC.computeControls:  t = 4.408
rdCMC.computeControls:  t = 4.409
rdCMC.computeControls:  t = 4.41
rdCMC.computeControls:  t = 4.411
rdCMC.computeControls:  t = 4.412
rdCMC.computeControls:  t = 4.413
rdCMC.computeControls:  t = 4.414
rdCMC.computeControls:  t = 4.415
rdCMC.computeControls:  t = 4.416
rdCMC.computeControls:  t = 4.417
rdCMC.computeControls:  t = 4.418
rdCMC.computeControls:  t = 4.419
rdCMC.computeControls:  t = 4.42
rdCMC.computeControls:  t = 4.421
rdCMC.computeControls:  t = 4.422
rdCMC.computeControls:  t = 4.423
rdCMC.computeControls:  t = 4.424
rdCMC.computeControls:  t = 4.425
rdCMC.computeControls:  t = 4.426
rdCMC.computeControls:  t = 4.427
rdCMC.computeControls:  t = 4.428
rdCMC.computeControls:  t = 4.429
rdCMC.computeControls:  t = 4.43
rdCMC.computeControls:  t = 4.431
rdCMC.computeControls:  t = 4.432
rdCMC.computeControls:  t = 4.433
rdCMC.computeControls:  t = 4.434
rdCMC.computeControls:  t = 4.435
rdCMC.computeControls:  t = 4.436
rdCMC.computeControls:  t = 4.437
rdCMC.computeControls:  t = 4.438
rdCMC.computeControls:  t = 4.439
rdCMC.computeControls:  t = 4.44
rdCMC.computeControls:  t = 4.441
rdCMC.computeControls:  t = 4.442
rdCMC.computeControls:  t = 4.443
rdCMC.computeControls:  t = 4.444
rdCMC.computeControls:  t = 4.445
rdCMC.computeControls:  t = 4.446
rdCMC.computeControls:  t = 4.447
rdCMC.computeControls:  t = 4.448
rdCMC.computeControls:  t = 4.449
rdCMC.computeControls:  t = 4.45
rdCMC.computeControls:  t = 4.451
rdCMC.computeControls:  t = 4.452
rdCMC.computeControls:  t = 4.453
rdCMC.computeControls:  t = 4.454
rdCMC.computeControls:  t = 4.455
rdCMC.computeControls:  t = 4.456
rdCMC.computeControls:  t = 4.457
rdCMC.computeControls:  t = 4.458
rdCMC.computeControls:  t = 4.459
rdCMC.computeControls:  t = 4.46
rdCMC.computeControls:  t = 4.461
rdCMC.computeControls:  t = 4.462
----------------------------------------------------------------
Finished tracking the specified kinematics
=================================================================
Start time   = Thu Mar 01 19:40:45 2012
Finish time  = Thu Mar 01 19:48:13 2012
Elapsed time = 448 seconds.
================================================================


Printing results of investigation subject10_Run_50002_cycle7 to RRA_Results_v191_Run_50002_cycle7.


Average residuals:
FX=0.479568 FY=-3.6328 FZ=0.31577
MX=0.376112 MY=-0.536794 MZ=3.76613


