Copyright (c) 2013, Stanford University

Permission is hereby granted, free of charge, to any person obtaining a copy of this software and associated documentation files (the "Software"), to deal in the Software without restriction, including without limitation the rights to use, copy, modify, merge, publish, distribute, sublicense, and/or sell copies of the Software, and to permit persons to whom the Software is furnished to do so, subject to the following conditions:

The above copyright notice and this permission notice shall be included in all copies or substantial portions of the Software.

THE SOFTWARE IS PROVIDED "AS IS", WITHOUT WARRANTY OF ANY KIND, EXPRESS OR IMPLIED, INCLUDING BUT NOT LIMITED TO THE WARRANTIES OF MERCHANTABILITY, FITNESS FOR A PARTICULAR PURPOSE AND NONINFRINGEMENT. IN NO EVENT SHALL THE AUTHORS OR COPYRIGHT HOLDERS BE LIABLE FOR ANY CLAIM, DAMAGES OR OTHER LIABILITY, WHETHER IN AN ACTION OF CONTRACT, TORT OR OTHERWISE, ARISING FROM, OUT OF OR IN CONNECTION WITH THE SOFTWARE OR THE USE OR OTHER DEALINGS IN THE 
SOFTWARE.

Please cite: Hamner, S.R., Delp, S.L. (2013) Muscle contributions to fore-aft and vertical body mass center accelerations 
over a range of running speeds. Journal of Biomechanics, vol 46, pp 780-787.

-------------------------------------------------------
This program includes software developed by the
Apache Software Foundation (http://www.apache.org/).
-------------------------------------------------------


-------------------------------------------------------
Library SimbodyEngine...
-------------------------------------------------------

Constructing investigation from setup file subject03_Setup_RRA_Run_30002_cycle3_v191.xml.

AbstractTool subject03_Run_30002_cycle3 loading model '../../scale/subject03_scaled_v191.osim'
Created model subject03_scaled from file ../../scale/subject03_scaled_v191.osim
Adding actuator set from ../gait2392_RRA_Actuators_v191.xml
-----------------------------------------------------------------------
Loaded library
-----------------------------------------------------------------------
             MODEL: subject03_scaled
         actuators: 29
          analyses: 0
          contacts: 0
-----------------------------------------------------------------------

Running tool subject03_Run_30002_cycle3.
MODEL: subject03_scaled

ANALYSES (0)

BODIES (21)
body[0] = ground (mass: 0) (inertia: 0 0 0 0 0 0 0 0 0)
body[1] = pelvis (mass: 10.028) (inertia: 0.106012 0 0 0 0.106012 0 0 0 0.051564)
body[2] = femur_r (mass: 7.92005) (inertia: 0.136098 0 0 0 0.0356762 0 0 0 0.143518)
body[3] = tibia_r (mass: 3.1569) (inertia: 0.051132 0 0 0 0.00422097 0 0 0 0.051132)
body[4] = talus_r (mass: 0.085149) (inertia: 0.00095295 0 0 0 0.00095295 0 0 0 0.00095295)
body[5] = calcn_r (mass: 1.06436) (inertia: 0.00133413 0 0 0 0.0037165 0 0 0 0.00390708)
body[6] = toes_r (mass: 0.184433) (inertia: 9.529e-005 0 0 0 0.00019059 0 0 0 0.00095295)
body[7] = femur_l (mass: 7.92005) (inertia: 0.136098 0 0 0 0.0356762 0 0 0 0.143518)
body[8] = tibia_l (mass: 3.1569) (inertia: 0.051132 0 0 0 0.00422097 0 0 0 0.051132)
body[9] = talus_l (mass: 0.085149) (inertia: 0.00095295 0 0 0 0.00095295 0 0 0 0.00095295)
body[10] = calcn_l (mass: 1.06436) (inertia: 0.00133413 0 0 0 0.0037165 0 0 0 0.00390708)
body[11] = toes_l (mass: 0.184433) (inertia: 9.529e-005 0 0 0 0.00019059 0 0 0 0.00095295)
body[12] = torso (mass: 22.8426) (inertia: 1.38267 0 0 0 0.708449 0 0 0 1.34226)
body[13] = humerus_r (mass: 1.73065) (inertia: 0.0119119 0 0 0 0.00410924 0 0 0 0.0133708)
body[14] = ulna_r (mass: 0.51728) (inertia: 0.00305027 0 0 0 0.00063642 0 0 0 0.00330875)
body[15] = radius_r (mass: 0.51728) (inertia: 0.00305027 0 0 0 0.00063642 0 0 0 0.00330875)
body[16] = hand_r (mass: 0.389557) (inertia: 0.00091858 0 0 0 0.0005633 0 0 0 0.00137993)
body[17] = humerus_l (mass: 1.73065) (inertia: 0.0119119 0 0 0 0.00410924 0 0 0 0.0133708)
body[18] = ulna_l (mass: 0.51728) (inertia: 0.00305027 0 0 0 0.00063642 0 0 0 0.00330875)
body[19] = radius_l (mass: 0.51728) (inertia: 0.00305027 0 0 0 0.00063642 0 0 0 0.00330875)
body[20] = hand_l (mass: 0.389557) (inertia: 0.00091858 0 0 0 0.0005633 0 0 0 0.00137993)

ACTUATORS (29)
actuator[0] = FX (controls: FX.excitation)
actuator[1] = FY (controls: FY.excitation)
actuator[2] = FZ (controls: FZ.excitation)
actuator[3] = MX (controls: MX.excitation)
actuator[4] = MY (controls: MY.excitation)
actuator[5] = MZ (controls: MZ.excitation)
actuator[6] = hip_flexion_r (controls: hip_flexion_r.excitation)
actuator[7] = hip_adduction_r (controls: hip_adduction_r.excitation)
actuator[8] = hip_rotation_r (controls: hip_rotation_r.excitation)
actuator[9] = knee_angle_r (controls: knee_angle_r.excitation)
actuator[10] = ankle_angle_r (controls: ankle_angle_r.excitation)
actuator[11] = hip_flexion_l (controls: hip_flexion_l.excitation)
actuator[12] = hip_adduction_l (controls: hip_adduction_l.excitation)
actuator[13] = hip_rotation_l (controls: hip_rotation_l.excitation)
actuator[14] = knee_angle_l (controls: knee_angle_l.excitation)
actuator[15] = ankle_angle_l (controls: ankle_angle_l.excitation)
actuator[16] = lumbar_extension (controls: lumbar_extension.excitation)
actuator[17] = lumbar_bending (controls: lumbar_bending.excitation)
actuator[18] = lumbar_rotation (controls: lumbar_rotation.excitation)
actuator[19] = arm_flex_r (controls: arm_flex_r.excitation)
actuator[20] = arm_add_r (controls: arm_add_r.excitation)
actuator[21] = arm_rot_r (controls: arm_rot_r.excitation)
actuator[22] = elbow_flex_r (controls: elbow_flex_r.excitation)
actuator[23] = pro_sup_r (controls: pro_sup_r.excitation)
actuator[24] = arm_flex_l (controls: arm_flex_l.excitation)
actuator[25] = arm_add_l (controls: arm_add_l.excitation)
actuator[26] = arm_rot_l (controls: arm_rot_l.excitation)
actuator[27] = elbow_flex_l (controls: elbow_flex_l.excitation)
actuator[28] = pro_sup_l (controls: pro_sup_l.excitation)

CONTACTS (0)
numControls = 29
numStates = 74
numCoordinates = 37
numSpeeds = 37
numActuators = 29
numBodies = 21
numConstraints = 0

STATES (74)
y[0] = pelvis_tilt
y[1] = pelvis_list
y[2] = pelvis_rotation
y[3] = pelvis_tx
y[4] = pelvis_ty
y[5] = pelvis_tz
y[6] = hip_flexion_r
y[7] = hip_adduction_r
y[8] = hip_rotation_r
y[9] = knee_angle_r
y[10] = ankle_angle_r
y[11] = subtalar_angle_r
y[12] = mtp_angle_r
y[13] = hip_flexion_l
y[14] = hip_adduction_l
y[15] = hip_rotation_l
y[16] = knee_angle_l
y[17] = ankle_angle_l
y[18] = subtalar_angle_l
y[19] = mtp_angle_l
y[20] = lumbar_extension
y[21] = lumbar_bending
y[22] = lumbar_rotation
y[23] = arm_flex_r
y[24] = arm_add_r
y[25] = arm_rot_r
y[26] = elbow_flex_r
y[27] = pro_sup_r
y[28] = wrist_flex_r
y[29] = wrist_dev_r
y[30] = arm_flex_l
y[31] = arm_add_l
y[32] = arm_rot_l
y[33] = elbow_flex_l
y[34] = pro_sup_l
y[35] = wrist_flex_l
y[36] = wrist_dev_l
y[37] = pelvis_tilt_u
y[38] = pelvis_list_u
y[39] = pelvis_rotation_u
y[40] = pelvis_tx_u
y[41] = pelvis_ty_u
y[42] = pelvis_tz_u
y[43] = hip_flexion_r_u
y[44] = hip_adduction_r_u
y[45] = hip_rotation_r_u
y[46] = knee_angle_r_u
y[47] = ankle_angle_r_u
y[48] = subtalar_angle_r_u
y[49] = mtp_angle_r_u
y[50] = hip_flexion_l_u
y[51] = hip_adduction_l_u
y[52] = hip_rotation_l_u
y[53] = knee_angle_l_u
y[54] = ankle_angle_l_u
y[55] = subtalar_angle_l_u
y[56] = mtp_angle_l_u
y[57] = lumbar_extension_u
y[58] = lumbar_bending_u
y[59] = lumbar_rotation_u
y[60] = arm_flex_r_u
y[61] = arm_add_r_u
y[62] = arm_rot_r_u
y[63] = elbow_flex_r_u
y[64] = pro_sup_r_u
y[65] = wrist_flex_r_u
y[66] = wrist_dev_r_u
y[67] = arm_flex_l_u
y[68] = arm_add_l_u
y[69] = arm_rot_l_u
y[70] = elbow_flex_l_u
y[71] = pro_sup_l_u
y[72] = wrist_flex_l_u
y[73] = wrist_dev_l_u


WARN- a desired points file was not specified.



Loading desired kinematics from file D:\RackSpaceSync\nmbl_running\OpenSimResults\subject03\ik\Results_191\Run_30002.mot ...
Storage: file=D:\RackSpaceSync\nmbl_running\OpenSimResults\subject03\ik\Results_191\Run_30002.mot (nr=561 nc=173)


Low-pass filtering desired kinematics with a cutoff frequency of 15...



Loading external loads kinematics from file D:\RackSpaceSync\nmbl_running\OpenSimResults\subject03\ik\Results_191\Run_30002.mot ...
Storage: file=D:\RackSpaceSync\nmbl_running\OpenSimResults\subject03\ik\Results_191\Run_30002.mot (nr=561 nc=173)
Low-pass filtering external load kinematics with a cutoff frequency of 15...
Storage: file=D:\RackSpaceSync\nmbl_running\HPL_Data\Hamner_Test\subject03\Session 1\ExportedData\Run_300 02_newCOP3.mot (nr=11201 nc=19)

Note: requested COM adjustment time range 1.8785 - 2.596 clamped to nearest available data times 1.87 - 2.59

Computing average residuals between 1.87 and 2.59
Average residuals before adjusting torso COM:
FX=-1.57832 FY=-14.5296 FZ=-3.10394
MX=1.45552 MY=-0.801097 MZ=-8.75612

CMCTool.adjustCOMToReduceResiduals:
torso weight = 224.009
dx=-0.0390882, dz=-0.00649758

dmass = 1.48161

Recommended mass adjustments:
ground:  orig mass = 0, new mass = 0
pelvis:  orig mass = 10.028, new mass = 10.2601
femur_r:  orig mass = 7.92005, new mass = 8.10339
tibia_r:  orig mass = 3.1569, new mass = 3.22998
talus_r:  orig mass = 0.085149, new mass = 0.0871201
calcn_r:  orig mass = 1.06436, new mass = 1.089
toes_r:  orig mass = 0.184433, new mass = 0.188702
femur_l:  orig mass = 7.92005, new mass = 8.10339
tibia_l:  orig mass = 3.1569, new mass = 3.22998
talus_l:  orig mass = 0.085149, new mass = 0.0871201
calcn_l:  orig mass = 1.06436, new mass = 1.089
toes_l:  orig mass = 0.184433, new mass = 0.188702
torso:  orig mass = 22.8426, new mass = 23.3714
humerus_r:  orig mass = 1.73065, new mass = 1.77072
ulna_r:  orig mass = 0.51728, new mass = 0.529255
radius_r:  orig mass = 0.51728, new mass = 0.529255
hand_r:  orig mass = 0.389557, new mass = 0.398575
humerus_l:  orig mass = 1.73065, new mass = 1.77072
ulna_l:  orig mass = 0.51728, new mass = 0.529255
radius_l:  orig mass = 0.51728, new mass = 0.529255
hand_l:  orig mass = 0.389557, new mass = 0.398575

Computing average residuals between 1.87 and 2.59
Average residuals after adjusting torso COM:
FX=-1.47152 FY=-14.5075 FZ=-3.50758
MX=-0.0685305 MY=-0.782606 MZ=-0.209027


Constructing function set for tracking desired kinematics...

No Actuation analysis found in analysis set -- adding one
No Kinematics analysis found in analysis set -- adding one


 taskSet size = 29

Using the generalized coordinates specified in D:\RackSpaceSync\nmbl_running\OpenSimResults\subject03\ik\Results_191\Run_30002.mot to set the initial configuration.
Successfully linked to CFSQP library 'osimCFSQP.dll'
Using CFSQP optimizer algorithm.

Setting optimizer print level to 0.
Setting optimizer convergence criterion to 1e-006.
Setting optimizer maximum iterations to 1000.

Setting cmc controller to not use verbose printing.



================================================================
================================================================
Using CMC to track the specified kinematics
Integrating from 1.8785 to 2.596
Start time = Tue Dec 20 13:42:17 2011
================================================================
rdCMC.computeControls:  t = 1.8785
rdCMC.computeControls:  t = 1.8795
rdCMC.computeControls:  t = 1.8805
rdCMC.computeControls:  t = 1.8815
rdCMC.computeControls:  t = 1.8825
rdCMC.computeControls:  t = 1.8835
rdCMC.computeControls:  t = 1.8845
rdCMC.computeControls:  t = 1.8855
rdCMC.computeControls:  t = 1.8865
rdCMC.computeControls:  t = 1.8875
rdCMC.computeControls:  t = 1.8885
rdCMC.computeControls:  t = 1.8895
rdCMC.computeControls:  t = 1.8905
rdCMC.computeControls:  t = 1.8915
rdCMC.computeControls:  t = 1.8925
rdCMC.computeControls:  t = 1.8935
rdCMC.computeControls:  t = 1.8945
rdCMC.computeControls:  t = 1.8955
rdCMC.computeControls:  t = 1.8965
rdCMC.computeControls:  t = 1.8975
rdCMC.computeControls:  t = 1.8985
rdCMC.computeControls:  t = 1.8995
rdCMC.computeControls:  t = 1.9005
rdCMC.computeControls:  t = 1.9015
rdCMC.computeControls:  t = 1.9025
rdCMC.computeControls:  t = 1.9035
rdCMC.computeControls:  t = 1.9045
rdCMC.computeControls:  t = 1.9055
rdCMC.computeControls:  t = 1.9065
rdCMC.computeControls:  t = 1.9075
rdCMC.computeControls:  t = 1.9085
rdCMC.computeControls:  t = 1.9095
rdCMC.computeControls:  t = 1.9105
rdCMC.computeControls:  t = 1.9115
rdCMC.computeControls:  t = 1.9125
rdCMC.computeControls:  t = 1.9135
rdCMC.computeControls:  t = 1.9145
rdCMC.computeControls:  t = 1.9155
rdCMC.computeControls:  t = 1.9165
rdCMC.computeControls:  t = 1.9175
rdCMC.computeControls:  t = 1.9185
rdCMC.computeControls:  t = 1.9195
rdCMC.computeControls:  t = 1.9205
rdCMC.computeControls:  t = 1.9215
rdCMC.computeControls:  t = 1.9225
rdCMC.computeControls:  t = 1.9235
rdCMC.computeControls:  t = 1.9245
rdCMC.computeControls:  t = 1.9255
rdCMC.computeControls:  t = 1.9265
rdCMC.computeControls:  t = 1.9275
rdCMC.computeControls:  t = 1.9285
rdCMC.computeControls:  t = 1.9295
rdCMC.computeControls:  t = 1.9305
rdCMC.computeControls:  t = 1.9315
rdCMC.computeControls:  t = 1.9325
rdCMC.computeControls:  t = 1.9335
rdCMC.computeControls:  t = 1.9345
rdCMC.computeControls:  t = 1.9355
rdCMC.computeControls:  t = 1.9365
rdCMC.computeControls:  t = 1.9375
rdCMC.computeControls:  t = 1.9385
rdCMC.computeControls:  t = 1.9395
rdCMC.computeControls:  t = 1.9405
rdCMC.computeControls:  t = 1.9415
rdCMC.computeControls:  t = 1.9425
rdCMC.computeControls:  t = 1.9435
rdCMC.computeControls:  t = 1.9445
rdCMC.computeControls:  t = 1.9455
rdCMC.computeControls:  t = 1.9465
rdCMC.computeControls:  t = 1.9475
rdCMC.computeControls:  t = 1.9485
rdCMC.computeControls:  t = 1.9495
rdCMC.computeControls:  t = 1.9505
rdCMC.computeControls:  t = 1.9515
rdCMC.computeControls:  t = 1.9525
rdCMC.computeControls:  t = 1.9535
rdCMC.computeControls:  t = 1.9545
rdCMC.computeControls:  t = 1.9555
rdCMC.computeControls:  t = 1.9565
rdCMC.computeControls:  t = 1.9575
rdCMC.computeControls:  t = 1.9585
rdCMC.computeControls:  t = 1.9595
rdCMC.computeControls:  t = 1.9605
rdCMC.computeControls:  t = 1.9615
rdCMC.computeControls:  t = 1.9625
rdCMC.computeControls:  t = 1.9635
rdCMC.computeControls:  t = 1.9645
rdCMC.computeControls:  t = 1.9655
rdCMC.computeControls:  t = 1.9665
rdCMC.computeControls:  t = 1.9675
rdCMC.computeControls:  t = 1.9685
rdCMC.computeControls:  t = 1.9695
rdCMC.computeControls:  t = 1.9705
rdCMC.computeControls:  t = 1.9715
rdCMC.computeControls:  t = 1.9725
rdCMC.computeControls:  t = 1.9735
rdCMC.computeControls:  t = 1.9745
rdCMC.computeControls:  t = 1.9755
rdCMC.computeControls:  t = 1.9765
rdCMC.computeControls:  t = 1.9775
rdCMC.computeControls:  t = 1.9785
rdCMC.computeControls:  t = 1.9795
rdCMC.computeControls:  t = 1.9805
rdCMC.computeControls:  t = 1.9815
rdCMC.computeControls:  t = 1.9825
rdCMC.computeControls:  t = 1.9835
rdCMC.computeControls:  t = 1.9845
rdCMC.computeControls:  t = 1.9855
rdCMC.computeControls:  t = 1.9865
rdCMC.computeControls:  t = 1.9875
rdCMC.computeControls:  t = 1.9885
rdCMC.computeControls:  t = 1.9895
rdCMC.computeControls:  t = 1.9905
rdCMC.computeControls:  t = 1.9915
rdCMC.computeControls:  t = 1.9925
rdCMC.computeControls:  t = 1.9935
rdCMC.computeControls:  t = 1.9945
rdCMC.computeControls:  t = 1.9955
rdCMC.computeControls:  t = 1.9965
rdCMC.computeControls:  t = 1.9975
rdCMC.computeControls:  t = 1.9985
rdCMC.computeControls:  t = 1.9995
rdCMC.computeControls:  t = 2.0005
rdCMC.computeControls:  t = 2.0015
rdCMC.computeControls:  t = 2.0025
rdCMC.computeControls:  t = 2.0035
rdCMC.computeControls:  t = 2.0045
rdCMC.computeControls:  t = 2.0055
rdCMC.computeControls:  t = 2.0065
rdCMC.computeControls:  t = 2.0075
rdCMC.computeControls:  t = 2.0085
rdCMC.computeControls:  t = 2.0095
rdCMC.computeControls:  t = 2.0105
rdCMC.computeControls:  t = 2.0115
rdCMC.computeControls:  t = 2.0125
rdCMC.computeControls:  t = 2.0135
rdCMC.computeControls:  t = 2.0145
rdCMC.computeControls:  t = 2.0155
rdCMC.computeControls:  t = 2.0165
rdCMC.computeControls:  t = 2.0175
rdCMC.computeControls:  t = 2.0185
rdCMC.computeControls:  t = 2.0195
rdCMC.computeControls:  t = 2.0205
rdCMC.computeControls:  t = 2.0215
rdCMC.computeControls:  t = 2.0225
rdCMC.computeControls:  t = 2.0235
rdCMC.computeControls:  t = 2.0245
rdCMC.computeControls:  t = 2.0255
rdCMC.computeControls:  t = 2.0265
rdCMC.computeControls:  t = 2.0275
rdCMC.computeControls:  t = 2.0285
rdCMC.computeControls:  t = 2.0295
rdCMC.computeControls:  t = 2.0305
rdCMC.computeControls:  t = 2.0315
rdCMC.computeControls:  t = 2.0325
rdCMC.computeControls:  t = 2.0335
rdCMC.computeControls:  t = 2.0345
rdCMC.computeControls:  t = 2.0355
rdCMC.computeControls:  t = 2.0365
rdCMC.computeControls:  t = 2.0375
rdCMC.computeControls:  t = 2.0385
rdCMC.computeControls:  t = 2.0395
rdCMC.computeControls:  t = 2.0405
rdCMC.computeControls:  t = 2.0415
rdCMC.computeControls:  t = 2.0425
rdCMC.computeControls:  t = 2.0435
rdCMC.computeControls:  t = 2.0445
rdCMC.computeControls:  t = 2.0455
rdCMC.computeControls:  t = 2.0465
rdCMC.computeControls:  t = 2.0475
rdCMC.computeControls:  t = 2.0485
rdCMC.computeControls:  t = 2.0495
rdCMC.computeControls:  t = 2.0505
rdCMC.computeControls:  t = 2.0515
rdCMC.computeControls:  t = 2.0525
rdCMC.computeControls:  t = 2.0535
rdCMC.computeControls:  t = 2.0545
rdCMC.computeControls:  t = 2.0555
rdCMC.computeControls:  t = 2.0565
rdCMC.computeControls:  t = 2.0575
rdCMC.computeControls:  t = 2.0585
rdCMC.computeControls:  t = 2.0595
rdCMC.computeControls:  t = 2.0605
rdCMC.computeControls:  t = 2.0615
rdCMC.computeControls:  t = 2.0625
rdCMC.computeControls:  t = 2.0635
rdCMC.computeControls:  t = 2.0645
rdCMC.computeControls:  t = 2.0655
rdCMC.computeControls:  t = 2.0665
rdCMC.computeControls:  t = 2.0675
rdCMC.computeControls:  t = 2.0685
rdCMC.computeControls:  t = 2.0695
rdCMC.computeControls:  t = 2.0705
rdCMC.computeControls:  t = 2.0715
rdCMC.computeControls:  t = 2.0725
rdCMC.computeControls:  t = 2.0735
rdCMC.computeControls:  t = 2.0745
rdCMC.computeControls:  t = 2.0755
rdCMC.computeControls:  t = 2.0765
rdCMC.computeControls:  t = 2.0775
rdCMC.computeControls:  t = 2.0785
rdCMC.computeControls:  t = 2.0795
rdCMC.computeControls:  t = 2.0805
rdCMC.computeControls:  t = 2.0815
rdCMC.computeControls:  t = 2.0825
rdCMC.computeControls:  t = 2.0835
rdCMC.computeControls:  t = 2.0845
rdCMC.computeControls:  t = 2.0855
rdCMC.computeControls:  t = 2.0865
rdCMC.computeControls:  t = 2.0875
rdCMC.computeControls:  t = 2.0885
rdCMC.computeControls:  t = 2.0895
rdCMC.computeControls:  t = 2.0905
rdCMC.computeControls:  t = 2.0915
rdCMC.computeControls:  t = 2.0925
rdCMC.computeControls:  t = 2.0935
rdCMC.computeControls:  t = 2.0945
rdCMC.computeControls:  t = 2.0955
rdCMC.computeControls:  t = 2.0965
rdCMC.computeControls:  t = 2.0975
rdCMC.computeControls:  t = 2.0985
rdCMC.computeControls:  t = 2.0995
rdCMC.computeControls:  t = 2.1005
rdCMC.computeControls:  t = 2.1015
rdCMC.computeControls:  t = 2.1025
rdCMC.computeControls:  t = 2.1035
rdCMC.computeControls:  t = 2.1045
rdCMC.computeControls:  t = 2.1055
rdCMC.computeControls:  t = 2.1065
rdCMC.computeControls:  t = 2.1075
rdCMC.computeControls:  t = 2.1085
rdCMC.computeControls:  t = 2.1095
rdCMC.computeControls:  t = 2.1105
rdCMC.computeControls:  t = 2.1115
rdCMC.computeControls:  t = 2.1125
rdCMC.computeControls:  t = 2.1135
rdCMC.computeControls:  t = 2.1145
rdCMC.computeControls:  t = 2.1155
rdCMC.computeControls:  t = 2.1165
rdCMC.computeControls:  t = 2.1175
rdCMC.computeControls:  t = 2.1185
rdCMC.computeControls:  t = 2.1195
rdCMC.computeControls:  t = 2.1205
rdCMC.computeControls:  t = 2.1215
rdCMC.computeControls:  t = 2.1225
rdCMC.computeControls:  t = 2.1235
rdCMC.computeControls:  t = 2.1245
rdCMC.computeControls:  t = 2.1255
rdCMC.computeControls:  t = 2.1265
rdCMC.computeControls:  t = 2.1275
rdCMC.computeControls:  t = 2.1285
rdCMC.computeControls:  t = 2.1295
rdCMC.computeControls:  t = 2.1305
rdCMC.computeControls:  t = 2.1315
rdCMC.computeControls:  t = 2.1325
rdCMC.computeControls:  t = 2.1335
rdCMC.computeControls:  t = 2.1345
rdCMC.computeControls:  t = 2.1355
rdCMC.computeControls:  t = 2.1365
rdCMC.computeControls:  t = 2.1375
rdCMC.computeControls:  t = 2.1385
rdCMC.computeControls:  t = 2.1395
rdCMC.computeControls:  t = 2.1405
rdCMC.computeControls:  t = 2.1415
rdCMC.computeControls:  t = 2.1425
rdCMC.computeControls:  t = 2.1435
rdCMC.computeControls:  t = 2.1445
rdCMC.computeControls:  t = 2.1455
rdCMC.computeControls:  t = 2.1465
rdCMC.computeControls:  t = 2.1475
rdCMC.computeControls:  t = 2.1485
rdCMC.computeControls:  t = 2.1495
rdCMC.computeControls:  t = 2.1505
rdCMC.computeControls:  t = 2.1515
rdCMC.computeControls:  t = 2.1525
rdCMC.computeControls:  t = 2.1535
rdCMC.computeControls:  t = 2.1545
rdCMC.computeControls:  t = 2.1555
rdCMC.computeControls:  t = 2.1565
rdCMC.computeControls:  t = 2.1575
rdCMC.computeControls:  t = 2.1585
rdCMC.computeControls:  t = 2.1595
rdCMC.computeControls:  t = 2.1605
rdCMC.computeControls:  t = 2.1615
rdCMC.computeControls:  t = 2.1625
rdCMC.computeControls:  t = 2.1635
rdCMC.computeControls:  t = 2.1645
rdCMC.computeControls:  t = 2.1655
rdCMC.computeControls:  t = 2.1665
rdCMC.computeControls:  t = 2.1675
rdCMC.computeControls:  t = 2.1685
rdCMC.computeControls:  t = 2.1695
rdCMC.computeControls:  t = 2.1705
rdCMC.computeControls:  t = 2.1715
rdCMC.computeControls:  t = 2.1725
rdCMC.computeControls:  t = 2.1735
rdCMC.computeControls:  t = 2.1745
rdCMC.computeControls:  t = 2.1755
rdCMC.computeControls:  t = 2.1765
rdCMC.computeControls:  t = 2.1775
rdCMC.computeControls:  t = 2.1785
rdCMC.computeControls:  t = 2.1795
rdCMC.computeControls:  t = 2.1805
rdCMC.computeControls:  t = 2.1815
rdCMC.computeControls:  t = 2.1825
rdCMC.computeControls:  t = 2.1835
rdCMC.computeControls:  t = 2.1845
rdCMC.computeControls:  t = 2.1855
rdCMC.computeControls:  t = 2.1865
rdCMC.computeControls:  t = 2.1875
rdCMC.computeControls:  t = 2.1885
rdCMC.computeControls:  t = 2.1895
rdCMC.computeControls:  t = 2.1905
rdCMC.computeControls:  t = 2.1915
rdCMC.computeControls:  t = 2.1925
rdCMC.computeControls:  t = 2.1935
rdCMC.computeControls:  t = 2.1945
rdCMC.computeControls:  t = 2.1955
rdCMC.computeControls:  t = 2.1965
rdCMC.computeControls:  t = 2.1975
rdCMC.computeControls:  t = 2.1985
rdCMC.computeControls:  t = 2.1995
rdCMC.computeControls:  t = 2.2005
rdCMC.computeControls:  t = 2.2015
rdCMC.computeControls:  t = 2.2025
rdCMC.computeControls:  t = 2.2035
rdCMC.computeControls:  t = 2.2045
rdCMC.computeControls:  t = 2.2055
rdCMC.computeControls:  t = 2.2065
rdCMC.computeControls:  t = 2.2075
rdCMC.computeControls:  t = 2.2085
rdCMC.computeControls:  t = 2.2095
rdCMC.computeControls:  t = 2.2105
rdCMC.computeControls:  t = 2.2115
rdCMC.computeControls:  t = 2.2125
rdCMC.computeControls:  t = 2.2135
rdCMC.computeControls:  t = 2.2145
rdCMC.computeControls:  t = 2.2155
rdCMC.computeControls:  t = 2.2165
rdCMC.computeControls:  t = 2.2175
rdCMC.computeControls:  t = 2.2185
rdCMC.computeControls:  t = 2.2195
rdCMC.computeControls:  t = 2.2205
rdCMC.computeControls:  t = 2.2215
rdCMC.computeControls:  t = 2.2225
rdCMC.computeControls:  t = 2.2235
rdCMC.computeControls:  t = 2.2245
rdCMC.computeControls:  t = 2.2255
rdCMC.computeControls:  t = 2.2265
rdCMC.computeControls:  t = 2.2275
rdCMC.computeControls:  t = 2.2285
rdCMC.computeControls:  t = 2.2295
rdCMC.computeControls:  t = 2.2305
rdCMC.computeControls:  t = 2.2315
rdCMC.computeControls:  t = 2.2325
rdCMC.computeControls:  t = 2.2335
rdCMC.computeControls:  t = 2.2345
rdCMC.computeControls:  t = 2.2355
rdCMC.computeControls:  t = 2.2365
rdCMC.computeControls:  t = 2.2375
rdCMC.computeControls:  t = 2.2385
rdCMC.computeControls:  t = 2.2395
rdCMC.computeControls:  t = 2.2405
rdCMC.computeControls:  t = 2.2415
rdCMC.computeControls:  t = 2.2425
rdCMC.computeControls:  t = 2.2435
rdCMC.computeControls:  t = 2.2445
rdCMC.computeControls:  t = 2.2455
rdCMC.computeControls:  t = 2.2465
rdCMC.computeControls:  t = 2.2475
rdCMC.computeControls:  t = 2.2485
rdCMC.computeControls:  t = 2.2495
rdCMC.computeControls:  t = 2.2505
rdCMC.computeControls:  t = 2.2515
rdCMC.computeControls:  t = 2.2525
rdCMC.computeControls:  t = 2.2535
rdCMC.computeControls:  t = 2.2545
rdCMC.computeControls:  t = 2.2555
rdCMC.computeControls:  t = 2.2565
rdCMC.computeControls:  t = 2.2575
rdCMC.computeControls:  t = 2.2585
rdCMC.computeControls:  t = 2.2595
rdCMC.computeControls:  t = 2.2605
rdCMC.computeControls:  t = 2.2615
rdCMC.computeControls:  t = 2.2625
rdCMC.computeControls:  t = 2.2635
rdCMC.computeControls:  t = 2.2645
rdCMC.computeControls:  t = 2.2655
rdCMC.computeControls:  t = 2.2665
rdCMC.computeControls:  t = 2.2675
rdCMC.computeControls:  t = 2.2685
rdCMC.computeControls:  t = 2.2695
rdCMC.computeControls:  t = 2.2705
rdCMC.computeControls:  t = 2.2715
rdCMC.computeControls:  t = 2.2725
rdCMC.computeControls:  t = 2.2735
rdCMC.computeControls:  t = 2.2745
rdCMC.computeControls:  t = 2.2755
rdCMC.computeControls:  t = 2.2765
rdCMC.computeControls:  t = 2.2775
rdCMC.computeControls:  t = 2.2785
rdCMC.computeControls:  t = 2.2795
rdCMC.computeControls:  t = 2.2805
rdCMC.computeControls:  t = 2.2815
rdCMC.computeControls:  t = 2.2825
rdCMC.computeControls:  t = 2.2835
rdCMC.computeControls:  t = 2.2845
rdCMC.computeControls:  t = 2.2855
rdCMC.computeControls:  t = 2.2865
rdCMC.computeControls:  t = 2.2875
rdCMC.computeControls:  t = 2.2885
rdCMC.computeControls:  t = 2.2895
rdCMC.computeControls:  t = 2.2905
rdCMC.computeControls:  t = 2.2915
rdCMC.computeControls:  t = 2.2925
rdCMC.computeControls:  t = 2.2935
rdCMC.computeControls:  t = 2.2945
rdCMC.computeControls:  t = 2.2955
rdCMC.computeControls:  t = 2.2965
rdCMC.computeControls:  t = 2.2975
rdCMC.computeControls:  t = 2.2985
rdCMC.computeControls:  t = 2.2995
rdCMC.computeControls:  t = 2.3005
rdCMC.computeControls:  t = 2.3015
rdCMC.computeControls:  t = 2.3025
rdCMC.computeControls:  t = 2.3035
rdCMC.computeControls:  t = 2.3045
rdCMC.computeControls:  t = 2.3055
rdCMC.computeControls:  t = 2.3065
rdCMC.computeControls:  t = 2.3075
rdCMC.computeControls:  t = 2.3085
rdCMC.computeControls:  t = 2.3095
rdCMC.computeControls:  t = 2.3105
rdCMC.computeControls:  t = 2.3115
rdCMC.computeControls:  t = 2.3125
rdCMC.computeControls:  t = 2.3135
rdCMC.computeControls:  t = 2.3145
rdCMC.computeControls:  t = 2.3155
rdCMC.computeControls:  t = 2.3165
rdCMC.computeControls:  t = 2.3175
rdCMC.computeControls:  t = 2.3185
rdCMC.computeControls:  t = 2.3195
rdCMC.computeControls:  t = 2.3205
rdCMC.computeControls:  t = 2.3215
rdCMC.computeControls:  t = 2.3225
rdCMC.computeControls:  t = 2.3235
rdCMC.computeControls:  t = 2.3245
rdCMC.computeControls:  t = 2.3255
rdCMC.computeControls:  t = 2.3265
rdCMC.computeControls:  t = 2.3275
rdCMC.computeControls:  t = 2.3285
rdCMC.computeControls:  t = 2.3295
rdCMC.computeControls:  t = 2.3305
rdCMC.computeControls:  t = 2.3315
rdCMC.computeControls:  t = 2.3325
rdCMC.computeControls:  t = 2.3335
rdCMC.computeControls:  t = 2.3345
rdCMC.computeControls:  t = 2.3355
rdCMC.computeControls:  t = 2.3365
rdCMC.computeControls:  t = 2.3375
rdCMC.computeControls:  t = 2.3385
rdCMC.computeControls:  t = 2.3395
rdCMC.computeControls:  t = 2.3405
rdCMC.computeControls:  t = 2.3415
rdCMC.computeControls:  t = 2.3425
rdCMC.computeControls:  t = 2.3435
rdCMC.computeControls:  t = 2.3445
rdCMC.computeControls:  t = 2.3455
rdCMC.computeControls:  t = 2.3465
rdCMC.computeControls:  t = 2.3475
rdCMC.computeControls:  t = 2.3485
rdCMC.computeControls:  t = 2.3495
rdCMC.computeControls:  t = 2.3505
rdCMC.computeControls:  t = 2.3515
rdCMC.computeControls:  t = 2.3525
rdCMC.computeControls:  t = 2.3535
rdCMC.computeControls:  t = 2.3545
rdCMC.computeControls:  t = 2.3555
rdCMC.computeControls:  t = 2.3565
rdCMC.computeControls:  t = 2.3575
rdCMC.computeControls:  t = 2.3585
rdCMC.computeControls:  t = 2.3595
rdCMC.computeControls:  t = 2.3605
rdCMC.computeControls:  t = 2.3615
rdCMC.computeControls:  t = 2.3625
rdCMC.computeControls:  t = 2.3635
rdCMC.computeControls:  t = 2.3645
rdCMC.computeControls:  t = 2.3655
rdCMC.computeControls:  t = 2.3665
rdCMC.computeControls:  t = 2.3675
rdCMC.computeControls:  t = 2.3685
rdCMC.computeControls:  t = 2.3695
rdCMC.computeControls:  t = 2.3705
rdCMC.computeControls:  t = 2.3715
rdCMC.computeControls:  t = 2.3725
rdCMC.computeControls:  t = 2.3735
rdCMC.computeControls:  t = 2.3745
rdCMC.computeControls:  t = 2.3755
rdCMC.computeControls:  t = 2.3765
rdCMC.computeControls:  t = 2.3775
rdCMC.computeControls:  t = 2.3785
rdCMC.computeControls:  t = 2.3795
rdCMC.computeControls:  t = 2.3805
rdCMC.computeControls:  t = 2.3815
rdCMC.computeControls:  t = 2.3825
rdCMC.computeControls:  t = 2.3835
rdCMC.computeControls:  t = 2.3845
rdCMC.computeControls:  t = 2.3855
rdCMC.computeControls:  t = 2.3865
rdCMC.computeControls:  t = 2.3875
rdCMC.computeControls:  t = 2.3885
rdCMC.computeControls:  t = 2.3895
rdCMC.computeControls:  t = 2.3905
rdCMC.computeControls:  t = 2.3915
rdCMC.computeControls:  t = 2.3925
rdCMC.computeControls:  t = 2.3935
rdCMC.computeControls:  t = 2.3945
rdCMC.computeControls:  t = 2.3955
rdCMC.computeControls:  t = 2.3965
rdCMC.computeControls:  t = 2.3975
rdCMC.computeControls:  t = 2.3985
rdCMC.computeControls:  t = 2.3995
rdCMC.computeControls:  t = 2.4005
rdCMC.computeControls:  t = 2.4015
rdCMC.computeControls:  t = 2.4025
rdCMC.computeControls:  t = 2.4035
rdCMC.computeControls:  t = 2.4045
rdCMC.computeControls:  t = 2.4055
rdCMC.computeControls:  t = 2.4065
rdCMC.computeControls:  t = 2.4075
rdCMC.computeControls:  t = 2.4085
rdCMC.computeControls:  t = 2.4095
rdCMC.computeControls:  t = 2.4105
rdCMC.computeControls:  t = 2.4115
rdCMC.computeControls:  t = 2.4125
rdCMC.computeControls:  t = 2.4135
rdCMC.computeControls:  t = 2.4145
rdCMC.computeControls:  t = 2.4155
rdCMC.computeControls:  t = 2.4165
rdCMC.computeControls:  t = 2.4175
rdCMC.computeControls:  t = 2.4185
rdCMC.computeControls:  t = 2.4195
rdCMC.computeControls:  t = 2.4205
rdCMC.computeControls:  t = 2.4215
rdCMC.computeControls:  t = 2.4225
rdCMC.computeControls:  t = 2.4235
rdCMC.computeControls:  t = 2.4245
rdCMC.computeControls:  t = 2.4255
rdCMC.computeControls:  t = 2.4265
rdCMC.computeControls:  t = 2.4275
rdCMC.computeControls:  t = 2.4285
rdCMC.computeControls:  t = 2.4295
rdCMC.computeControls:  t = 2.4305
rdCMC.computeControls:  t = 2.4315
rdCMC.computeControls:  t = 2.4325
rdCMC.computeControls:  t = 2.4335
rdCMC.computeControls:  t = 2.4345
rdCMC.computeControls:  t = 2.4355
rdCMC.computeControls:  t = 2.4365
rdCMC.computeControls:  t = 2.4375
rdCMC.computeControls:  t = 2.4385
rdCMC.computeControls:  t = 2.4395
rdCMC.computeControls:  t = 2.4405
rdCMC.computeControls:  t = 2.4415
rdCMC.computeControls:  t = 2.4425
rdCMC.computeControls:  t = 2.4435
rdCMC.computeControls:  t = 2.4445
rdCMC.computeControls:  t = 2.4455
rdCMC.computeControls:  t = 2.4465
rdCMC.computeControls:  t = 2.4475
rdCMC.computeControls:  t = 2.4485
rdCMC.computeControls:  t = 2.4495
rdCMC.computeControls:  t = 2.4505
rdCMC.computeControls:  t = 2.4515
rdCMC.computeControls:  t = 2.4525
rdCMC.computeControls:  t = 2.4535
rdCMC.computeControls:  t = 2.4545
rdCMC.computeControls:  t = 2.4555
rdCMC.computeControls:  t = 2.4565
rdCMC.computeControls:  t = 2.4575
rdCMC.computeControls:  t = 2.4585
rdCMC.computeControls:  t = 2.4595
rdCMC.computeControls:  t = 2.4605
rdCMC.computeControls:  t = 2.4615
rdCMC.computeControls:  t = 2.4625
rdCMC.computeControls:  t = 2.4635
rdCMC.computeControls:  t = 2.4645
rdCMC.computeControls:  t = 2.4655
rdCMC.computeControls:  t = 2.4665
rdCMC.computeControls:  t = 2.4675
rdCMC.computeControls:  t = 2.4685
rdCMC.computeControls:  t = 2.4695
rdCMC.computeControls:  t = 2.4705
rdCMC.computeControls:  t = 2.4715
rdCMC.computeControls:  t = 2.4725
rdCMC.computeControls:  t = 2.4735
rdCMC.computeControls:  t = 2.4745
rdCMC.computeControls:  t = 2.4755
rdCMC.computeControls:  t = 2.4765
rdCMC.computeControls:  t = 2.4775
rdCMC.computeControls:  t = 2.4785
rdCMC.computeControls:  t = 2.4795
rdCMC.computeControls:  t = 2.4805
rdCMC.computeControls:  t = 2.4815
rdCMC.computeControls:  t = 2.4825
rdCMC.computeControls:  t = 2.4835
rdCMC.computeControls:  t = 2.4845
rdCMC.computeControls:  t = 2.4855
rdCMC.computeControls:  t = 2.4865
rdCMC.computeControls:  t = 2.4875
rdCMC.computeControls:  t = 2.4885
rdCMC.computeControls:  t = 2.4895
rdCMC.computeControls:  t = 2.4905
rdCMC.computeControls:  t = 2.4915
rdCMC.computeControls:  t = 2.4925
rdCMC.computeControls:  t = 2.4935
rdCMC.computeControls:  t = 2.4945
rdCMC.computeControls:  t = 2.4955
rdCMC.computeControls:  t = 2.4965
rdCMC.computeControls:  t = 2.4975
rdCMC.computeControls:  t = 2.4985
rdCMC.computeControls:  t = 2.4995
rdCMC.computeControls:  t = 2.5005
rdCMC.computeControls:  t = 2.5015
rdCMC.computeControls:  t = 2.5025
rdCMC.computeControls:  t = 2.5035
rdCMC.computeControls:  t = 2.5045
rdCMC.computeControls:  t = 2.5055
rdCMC.computeControls:  t = 2.5065
rdCMC.computeControls:  t = 2.5075
rdCMC.computeControls:  t = 2.5085
rdCMC.computeControls:  t = 2.5095
rdCMC.computeControls:  t = 2.5105
rdCMC.computeControls:  t = 2.5115
rdCMC.computeControls:  t = 2.5125
rdCMC.computeControls:  t = 2.5135
rdCMC.computeControls:  t = 2.5145
rdCMC.computeControls:  t = 2.5155
rdCMC.computeControls:  t = 2.5165
rdCMC.computeControls:  t = 2.5175
rdCMC.computeControls:  t = 2.5185
rdCMC.computeControls:  t = 2.5195
rdCMC.computeControls:  t = 2.5205
rdCMC.computeControls:  t = 2.5215
rdCMC.computeControls:  t = 2.5225
rdCMC.computeControls:  t = 2.5235
rdCMC.computeControls:  t = 2.5245
rdCMC.computeControls:  t = 2.5255
rdCMC.computeControls:  t = 2.5265
rdCMC.computeControls:  t = 2.5275
rdCMC.computeControls:  t = 2.5285
rdCMC.computeControls:  t = 2.5295
rdCMC.computeControls:  t = 2.5305
rdCMC.computeControls:  t = 2.5315
rdCMC.computeControls:  t = 2.5325
rdCMC.computeControls:  t = 2.5335
rdCMC.computeControls:  t = 2.5345
rdCMC.computeControls:  t = 2.5355
rdCMC.computeControls:  t = 2.5365
rdCMC.computeControls:  t = 2.5375
rdCMC.computeControls:  t = 2.5385
rdCMC.computeControls:  t = 2.5395
rdCMC.computeControls:  t = 2.5405
rdCMC.computeControls:  t = 2.5415
rdCMC.computeControls:  t = 2.5425
rdCMC.computeControls:  t = 2.5435
rdCMC.computeControls:  t = 2.5445
rdCMC.computeControls:  t = 2.5455
rdCMC.computeControls:  t = 2.5465
rdCMC.computeControls:  t = 2.5475
rdCMC.computeControls:  t = 2.5485
rdCMC.computeControls:  t = 2.5495
rdCMC.computeControls:  t = 2.5505
rdCMC.computeControls:  t = 2.5515
rdCMC.computeControls:  t = 2.5525
rdCMC.computeControls:  t = 2.5535
rdCMC.computeControls:  t = 2.5545
rdCMC.computeControls:  t = 2.5555
rdCMC.computeControls:  t = 2.5565
rdCMC.computeControls:  t = 2.5575
rdCMC.computeControls:  t = 2.5585
rdCMC.computeControls:  t = 2.5595
rdCMC.computeControls:  t = 2.5605
rdCMC.computeControls:  t = 2.5615
rdCMC.computeControls:  t = 2.5625
rdCMC.computeControls:  t = 2.5635
rdCMC.computeControls:  t = 2.5645
rdCMC.computeControls:  t = 2.5655
rdCMC.computeControls:  t = 2.5665
rdCMC.computeControls:  t = 2.5675
rdCMC.computeControls:  t = 2.5685
rdCMC.computeControls:  t = 2.5695
rdCMC.computeControls:  t = 2.5705
rdCMC.computeControls:  t = 2.5715
rdCMC.computeControls:  t = 2.5725
rdCMC.computeControls:  t = 2.5735
rdCMC.computeControls:  t = 2.5745
rdCMC.computeControls:  t = 2.5755
rdCMC.computeControls:  t = 2.5765
rdCMC.computeControls:  t = 2.5775
rdCMC.computeControls:  t = 2.5785
rdCMC.computeControls:  t = 2.5795
rdCMC.computeControls:  t = 2.5805
rdCMC.computeControls:  t = 2.5815
rdCMC.computeControls:  t = 2.5825
rdCMC.computeControls:  t = 2.5835
rdCMC.computeControls:  t = 2.5845
rdCMC.computeControls:  t = 2.5855
rdCMC.computeControls:  t = 2.5865
rdCMC.computeControls:  t = 2.5875
rdCMC.computeControls:  t = 2.5885
rdCMC.computeControls:  t = 2.5895
rdCMC.computeControls:  t = 2.5905
rdCMC.computeControls:  t = 2.5915
rdCMC.computeControls:  t = 2.5925
rdCMC.computeControls:  t = 2.5935
rdCMC.computeControls:  t = 2.5945
----------------------------------------------------------------
Finished tracking the specified kinematics
=================================================================
Start time   = Tue Dec 20 13:42:17 2011
Finish time  = Tue Dec 20 13:44:32 2011
Elapsed time = 135 seconds.
================================================================


Printing results of investigation subject03_Run_30002_cycle3 to RRA_Results_v191_Run_30002_cycle3.


Average residuals:
FX=0.139532 FY=-3.84567 FZ=-0.672901
MX=-4.63296 MY=-1.04395 MZ=1.61942


