<!-- Copyright (c) 2013, Stanford University

Permission is hereby granted, free of charge, to any person obtaining a copy of this software and associated documentation files (the "Software"), to deal in the Software without restriction, including without limitation the rights to use, copy, modify, merge, publish, distribute, sublicense, and/or sell copies of the Software, and to permit persons to whom the Software is furnished to do so, subject to the following conditions:

The above copyright notice and this permission notice shall be included in all copies or substantial portions of the Software.

THE SOFTWARE IS PROVIDED "AS IS", WITHOUT WARRANTY OF ANY KIND, EXPRESS OR IMPLIED, INCLUDING BUT NOT LIMITED TO THE WARRANTIES OF MERCHANTABILITY, FITNESS FOR A PARTICULAR PURPOSE AND NONINFRINGEMENT. IN NO EVENT SHALL THE AUTHORS OR COPYRIGHT HOLDERS BE LIABLE FOR ANY CLAIM, DAMAGES OR OTHER LIABILITY, WHETHER IN AN ACTION OF CONTRACT, TORT OR OTHERWISE, ARISING FROM, OUT OF OR IN CONNECTION WITH THE SOFTWARE OR THE USE OR OTHER DEALINGS IN THE 
SOFTWARE.

Please cite: Hamner, S.R., Delp, S.L. (2013) Muscle contributions to fore-aft and vertical body mass center accelerations 
over a range of running speeds. Journal of Biomechanics, vol 46, pp 780-787.-->

-------------------------------------------------------
This program includes software developed by the
Apache Software Foundation (http://www.apache.org/).
-------------------------------------------------------


-------------------------------------------------------
Library SimbodyEngine...
-------------------------------------------------------

Constructing investigation from setup file subject20_Setup_RRA_Run_50002_cycle3_v191.xml.

AbstractTool subject20_Run_50002_cycle3 loading model '../../scale/subject20_scaled_v191.osim'
Created model subject20_scaled from file ../../scale/subject20_scaled_v191.osim
Adding actuator set from ../gait2392_RRA_Actuators_v191.xml
-----------------------------------------------------------------------
Loaded library
-----------------------------------------------------------------------
             MODEL: subject20_scaled
         actuators: 29
          analyses: 0
          contacts: 0
-----------------------------------------------------------------------

Running tool subject20_Run_50002_cycle3.
MODEL: subject20_scaled

ANALYSES (0)

BODIES (21)
body[0] = ground (mass: 0) (inertia: 0 0 0 0 0 0 0 0 0)
body[1] = pelvis (mass: 10.5255) (inertia: 0.08921 0 0 0 0.0755855 0 0 0 0.0502457)
body[2] = femur_r (mass: 8.31296) (inertia: 0.124788 0 0 0 0.0327113 0 0 0 0.131591)
body[3] = tibia_r (mass: 3.31351) (inertia: 0.0490045 0 0 0 0.00426843 0 0 0 0.0490045)
body[4] = talus_r (mass: 0.0893732) (inertia: 0.00099701 0 0 0 0.00099701 0 0 0 0.00099701)
body[5] = calcn_r (mass: 1.11717) (inertia: 0.00139581 0 0 0 0.00388833 0 0 0 0.00408773)
body[6] = toes_r (mass: 0.193582) (inertia: 9.97e-005 0 0 0 0.0001994 0 0 0 0.00099701)
body[7] = femur_l (mass: 8.31296) (inertia: 0.124788 0 0 0 0.0327113 0 0 0 0.131591)
body[8] = tibia_l (mass: 3.31351) (inertia: 0.0490045 0 0 0 0.00426843 0 0 0 0.0490045)
body[9] = talus_l (mass: 0.0893732) (inertia: 0.00099701 0 0 0 0.00099701 0 0 0 0.00099701)
body[10] = calcn_l (mass: 1.11717) (inertia: 0.00139581 0 0 0 0.00388833 0 0 0 0.00408773)
body[11] = toes_l (mass: 0.193582) (inertia: 9.97e-005 0 0 0 0.0001994 0 0 0 0.00099701)
body[12] = torso (mass: 23.9758) (inertia: 1.21603 0 0 0 0.67355 0 0 0 1.21603)
body[13] = humerus_r (mass: 1.81651) (inertia: 0.0107943 0 0 0 0.0037237 0 0 0 0.0121163)
body[14] = ulna_r (mass: 0.542942) (inertia: 0.00271673 0 0 0 0.00056683 0 0 0 0.00294695)
body[15] = radius_r (mass: 0.542942) (inertia: 0.00271673 0 0 0 0.00056683 0 0 0 0.00294695)
body[16] = hand_r (mass: 0.408883) (inertia: 0.00081814 0 0 0 0.00050171 0 0 0 0.00122904)
body[17] = humerus_l (mass: 1.81651) (inertia: 0.0107943 0 0 0 0.0037237 0 0 0 0.0121163)
body[18] = ulna_l (mass: 0.542942) (inertia: 0.00271673 0 0 0 0.00056683 0 0 0 0.00294695)
body[19] = radius_l (mass: 0.542942) (inertia: 0.00271673 0 0 0 0.00056683 0 0 0 0.00294695)
body[20] = hand_l (mass: 0.408883) (inertia: 0.00081814 0 0 0 0.00050171 0 0 0 0.00122904)

ACTUATORS (29)
actuator[0] = FX (controls: FX.excitation)
actuator[1] = FY (controls: FY.excitation)
actuator[2] = FZ (controls: FZ.excitation)
actuator[3] = MX (controls: MX.excitation)
actuator[4] = MY (controls: MY.excitation)
actuator[5] = MZ (controls: MZ.excitation)
actuator[6] = hip_flexion_r (controls: hip_flexion_r.excitation)
actuator[7] = hip_adduction_r (controls: hip_adduction_r.excitation)
actuator[8] = hip_rotation_r (controls: hip_rotation_r.excitation)
actuator[9] = knee_angle_r (controls: knee_angle_r.excitation)
actuator[10] = ankle_angle_r (controls: ankle_angle_r.excitation)
actuator[11] = hip_flexion_l (controls: hip_flexion_l.excitation)
actuator[12] = hip_adduction_l (controls: hip_adduction_l.excitation)
actuator[13] = hip_rotation_l (controls: hip_rotation_l.excitation)
actuator[14] = knee_angle_l (controls: knee_angle_l.excitation)
actuator[15] = ankle_angle_l (controls: ankle_angle_l.excitation)
actuator[16] = lumbar_extension (controls: lumbar_extension.excitation)
actuator[17] = lumbar_bending (controls: lumbar_bending.excitation)
actuator[18] = lumbar_rotation (controls: lumbar_rotation.excitation)
actuator[19] = arm_flex_r (controls: arm_flex_r.excitation)
actuator[20] = arm_add_r (controls: arm_add_r.excitation)
actuator[21] = arm_rot_r (controls: arm_rot_r.excitation)
actuator[22] = elbow_flex_r (controls: elbow_flex_r.excitation)
actuator[23] = pro_sup_r (controls: pro_sup_r.excitation)
actuator[24] = arm_flex_l (controls: arm_flex_l.excitation)
actuator[25] = arm_add_l (controls: arm_add_l.excitation)
actuator[26] = arm_rot_l (controls: arm_rot_l.excitation)
actuator[27] = elbow_flex_l (controls: elbow_flex_l.excitation)
actuator[28] = pro_sup_l (controls: pro_sup_l.excitation)

CONTACTS (0)
numControls = 29
numStates = 74
numCoordinates = 37
numSpeeds = 37
numActuators = 29
numBodies = 21
numConstraints = 0

STATES (74)
y[0] = pelvis_tilt
y[1] = pelvis_list
y[2] = pelvis_rotation
y[3] = pelvis_tx
y[4] = pelvis_ty
y[5] = pelvis_tz
y[6] = hip_flexion_r
y[7] = hip_adduction_r
y[8] = hip_rotation_r
y[9] = knee_angle_r
y[10] = ankle_angle_r
y[11] = subtalar_angle_r
y[12] = mtp_angle_r
y[13] = hip_flexion_l
y[14] = hip_adduction_l
y[15] = hip_rotation_l
y[16] = knee_angle_l
y[17] = ankle_angle_l
y[18] = subtalar_angle_l
y[19] = mtp_angle_l
y[20] = lumbar_extension
y[21] = lumbar_bending
y[22] = lumbar_rotation
y[23] = arm_flex_r
y[24] = arm_add_r
y[25] = arm_rot_r
y[26] = elbow_flex_r
y[27] = pro_sup_r
y[28] = wrist_flex_r
y[29] = wrist_dev_r
y[30] = arm_flex_l
y[31] = arm_add_l
y[32] = arm_rot_l
y[33] = elbow_flex_l
y[34] = pro_sup_l
y[35] = wrist_flex_l
y[36] = wrist_dev_l
y[37] = pelvis_tilt_u
y[38] = pelvis_list_u
y[39] = pelvis_rotation_u
y[40] = pelvis_tx_u
y[41] = pelvis_ty_u
y[42] = pelvis_tz_u
y[43] = hip_flexion_r_u
y[44] = hip_adduction_r_u
y[45] = hip_rotation_r_u
y[46] = knee_angle_r_u
y[47] = ankle_angle_r_u
y[48] = subtalar_angle_r_u
y[49] = mtp_angle_r_u
y[50] = hip_flexion_l_u
y[51] = hip_adduction_l_u
y[52] = hip_rotation_l_u
y[53] = knee_angle_l_u
y[54] = ankle_angle_l_u
y[55] = subtalar_angle_l_u
y[56] = mtp_angle_l_u
y[57] = lumbar_extension_u
y[58] = lumbar_bending_u
y[59] = lumbar_rotation_u
y[60] = arm_flex_r_u
y[61] = arm_add_r_u
y[62] = arm_rot_r_u
y[63] = elbow_flex_r_u
y[64] = pro_sup_r_u
y[65] = wrist_flex_r_u
y[66] = wrist_dev_r_u
y[67] = arm_flex_l_u
y[68] = arm_add_l_u
y[69] = arm_rot_l_u
y[70] = elbow_flex_l_u
y[71] = pro_sup_l_u
y[72] = wrist_flex_l_u
y[73] = wrist_dev_l_u


WARN- a desired points file was not specified.



Loading desired kinematics from file D:\RackSpaceSync\nmbl_running\OpenSimResults\subject20\ik\Results_191\Run_50002.mot ...
Storage: file=D:\RackSpaceSync\nmbl_running\OpenSimResults\subject20\ik\Results_191\Run_50002.mot (nr=647 nc=164)


Low-pass filtering desired kinematics with a cutoff frequency of 15...



Loading external loads kinematics from file D:\RackSpaceSync\nmbl_running\OpenSimResults\subject20\ik\Results_191\Run_50002.mot ...
Storage: file=D:\RackSpaceSync\nmbl_running\OpenSimResults\subject20\ik\Results_191\Run_50002.mot (nr=647 nc=164)
Low-pass filtering external load kinematics with a cutoff frequency of 15...
Storage: file=D:\RackSpaceSync\nmbl_running\HPL_Data\Hamner_Test\subject20\Session 1\ExportedData\Run_500 02_newCOP3.mot (nr=5169 nc=19)

Note: requested COM adjustment time range 1.2823 - 1.899 clamped to nearest available data times 1.27484 - 1.89148

Computing average residuals between 1.27484 and 1.89148
Average residuals before adjusting torso COM:
FX=-6.63884 FY=-18.2375 FZ=-1.03554
MX=4.13734 MY=1.41784 MZ=-13.6234

CMCTool.adjustCOMToReduceResiduals:
torso weight = 235.122
dx=-0.0579419, dz=-0.0175966

dmass = 1.8597

Recommended mass adjustments:
ground:  orig mass = 0, new mass = 0
pelvis:  orig mass = 10.5255, new mass = 10.8169
femur_r:  orig mass = 8.31296, new mass = 8.54309
tibia_r:  orig mass = 3.31351, new mass = 3.40524
talus_r:  orig mass = 0.0893732, new mass = 0.0918474
calcn_r:  orig mass = 1.11717, new mass = 1.14809
toes_r:  orig mass = 0.193582, new mass = 0.198941
femur_l:  orig mass = 8.31296, new mass = 8.54309
tibia_l:  orig mass = 3.31351, new mass = 3.40524
talus_l:  orig mass = 0.0893732, new mass = 0.0918474
calcn_l:  orig mass = 1.11717, new mass = 1.14809
toes_l:  orig mass = 0.193582, new mass = 0.198941
torso:  orig mass = 23.9758, new mass = 24.6395
humerus_r:  orig mass = 1.81651, new mass = 1.8668
ulna_r:  orig mass = 0.542942, new mass = 0.557973
radius_r:  orig mass = 0.542942, new mass = 0.557973
hand_r:  orig mass = 0.408883, new mass = 0.420202
humerus_l:  orig mass = 1.81651, new mass = 1.8668
ulna_l:  orig mass = 0.542942, new mass = 0.557973
radius_l:  orig mass = 0.542942, new mass = 0.557973
hand_l:  orig mass = 0.408883, new mass = 0.420202

Computing average residuals between 1.27484 and 1.89148
Average residuals after adjusting torso COM:
FX=-5.36709 FY=-18.2045 FZ=-3.09251
MX=-1.10478 MY=1.44583 MZ=-1.42506


Constructing function set for tracking desired kinematics...

No Actuation analysis found in analysis set -- adding one
No Kinematics analysis found in analysis set -- adding one


 taskSet size = 29

Using the generalized coordinates specified in D:\RackSpaceSync\nmbl_running\OpenSimResults\subject20\ik\Results_191\Run_50002.mot to set the initial configuration.
Successfully linked to CFSQP library 'osimCFSQP.dll'
Using CFSQP optimizer algorithm.

Setting optimizer print level to 0.
Setting optimizer convergence criterion to 1e-006.
Setting optimizer maximum iterations to 1000.

Setting cmc controller to not use verbose printing.



================================================================
================================================================
Using CMC to track the specified kinematics
Integrating from 1.2823 to 1.899
Start time = Wed Dec 21 20:19:03 2011
================================================================
rdCMC.computeControls:  t = 1.2823
rdCMC.computeControls:  t = 1.2833
rdCMC.computeControls:  t = 1.2843
rdCMC.computeControls:  t = 1.2853
rdCMC.computeControls:  t = 1.2863
rdCMC.computeControls:  t = 1.2873
rdCMC.computeControls:  t = 1.2883
rdCMC.computeControls:  t = 1.2893
rdCMC.computeControls:  t = 1.2903
rdCMC.computeControls:  t = 1.2913
rdCMC.computeControls:  t = 1.2923
rdCMC.computeControls:  t = 1.2933
rdCMC.computeControls:  t = 1.2943
rdCMC.computeControls:  t = 1.2953
rdCMC.computeControls:  t = 1.2963
rdCMC.computeControls:  t = 1.2973
rdCMC.computeControls:  t = 1.2983
rdCMC.computeControls:  t = 1.2993
rdCMC.computeControls:  t = 1.3003
rdCMC.computeControls:  t = 1.3013
rdCMC.computeControls:  t = 1.3023
rdCMC.computeControls:  t = 1.3033
rdCMC.computeControls:  t = 1.3043
rdCMC.computeControls:  t = 1.3053
rdCMC.computeControls:  t = 1.3063
rdCMC.computeControls:  t = 1.3073
rdCMC.computeControls:  t = 1.3083
rdCMC.computeControls:  t = 1.3093
rdCMC.computeControls:  t = 1.3103
rdCMC.computeControls:  t = 1.3113
rdCMC.computeControls:  t = 1.3123
rdCMC.computeControls:  t = 1.3133
rdCMC.computeControls:  t = 1.3143
rdCMC.computeControls:  t = 1.3153
rdCMC.computeControls:  t = 1.3163
rdCMC.computeControls:  t = 1.3173
rdCMC.computeControls:  t = 1.3183
rdCMC.computeControls:  t = 1.3193
rdCMC.computeControls:  t = 1.3203
rdCMC.computeControls:  t = 1.3213
rdCMC.computeControls:  t = 1.3223
rdCMC.computeControls:  t = 1.3233
rdCMC.computeControls:  t = 1.3243
rdCMC.computeControls:  t = 1.3253
rdCMC.computeControls:  t = 1.3263
rdCMC.computeControls:  t = 1.3273
rdCMC.computeControls:  t = 1.3283
rdCMC.computeControls:  t = 1.3293
rdCMC.computeControls:  t = 1.3303
rdCMC.computeControls:  t = 1.3313
rdCMC.computeControls:  t = 1.3323
rdCMC.computeControls:  t = 1.3333
rdCMC.computeControls:  t = 1.3343
rdCMC.computeControls:  t = 1.3353
rdCMC.computeControls:  t = 1.3363
rdCMC.computeControls:  t = 1.3373
rdCMC.computeControls:  t = 1.3383
rdCMC.computeControls:  t = 1.3393
rdCMC.computeControls:  t = 1.3403
rdCMC.computeControls:  t = 1.3413
rdCMC.computeControls:  t = 1.3423
rdCMC.computeControls:  t = 1.3433
rdCMC.computeControls:  t = 1.3443
rdCMC.computeControls:  t = 1.3453
rdCMC.computeControls:  t = 1.3463
rdCMC.computeControls:  t = 1.3473
rdCMC.computeControls:  t = 1.3483
rdCMC.computeControls:  t = 1.3493
rdCMC.computeControls:  t = 1.3503
rdCMC.computeControls:  t = 1.3513
rdCMC.computeControls:  t = 1.3523
rdCMC.computeControls:  t = 1.3533
rdCMC.computeControls:  t = 1.3543
rdCMC.computeControls:  t = 1.3553
rdCMC.computeControls:  t = 1.3563
rdCMC.computeControls:  t = 1.3573
rdCMC.computeControls:  t = 1.3583
rdCMC.computeControls:  t = 1.3593
rdCMC.computeControls:  t = 1.3603
rdCMC.computeControls:  t = 1.3613
rdCMC.computeControls:  t = 1.3623
rdCMC.computeControls:  t = 1.3633
rdCMC.computeControls:  t = 1.3643
rdCMC.computeControls:  t = 1.3653
rdCMC.computeControls:  t = 1.3663
rdCMC.computeControls:  t = 1.3673
rdCMC.computeControls:  t = 1.3683
rdCMC.computeControls:  t = 1.3693
rdCMC.computeControls:  t = 1.3703
rdCMC.computeControls:  t = 1.3713
rdCMC.computeControls:  t = 1.3723
rdCMC.computeControls:  t = 1.3733
rdCMC.computeControls:  t = 1.3743
rdCMC.computeControls:  t = 1.3753
rdCMC.computeControls:  t = 1.3763
rdCMC.computeControls:  t = 1.3773
rdCMC.computeControls:  t = 1.3783
rdCMC.computeControls:  t = 1.3793
rdCMC.computeControls:  t = 1.3803
rdCMC.computeControls:  t = 1.3813
rdCMC.computeControls:  t = 1.3823
rdCMC.computeControls:  t = 1.3833
rdCMC.computeControls:  t = 1.3843
rdCMC.computeControls:  t = 1.3853
rdCMC.computeControls:  t = 1.3863
rdCMC.computeControls:  t = 1.3873
rdCMC.computeControls:  t = 1.3883
rdCMC.computeControls:  t = 1.3893
rdCMC.computeControls:  t = 1.3903
rdCMC.computeControls:  t = 1.3913
rdCMC.computeControls:  t = 1.3923
rdCMC.computeControls:  t = 1.3933
rdCMC.computeControls:  t = 1.3943
rdCMC.computeControls:  t = 1.3953
rdCMC.computeControls:  t = 1.3963
rdCMC.computeControls:  t = 1.3973
rdCMC.computeControls:  t = 1.3983
rdCMC.computeControls:  t = 1.3993
rdCMC.computeControls:  t = 1.4003
rdCMC.computeControls:  t = 1.4013
rdCMC.computeControls:  t = 1.4023
rdCMC.computeControls:  t = 1.4033
rdCMC.computeControls:  t = 1.4043
rdCMC.computeControls:  t = 1.4053
rdCMC.computeControls:  t = 1.4063
rdCMC.computeControls:  t = 1.4073
rdCMC.computeControls:  t = 1.4083
rdCMC.computeControls:  t = 1.4093
rdCMC.computeControls:  t = 1.4103
rdCMC.computeControls:  t = 1.4113
rdCMC.computeControls:  t = 1.4123
rdCMC.computeControls:  t = 1.4133
rdCMC.computeControls:  t = 1.4143
rdCMC.computeControls:  t = 1.4153
rdCMC.computeControls:  t = 1.4163
rdCMC.computeControls:  t = 1.4173
rdCMC.computeControls:  t = 1.4183
rdCMC.computeControls:  t = 1.4193
rdCMC.computeControls:  t = 1.4203
rdCMC.computeControls:  t = 1.4213
rdCMC.computeControls:  t = 1.4223
rdCMC.computeControls:  t = 1.4233
rdCMC.computeControls:  t = 1.4243
rdCMC.computeControls:  t = 1.4253
rdCMC.computeControls:  t = 1.4263
rdCMC.computeControls:  t = 1.4273
rdCMC.computeControls:  t = 1.4283
rdCMC.computeControls:  t = 1.4293
rdCMC.computeControls:  t = 1.4303
rdCMC.computeControls:  t = 1.4313
rdCMC.computeControls:  t = 1.4323
rdCMC.computeControls:  t = 1.4333
rdCMC.computeControls:  t = 1.4343
rdCMC.computeControls:  t = 1.4353
rdCMC.computeControls:  t = 1.4363
rdCMC.computeControls:  t = 1.4373
rdCMC.computeControls:  t = 1.4383
rdCMC.computeControls:  t = 1.4393
rdCMC.computeControls:  t = 1.4403
rdCMC.computeControls:  t = 1.4413
rdCMC.computeControls:  t = 1.4423
rdCMC.computeControls:  t = 1.4433
rdCMC.computeControls:  t = 1.4443
rdCMC.computeControls:  t = 1.4453
rdCMC.computeControls:  t = 1.4463
rdCMC.computeControls:  t = 1.4473
rdCMC.computeControls:  t = 1.4483
rdCMC.computeControls:  t = 1.4493
rdCMC.computeControls:  t = 1.4503
rdCMC.computeControls:  t = 1.4513
rdCMC.computeControls:  t = 1.4523
rdCMC.computeControls:  t = 1.4533
rdCMC.computeControls:  t = 1.4543
rdCMC.computeControls:  t = 1.4553
rdCMC.computeControls:  t = 1.4563
rdCMC.computeControls:  t = 1.4573
rdCMC.computeControls:  t = 1.4583
rdCMC.computeControls:  t = 1.4593
rdCMC.computeControls:  t = 1.4603
rdCMC.computeControls:  t = 1.4613
rdCMC.computeControls:  t = 1.4623
rdCMC.computeControls:  t = 1.4633
rdCMC.computeControls:  t = 1.4643
rdCMC.computeControls:  t = 1.4653
rdCMC.computeControls:  t = 1.4663
rdCMC.computeControls:  t = 1.4673
rdCMC.computeControls:  t = 1.4683
rdCMC.computeControls:  t = 1.4693
rdCMC.computeControls:  t = 1.4703
rdCMC.computeControls:  t = 1.4713
rdCMC.computeControls:  t = 1.4723
rdCMC.computeControls:  t = 1.4733
rdCMC.computeControls:  t = 1.4743
rdCMC.computeControls:  t = 1.4753
rdCMC.computeControls:  t = 1.4763
rdCMC.computeControls:  t = 1.4773
rdCMC.computeControls:  t = 1.4783
rdCMC.computeControls:  t = 1.4793
rdCMC.computeControls:  t = 1.4803
rdCMC.computeControls:  t = 1.4813
rdCMC.computeControls:  t = 1.4823
rdCMC.computeControls:  t = 1.4833
rdCMC.computeControls:  t = 1.4843
rdCMC.computeControls:  t = 1.4853
rdCMC.computeControls:  t = 1.4863
rdCMC.computeControls:  t = 1.4873
rdCMC.computeControls:  t = 1.4883
rdCMC.computeControls:  t = 1.4893
rdCMC.computeControls:  t = 1.4903
rdCMC.computeControls:  t = 1.4913
rdCMC.computeControls:  t = 1.4923
rdCMC.computeControls:  t = 1.4933
rdCMC.computeControls:  t = 1.4943
rdCMC.computeControls:  t = 1.4953
rdCMC.computeControls:  t = 1.4963
rdCMC.computeControls:  t = 1.4973
rdCMC.computeControls:  t = 1.4983
rdCMC.computeControls:  t = 1.4993
rdCMC.computeControls:  t = 1.5003
rdCMC.computeControls:  t = 1.5013
rdCMC.computeControls:  t = 1.5023
rdCMC.computeControls:  t = 1.5033
rdCMC.computeControls:  t = 1.5043
rdCMC.computeControls:  t = 1.5053
rdCMC.computeControls:  t = 1.5063
rdCMC.computeControls:  t = 1.5073
rdCMC.computeControls:  t = 1.5083
rdCMC.computeControls:  t = 1.5093
rdCMC.computeControls:  t = 1.5103
rdCMC.computeControls:  t = 1.5113
rdCMC.computeControls:  t = 1.5123
rdCMC.computeControls:  t = 1.5133
rdCMC.computeControls:  t = 1.5143
rdCMC.computeControls:  t = 1.5153
rdCMC.computeControls:  t = 1.5163
rdCMC.computeControls:  t = 1.5173
rdCMC.computeControls:  t = 1.5183
rdCMC.computeControls:  t = 1.5193
rdCMC.computeControls:  t = 1.5203
rdCMC.computeControls:  t = 1.5213
rdCMC.computeControls:  t = 1.5223
rdCMC.computeControls:  t = 1.5233
rdCMC.computeControls:  t = 1.5243
rdCMC.computeControls:  t = 1.5253
rdCMC.computeControls:  t = 1.5263
rdCMC.computeControls:  t = 1.5273
rdCMC.computeControls:  t = 1.5283
rdCMC.computeControls:  t = 1.5293
rdCMC.computeControls:  t = 1.5303
rdCMC.computeControls:  t = 1.5313
rdCMC.computeControls:  t = 1.5323
rdCMC.computeControls:  t = 1.5333
rdCMC.computeControls:  t = 1.5343
rdCMC.computeControls:  t = 1.5353
rdCMC.computeControls:  t = 1.5363
rdCMC.computeControls:  t = 1.5373
rdCMC.computeControls:  t = 1.5383
rdCMC.computeControls:  t = 1.5393
rdCMC.computeControls:  t = 1.5403
rdCMC.computeControls:  t = 1.5413
rdCMC.computeControls:  t = 1.5423
rdCMC.computeControls:  t = 1.5433
rdCMC.computeControls:  t = 1.5443
rdCMC.computeControls:  t = 1.5453
rdCMC.computeControls:  t = 1.5463
rdCMC.computeControls:  t = 1.5473
rdCMC.computeControls:  t = 1.5483
rdCMC.computeControls:  t = 1.5493
rdCMC.computeControls:  t = 1.5503
rdCMC.computeControls:  t = 1.5513
rdCMC.computeControls:  t = 1.5523
rdCMC.computeControls:  t = 1.5533
rdCMC.computeControls:  t = 1.5543
rdCMC.computeControls:  t = 1.5553
rdCMC.computeControls:  t = 1.5563
rdCMC.computeControls:  t = 1.5573
rdCMC.computeControls:  t = 1.5583
rdCMC.computeControls:  t = 1.5593
rdCMC.computeControls:  t = 1.5603
rdCMC.computeControls:  t = 1.5613
rdCMC.computeControls:  t = 1.5623
rdCMC.computeControls:  t = 1.5633
rdCMC.computeControls:  t = 1.5643
rdCMC.computeControls:  t = 1.5653
rdCMC.computeControls:  t = 1.5663
rdCMC.computeControls:  t = 1.5673
rdCMC.computeControls:  t = 1.5683
rdCMC.computeControls:  t = 1.5693
rdCMC.computeControls:  t = 1.5703
rdCMC.computeControls:  t = 1.5713
rdCMC.computeControls:  t = 1.5723
rdCMC.computeControls:  t = 1.5733
rdCMC.computeControls:  t = 1.5743
rdCMC.computeControls:  t = 1.5753
rdCMC.computeControls:  t = 1.5763
rdCMC.computeControls:  t = 1.5773
rdCMC.computeControls:  t = 1.5783
rdCMC.computeControls:  t = 1.5793
rdCMC.computeControls:  t = 1.5803
rdCMC.computeControls:  t = 1.5813
rdCMC.computeControls:  t = 1.5823
rdCMC.computeControls:  t = 1.5833
rdCMC.computeControls:  t = 1.5843
rdCMC.computeControls:  t = 1.5853
rdCMC.computeControls:  t = 1.5863
rdCMC.computeControls:  t = 1.5873
rdCMC.computeControls:  t = 1.5883
rdCMC.computeControls:  t = 1.5893
rdCMC.computeControls:  t = 1.5903
rdCMC.computeControls:  t = 1.5913
rdCMC.computeControls:  t = 1.5923
rdCMC.computeControls:  t = 1.5933
rdCMC.computeControls:  t = 1.5943
rdCMC.computeControls:  t = 1.5953
rdCMC.computeControls:  t = 1.5963
rdCMC.computeControls:  t = 1.5973
rdCMC.computeControls:  t = 1.5983
rdCMC.computeControls:  t = 1.5993
rdCMC.computeControls:  t = 1.6003
rdCMC.computeControls:  t = 1.6013
rdCMC.computeControls:  t = 1.6023
rdCMC.computeControls:  t = 1.6033
rdCMC.computeControls:  t = 1.6043
rdCMC.computeControls:  t = 1.6053
rdCMC.computeControls:  t = 1.6063
rdCMC.computeControls:  t = 1.6073
rdCMC.computeControls:  t = 1.6083
rdCMC.computeControls:  t = 1.6093
rdCMC.computeControls:  t = 1.6103
rdCMC.computeControls:  t = 1.6113
rdCMC.computeControls:  t = 1.6123
rdCMC.computeControls:  t = 1.6133
rdCMC.computeControls:  t = 1.6143
rdCMC.computeControls:  t = 1.6153
rdCMC.computeControls:  t = 1.6163
rdCMC.computeControls:  t = 1.6173
rdCMC.computeControls:  t = 1.6183
rdCMC.computeControls:  t = 1.6193
rdCMC.computeControls:  t = 1.6203
rdCMC.computeControls:  t = 1.6213
rdCMC.computeControls:  t = 1.6223
rdCMC.computeControls:  t = 1.6233
rdCMC.computeControls:  t = 1.6243
rdCMC.computeControls:  t = 1.6253
rdCMC.computeControls:  t = 1.6263
rdCMC.computeControls:  t = 1.6273
rdCMC.computeControls:  t = 1.6283
rdCMC.computeControls:  t = 1.6293
rdCMC.computeControls:  t = 1.6303
rdCMC.computeControls:  t = 1.6313
rdCMC.computeControls:  t = 1.6323
rdCMC.computeControls:  t = 1.6333
rdCMC.computeControls:  t = 1.6343
rdCMC.computeControls:  t = 1.6353
rdCMC.computeControls:  t = 1.6363
rdCMC.computeControls:  t = 1.6373
rdCMC.computeControls:  t = 1.6383
rdCMC.computeControls:  t = 1.6393
rdCMC.computeControls:  t = 1.6403
rdCMC.computeControls:  t = 1.6413
rdCMC.computeControls:  t = 1.6423
rdCMC.computeControls:  t = 1.6433
rdCMC.computeControls:  t = 1.6443
rdCMC.computeControls:  t = 1.6453
rdCMC.computeControls:  t = 1.6463
rdCMC.computeControls:  t = 1.6473
rdCMC.computeControls:  t = 1.6483
rdCMC.computeControls:  t = 1.6493
rdCMC.computeControls:  t = 1.6503
rdCMC.computeControls:  t = 1.6513
rdCMC.computeControls:  t = 1.6523
rdCMC.computeControls:  t = 1.6533
rdCMC.computeControls:  t = 1.6543
rdCMC.computeControls:  t = 1.6553
rdCMC.computeControls:  t = 1.6563
rdCMC.computeControls:  t = 1.6573
rdCMC.computeControls:  t = 1.6583
rdCMC.computeControls:  t = 1.6593
rdCMC.computeControls:  t = 1.6603
rdCMC.computeControls:  t = 1.6613
rdCMC.computeControls:  t = 1.6623
rdCMC.computeControls:  t = 1.6633
rdCMC.computeControls:  t = 1.6643
rdCMC.computeControls:  t = 1.6653
rdCMC.computeControls:  t = 1.6663
rdCMC.computeControls:  t = 1.6673
rdCMC.computeControls:  t = 1.6683
rdCMC.computeControls:  t = 1.6693
rdCMC.computeControls:  t = 1.6703
rdCMC.computeControls:  t = 1.6713
rdCMC.computeControls:  t = 1.6723
rdCMC.computeControls:  t = 1.6733
rdCMC.computeControls:  t = 1.6743
rdCMC.computeControls:  t = 1.6753
rdCMC.computeControls:  t = 1.6763
rdCMC.computeControls:  t = 1.6773
rdCMC.computeControls:  t = 1.6783
rdCMC.computeControls:  t = 1.6793
rdCMC.computeControls:  t = 1.6803
rdCMC.computeControls:  t = 1.6813
rdCMC.computeControls:  t = 1.6823
rdCMC.computeControls:  t = 1.6833
rdCMC.computeControls:  t = 1.6843
rdCMC.computeControls:  t = 1.6853
rdCMC.computeControls:  t = 1.6863
rdCMC.computeControls:  t = 1.6873
rdCMC.computeControls:  t = 1.6883
rdCMC.computeControls:  t = 1.6893
rdCMC.computeControls:  t = 1.6903
rdCMC.computeControls:  t = 1.6913
rdCMC.computeControls:  t = 1.6923
rdCMC.computeControls:  t = 1.6933
rdCMC.computeControls:  t = 1.6943
rdCMC.computeControls:  t = 1.6953
rdCMC.computeControls:  t = 1.6963
rdCMC.computeControls:  t = 1.6973
rdCMC.computeControls:  t = 1.6983
rdCMC.computeControls:  t = 1.6993
rdCMC.computeControls:  t = 1.7003
rdCMC.computeControls:  t = 1.7013
rdCMC.computeControls:  t = 1.7023
rdCMC.computeControls:  t = 1.7033
rdCMC.computeControls:  t = 1.7043
rdCMC.computeControls:  t = 1.7053
rdCMC.computeControls:  t = 1.7063
rdCMC.computeControls:  t = 1.7073
rdCMC.computeControls:  t = 1.7083
rdCMC.computeControls:  t = 1.7093
rdCMC.computeControls:  t = 1.7103
rdCMC.computeControls:  t = 1.7113
rdCMC.computeControls:  t = 1.7123
rdCMC.computeControls:  t = 1.7133
rdCMC.computeControls:  t = 1.7143
rdCMC.computeControls:  t = 1.7153
rdCMC.computeControls:  t = 1.7163
rdCMC.computeControls:  t = 1.7173
rdCMC.computeControls:  t = 1.7183
rdCMC.computeControls:  t = 1.7193
rdCMC.computeControls:  t = 1.7203
rdCMC.computeControls:  t = 1.7213
rdCMC.computeControls:  t = 1.7223
rdCMC.computeControls:  t = 1.7233
rdCMC.computeControls:  t = 1.7243
rdCMC.computeControls:  t = 1.7253
rdCMC.computeControls:  t = 1.7263
rdCMC.computeControls:  t = 1.7273
rdCMC.computeControls:  t = 1.7283
rdCMC.computeControls:  t = 1.7293
rdCMC.computeControls:  t = 1.7303
rdCMC.computeControls:  t = 1.7313
rdCMC.computeControls:  t = 1.7323
rdCMC.computeControls:  t = 1.7333
rdCMC.computeControls:  t = 1.7343
rdCMC.computeControls:  t = 1.7353
rdCMC.computeControls:  t = 1.7363
rdCMC.computeControls:  t = 1.7373
rdCMC.computeControls:  t = 1.7383
rdCMC.computeControls:  t = 1.7393
rdCMC.computeControls:  t = 1.7403
rdCMC.computeControls:  t = 1.7413
rdCMC.computeControls:  t = 1.7423
rdCMC.computeControls:  t = 1.7433
rdCMC.computeControls:  t = 1.7443
rdCMC.computeControls:  t = 1.7453
rdCMC.computeControls:  t = 1.7463
rdCMC.computeControls:  t = 1.7473
rdCMC.computeControls:  t = 1.7483
rdCMC.computeControls:  t = 1.7493
rdCMC.computeControls:  t = 1.7503
rdCMC.computeControls:  t = 1.7513
rdCMC.computeControls:  t = 1.7523
rdCMC.computeControls:  t = 1.7533
rdCMC.computeControls:  t = 1.7543
rdCMC.computeControls:  t = 1.7553
rdCMC.computeControls:  t = 1.7563
rdCMC.computeControls:  t = 1.7573
rdCMC.computeControls:  t = 1.7583
rdCMC.computeControls:  t = 1.7593
rdCMC.computeControls:  t = 1.7603
rdCMC.computeControls:  t = 1.7613
rdCMC.computeControls:  t = 1.7623
rdCMC.computeControls:  t = 1.7633
rdCMC.computeControls:  t = 1.7643
rdCMC.computeControls:  t = 1.7653
rdCMC.computeControls:  t = 1.7663
rdCMC.computeControls:  t = 1.7673
rdCMC.computeControls:  t = 1.7683
rdCMC.computeControls:  t = 1.7693
rdCMC.computeControls:  t = 1.7703
rdCMC.computeControls:  t = 1.7713
rdCMC.computeControls:  t = 1.7723
rdCMC.computeControls:  t = 1.7733
rdCMC.computeControls:  t = 1.7743
rdCMC.computeControls:  t = 1.7753
rdCMC.computeControls:  t = 1.7763
rdCMC.computeControls:  t = 1.7773
rdCMC.computeControls:  t = 1.7783
rdCMC.computeControls:  t = 1.7793
rdCMC.computeControls:  t = 1.7803
rdCMC.computeControls:  t = 1.7813
rdCMC.computeControls:  t = 1.7823
rdCMC.computeControls:  t = 1.7833
rdCMC.computeControls:  t = 1.7843
rdCMC.computeControls:  t = 1.7853
rdCMC.computeControls:  t = 1.7863
rdCMC.computeControls:  t = 1.7873
rdCMC.computeControls:  t = 1.7883
rdCMC.computeControls:  t = 1.7893
rdCMC.computeControls:  t = 1.7903
rdCMC.computeControls:  t = 1.7913
rdCMC.computeControls:  t = 1.7923
rdCMC.computeControls:  t = 1.7933
rdCMC.computeControls:  t = 1.7943
rdCMC.computeControls:  t = 1.7953
rdCMC.computeControls:  t = 1.7963
rdCMC.computeControls:  t = 1.7973
rdCMC.computeControls:  t = 1.7983
rdCMC.computeControls:  t = 1.7993
rdCMC.computeControls:  t = 1.8003
rdCMC.computeControls:  t = 1.8013
rdCMC.computeControls:  t = 1.8023
rdCMC.computeControls:  t = 1.8033
rdCMC.computeControls:  t = 1.8043
rdCMC.computeControls:  t = 1.8053
rdCMC.computeControls:  t = 1.8063
rdCMC.computeControls:  t = 1.8073
rdCMC.computeControls:  t = 1.8083
rdCMC.computeControls:  t = 1.8093
rdCMC.computeControls:  t = 1.8103
rdCMC.computeControls:  t = 1.8113
rdCMC.computeControls:  t = 1.8123
rdCMC.computeControls:  t = 1.8133
rdCMC.computeControls:  t = 1.8143
rdCMC.computeControls:  t = 1.8153
rdCMC.computeControls:  t = 1.8163
rdCMC.computeControls:  t = 1.8173
rdCMC.computeControls:  t = 1.8183
rdCMC.computeControls:  t = 1.8193
rdCMC.computeControls:  t = 1.8203
rdCMC.computeControls:  t = 1.8213
rdCMC.computeControls:  t = 1.8223
rdCMC.computeControls:  t = 1.8233
rdCMC.computeControls:  t = 1.8243
rdCMC.computeControls:  t = 1.8253
rdCMC.computeControls:  t = 1.8263
rdCMC.computeControls:  t = 1.8273
rdCMC.computeControls:  t = 1.8283
rdCMC.computeControls:  t = 1.8293
rdCMC.computeControls:  t = 1.8303
rdCMC.computeControls:  t = 1.8313
rdCMC.computeControls:  t = 1.8323
rdCMC.computeControls:  t = 1.8333
rdCMC.computeControls:  t = 1.8343
rdCMC.computeControls:  t = 1.8353
rdCMC.computeControls:  t = 1.8363
rdCMC.computeControls:  t = 1.8373
rdCMC.computeControls:  t = 1.8383
rdCMC.computeControls:  t = 1.8393
rdCMC.computeControls:  t = 1.8403
rdCMC.computeControls:  t = 1.8413
rdCMC.computeControls:  t = 1.8423
rdCMC.computeControls:  t = 1.8433
rdCMC.computeControls:  t = 1.8443
rdCMC.computeControls:  t = 1.8453
rdCMC.computeControls:  t = 1.8463
rdCMC.computeControls:  t = 1.8473
rdCMC.computeControls:  t = 1.8483
rdCMC.computeControls:  t = 1.8493
rdCMC.computeControls:  t = 1.8503
rdCMC.computeControls:  t = 1.8513
rdCMC.computeControls:  t = 1.8523
rdCMC.computeControls:  t = 1.8533
rdCMC.computeControls:  t = 1.8543
rdCMC.computeControls:  t = 1.8553
rdCMC.computeControls:  t = 1.8563
rdCMC.computeControls:  t = 1.8573
rdCMC.computeControls:  t = 1.8583
rdCMC.computeControls:  t = 1.8593
rdCMC.computeControls:  t = 1.8603
rdCMC.computeControls:  t = 1.8613
rdCMC.computeControls:  t = 1.8623
rdCMC.computeControls:  t = 1.8633
rdCMC.computeControls:  t = 1.8643
rdCMC.computeControls:  t = 1.8653
rdCMC.computeControls:  t = 1.8663
rdCMC.computeControls:  t = 1.8673
rdCMC.computeControls:  t = 1.8683
rdCMC.computeControls:  t = 1.8693
rdCMC.computeControls:  t = 1.8703
rdCMC.computeControls:  t = 1.8713
rdCMC.computeControls:  t = 1.8723
rdCMC.computeControls:  t = 1.8733
rdCMC.computeControls:  t = 1.8743
rdCMC.computeControls:  t = 1.8753
rdCMC.computeControls:  t = 1.8763
rdCMC.computeControls:  t = 1.8773
rdCMC.computeControls:  t = 1.8783
rdCMC.computeControls:  t = 1.8793
rdCMC.computeControls:  t = 1.8803
rdCMC.computeControls:  t = 1.8813
rdCMC.computeControls:  t = 1.8823
rdCMC.computeControls:  t = 1.8833
rdCMC.computeControls:  t = 1.8843
rdCMC.computeControls:  t = 1.8853
rdCMC.computeControls:  t = 1.8863
rdCMC.computeControls:  t = 1.8873
rdCMC.computeControls:  t = 1.8883
rdCMC.computeControls:  t = 1.8893
rdCMC.computeControls:  t = 1.8903
rdCMC.computeControls:  t = 1.8913
rdCMC.computeControls:  t = 1.8923
rdCMC.computeControls:  t = 1.8933
rdCMC.computeControls:  t = 1.8943
rdCMC.computeControls:  t = 1.8953
rdCMC.computeControls:  t = 1.8963
rdCMC.computeControls:  t = 1.8973
----------------------------------------------------------------
Finished tracking the specified kinematics
=================================================================
Start time   = Wed Dec 21 20:19:03 2011
Finish time  = Wed Dec 21 20:20:58 2011
Elapsed time = 115 seconds.
================================================================


Printing results of investigation subject20_Run_50002_cycle3 to RRA_Results_v191_Run_50002_cycle3.


Average residuals:
FX=-1.37414 FY=-0.704826 FZ=-0.942646
MX=0.681844 MY=-0.202576 MZ=-3.02753


