<!-- Copyright (c) 2013, Stanford University

Permission is hereby granted, free of charge, to any person obtaining a copy of this software and associated documentation files (the "Software"), to deal in the Software without restriction, including without limitation the rights to use, copy, modify, merge, publish, distribute, sublicense, and/or sell copies of the Software, and to permit persons to whom the Software is furnished to do so, subject to the following conditions:

The above copyright notice and this permission notice shall be included in all copies or substantial portions of the Software.

THE SOFTWARE IS PROVIDED "AS IS", WITHOUT WARRANTY OF ANY KIND, EXPRESS OR IMPLIED, INCLUDING BUT NOT LIMITED TO THE WARRANTIES OF MERCHANTABILITY, FITNESS FOR A PARTICULAR PURPOSE AND NONINFRINGEMENT. IN NO EVENT SHALL THE AUTHORS OR COPYRIGHT HOLDERS BE LIABLE FOR ANY CLAIM, DAMAGES OR OTHER LIABILITY, WHETHER IN AN ACTION OF CONTRACT, TORT OR OTHERWISE, ARISING FROM, OUT OF OR IN CONNECTION WITH THE SOFTWARE OR THE USE OR OTHER DEALINGS IN THE 
SOFTWARE.

Please cite: Hamner, S.R., Delp, S.L. (2013) Muscle contributions to fore-aft and vertical body mass center accelerations 
over a range of running speeds. Journal of Biomechanics, vol 46, pp 780-787.-->

-------------------------------------------------------
This program includes software developed by the
Apache Software Foundation (http://www.apache.org/).
-------------------------------------------------------


-------------------------------------------------------
Library SimbodyEngine...
-------------------------------------------------------

Constructing investigation from setup file subject19_Setup_RRA_Run_20001_cycle3_v191.xml.

AbstractTool subject19_Run_20001_cycle3 loading model '../../scale/subject19_scaled_v191.osim'
Created model subject19_scaled from file ../../scale/subject19_scaled_v191.osim
Adding actuator set from ../gait2392_RRA_Actuators_v191.xml
-----------------------------------------------------------------------
Loaded library
-----------------------------------------------------------------------
             MODEL: subject19_scaled
         actuators: 29
          analyses: 0
          contacts: 0
-----------------------------------------------------------------------

Running tool subject19_Run_20001_cycle3.
MODEL: subject19_scaled

ANALYSES (0)

BODIES (21)
body[0] = ground (mass: 0) (inertia: 0 0 0 0 0 0 0 0 0)
body[1] = pelvis (mass: 10.2057) (inertia: 0.0829698 0 0 0 0.0829698 0 0 0 0.037124)
body[2] = femur_r (mass: 8.06037) (inertia: 0.134888 0 0 0 0.0353589 0 0 0 0.142242)
body[3] = tibia_r (mass: 3.21283) (inertia: 0.0510904 0 0 0 0.00516987 0 0 0 0.0518)
body[4] = talus_r (mass: 0.0866576) (inertia: 0.00100769 0 0 0 0.00100769 0 0 0 0.00100769)
body[5] = calcn_r (mass: 1.08322) (inertia: 0.00141077 0 0 0 0.00392999 0 0 0 0.00413153)
body[6] = toes_r (mass: 0.1877) (inertia: 0.00010077 0 0 0 0.00020154 0 0 0 0.00100769)
body[7] = femur_l (mass: 8.06037) (inertia: 0.134888 0 0 0 0.0353589 0 0 0 0.142242)
body[8] = tibia_l (mass: 3.21283) (inertia: 0.0507594 0 0 0 0.00450769 0 0 0 0.0507594)
body[9] = talus_l (mass: 0.0866576) (inertia: 0.00100769 0 0 0 0.00100769 0 0 0 0.00100769)
body[10] = calcn_l (mass: 1.08322) (inertia: 0.00141077 0 0 0 0.00392999 0 0 0 0.00413153)
body[11] = toes_l (mass: 0.1877) (inertia: 0.00010077 0 0 0 0.00020154 0 0 0 0.00100769)
body[12] = torso (mass: 23.2473) (inertia: 1.29577 0 0 0 0.663923 0 0 0 1.25789)
body[13] = humerus_r (mass: 1.76132) (inertia: 0.0093068 0 0 0 0.00321056 0 0 0 0.0104466)
body[14] = ulna_r (mass: 0.526445) (inertia: 0.0029637 0 0 0 0.00061836 0 0 0 0.00321485)
body[15] = radius_r (mass: 0.526445) (inertia: 0.0029637 0 0 0 0.00061836 0 0 0 0.00321485)
body[16] = hand_r (mass: 0.396459) (inertia: 0.00089251 0 0 0 0.00054731 0 0 0 0.00134077)
body[17] = humerus_l (mass: 1.76132) (inertia: 0.0093068 0 0 0 0.00321056 0 0 0 0.0104466)
body[18] = ulna_l (mass: 0.526445) (inertia: 0.0029637 0 0 0 0.00061836 0 0 0 0.00321485)
body[19] = radius_l (mass: 0.526445) (inertia: 0.0029637 0 0 0 0.00061836 0 0 0 0.00321485)
body[20] = hand_l (mass: 0.396459) (inertia: 0.00089251 0 0 0 0.00054731 0 0 0 0.00134077)

ACTUATORS (29)
actuator[0] = FX (controls: FX.excitation)
actuator[1] = FY (controls: FY.excitation)
actuator[2] = FZ (controls: FZ.excitation)
actuator[3] = MX (controls: MX.excitation)
actuator[4] = MY (controls: MY.excitation)
actuator[5] = MZ (controls: MZ.excitation)
actuator[6] = hip_flexion_r (controls: hip_flexion_r.excitation)
actuator[7] = hip_adduction_r (controls: hip_adduction_r.excitation)
actuator[8] = hip_rotation_r (controls: hip_rotation_r.excitation)
actuator[9] = knee_angle_r (controls: knee_angle_r.excitation)
actuator[10] = ankle_angle_r (controls: ankle_angle_r.excitation)
actuator[11] = hip_flexion_l (controls: hip_flexion_l.excitation)
actuator[12] = hip_adduction_l (controls: hip_adduction_l.excitation)
actuator[13] = hip_rotation_l (controls: hip_rotation_l.excitation)
actuator[14] = knee_angle_l (controls: knee_angle_l.excitation)
actuator[15] = ankle_angle_l (controls: ankle_angle_l.excitation)
actuator[16] = lumbar_extension (controls: lumbar_extension.excitation)
actuator[17] = lumbar_bending (controls: lumbar_bending.excitation)
actuator[18] = lumbar_rotation (controls: lumbar_rotation.excitation)
actuator[19] = arm_flex_r (controls: arm_flex_r.excitation)
actuator[20] = arm_add_r (controls: arm_add_r.excitation)
actuator[21] = arm_rot_r (controls: arm_rot_r.excitation)
actuator[22] = elbow_flex_r (controls: elbow_flex_r.excitation)
actuator[23] = pro_sup_r (controls: pro_sup_r.excitation)
actuator[24] = arm_flex_l (controls: arm_flex_l.excitation)
actuator[25] = arm_add_l (controls: arm_add_l.excitation)
actuator[26] = arm_rot_l (controls: arm_rot_l.excitation)
actuator[27] = elbow_flex_l (controls: elbow_flex_l.excitation)
actuator[28] = pro_sup_l (controls: pro_sup_l.excitation)

CONTACTS (0)
numControls = 29
numStates = 74
numCoordinates = 37
numSpeeds = 37
numActuators = 29
numBodies = 21
numConstraints = 0

STATES (74)
y[0] = pelvis_tilt
y[1] = pelvis_list
y[2] = pelvis_rotation
y[3] = pelvis_tx
y[4] = pelvis_ty
y[5] = pelvis_tz
y[6] = hip_flexion_r
y[7] = hip_adduction_r
y[8] = hip_rotation_r
y[9] = knee_angle_r
y[10] = ankle_angle_r
y[11] = subtalar_angle_r
y[12] = mtp_angle_r
y[13] = hip_flexion_l
y[14] = hip_adduction_l
y[15] = hip_rotation_l
y[16] = knee_angle_l
y[17] = ankle_angle_l
y[18] = subtalar_angle_l
y[19] = mtp_angle_l
y[20] = lumbar_extension
y[21] = lumbar_bending
y[22] = lumbar_rotation
y[23] = arm_flex_r
y[24] = arm_add_r
y[25] = arm_rot_r
y[26] = elbow_flex_r
y[27] = pro_sup_r
y[28] = wrist_flex_r
y[29] = wrist_dev_r
y[30] = arm_flex_l
y[31] = arm_add_l
y[32] = arm_rot_l
y[33] = elbow_flex_l
y[34] = pro_sup_l
y[35] = wrist_flex_l
y[36] = wrist_dev_l
y[37] = pelvis_tilt_u
y[38] = pelvis_list_u
y[39] = pelvis_rotation_u
y[40] = pelvis_tx_u
y[41] = pelvis_ty_u
y[42] = pelvis_tz_u
y[43] = hip_flexion_r_u
y[44] = hip_adduction_r_u
y[45] = hip_rotation_r_u
y[46] = knee_angle_r_u
y[47] = ankle_angle_r_u
y[48] = subtalar_angle_r_u
y[49] = mtp_angle_r_u
y[50] = hip_flexion_l_u
y[51] = hip_adduction_l_u
y[52] = hip_rotation_l_u
y[53] = knee_angle_l_u
y[54] = ankle_angle_l_u
y[55] = subtalar_angle_l_u
y[56] = mtp_angle_l_u
y[57] = lumbar_extension_u
y[58] = lumbar_bending_u
y[59] = lumbar_rotation_u
y[60] = arm_flex_r_u
y[61] = arm_add_r_u
y[62] = arm_rot_r_u
y[63] = elbow_flex_r_u
y[64] = pro_sup_r_u
y[65] = wrist_flex_r_u
y[66] = wrist_dev_r_u
y[67] = arm_flex_l_u
y[68] = arm_add_l_u
y[69] = arm_rot_l_u
y[70] = elbow_flex_l_u
y[71] = pro_sup_l_u
y[72] = wrist_flex_l_u
y[73] = wrist_dev_l_u


WARN- a desired points file was not specified.



Loading desired kinematics from file D:\RackSpaceSync\nmbl_running\OpenSimResults\subject19\ik\Results_191\Run_20001.mot ...
Storage: file=D:\RackSpaceSync\nmbl_running\OpenSimResults\subject19\ik\Results_191\Run_20001.mot (nr=630 nc=164)


Low-pass filtering desired kinematics with a cutoff frequency of 15...



Loading external loads kinematics from file D:\RackSpaceSync\nmbl_running\OpenSimResults\subject19\ik\Results_191\Run_20001.mot ...
Storage: file=D:\RackSpaceSync\nmbl_running\OpenSimResults\subject19\ik\Results_191\Run_20001.mot (nr=630 nc=164)
Low-pass filtering external load kinematics with a cutoff frequency of 15...
Storage: file=D:\RackSpaceSync\nmbl_running\HPL_Data\Hamner_Test\subject19\Session 1\ExportedData\Run_200 01_newCOP3.mot (nr=5041 nc=19)

Note: requested COM adjustment time range 1.6854 - 2.4458 clamped to nearest available data times 1.68316 - 2.44146

Computing average residuals between 1.68316 and 2.44146
Average residuals before adjusting torso COM:
FX=0.0839099 FY=-12.7267 FZ=-1.69946
MX=1.96593 MY=-0.165691 MZ=-14.7026

CMCTool.adjustCOMToReduceResiduals:
torso weight = 227.978
dx=-0.0644913, dz=-0.00862335

dmass = 1.29776

Recommended mass adjustments:
ground:  orig mass = 0, new mass = 0
pelvis:  orig mass = 10.2057, new mass = 10.409
femur_r:  orig mass = 8.06037, new mass = 8.22097
tibia_r:  orig mass = 3.21283, new mass = 3.27684
talus_r:  orig mass = 0.0866576, new mass = 0.0883842
calcn_r:  orig mass = 1.08322, new mass = 1.1048
toes_r:  orig mass = 0.1877, new mass = 0.19144
femur_l:  orig mass = 8.06037, new mass = 8.22097
tibia_l:  orig mass = 3.21283, new mass = 3.27684
talus_l:  orig mass = 0.0866576, new mass = 0.0883842
calcn_l:  orig mass = 1.08322, new mass = 1.1048
toes_l:  orig mass = 0.1877, new mass = 0.19144
torso:  orig mass = 23.2473, new mass = 23.7105
humerus_r:  orig mass = 1.76132, new mass = 1.79641
ulna_r:  orig mass = 0.526445, new mass = 0.536934
radius_r:  orig mass = 0.526445, new mass = 0.536934
hand_r:  orig mass = 0.396459, new mass = 0.404358
humerus_l:  orig mass = 1.76132, new mass = 1.79641
ulna_l:  orig mass = 0.526445, new mass = 0.536934
radius_l:  orig mass = 0.526445, new mass = 0.536934
hand_l:  orig mass = 0.396459, new mass = 0.404358

Computing average residuals between 1.68316 and 2.44146
Average residuals after adjusting torso COM:
FX=0.058594 FY=-12.592 FZ=-1.64918
MX=0.124758 MY=-0.142748 MZ=-0.148831


Constructing function set for tracking desired kinematics...

No Actuation analysis found in analysis set -- adding one
No Kinematics analysis found in analysis set -- adding one


 taskSet size = 29

Using the generalized coordinates specified in D:\RackSpaceSync\nmbl_running\OpenSimResults\subject19\ik\Results_191\Run_20001.mot to set the initial configuration.
Successfully linked to CFSQP library 'osimCFSQP.dll'
Using CFSQP optimizer algorithm.

Setting optimizer print level to 0.
Setting optimizer convergence criterion to 1e-006.
Setting optimizer maximum iterations to 1000.

Setting cmc controller to not use verbose printing.



================================================================
================================================================
Using CMC to track the specified kinematics
Integrating from 1.6854 to 2.4458
Start time = Fri Dec 23 08:14:39 2011
================================================================
rdCMC.computeControls:  t = 1.6854
rdCMC.computeControls:  t = 1.6864
rdCMC.computeControls:  t = 1.6874
rdCMC.computeControls:  t = 1.6884
rdCMC.computeControls:  t = 1.6894
rdCMC.computeControls:  t = 1.6904
rdCMC.computeControls:  t = 1.6914
rdCMC.computeControls:  t = 1.6924
rdCMC.computeControls:  t = 1.6934
rdCMC.computeControls:  t = 1.6944
rdCMC.computeControls:  t = 1.6954
rdCMC.computeControls:  t = 1.6964
rdCMC.computeControls:  t = 1.6974
rdCMC.computeControls:  t = 1.6984
rdCMC.computeControls:  t = 1.6994
rdCMC.computeControls:  t = 1.7004
rdCMC.computeControls:  t = 1.7014
rdCMC.computeControls:  t = 1.7024
rdCMC.computeControls:  t = 1.7034
rdCMC.computeControls:  t = 1.7044
rdCMC.computeControls:  t = 1.7054
rdCMC.computeControls:  t = 1.7064
rdCMC.computeControls:  t = 1.7074
rdCMC.computeControls:  t = 1.7084
rdCMC.computeControls:  t = 1.7094
rdCMC.computeControls:  t = 1.7104
rdCMC.computeControls:  t = 1.7114
rdCMC.computeControls:  t = 1.7124
rdCMC.computeControls:  t = 1.7134
rdCMC.computeControls:  t = 1.7144
rdCMC.computeControls:  t = 1.7154
rdCMC.computeControls:  t = 1.7164
rdCMC.computeControls:  t = 1.7174
rdCMC.computeControls:  t = 1.7184
rdCMC.computeControls:  t = 1.7194
rdCMC.computeControls:  t = 1.7204
rdCMC.computeControls:  t = 1.7214
rdCMC.computeControls:  t = 1.7224
rdCMC.computeControls:  t = 1.7234
rdCMC.computeControls:  t = 1.7244
rdCMC.computeControls:  t = 1.7254
rdCMC.computeControls:  t = 1.7264
rdCMC.computeControls:  t = 1.7274
rdCMC.computeControls:  t = 1.7284
rdCMC.computeControls:  t = 1.7294
rdCMC.computeControls:  t = 1.7304
rdCMC.computeControls:  t = 1.7314
rdCMC.computeControls:  t = 1.7324
rdCMC.computeControls:  t = 1.7334
rdCMC.computeControls:  t = 1.7344
rdCMC.computeControls:  t = 1.7354
rdCMC.computeControls:  t = 1.7364
rdCMC.computeControls:  t = 1.7374
rdCMC.computeControls:  t = 1.7384
rdCMC.computeControls:  t = 1.7394
rdCMC.computeControls:  t = 1.7404
rdCMC.computeControls:  t = 1.7414
rdCMC.computeControls:  t = 1.7424
rdCMC.computeControls:  t = 1.7434
rdCMC.computeControls:  t = 1.7444
rdCMC.computeControls:  t = 1.7454
rdCMC.computeControls:  t = 1.7464
rdCMC.computeControls:  t = 1.7474
rdCMC.computeControls:  t = 1.7484
rdCMC.computeControls:  t = 1.7494
rdCMC.computeControls:  t = 1.7504
rdCMC.computeControls:  t = 1.7514
rdCMC.computeControls:  t = 1.7524
rdCMC.computeControls:  t = 1.7534
rdCMC.computeControls:  t = 1.7544
rdCMC.computeControls:  t = 1.7554
rdCMC.computeControls:  t = 1.7564
rdCMC.computeControls:  t = 1.7574
rdCMC.computeControls:  t = 1.7584
rdCMC.computeControls:  t = 1.7594
rdCMC.computeControls:  t = 1.7604
rdCMC.computeControls:  t = 1.7614
rdCMC.computeControls:  t = 1.7624
rdCMC.computeControls:  t = 1.7634
rdCMC.computeControls:  t = 1.7644
rdCMC.computeControls:  t = 1.7654
rdCMC.computeControls:  t = 1.7664
rdCMC.computeControls:  t = 1.7674
rdCMC.computeControls:  t = 1.7684
rdCMC.computeControls:  t = 1.7694
rdCMC.computeControls:  t = 1.7704
rdCMC.computeControls:  t = 1.7714
rdCMC.computeControls:  t = 1.7724
rdCMC.computeControls:  t = 1.7734
rdCMC.computeControls:  t = 1.7744
rdCMC.computeControls:  t = 1.7754
rdCMC.computeControls:  t = 1.7764
rdCMC.computeControls:  t = 1.7774
rdCMC.computeControls:  t = 1.7784
rdCMC.computeControls:  t = 1.7794
rdCMC.computeControls:  t = 1.7804
rdCMC.computeControls:  t = 1.7814
rdCMC.computeControls:  t = 1.7824
rdCMC.computeControls:  t = 1.7834
rdCMC.computeControls:  t = 1.7844
rdCMC.computeControls:  t = 1.7854
rdCMC.computeControls:  t = 1.7864
rdCMC.computeControls:  t = 1.7874
rdCMC.computeControls:  t = 1.7884
rdCMC.computeControls:  t = 1.7894
rdCMC.computeControls:  t = 1.7904
rdCMC.computeControls:  t = 1.7914
rdCMC.computeControls:  t = 1.7924
rdCMC.computeControls:  t = 1.7934
rdCMC.computeControls:  t = 1.7944
rdCMC.computeControls:  t = 1.7954
rdCMC.computeControls:  t = 1.7964
rdCMC.computeControls:  t = 1.7974
rdCMC.computeControls:  t = 1.7984
rdCMC.computeControls:  t = 1.7994
rdCMC.computeControls:  t = 1.8004
rdCMC.computeControls:  t = 1.8014
rdCMC.computeControls:  t = 1.8024
rdCMC.computeControls:  t = 1.8034
rdCMC.computeControls:  t = 1.8044
rdCMC.computeControls:  t = 1.8054
rdCMC.computeControls:  t = 1.8064
rdCMC.computeControls:  t = 1.8074
rdCMC.computeControls:  t = 1.8084
rdCMC.computeControls:  t = 1.8094
rdCMC.computeControls:  t = 1.8104
rdCMC.computeControls:  t = 1.8114
rdCMC.computeControls:  t = 1.8124
rdCMC.computeControls:  t = 1.8134
rdCMC.computeControls:  t = 1.8144
rdCMC.computeControls:  t = 1.8154
rdCMC.computeControls:  t = 1.8164
rdCMC.computeControls:  t = 1.8174
rdCMC.computeControls:  t = 1.8184
rdCMC.computeControls:  t = 1.8194
rdCMC.computeControls:  t = 1.8204
rdCMC.computeControls:  t = 1.8214
rdCMC.computeControls:  t = 1.8224
rdCMC.computeControls:  t = 1.8234
rdCMC.computeControls:  t = 1.8244
rdCMC.computeControls:  t = 1.8254
rdCMC.computeControls:  t = 1.8264
rdCMC.computeControls:  t = 1.8274
rdCMC.computeControls:  t = 1.8284
rdCMC.computeControls:  t = 1.8294
rdCMC.computeControls:  t = 1.8304
rdCMC.computeControls:  t = 1.8314
rdCMC.computeControls:  t = 1.8324
rdCMC.computeControls:  t = 1.8334
rdCMC.computeControls:  t = 1.8344
rdCMC.computeControls:  t = 1.8354
rdCMC.computeControls:  t = 1.8364
rdCMC.computeControls:  t = 1.8374
rdCMC.computeControls:  t = 1.8384
rdCMC.computeControls:  t = 1.8394
rdCMC.computeControls:  t = 1.8404
rdCMC.computeControls:  t = 1.8414
rdCMC.computeControls:  t = 1.8424
rdCMC.computeControls:  t = 1.8434
rdCMC.computeControls:  t = 1.8444
rdCMC.computeControls:  t = 1.8454
rdCMC.computeControls:  t = 1.8464
rdCMC.computeControls:  t = 1.8474
rdCMC.computeControls:  t = 1.8484
rdCMC.computeControls:  t = 1.8494
rdCMC.computeControls:  t = 1.8504
rdCMC.computeControls:  t = 1.8514
rdCMC.computeControls:  t = 1.8524
rdCMC.computeControls:  t = 1.8534
rdCMC.computeControls:  t = 1.8544
rdCMC.computeControls:  t = 1.8554
rdCMC.computeControls:  t = 1.8564
rdCMC.computeControls:  t = 1.8574
rdCMC.computeControls:  t = 1.8584
rdCMC.computeControls:  t = 1.8594
rdCMC.computeControls:  t = 1.8604
rdCMC.computeControls:  t = 1.8614
rdCMC.computeControls:  t = 1.8624
rdCMC.computeControls:  t = 1.8634
rdCMC.computeControls:  t = 1.8644
rdCMC.computeControls:  t = 1.8654
rdCMC.computeControls:  t = 1.8664
rdCMC.computeControls:  t = 1.8674
rdCMC.computeControls:  t = 1.8684
rdCMC.computeControls:  t = 1.8694
rdCMC.computeControls:  t = 1.8704
rdCMC.computeControls:  t = 1.8714
rdCMC.computeControls:  t = 1.8724
rdCMC.computeControls:  t = 1.8734
rdCMC.computeControls:  t = 1.8744
rdCMC.computeControls:  t = 1.8754
rdCMC.computeControls:  t = 1.8764
rdCMC.computeControls:  t = 1.8774
rdCMC.computeControls:  t = 1.8784
rdCMC.computeControls:  t = 1.8794
rdCMC.computeControls:  t = 1.8804
rdCMC.computeControls:  t = 1.8814
rdCMC.computeControls:  t = 1.8824
rdCMC.computeControls:  t = 1.8834
rdCMC.computeControls:  t = 1.8844
rdCMC.computeControls:  t = 1.8854
rdCMC.computeControls:  t = 1.8864
rdCMC.computeControls:  t = 1.8874
rdCMC.computeControls:  t = 1.8884
rdCMC.computeControls:  t = 1.8894
rdCMC.computeControls:  t = 1.8904
rdCMC.computeControls:  t = 1.8914
rdCMC.computeControls:  t = 1.8924
rdCMC.computeControls:  t = 1.8934
rdCMC.computeControls:  t = 1.8944
rdCMC.computeControls:  t = 1.8954
rdCMC.computeControls:  t = 1.8964
rdCMC.computeControls:  t = 1.8974
rdCMC.computeControls:  t = 1.8984
rdCMC.computeControls:  t = 1.8994
rdCMC.computeControls:  t = 1.9004
rdCMC.computeControls:  t = 1.9014
rdCMC.computeControls:  t = 1.9024
rdCMC.computeControls:  t = 1.9034
rdCMC.computeControls:  t = 1.9044
rdCMC.computeControls:  t = 1.9054
rdCMC.computeControls:  t = 1.9064
rdCMC.computeControls:  t = 1.9074
rdCMC.computeControls:  t = 1.9084
rdCMC.computeControls:  t = 1.9094
rdCMC.computeControls:  t = 1.9104
rdCMC.computeControls:  t = 1.9114
rdCMC.computeControls:  t = 1.9124
rdCMC.computeControls:  t = 1.9134
rdCMC.computeControls:  t = 1.9144
rdCMC.computeControls:  t = 1.9154
rdCMC.computeControls:  t = 1.9164
rdCMC.computeControls:  t = 1.9174
rdCMC.computeControls:  t = 1.9184
rdCMC.computeControls:  t = 1.9194
rdCMC.computeControls:  t = 1.9204
rdCMC.computeControls:  t = 1.9214
rdCMC.computeControls:  t = 1.9224
rdCMC.computeControls:  t = 1.9234
rdCMC.computeControls:  t = 1.9244
rdCMC.computeControls:  t = 1.9254
rdCMC.computeControls:  t = 1.9264
rdCMC.computeControls:  t = 1.9274
rdCMC.computeControls:  t = 1.9284
rdCMC.computeControls:  t = 1.9294
rdCMC.computeControls:  t = 1.9304
rdCMC.computeControls:  t = 1.9314
rdCMC.computeControls:  t = 1.9324
rdCMC.computeControls:  t = 1.9334
rdCMC.computeControls:  t = 1.9344
rdCMC.computeControls:  t = 1.9354
rdCMC.computeControls:  t = 1.9364
rdCMC.computeControls:  t = 1.9374
rdCMC.computeControls:  t = 1.9384
rdCMC.computeControls:  t = 1.9394
rdCMC.computeControls:  t = 1.9404
rdCMC.computeControls:  t = 1.9414
rdCMC.computeControls:  t = 1.9424
rdCMC.computeControls:  t = 1.9434
rdCMC.computeControls:  t = 1.9444
rdCMC.computeControls:  t = 1.9454
rdCMC.computeControls:  t = 1.9464
rdCMC.computeControls:  t = 1.9474
rdCMC.computeControls:  t = 1.9484
rdCMC.computeControls:  t = 1.9494
rdCMC.computeControls:  t = 1.9504
rdCMC.computeControls:  t = 1.9514
rdCMC.computeControls:  t = 1.9524
rdCMC.computeControls:  t = 1.9534
rdCMC.computeControls:  t = 1.9544
rdCMC.computeControls:  t = 1.9554
rdCMC.computeControls:  t = 1.9564
rdCMC.computeControls:  t = 1.9574
rdCMC.computeControls:  t = 1.9584
rdCMC.computeControls:  t = 1.9594
rdCMC.computeControls:  t = 1.9604
rdCMC.computeControls:  t = 1.9614
rdCMC.computeControls:  t = 1.9624
rdCMC.computeControls:  t = 1.9634
rdCMC.computeControls:  t = 1.9644
rdCMC.computeControls:  t = 1.9654
rdCMC.computeControls:  t = 1.9664
rdCMC.computeControls:  t = 1.9674
rdCMC.computeControls:  t = 1.9684
rdCMC.computeControls:  t = 1.9694
rdCMC.computeControls:  t = 1.9704
rdCMC.computeControls:  t = 1.9714
rdCMC.computeControls:  t = 1.9724
rdCMC.computeControls:  t = 1.9734
rdCMC.computeControls:  t = 1.9744
rdCMC.computeControls:  t = 1.9754
rdCMC.computeControls:  t = 1.9764
rdCMC.computeControls:  t = 1.9774
rdCMC.computeControls:  t = 1.9784
rdCMC.computeControls:  t = 1.9794
rdCMC.computeControls:  t = 1.9804
rdCMC.computeControls:  t = 1.9814
rdCMC.computeControls:  t = 1.9824
rdCMC.computeControls:  t = 1.9834
rdCMC.computeControls:  t = 1.9844
rdCMC.computeControls:  t = 1.9854
rdCMC.computeControls:  t = 1.9864
rdCMC.computeControls:  t = 1.9874
rdCMC.computeControls:  t = 1.9884
rdCMC.computeControls:  t = 1.9894
rdCMC.computeControls:  t = 1.9904
rdCMC.computeControls:  t = 1.9914
rdCMC.computeControls:  t = 1.9924
rdCMC.computeControls:  t = 1.9934
rdCMC.computeControls:  t = 1.9944
rdCMC.computeControls:  t = 1.9954
rdCMC.computeControls:  t = 1.9964
rdCMC.computeControls:  t = 1.9974
rdCMC.computeControls:  t = 1.9984
rdCMC.computeControls:  t = 1.9994
rdCMC.computeControls:  t = 2.0004
rdCMC.computeControls:  t = 2.0014
rdCMC.computeControls:  t = 2.0024
rdCMC.computeControls:  t = 2.0034
rdCMC.computeControls:  t = 2.0044
rdCMC.computeControls:  t = 2.0054
rdCMC.computeControls:  t = 2.0064
rdCMC.computeControls:  t = 2.0074
rdCMC.computeControls:  t = 2.0084
rdCMC.computeControls:  t = 2.0094
rdCMC.computeControls:  t = 2.0104
rdCMC.computeControls:  t = 2.0114
rdCMC.computeControls:  t = 2.0124
rdCMC.computeControls:  t = 2.0134
rdCMC.computeControls:  t = 2.0144
rdCMC.computeControls:  t = 2.0154
rdCMC.computeControls:  t = 2.0164
rdCMC.computeControls:  t = 2.0174
rdCMC.computeControls:  t = 2.0184
rdCMC.computeControls:  t = 2.0194
rdCMC.computeControls:  t = 2.0204
rdCMC.computeControls:  t = 2.0214
rdCMC.computeControls:  t = 2.0224
rdCMC.computeControls:  t = 2.0234
rdCMC.computeControls:  t = 2.0244
rdCMC.computeControls:  t = 2.0254
rdCMC.computeControls:  t = 2.0264
rdCMC.computeControls:  t = 2.0274
rdCMC.computeControls:  t = 2.0284
rdCMC.computeControls:  t = 2.0294
rdCMC.computeControls:  t = 2.0304
rdCMC.computeControls:  t = 2.0314
rdCMC.computeControls:  t = 2.0324
rdCMC.computeControls:  t = 2.0334
rdCMC.computeControls:  t = 2.0344
rdCMC.computeControls:  t = 2.0354
rdCMC.computeControls:  t = 2.0364
rdCMC.computeControls:  t = 2.0374
rdCMC.computeControls:  t = 2.0384
rdCMC.computeControls:  t = 2.0394
rdCMC.computeControls:  t = 2.0404
rdCMC.computeControls:  t = 2.0414
rdCMC.computeControls:  t = 2.0424
rdCMC.computeControls:  t = 2.0434
rdCMC.computeControls:  t = 2.0444
rdCMC.computeControls:  t = 2.0454
rdCMC.computeControls:  t = 2.0464
rdCMC.computeControls:  t = 2.0474
rdCMC.computeControls:  t = 2.0484
rdCMC.computeControls:  t = 2.0494
rdCMC.computeControls:  t = 2.0504
rdCMC.computeControls:  t = 2.0514
rdCMC.computeControls:  t = 2.0524
rdCMC.computeControls:  t = 2.0534
rdCMC.computeControls:  t = 2.0544
rdCMC.computeControls:  t = 2.0554
rdCMC.computeControls:  t = 2.0564
rdCMC.computeControls:  t = 2.0574
rdCMC.computeControls:  t = 2.0584
rdCMC.computeControls:  t = 2.0594
rdCMC.computeControls:  t = 2.0604
rdCMC.computeControls:  t = 2.0614
rdCMC.computeControls:  t = 2.0624
rdCMC.computeControls:  t = 2.0634
rdCMC.computeControls:  t = 2.0644
rdCMC.computeControls:  t = 2.0654
rdCMC.computeControls:  t = 2.0664
rdCMC.computeControls:  t = 2.0674
rdCMC.computeControls:  t = 2.0684
rdCMC.computeControls:  t = 2.0694
rdCMC.computeControls:  t = 2.0704
rdCMC.computeControls:  t = 2.0714
rdCMC.computeControls:  t = 2.0724
rdCMC.computeControls:  t = 2.0734
rdCMC.computeControls:  t = 2.0744
rdCMC.computeControls:  t = 2.0754
rdCMC.computeControls:  t = 2.0764
rdCMC.computeControls:  t = 2.0774
rdCMC.computeControls:  t = 2.0784
rdCMC.computeControls:  t = 2.0794
rdCMC.computeControls:  t = 2.0804
rdCMC.computeControls:  t = 2.0814
rdCMC.computeControls:  t = 2.0824
rdCMC.computeControls:  t = 2.0834
rdCMC.computeControls:  t = 2.0844
rdCMC.computeControls:  t = 2.0854
rdCMC.computeControls:  t = 2.0864
rdCMC.computeControls:  t = 2.0874
rdCMC.computeControls:  t = 2.0884
rdCMC.computeControls:  t = 2.0894
rdCMC.computeControls:  t = 2.0904
rdCMC.computeControls:  t = 2.0914
rdCMC.computeControls:  t = 2.0924
rdCMC.computeControls:  t = 2.0934
rdCMC.computeControls:  t = 2.0944
rdCMC.computeControls:  t = 2.0954
rdCMC.computeControls:  t = 2.0964
rdCMC.computeControls:  t = 2.0974
rdCMC.computeControls:  t = 2.0984
rdCMC.computeControls:  t = 2.0994
rdCMC.computeControls:  t = 2.1004
rdCMC.computeControls:  t = 2.1014
rdCMC.computeControls:  t = 2.1024
rdCMC.computeControls:  t = 2.1034
rdCMC.computeControls:  t = 2.1044
rdCMC.computeControls:  t = 2.1054
rdCMC.computeControls:  t = 2.1064
rdCMC.computeControls:  t = 2.1074
rdCMC.computeControls:  t = 2.1084
rdCMC.computeControls:  t = 2.1094
rdCMC.computeControls:  t = 2.1104
rdCMC.computeControls:  t = 2.1114
rdCMC.computeControls:  t = 2.1124
rdCMC.computeControls:  t = 2.1134
rdCMC.computeControls:  t = 2.1144
rdCMC.computeControls:  t = 2.1154
rdCMC.computeControls:  t = 2.1164
rdCMC.computeControls:  t = 2.1174
rdCMC.computeControls:  t = 2.1184
rdCMC.computeControls:  t = 2.1194
rdCMC.computeControls:  t = 2.1204
rdCMC.computeControls:  t = 2.1214
rdCMC.computeControls:  t = 2.1224
rdCMC.computeControls:  t = 2.1234
rdCMC.computeControls:  t = 2.1244
rdCMC.computeControls:  t = 2.1254
rdCMC.computeControls:  t = 2.1264
rdCMC.computeControls:  t = 2.1274
rdCMC.computeControls:  t = 2.1284
rdCMC.computeControls:  t = 2.1294
rdCMC.computeControls:  t = 2.1304
rdCMC.computeControls:  t = 2.1314
rdCMC.computeControls:  t = 2.1324
rdCMC.computeControls:  t = 2.1334
rdCMC.computeControls:  t = 2.1344
rdCMC.computeControls:  t = 2.1354
rdCMC.computeControls:  t = 2.1364
rdCMC.computeControls:  t = 2.1374
rdCMC.computeControls:  t = 2.1384
rdCMC.computeControls:  t = 2.1394
rdCMC.computeControls:  t = 2.1404
rdCMC.computeControls:  t = 2.1414
rdCMC.computeControls:  t = 2.1424
rdCMC.computeControls:  t = 2.1434
rdCMC.computeControls:  t = 2.1444
rdCMC.computeControls:  t = 2.1454
rdCMC.computeControls:  t = 2.1464
rdCMC.computeControls:  t = 2.1474
rdCMC.computeControls:  t = 2.1484
rdCMC.computeControls:  t = 2.1494
rdCMC.computeControls:  t = 2.1504
rdCMC.computeControls:  t = 2.1514
rdCMC.computeControls:  t = 2.1524
rdCMC.computeControls:  t = 2.1534
rdCMC.computeControls:  t = 2.1544
rdCMC.computeControls:  t = 2.1554
rdCMC.computeControls:  t = 2.1564
rdCMC.computeControls:  t = 2.1574
rdCMC.computeControls:  t = 2.1584
rdCMC.computeControls:  t = 2.1594
rdCMC.computeControls:  t = 2.1604
rdCMC.computeControls:  t = 2.1614
rdCMC.computeControls:  t = 2.1624
rdCMC.computeControls:  t = 2.1634
rdCMC.computeControls:  t = 2.1644
rdCMC.computeControls:  t = 2.1654
rdCMC.computeControls:  t = 2.1664
rdCMC.computeControls:  t = 2.1674
rdCMC.computeControls:  t = 2.1684
rdCMC.computeControls:  t = 2.1694
rdCMC.computeControls:  t = 2.1704
rdCMC.computeControls:  t = 2.1714
rdCMC.computeControls:  t = 2.1724
rdCMC.computeControls:  t = 2.1734
rdCMC.computeControls:  t = 2.1744
rdCMC.computeControls:  t = 2.1754
rdCMC.computeControls:  t = 2.1764
rdCMC.computeControls:  t = 2.1774
rdCMC.computeControls:  t = 2.1784
rdCMC.computeControls:  t = 2.1794
rdCMC.computeControls:  t = 2.1804
rdCMC.computeControls:  t = 2.1814
rdCMC.computeControls:  t = 2.1824
rdCMC.computeControls:  t = 2.1834
rdCMC.computeControls:  t = 2.1844
rdCMC.computeControls:  t = 2.1854
rdCMC.computeControls:  t = 2.1864
rdCMC.computeControls:  t = 2.1874
rdCMC.computeControls:  t = 2.1884
rdCMC.computeControls:  t = 2.1894
rdCMC.computeControls:  t = 2.1904
rdCMC.computeControls:  t = 2.1914
rdCMC.computeControls:  t = 2.1924
rdCMC.computeControls:  t = 2.1934
rdCMC.computeControls:  t = 2.1944
rdCMC.computeControls:  t = 2.1954
rdCMC.computeControls:  t = 2.1964
rdCMC.computeControls:  t = 2.1974
rdCMC.computeControls:  t = 2.1984
rdCMC.computeControls:  t = 2.1994
rdCMC.computeControls:  t = 2.2004
rdCMC.computeControls:  t = 2.2014
rdCMC.computeControls:  t = 2.2024
rdCMC.computeControls:  t = 2.2034
rdCMC.computeControls:  t = 2.2044
rdCMC.computeControls:  t = 2.2054
rdCMC.computeControls:  t = 2.2064
rdCMC.computeControls:  t = 2.2074
rdCMC.computeControls:  t = 2.2084
rdCMC.computeControls:  t = 2.2094
rdCMC.computeControls:  t = 2.2104
rdCMC.computeControls:  t = 2.2114
rdCMC.computeControls:  t = 2.2124
rdCMC.computeControls:  t = 2.2134
rdCMC.computeControls:  t = 2.2144
rdCMC.computeControls:  t = 2.2154
rdCMC.computeControls:  t = 2.2164
rdCMC.computeControls:  t = 2.2174
rdCMC.computeControls:  t = 2.2184
rdCMC.computeControls:  t = 2.2194
rdCMC.computeControls:  t = 2.2204
rdCMC.computeControls:  t = 2.2214
rdCMC.computeControls:  t = 2.2224
rdCMC.computeControls:  t = 2.2234
rdCMC.computeControls:  t = 2.2244
rdCMC.computeControls:  t = 2.2254
rdCMC.computeControls:  t = 2.2264
rdCMC.computeControls:  t = 2.2274
rdCMC.computeControls:  t = 2.2284
rdCMC.computeControls:  t = 2.2294
rdCMC.computeControls:  t = 2.2304
rdCMC.computeControls:  t = 2.2314
rdCMC.computeControls:  t = 2.2324
rdCMC.computeControls:  t = 2.2334
rdCMC.computeControls:  t = 2.2344
rdCMC.computeControls:  t = 2.2354
rdCMC.computeControls:  t = 2.2364
rdCMC.computeControls:  t = 2.2374
rdCMC.computeControls:  t = 2.2384
rdCMC.computeControls:  t = 2.2394
rdCMC.computeControls:  t = 2.2404
rdCMC.computeControls:  t = 2.2414
rdCMC.computeControls:  t = 2.2424
rdCMC.computeControls:  t = 2.2434
rdCMC.computeControls:  t = 2.2444
rdCMC.computeControls:  t = 2.2454
rdCMC.computeControls:  t = 2.2464
rdCMC.computeControls:  t = 2.2474
rdCMC.computeControls:  t = 2.2484
rdCMC.computeControls:  t = 2.2494
rdCMC.computeControls:  t = 2.2504
rdCMC.computeControls:  t = 2.2514
rdCMC.computeControls:  t = 2.2524
rdCMC.computeControls:  t = 2.2534
rdCMC.computeControls:  t = 2.2544
rdCMC.computeControls:  t = 2.2554
rdCMC.computeControls:  t = 2.2564
rdCMC.computeControls:  t = 2.2574
rdCMC.computeControls:  t = 2.2584
rdCMC.computeControls:  t = 2.2594
rdCMC.computeControls:  t = 2.2604
rdCMC.computeControls:  t = 2.2614
rdCMC.computeControls:  t = 2.2624
rdCMC.computeControls:  t = 2.2634
rdCMC.computeControls:  t = 2.2644
rdCMC.computeControls:  t = 2.2654
rdCMC.computeControls:  t = 2.2664
rdCMC.computeControls:  t = 2.2674
rdCMC.computeControls:  t = 2.2684
rdCMC.computeControls:  t = 2.2694
rdCMC.computeControls:  t = 2.2704
rdCMC.computeControls:  t = 2.2714
rdCMC.computeControls:  t = 2.2724
rdCMC.computeControls:  t = 2.2734
rdCMC.computeControls:  t = 2.2744
rdCMC.computeControls:  t = 2.2754
rdCMC.computeControls:  t = 2.2764
rdCMC.computeControls:  t = 2.2774
rdCMC.computeControls:  t = 2.2784
rdCMC.computeControls:  t = 2.2794
rdCMC.computeControls:  t = 2.2804
rdCMC.computeControls:  t = 2.2814
rdCMC.computeControls:  t = 2.2824
rdCMC.computeControls:  t = 2.2834
rdCMC.computeControls:  t = 2.2844
rdCMC.computeControls:  t = 2.2854
rdCMC.computeControls:  t = 2.2864
rdCMC.computeControls:  t = 2.2874
rdCMC.computeControls:  t = 2.2884
rdCMC.computeControls:  t = 2.2894
rdCMC.computeControls:  t = 2.2904
rdCMC.computeControls:  t = 2.2914
rdCMC.computeControls:  t = 2.2924
rdCMC.computeControls:  t = 2.2934
rdCMC.computeControls:  t = 2.2944
rdCMC.computeControls:  t = 2.2954
rdCMC.computeControls:  t = 2.2964
rdCMC.computeControls:  t = 2.2974
rdCMC.computeControls:  t = 2.2984
rdCMC.computeControls:  t = 2.2994
rdCMC.computeControls:  t = 2.3004
rdCMC.computeControls:  t = 2.3014
rdCMC.computeControls:  t = 2.3024
rdCMC.computeControls:  t = 2.3034
rdCMC.computeControls:  t = 2.3044
rdCMC.computeControls:  t = 2.3054
rdCMC.computeControls:  t = 2.3064
rdCMC.computeControls:  t = 2.3074
rdCMC.computeControls:  t = 2.3084
rdCMC.computeControls:  t = 2.3094
rdCMC.computeControls:  t = 2.3104
rdCMC.computeControls:  t = 2.3114
rdCMC.computeControls:  t = 2.3124
rdCMC.computeControls:  t = 2.3134
rdCMC.computeControls:  t = 2.3144
rdCMC.computeControls:  t = 2.3154
rdCMC.computeControls:  t = 2.3164
rdCMC.computeControls:  t = 2.3174
rdCMC.computeControls:  t = 2.3184
rdCMC.computeControls:  t = 2.3194
rdCMC.computeControls:  t = 2.3204
rdCMC.computeControls:  t = 2.3214
rdCMC.computeControls:  t = 2.3224
rdCMC.computeControls:  t = 2.3234
rdCMC.computeControls:  t = 2.3244
rdCMC.computeControls:  t = 2.3254
rdCMC.computeControls:  t = 2.3264
rdCMC.computeControls:  t = 2.3274
rdCMC.computeControls:  t = 2.3284
rdCMC.computeControls:  t = 2.3294
rdCMC.computeControls:  t = 2.3304
rdCMC.computeControls:  t = 2.3314
rdCMC.computeControls:  t = 2.3324
rdCMC.computeControls:  t = 2.3334
rdCMC.computeControls:  t = 2.3344
rdCMC.computeControls:  t = 2.3354
rdCMC.computeControls:  t = 2.3364
rdCMC.computeControls:  t = 2.3374
rdCMC.computeControls:  t = 2.3384
rdCMC.computeControls:  t = 2.3394
rdCMC.computeControls:  t = 2.3404
rdCMC.computeControls:  t = 2.3414
rdCMC.computeControls:  t = 2.3424
rdCMC.computeControls:  t = 2.3434
rdCMC.computeControls:  t = 2.3444
rdCMC.computeControls:  t = 2.3454
rdCMC.computeControls:  t = 2.3464
rdCMC.computeControls:  t = 2.3474
rdCMC.computeControls:  t = 2.3484
rdCMC.computeControls:  t = 2.3494
rdCMC.computeControls:  t = 2.3504
rdCMC.computeControls:  t = 2.3514
rdCMC.computeControls:  t = 2.3524
rdCMC.computeControls:  t = 2.3534
rdCMC.computeControls:  t = 2.3544
rdCMC.computeControls:  t = 2.3554
rdCMC.computeControls:  t = 2.3564
rdCMC.computeControls:  t = 2.3574
rdCMC.computeControls:  t = 2.3584
rdCMC.computeControls:  t = 2.3594
rdCMC.computeControls:  t = 2.3604
rdCMC.computeControls:  t = 2.3614
rdCMC.computeControls:  t = 2.3624
rdCMC.computeControls:  t = 2.3634
rdCMC.computeControls:  t = 2.3644
rdCMC.computeControls:  t = 2.3654
rdCMC.computeControls:  t = 2.3664
rdCMC.computeControls:  t = 2.3674
rdCMC.computeControls:  t = 2.3684
rdCMC.computeControls:  t = 2.3694
rdCMC.computeControls:  t = 2.3704
rdCMC.computeControls:  t = 2.3714
rdCMC.computeControls:  t = 2.3724
rdCMC.computeControls:  t = 2.3734
rdCMC.computeControls:  t = 2.3744
rdCMC.computeControls:  t = 2.3754
rdCMC.computeControls:  t = 2.3764
rdCMC.computeControls:  t = 2.3774
rdCMC.computeControls:  t = 2.3784
rdCMC.computeControls:  t = 2.3794
rdCMC.computeControls:  t = 2.3804
rdCMC.computeControls:  t = 2.3814
rdCMC.computeControls:  t = 2.3824
rdCMC.computeControls:  t = 2.3834
rdCMC.computeControls:  t = 2.3844
rdCMC.computeControls:  t = 2.3854
rdCMC.computeControls:  t = 2.3864
rdCMC.computeControls:  t = 2.3874
rdCMC.computeControls:  t = 2.3884
rdCMC.computeControls:  t = 2.3894
rdCMC.computeControls:  t = 2.3904
rdCMC.computeControls:  t = 2.3914
rdCMC.computeControls:  t = 2.3924
rdCMC.computeControls:  t = 2.3934
rdCMC.computeControls:  t = 2.3944
rdCMC.computeControls:  t = 2.3954
rdCMC.computeControls:  t = 2.3964
rdCMC.computeControls:  t = 2.3974
rdCMC.computeControls:  t = 2.3984
rdCMC.computeControls:  t = 2.3994
rdCMC.computeControls:  t = 2.4004
rdCMC.computeControls:  t = 2.4014
rdCMC.computeControls:  t = 2.4024
rdCMC.computeControls:  t = 2.4034
rdCMC.computeControls:  t = 2.4044
rdCMC.computeControls:  t = 2.4054
rdCMC.computeControls:  t = 2.4064
rdCMC.computeControls:  t = 2.4074
rdCMC.computeControls:  t = 2.4084
rdCMC.computeControls:  t = 2.4094
rdCMC.computeControls:  t = 2.4104
rdCMC.computeControls:  t = 2.4114
rdCMC.computeControls:  t = 2.4124
rdCMC.computeControls:  t = 2.4134
rdCMC.computeControls:  t = 2.4144
rdCMC.computeControls:  t = 2.4154
rdCMC.computeControls:  t = 2.4164
rdCMC.computeControls:  t = 2.4174
rdCMC.computeControls:  t = 2.4184
rdCMC.computeControls:  t = 2.4194
rdCMC.computeControls:  t = 2.4204
rdCMC.computeControls:  t = 2.4214
rdCMC.computeControls:  t = 2.4224
rdCMC.computeControls:  t = 2.4234
rdCMC.computeControls:  t = 2.4244
rdCMC.computeControls:  t = 2.4254
rdCMC.computeControls:  t = 2.4264
rdCMC.computeControls:  t = 2.4274
rdCMC.computeControls:  t = 2.4284
rdCMC.computeControls:  t = 2.4294
rdCMC.computeControls:  t = 2.4304
rdCMC.computeControls:  t = 2.4314
rdCMC.computeControls:  t = 2.4324
rdCMC.computeControls:  t = 2.4334
rdCMC.computeControls:  t = 2.4344
rdCMC.computeControls:  t = 2.4354
rdCMC.computeControls:  t = 2.4364
rdCMC.computeControls:  t = 2.4374
rdCMC.computeControls:  t = 2.4384
rdCMC.computeControls:  t = 2.4394
rdCMC.computeControls:  t = 2.4404
rdCMC.computeControls:  t = 2.4414
rdCMC.computeControls:  t = 2.4424
rdCMC.computeControls:  t = 2.4434
rdCMC.computeControls:  t = 2.4444
----------------------------------------------------------------
Finished tracking the specified kinematics
=================================================================
Start time   = Fri Dec 23 08:14:39 2011
Finish time  = Fri Dec 23 08:17:00 2011
Elapsed time = 141 seconds.
================================================================


Printing results of investigation subject19_Run_20001_cycle3 to RRA_Results_v191_Run_20001_cycle3.


Average residuals:
FX=0.5324 FY=-2.79439 FZ=-0.51501
MX=-0.919499 MY=-0.330163 MZ=2.09727


