<!-- Copyright (c) 2013, Stanford University

Permission is hereby granted, free of charge, to any person obtaining a copy of this software and associated documentation files (the "Software"), to deal in the Software without restriction, including without limitation the rights to use, copy, modify, merge, publish, distribute, sublicense, and/or sell copies of the Software, and to permit persons to whom the Software is furnished to do so, subject to the following conditions:

The above copyright notice and this permission notice shall be included in all copies or substantial portions of the Software.

THE SOFTWARE IS PROVIDED "AS IS", WITHOUT WARRANTY OF ANY KIND, EXPRESS OR IMPLIED, INCLUDING BUT NOT LIMITED TO THE WARRANTIES OF MERCHANTABILITY, FITNESS FOR A PARTICULAR PURPOSE AND NONINFRINGEMENT. IN NO EVENT SHALL THE AUTHORS OR COPYRIGHT HOLDERS BE LIABLE FOR ANY CLAIM, DAMAGES OR OTHER LIABILITY, WHETHER IN AN ACTION OF CONTRACT, TORT OR OTHERWISE, ARISING FROM, OUT OF OR IN CONNECTION WITH THE SOFTWARE OR THE USE OR OTHER DEALINGS IN THE 
SOFTWARE.

Please cite: Hamner, S.R., Delp, S.L. (2013) Muscle contributions to fore-aft and vertical body mass center accelerations 
over a range of running speeds. Journal of Biomechanics, vol 46, pp 780-787.-->

-------------------------------------------------------
This program includes software developed by the
Apache Software Foundation (http://www.apache.org/).
-------------------------------------------------------


-------------------------------------------------------
Library SimbodyEngine...
-------------------------------------------------------

Constructing investigation from setup file subject19_Setup_RRA_Run_40001_cycle3_v191.xml.

AbstractTool subject19_Run_40001_cycle3 loading model '../../scale/subject19_scaled_v191.osim'
Created model subject19_scaled from file ../../scale/subject19_scaled_v191.osim
Adding actuator set from ../gait2392_RRA_Actuators_v191.xml
-----------------------------------------------------------------------
Loaded library
-----------------------------------------------------------------------
             MODEL: subject19_scaled
         actuators: 29
          analyses: 0
          contacts: 0
-----------------------------------------------------------------------

Running tool subject19_Run_40001_cycle3.
MODEL: subject19_scaled

ANALYSES (0)

BODIES (21)
body[0] = ground (mass: 0) (inertia: 0 0 0 0 0 0 0 0 0)
body[1] = pelvis (mass: 10.2057) (inertia: 0.0829698 0 0 0 0.0829698 0 0 0 0.037124)
body[2] = femur_r (mass: 8.06037) (inertia: 0.134888 0 0 0 0.0353589 0 0 0 0.142242)
body[3] = tibia_r (mass: 3.21283) (inertia: 0.0510904 0 0 0 0.00516987 0 0 0 0.0518)
body[4] = talus_r (mass: 0.0866576) (inertia: 0.00100769 0 0 0 0.00100769 0 0 0 0.00100769)
body[5] = calcn_r (mass: 1.08322) (inertia: 0.00141077 0 0 0 0.00392999 0 0 0 0.00413153)
body[6] = toes_r (mass: 0.1877) (inertia: 0.00010077 0 0 0 0.00020154 0 0 0 0.00100769)
body[7] = femur_l (mass: 8.06037) (inertia: 0.134888 0 0 0 0.0353589 0 0 0 0.142242)
body[8] = tibia_l (mass: 3.21283) (inertia: 0.0507594 0 0 0 0.00450769 0 0 0 0.0507594)
body[9] = talus_l (mass: 0.0866576) (inertia: 0.00100769 0 0 0 0.00100769 0 0 0 0.00100769)
body[10] = calcn_l (mass: 1.08322) (inertia: 0.00141077 0 0 0 0.00392999 0 0 0 0.00413153)
body[11] = toes_l (mass: 0.1877) (inertia: 0.00010077 0 0 0 0.00020154 0 0 0 0.00100769)
body[12] = torso (mass: 23.2473) (inertia: 1.29577 0 0 0 0.663923 0 0 0 1.25789)
body[13] = humerus_r (mass: 1.76132) (inertia: 0.0093068 0 0 0 0.00321056 0 0 0 0.0104466)
body[14] = ulna_r (mass: 0.526445) (inertia: 0.0029637 0 0 0 0.00061836 0 0 0 0.00321485)
body[15] = radius_r (mass: 0.526445) (inertia: 0.0029637 0 0 0 0.00061836 0 0 0 0.00321485)
body[16] = hand_r (mass: 0.396459) (inertia: 0.00089251 0 0 0 0.00054731 0 0 0 0.00134077)
body[17] = humerus_l (mass: 1.76132) (inertia: 0.0093068 0 0 0 0.00321056 0 0 0 0.0104466)
body[18] = ulna_l (mass: 0.526445) (inertia: 0.0029637 0 0 0 0.00061836 0 0 0 0.00321485)
body[19] = radius_l (mass: 0.526445) (inertia: 0.0029637 0 0 0 0.00061836 0 0 0 0.00321485)
body[20] = hand_l (mass: 0.396459) (inertia: 0.00089251 0 0 0 0.00054731 0 0 0 0.00134077)

ACTUATORS (29)
actuator[0] = FX (controls: FX.excitation)
actuator[1] = FY (controls: FY.excitation)
actuator[2] = FZ (controls: FZ.excitation)
actuator[3] = MX (controls: MX.excitation)
actuator[4] = MY (controls: MY.excitation)
actuator[5] = MZ (controls: MZ.excitation)
actuator[6] = hip_flexion_r (controls: hip_flexion_r.excitation)
actuator[7] = hip_adduction_r (controls: hip_adduction_r.excitation)
actuator[8] = hip_rotation_r (controls: hip_rotation_r.excitation)
actuator[9] = knee_angle_r (controls: knee_angle_r.excitation)
actuator[10] = ankle_angle_r (controls: ankle_angle_r.excitation)
actuator[11] = hip_flexion_l (controls: hip_flexion_l.excitation)
actuator[12] = hip_adduction_l (controls: hip_adduction_l.excitation)
actuator[13] = hip_rotation_l (controls: hip_rotation_l.excitation)
actuator[14] = knee_angle_l (controls: knee_angle_l.excitation)
actuator[15] = ankle_angle_l (controls: ankle_angle_l.excitation)
actuator[16] = lumbar_extension (controls: lumbar_extension.excitation)
actuator[17] = lumbar_bending (controls: lumbar_bending.excitation)
actuator[18] = lumbar_rotation (controls: lumbar_rotation.excitation)
actuator[19] = arm_flex_r (controls: arm_flex_r.excitation)
actuator[20] = arm_add_r (controls: arm_add_r.excitation)
actuator[21] = arm_rot_r (controls: arm_rot_r.excitation)
actuator[22] = elbow_flex_r (controls: elbow_flex_r.excitation)
actuator[23] = pro_sup_r (controls: pro_sup_r.excitation)
actuator[24] = arm_flex_l (controls: arm_flex_l.excitation)
actuator[25] = arm_add_l (controls: arm_add_l.excitation)
actuator[26] = arm_rot_l (controls: arm_rot_l.excitation)
actuator[27] = elbow_flex_l (controls: elbow_flex_l.excitation)
actuator[28] = pro_sup_l (controls: pro_sup_l.excitation)

CONTACTS (0)
numControls = 29
numStates = 74
numCoordinates = 37
numSpeeds = 37
numActuators = 29
numBodies = 21
numConstraints = 0

STATES (74)
y[0] = pelvis_tilt
y[1] = pelvis_list
y[2] = pelvis_rotation
y[3] = pelvis_tx
y[4] = pelvis_ty
y[5] = pelvis_tz
y[6] = hip_flexion_r
y[7] = hip_adduction_r
y[8] = hip_rotation_r
y[9] = knee_angle_r
y[10] = ankle_angle_r
y[11] = subtalar_angle_r
y[12] = mtp_angle_r
y[13] = hip_flexion_l
y[14] = hip_adduction_l
y[15] = hip_rotation_l
y[16] = knee_angle_l
y[17] = ankle_angle_l
y[18] = subtalar_angle_l
y[19] = mtp_angle_l
y[20] = lumbar_extension
y[21] = lumbar_bending
y[22] = lumbar_rotation
y[23] = arm_flex_r
y[24] = arm_add_r
y[25] = arm_rot_r
y[26] = elbow_flex_r
y[27] = pro_sup_r
y[28] = wrist_flex_r
y[29] = wrist_dev_r
y[30] = arm_flex_l
y[31] = arm_add_l
y[32] = arm_rot_l
y[33] = elbow_flex_l
y[34] = pro_sup_l
y[35] = wrist_flex_l
y[36] = wrist_dev_l
y[37] = pelvis_tilt_u
y[38] = pelvis_list_u
y[39] = pelvis_rotation_u
y[40] = pelvis_tx_u
y[41] = pelvis_ty_u
y[42] = pelvis_tz_u
y[43] = hip_flexion_r_u
y[44] = hip_adduction_r_u
y[45] = hip_rotation_r_u
y[46] = knee_angle_r_u
y[47] = ankle_angle_r_u
y[48] = subtalar_angle_r_u
y[49] = mtp_angle_r_u
y[50] = hip_flexion_l_u
y[51] = hip_adduction_l_u
y[52] = hip_rotation_l_u
y[53] = knee_angle_l_u
y[54] = ankle_angle_l_u
y[55] = subtalar_angle_l_u
y[56] = mtp_angle_l_u
y[57] = lumbar_extension_u
y[58] = lumbar_bending_u
y[59] = lumbar_rotation_u
y[60] = arm_flex_r_u
y[61] = arm_add_r_u
y[62] = arm_rot_r_u
y[63] = elbow_flex_r_u
y[64] = pro_sup_r_u
y[65] = wrist_flex_r_u
y[66] = wrist_dev_r_u
y[67] = arm_flex_l_u
y[68] = arm_add_l_u
y[69] = arm_rot_l_u
y[70] = elbow_flex_l_u
y[71] = pro_sup_l_u
y[72] = wrist_flex_l_u
y[73] = wrist_dev_l_u


WARN- a desired points file was not specified.



Loading desired kinematics from file D:\RackSpaceSync\nmbl_running\OpenSimResults\subject19\ik\Results_191\Run_40001.mot ...
Storage: file=D:\RackSpaceSync\nmbl_running\OpenSimResults\subject19\ik\Results_191\Run_40001.mot (nr=669 nc=164)


Low-pass filtering desired kinematics with a cutoff frequency of 15...



Loading external loads kinematics from file D:\RackSpaceSync\nmbl_running\OpenSimResults\subject19\ik\Results_191\Run_40001.mot ...
Storage: file=D:\RackSpaceSync\nmbl_running\OpenSimResults\subject19\ik\Results_191\Run_40001.mot (nr=669 nc=164)
Low-pass filtering external load kinematics with a cutoff frequency of 15...
Storage: file=D:\RackSpaceSync\nmbl_running\HPL_Data\Hamner_Test\subject19\Session 1\ExportedData\Run_400 01_newCOP3.mot (nr=5345 nc=19)

Note: requested COM adjustment time range 1.9948 - 2.6677 clamped to nearest available data times 1.99148 - 2.66645

Computing average residuals between 1.99148 and 2.66645
Average residuals before adjusting torso COM:
FX=-1.02342 FY=-13.1741 FZ=-2.20637
MX=2.13003 MY=-0.738115 MZ=-13.8073

CMCTool.adjustCOMToReduceResiduals:
torso weight = 227.978
dx=-0.0605642, dz=-0.00934314

dmass = 1.34339

Recommended mass adjustments:
ground:  orig mass = 0, new mass = 0
pelvis:  orig mass = 10.2057, new mass = 10.4162
femur_r:  orig mass = 8.06037, new mass = 8.22661
tibia_r:  orig mass = 3.21283, new mass = 3.27909
talus_r:  orig mass = 0.0866576, new mass = 0.0884449
calcn_r:  orig mass = 1.08322, new mass = 1.10556
toes_r:  orig mass = 0.1877, new mass = 0.191572
femur_l:  orig mass = 8.06037, new mass = 8.22661
tibia_l:  orig mass = 3.21283, new mass = 3.27909
talus_l:  orig mass = 0.0866576, new mass = 0.0884449
calcn_l:  orig mass = 1.08322, new mass = 1.10556
toes_l:  orig mass = 0.1877, new mass = 0.191572
torso:  orig mass = 23.2473, new mass = 23.7268
humerus_r:  orig mass = 1.76132, new mass = 1.79764
ulna_r:  orig mass = 0.526445, new mass = 0.537303
radius_r:  orig mass = 0.526445, new mass = 0.537303
hand_r:  orig mass = 0.396459, new mass = 0.404635
humerus_l:  orig mass = 1.76132, new mass = 1.79764
ulna_l:  orig mass = 0.526445, new mass = 0.537303
radius_l:  orig mass = 0.526445, new mass = 0.537303
hand_l:  orig mass = 0.396459, new mass = 0.404635

Computing average residuals between 1.99148 and 2.66645
Average residuals after adjusting torso COM:
FX=-1.1499 FY=-13.1344 FZ=-2.03424
MX=0.265833 MY=-0.744391 MZ=-0.187394


Constructing function set for tracking desired kinematics...

No Actuation analysis found in analysis set -- adding one
No Kinematics analysis found in analysis set -- adding one


 taskSet size = 29

Using the generalized coordinates specified in D:\RackSpaceSync\nmbl_running\OpenSimResults\subject19\ik\Results_191\Run_40001.mot to set the initial configuration.
Successfully linked to CFSQP library 'osimCFSQP.dll'
Using CFSQP optimizer algorithm.

Setting optimizer print level to 0.
Setting optimizer convergence criterion to 1e-006.
Setting optimizer maximum iterations to 1000.

Setting cmc controller to not use verbose printing.



================================================================
================================================================
Using CMC to track the specified kinematics
Integrating from 1.9948 to 2.6677
Start time = Fri Dec 23 08:45:04 2011
================================================================
rdCMC.computeControls:  t = 1.9948
rdCMC.computeControls:  t = 1.9958
rdCMC.computeControls:  t = 1.9968
rdCMC.computeControls:  t = 1.9978
rdCMC.computeControls:  t = 1.9988
rdCMC.computeControls:  t = 1.9998
rdCMC.computeControls:  t = 2.0008
rdCMC.computeControls:  t = 2.0018
rdCMC.computeControls:  t = 2.0028
rdCMC.computeControls:  t = 2.0038
rdCMC.computeControls:  t = 2.0048
rdCMC.computeControls:  t = 2.0058
rdCMC.computeControls:  t = 2.0068
rdCMC.computeControls:  t = 2.0078
rdCMC.computeControls:  t = 2.0088
rdCMC.computeControls:  t = 2.0098
rdCMC.computeControls:  t = 2.0108
rdCMC.computeControls:  t = 2.0118
rdCMC.computeControls:  t = 2.0128
rdCMC.computeControls:  t = 2.0138
rdCMC.computeControls:  t = 2.0148
rdCMC.computeControls:  t = 2.0158
rdCMC.computeControls:  t = 2.0168
rdCMC.computeControls:  t = 2.0178
rdCMC.computeControls:  t = 2.0188
rdCMC.computeControls:  t = 2.0198
rdCMC.computeControls:  t = 2.0208
rdCMC.computeControls:  t = 2.0218
rdCMC.computeControls:  t = 2.0228
rdCMC.computeControls:  t = 2.0238
rdCMC.computeControls:  t = 2.0248
rdCMC.computeControls:  t = 2.0258
rdCMC.computeControls:  t = 2.0268
rdCMC.computeControls:  t = 2.0278
rdCMC.computeControls:  t = 2.0288
rdCMC.computeControls:  t = 2.0298
rdCMC.computeControls:  t = 2.0308
rdCMC.computeControls:  t = 2.0318
rdCMC.computeControls:  t = 2.0328
rdCMC.computeControls:  t = 2.0338
rdCMC.computeControls:  t = 2.0348
rdCMC.computeControls:  t = 2.0358
rdCMC.computeControls:  t = 2.0368
rdCMC.computeControls:  t = 2.0378
rdCMC.computeControls:  t = 2.0388
rdCMC.computeControls:  t = 2.0398
rdCMC.computeControls:  t = 2.0408
rdCMC.computeControls:  t = 2.0418
rdCMC.computeControls:  t = 2.0428
rdCMC.computeControls:  t = 2.0438
rdCMC.computeControls:  t = 2.0448
rdCMC.computeControls:  t = 2.0458
rdCMC.computeControls:  t = 2.0468
rdCMC.computeControls:  t = 2.0478
rdCMC.computeControls:  t = 2.0488
rdCMC.computeControls:  t = 2.0498
rdCMC.computeControls:  t = 2.0508
rdCMC.computeControls:  t = 2.0518
rdCMC.computeControls:  t = 2.0528
rdCMC.computeControls:  t = 2.0538
rdCMC.computeControls:  t = 2.0548
rdCMC.computeControls:  t = 2.0558
rdCMC.computeControls:  t = 2.0568
rdCMC.computeControls:  t = 2.0578
rdCMC.computeControls:  t = 2.0588
rdCMC.computeControls:  t = 2.0598
rdCMC.computeControls:  t = 2.0608
rdCMC.computeControls:  t = 2.0618
rdCMC.computeControls:  t = 2.0628
rdCMC.computeControls:  t = 2.0638
rdCMC.computeControls:  t = 2.0648
rdCMC.computeControls:  t = 2.0658
rdCMC.computeControls:  t = 2.0668
rdCMC.computeControls:  t = 2.0678
rdCMC.computeControls:  t = 2.0688
rdCMC.computeControls:  t = 2.0698
rdCMC.computeControls:  t = 2.0708
rdCMC.computeControls:  t = 2.0718
rdCMC.computeControls:  t = 2.0728
rdCMC.computeControls:  t = 2.0738
rdCMC.computeControls:  t = 2.0748
rdCMC.computeControls:  t = 2.0758
rdCMC.computeControls:  t = 2.0768
rdCMC.computeControls:  t = 2.0778
rdCMC.computeControls:  t = 2.0788
rdCMC.computeControls:  t = 2.0798
rdCMC.computeControls:  t = 2.0808
rdCMC.computeControls:  t = 2.0818
rdCMC.computeControls:  t = 2.0828
rdCMC.computeControls:  t = 2.0838
rdCMC.computeControls:  t = 2.0848
rdCMC.computeControls:  t = 2.0858
rdCMC.computeControls:  t = 2.0868
rdCMC.computeControls:  t = 2.0878
rdCMC.computeControls:  t = 2.0888
rdCMC.computeControls:  t = 2.0898
rdCMC.computeControls:  t = 2.0908
rdCMC.computeControls:  t = 2.0918
rdCMC.computeControls:  t = 2.0928
rdCMC.computeControls:  t = 2.0938
rdCMC.computeControls:  t = 2.0948
rdCMC.computeControls:  t = 2.0958
rdCMC.computeControls:  t = 2.0968
rdCMC.computeControls:  t = 2.0978
rdCMC.computeControls:  t = 2.0988
rdCMC.computeControls:  t = 2.0998
rdCMC.computeControls:  t = 2.1008
rdCMC.computeControls:  t = 2.1018
rdCMC.computeControls:  t = 2.1028
rdCMC.computeControls:  t = 2.1038
rdCMC.computeControls:  t = 2.1048
rdCMC.computeControls:  t = 2.1058
rdCMC.computeControls:  t = 2.1068
rdCMC.computeControls:  t = 2.1078
rdCMC.computeControls:  t = 2.1088
rdCMC.computeControls:  t = 2.1098
rdCMC.computeControls:  t = 2.1108
rdCMC.computeControls:  t = 2.1118
rdCMC.computeControls:  t = 2.1128
rdCMC.computeControls:  t = 2.1138
rdCMC.computeControls:  t = 2.1148
rdCMC.computeControls:  t = 2.1158
rdCMC.computeControls:  t = 2.1168
rdCMC.computeControls:  t = 2.1178
rdCMC.computeControls:  t = 2.1188
rdCMC.computeControls:  t = 2.1198
rdCMC.computeControls:  t = 2.1208
rdCMC.computeControls:  t = 2.1218
rdCMC.computeControls:  t = 2.1228
rdCMC.computeControls:  t = 2.1238
rdCMC.computeControls:  t = 2.1248
rdCMC.computeControls:  t = 2.1258
rdCMC.computeControls:  t = 2.1268
rdCMC.computeControls:  t = 2.1278
rdCMC.computeControls:  t = 2.1288
rdCMC.computeControls:  t = 2.1298
rdCMC.computeControls:  t = 2.1308
rdCMC.computeControls:  t = 2.1318
rdCMC.computeControls:  t = 2.1328
rdCMC.computeControls:  t = 2.1338
rdCMC.computeControls:  t = 2.1348
rdCMC.computeControls:  t = 2.1358
rdCMC.computeControls:  t = 2.1368
rdCMC.computeControls:  t = 2.1378
rdCMC.computeControls:  t = 2.1388
rdCMC.computeControls:  t = 2.1398
rdCMC.computeControls:  t = 2.1408
rdCMC.computeControls:  t = 2.1418
rdCMC.computeControls:  t = 2.1428
rdCMC.computeControls:  t = 2.1438
rdCMC.computeControls:  t = 2.1448
rdCMC.computeControls:  t = 2.1458
rdCMC.computeControls:  t = 2.1468
rdCMC.computeControls:  t = 2.1478
rdCMC.computeControls:  t = 2.1488
rdCMC.computeControls:  t = 2.1498
rdCMC.computeControls:  t = 2.1508
rdCMC.computeControls:  t = 2.1518
rdCMC.computeControls:  t = 2.1528
rdCMC.computeControls:  t = 2.1538
rdCMC.computeControls:  t = 2.1548
rdCMC.computeControls:  t = 2.1558
rdCMC.computeControls:  t = 2.1568
rdCMC.computeControls:  t = 2.1578
rdCMC.computeControls:  t = 2.1588
rdCMC.computeControls:  t = 2.1598
rdCMC.computeControls:  t = 2.1608
rdCMC.computeControls:  t = 2.1618
rdCMC.computeControls:  t = 2.1628
rdCMC.computeControls:  t = 2.1638
rdCMC.computeControls:  t = 2.1648
rdCMC.computeControls:  t = 2.1658
rdCMC.computeControls:  t = 2.1668
rdCMC.computeControls:  t = 2.1678
rdCMC.computeControls:  t = 2.1688
rdCMC.computeControls:  t = 2.1698
rdCMC.computeControls:  t = 2.1708
rdCMC.computeControls:  t = 2.1718
rdCMC.computeControls:  t = 2.1728
rdCMC.computeControls:  t = 2.1738
rdCMC.computeControls:  t = 2.1748
rdCMC.computeControls:  t = 2.1758
rdCMC.computeControls:  t = 2.1768
rdCMC.computeControls:  t = 2.1778
rdCMC.computeControls:  t = 2.1788
rdCMC.computeControls:  t = 2.1798
rdCMC.computeControls:  t = 2.1808
rdCMC.computeControls:  t = 2.1818
rdCMC.computeControls:  t = 2.1828
rdCMC.computeControls:  t = 2.1838
rdCMC.computeControls:  t = 2.1848
rdCMC.computeControls:  t = 2.1858
rdCMC.computeControls:  t = 2.1868
rdCMC.computeControls:  t = 2.1878
rdCMC.computeControls:  t = 2.1888
rdCMC.computeControls:  t = 2.1898
rdCMC.computeControls:  t = 2.1908
rdCMC.computeControls:  t = 2.1918
rdCMC.computeControls:  t = 2.1928
rdCMC.computeControls:  t = 2.1938
rdCMC.computeControls:  t = 2.1948
rdCMC.computeControls:  t = 2.1958
rdCMC.computeControls:  t = 2.1968
rdCMC.computeControls:  t = 2.1978
rdCMC.computeControls:  t = 2.1988
rdCMC.computeControls:  t = 2.1998
rdCMC.computeControls:  t = 2.2008
rdCMC.computeControls:  t = 2.2018
rdCMC.computeControls:  t = 2.2028
rdCMC.computeControls:  t = 2.2038
rdCMC.computeControls:  t = 2.2048
rdCMC.computeControls:  t = 2.2058
rdCMC.computeControls:  t = 2.2068
rdCMC.computeControls:  t = 2.2078
rdCMC.computeControls:  t = 2.2088
rdCMC.computeControls:  t = 2.2098
rdCMC.computeControls:  t = 2.2108
rdCMC.computeControls:  t = 2.2118
rdCMC.computeControls:  t = 2.2128
rdCMC.computeControls:  t = 2.2138
rdCMC.computeControls:  t = 2.2148
rdCMC.computeControls:  t = 2.2158
rdCMC.computeControls:  t = 2.2168
rdCMC.computeControls:  t = 2.2178
rdCMC.computeControls:  t = 2.2188
rdCMC.computeControls:  t = 2.2198
rdCMC.computeControls:  t = 2.2208
rdCMC.computeControls:  t = 2.2218
rdCMC.computeControls:  t = 2.2228
rdCMC.computeControls:  t = 2.2238
rdCMC.computeControls:  t = 2.2248
rdCMC.computeControls:  t = 2.2258
rdCMC.computeControls:  t = 2.2268
rdCMC.computeControls:  t = 2.2278
rdCMC.computeControls:  t = 2.2288
rdCMC.computeControls:  t = 2.2298
rdCMC.computeControls:  t = 2.2308
rdCMC.computeControls:  t = 2.2318
rdCMC.computeControls:  t = 2.2328
rdCMC.computeControls:  t = 2.2338
rdCMC.computeControls:  t = 2.2348
rdCMC.computeControls:  t = 2.2358
rdCMC.computeControls:  t = 2.2368
rdCMC.computeControls:  t = 2.2378
rdCMC.computeControls:  t = 2.2388
rdCMC.computeControls:  t = 2.2398
rdCMC.computeControls:  t = 2.2408
rdCMC.computeControls:  t = 2.2418
rdCMC.computeControls:  t = 2.2428
rdCMC.computeControls:  t = 2.2438
rdCMC.computeControls:  t = 2.2448
rdCMC.computeControls:  t = 2.2458
rdCMC.computeControls:  t = 2.2468
rdCMC.computeControls:  t = 2.2478
rdCMC.computeControls:  t = 2.2488
rdCMC.computeControls:  t = 2.2498
rdCMC.computeControls:  t = 2.2508
rdCMC.computeControls:  t = 2.2518
rdCMC.computeControls:  t = 2.2528
rdCMC.computeControls:  t = 2.2538
rdCMC.computeControls:  t = 2.2548
rdCMC.computeControls:  t = 2.2558
rdCMC.computeControls:  t = 2.2568
rdCMC.computeControls:  t = 2.2578
rdCMC.computeControls:  t = 2.2588
rdCMC.computeControls:  t = 2.2598
rdCMC.computeControls:  t = 2.2608
rdCMC.computeControls:  t = 2.2618
rdCMC.computeControls:  t = 2.2628
rdCMC.computeControls:  t = 2.2638
rdCMC.computeControls:  t = 2.2648
rdCMC.computeControls:  t = 2.2658
rdCMC.computeControls:  t = 2.2668
rdCMC.computeControls:  t = 2.2678
rdCMC.computeControls:  t = 2.2688
rdCMC.computeControls:  t = 2.2698
rdCMC.computeControls:  t = 2.2708
rdCMC.computeControls:  t = 2.2718
rdCMC.computeControls:  t = 2.2728
rdCMC.computeControls:  t = 2.2738
rdCMC.computeControls:  t = 2.2748
rdCMC.computeControls:  t = 2.2758
rdCMC.computeControls:  t = 2.2768
rdCMC.computeControls:  t = 2.2778
rdCMC.computeControls:  t = 2.2788
rdCMC.computeControls:  t = 2.2798
rdCMC.computeControls:  t = 2.2808
rdCMC.computeControls:  t = 2.2818
rdCMC.computeControls:  t = 2.2828
rdCMC.computeControls:  t = 2.2838
rdCMC.computeControls:  t = 2.2848
rdCMC.computeControls:  t = 2.2858
rdCMC.computeControls:  t = 2.2868
rdCMC.computeControls:  t = 2.2878
rdCMC.computeControls:  t = 2.2888
rdCMC.computeControls:  t = 2.2898
rdCMC.computeControls:  t = 2.2908
rdCMC.computeControls:  t = 2.2918
rdCMC.computeControls:  t = 2.2928
rdCMC.computeControls:  t = 2.2938
rdCMC.computeControls:  t = 2.2948
rdCMC.computeControls:  t = 2.2958
rdCMC.computeControls:  t = 2.2968
rdCMC.computeControls:  t = 2.2978
rdCMC.computeControls:  t = 2.2988
rdCMC.computeControls:  t = 2.2998
rdCMC.computeControls:  t = 2.3008
rdCMC.computeControls:  t = 2.3018
rdCMC.computeControls:  t = 2.3028
rdCMC.computeControls:  t = 2.3038
rdCMC.computeControls:  t = 2.3048
rdCMC.computeControls:  t = 2.3058
rdCMC.computeControls:  t = 2.3068
rdCMC.computeControls:  t = 2.3078
rdCMC.computeControls:  t = 2.3088
rdCMC.computeControls:  t = 2.3098
rdCMC.computeControls:  t = 2.3108
rdCMC.computeControls:  t = 2.3118
rdCMC.computeControls:  t = 2.3128
rdCMC.computeControls:  t = 2.3138
rdCMC.computeControls:  t = 2.3148
rdCMC.computeControls:  t = 2.3158
rdCMC.computeControls:  t = 2.3168
rdCMC.computeControls:  t = 2.3178
rdCMC.computeControls:  t = 2.3188
rdCMC.computeControls:  t = 2.3198
rdCMC.computeControls:  t = 2.3208
rdCMC.computeControls:  t = 2.3218
rdCMC.computeControls:  t = 2.3228
rdCMC.computeControls:  t = 2.3238
rdCMC.computeControls:  t = 2.3248
rdCMC.computeControls:  t = 2.3258
rdCMC.computeControls:  t = 2.3268
rdCMC.computeControls:  t = 2.3278
rdCMC.computeControls:  t = 2.3288
rdCMC.computeControls:  t = 2.3298
rdCMC.computeControls:  t = 2.3308
rdCMC.computeControls:  t = 2.3318
rdCMC.computeControls:  t = 2.3328
rdCMC.computeControls:  t = 2.3338
rdCMC.computeControls:  t = 2.3348
rdCMC.computeControls:  t = 2.3358
rdCMC.computeControls:  t = 2.3368
rdCMC.computeControls:  t = 2.3378
rdCMC.computeControls:  t = 2.3388
rdCMC.computeControls:  t = 2.3398
rdCMC.computeControls:  t = 2.3408
rdCMC.computeControls:  t = 2.3418
rdCMC.computeControls:  t = 2.3428
rdCMC.computeControls:  t = 2.3438
rdCMC.computeControls:  t = 2.3448
rdCMC.computeControls:  t = 2.3458
rdCMC.computeControls:  t = 2.3468
rdCMC.computeControls:  t = 2.3478
rdCMC.computeControls:  t = 2.3488
rdCMC.computeControls:  t = 2.3498
rdCMC.computeControls:  t = 2.3508
rdCMC.computeControls:  t = 2.3518
rdCMC.computeControls:  t = 2.3528
rdCMC.computeControls:  t = 2.3538
rdCMC.computeControls:  t = 2.3548
rdCMC.computeControls:  t = 2.3558
rdCMC.computeControls:  t = 2.3568
rdCMC.computeControls:  t = 2.3578
rdCMC.computeControls:  t = 2.3588
rdCMC.computeControls:  t = 2.3598
rdCMC.computeControls:  t = 2.3608
rdCMC.computeControls:  t = 2.3618
rdCMC.computeControls:  t = 2.3628
rdCMC.computeControls:  t = 2.3638
rdCMC.computeControls:  t = 2.3648
rdCMC.computeControls:  t = 2.3658
rdCMC.computeControls:  t = 2.3668
rdCMC.computeControls:  t = 2.3678
rdCMC.computeControls:  t = 2.3688
rdCMC.computeControls:  t = 2.3698
rdCMC.computeControls:  t = 2.3708
rdCMC.computeControls:  t = 2.3718
rdCMC.computeControls:  t = 2.3728
rdCMC.computeControls:  t = 2.3738
rdCMC.computeControls:  t = 2.3748
rdCMC.computeControls:  t = 2.3758
rdCMC.computeControls:  t = 2.3768
rdCMC.computeControls:  t = 2.3778
rdCMC.computeControls:  t = 2.3788
rdCMC.computeControls:  t = 2.3798
rdCMC.computeControls:  t = 2.3808
rdCMC.computeControls:  t = 2.3818
rdCMC.computeControls:  t = 2.3828
rdCMC.computeControls:  t = 2.3838
rdCMC.computeControls:  t = 2.3848
rdCMC.computeControls:  t = 2.3858
rdCMC.computeControls:  t = 2.3868
rdCMC.computeControls:  t = 2.3878
rdCMC.computeControls:  t = 2.3888
rdCMC.computeControls:  t = 2.3898
rdCMC.computeControls:  t = 2.3908
rdCMC.computeControls:  t = 2.3918
rdCMC.computeControls:  t = 2.3928
rdCMC.computeControls:  t = 2.3938
rdCMC.computeControls:  t = 2.3948
rdCMC.computeControls:  t = 2.3958
rdCMC.computeControls:  t = 2.3968
rdCMC.computeControls:  t = 2.3978
rdCMC.computeControls:  t = 2.3988
rdCMC.computeControls:  t = 2.3998
rdCMC.computeControls:  t = 2.4008
rdCMC.computeControls:  t = 2.4018
rdCMC.computeControls:  t = 2.4028
rdCMC.computeControls:  t = 2.4038
rdCMC.computeControls:  t = 2.4048
rdCMC.computeControls:  t = 2.4058
rdCMC.computeControls:  t = 2.4068
rdCMC.computeControls:  t = 2.4078
rdCMC.computeControls:  t = 2.4088
rdCMC.computeControls:  t = 2.4098
rdCMC.computeControls:  t = 2.4108
rdCMC.computeControls:  t = 2.4118
rdCMC.computeControls:  t = 2.4128
rdCMC.computeControls:  t = 2.4138
rdCMC.computeControls:  t = 2.4148
rdCMC.computeControls:  t = 2.4158
rdCMC.computeControls:  t = 2.4168
rdCMC.computeControls:  t = 2.4178
rdCMC.computeControls:  t = 2.4188
rdCMC.computeControls:  t = 2.4198
rdCMC.computeControls:  t = 2.4208
rdCMC.computeControls:  t = 2.4218
rdCMC.computeControls:  t = 2.4228
rdCMC.computeControls:  t = 2.4238
rdCMC.computeControls:  t = 2.4248
rdCMC.computeControls:  t = 2.4258
rdCMC.computeControls:  t = 2.4268
rdCMC.computeControls:  t = 2.4278
rdCMC.computeControls:  t = 2.4288
rdCMC.computeControls:  t = 2.4298
rdCMC.computeControls:  t = 2.4308
rdCMC.computeControls:  t = 2.4318
rdCMC.computeControls:  t = 2.4328
rdCMC.computeControls:  t = 2.4338
rdCMC.computeControls:  t = 2.4348
rdCMC.computeControls:  t = 2.4358
rdCMC.computeControls:  t = 2.4368
rdCMC.computeControls:  t = 2.4378
rdCMC.computeControls:  t = 2.4388
rdCMC.computeControls:  t = 2.4398
rdCMC.computeControls:  t = 2.4408
rdCMC.computeControls:  t = 2.4418
rdCMC.computeControls:  t = 2.4428
rdCMC.computeControls:  t = 2.4438
rdCMC.computeControls:  t = 2.4448
rdCMC.computeControls:  t = 2.4458
rdCMC.computeControls:  t = 2.4468
rdCMC.computeControls:  t = 2.4478
rdCMC.computeControls:  t = 2.4488
rdCMC.computeControls:  t = 2.4498
rdCMC.computeControls:  t = 2.4508
rdCMC.computeControls:  t = 2.4518
rdCMC.computeControls:  t = 2.4528
rdCMC.computeControls:  t = 2.4538
rdCMC.computeControls:  t = 2.4548
rdCMC.computeControls:  t = 2.4558
rdCMC.computeControls:  t = 2.4568
rdCMC.computeControls:  t = 2.4578
rdCMC.computeControls:  t = 2.4588
rdCMC.computeControls:  t = 2.4598
rdCMC.computeControls:  t = 2.4608
rdCMC.computeControls:  t = 2.4618
rdCMC.computeControls:  t = 2.4628
rdCMC.computeControls:  t = 2.4638
rdCMC.computeControls:  t = 2.4648
rdCMC.computeControls:  t = 2.4658
rdCMC.computeControls:  t = 2.4668
rdCMC.computeControls:  t = 2.4678
rdCMC.computeControls:  t = 2.4688
rdCMC.computeControls:  t = 2.4698
rdCMC.computeControls:  t = 2.4708
rdCMC.computeControls:  t = 2.4718
rdCMC.computeControls:  t = 2.4728
rdCMC.computeControls:  t = 2.4738
rdCMC.computeControls:  t = 2.4748
rdCMC.computeControls:  t = 2.4758
rdCMC.computeControls:  t = 2.4768
rdCMC.computeControls:  t = 2.4778
rdCMC.computeControls:  t = 2.4788
rdCMC.computeControls:  t = 2.4798
rdCMC.computeControls:  t = 2.4808
rdCMC.computeControls:  t = 2.4818
rdCMC.computeControls:  t = 2.4828
rdCMC.computeControls:  t = 2.4838
rdCMC.computeControls:  t = 2.4848
rdCMC.computeControls:  t = 2.4858
rdCMC.computeControls:  t = 2.4868
rdCMC.computeControls:  t = 2.4878
rdCMC.computeControls:  t = 2.4888
rdCMC.computeControls:  t = 2.4898
rdCMC.computeControls:  t = 2.4908
rdCMC.computeControls:  t = 2.4918
rdCMC.computeControls:  t = 2.4928
rdCMC.computeControls:  t = 2.4938
rdCMC.computeControls:  t = 2.4948
rdCMC.computeControls:  t = 2.4958
rdCMC.computeControls:  t = 2.4968
rdCMC.computeControls:  t = 2.4978
rdCMC.computeControls:  t = 2.4988
rdCMC.computeControls:  t = 2.4998
rdCMC.computeControls:  t = 2.5008
rdCMC.computeControls:  t = 2.5018
rdCMC.computeControls:  t = 2.5028
rdCMC.computeControls:  t = 2.5038
rdCMC.computeControls:  t = 2.5048
rdCMC.computeControls:  t = 2.5058
rdCMC.computeControls:  t = 2.5068
rdCMC.computeControls:  t = 2.5078
rdCMC.computeControls:  t = 2.5088
rdCMC.computeControls:  t = 2.5098
rdCMC.computeControls:  t = 2.5108
rdCMC.computeControls:  t = 2.5118
rdCMC.computeControls:  t = 2.5128
rdCMC.computeControls:  t = 2.5138
rdCMC.computeControls:  t = 2.5148
rdCMC.computeControls:  t = 2.5158
rdCMC.computeControls:  t = 2.5168
rdCMC.computeControls:  t = 2.5178
rdCMC.computeControls:  t = 2.5188
rdCMC.computeControls:  t = 2.5198
rdCMC.computeControls:  t = 2.5208
rdCMC.computeControls:  t = 2.5218
rdCMC.computeControls:  t = 2.5228
rdCMC.computeControls:  t = 2.5238
rdCMC.computeControls:  t = 2.5248
rdCMC.computeControls:  t = 2.5258
rdCMC.computeControls:  t = 2.5268
rdCMC.computeControls:  t = 2.5278
rdCMC.computeControls:  t = 2.5288
rdCMC.computeControls:  t = 2.5298
rdCMC.computeControls:  t = 2.5308
rdCMC.computeControls:  t = 2.5318
rdCMC.computeControls:  t = 2.5328
rdCMC.computeControls:  t = 2.5338
rdCMC.computeControls:  t = 2.5348
rdCMC.computeControls:  t = 2.5358
rdCMC.computeControls:  t = 2.5368
rdCMC.computeControls:  t = 2.5378
rdCMC.computeControls:  t = 2.5388
rdCMC.computeControls:  t = 2.5398
rdCMC.computeControls:  t = 2.5408
rdCMC.computeControls:  t = 2.5418
rdCMC.computeControls:  t = 2.5428
rdCMC.computeControls:  t = 2.5438
rdCMC.computeControls:  t = 2.5448
rdCMC.computeControls:  t = 2.5458
rdCMC.computeControls:  t = 2.5468
rdCMC.computeControls:  t = 2.5478
rdCMC.computeControls:  t = 2.5488
rdCMC.computeControls:  t = 2.5498
rdCMC.computeControls:  t = 2.5508
rdCMC.computeControls:  t = 2.5518
rdCMC.computeControls:  t = 2.5528
rdCMC.computeControls:  t = 2.5538
rdCMC.computeControls:  t = 2.5548
rdCMC.computeControls:  t = 2.5558
rdCMC.computeControls:  t = 2.5568
rdCMC.computeControls:  t = 2.5578
rdCMC.computeControls:  t = 2.5588
rdCMC.computeControls:  t = 2.5598
rdCMC.computeControls:  t = 2.5608
rdCMC.computeControls:  t = 2.5618
rdCMC.computeControls:  t = 2.5628
rdCMC.computeControls:  t = 2.5638
rdCMC.computeControls:  t = 2.5648
rdCMC.computeControls:  t = 2.5658
rdCMC.computeControls:  t = 2.5668
rdCMC.computeControls:  t = 2.5678
rdCMC.computeControls:  t = 2.5688
rdCMC.computeControls:  t = 2.5698
rdCMC.computeControls:  t = 2.5708
rdCMC.computeControls:  t = 2.5718
rdCMC.computeControls:  t = 2.5728
rdCMC.computeControls:  t = 2.5738
rdCMC.computeControls:  t = 2.5748
rdCMC.computeControls:  t = 2.5758
rdCMC.computeControls:  t = 2.5768
rdCMC.computeControls:  t = 2.5778
rdCMC.computeControls:  t = 2.5788
rdCMC.computeControls:  t = 2.5798
rdCMC.computeControls:  t = 2.5808
rdCMC.computeControls:  t = 2.5818
rdCMC.computeControls:  t = 2.5828
rdCMC.computeControls:  t = 2.5838
rdCMC.computeControls:  t = 2.5848
rdCMC.computeControls:  t = 2.5858
rdCMC.computeControls:  t = 2.5868
rdCMC.computeControls:  t = 2.5878
rdCMC.computeControls:  t = 2.5888
rdCMC.computeControls:  t = 2.5898
rdCMC.computeControls:  t = 2.5908
rdCMC.computeControls:  t = 2.5918
rdCMC.computeControls:  t = 2.5928
rdCMC.computeControls:  t = 2.5938
rdCMC.computeControls:  t = 2.5948
rdCMC.computeControls:  t = 2.5958
rdCMC.computeControls:  t = 2.5968
rdCMC.computeControls:  t = 2.5978
rdCMC.computeControls:  t = 2.5988
rdCMC.computeControls:  t = 2.5998
rdCMC.computeControls:  t = 2.6008
rdCMC.computeControls:  t = 2.6018
rdCMC.computeControls:  t = 2.6028
rdCMC.computeControls:  t = 2.6038
rdCMC.computeControls:  t = 2.6048
rdCMC.computeControls:  t = 2.6058
rdCMC.computeControls:  t = 2.6068
rdCMC.computeControls:  t = 2.6078
rdCMC.computeControls:  t = 2.6088
rdCMC.computeControls:  t = 2.6098
rdCMC.computeControls:  t = 2.6108
rdCMC.computeControls:  t = 2.6118
rdCMC.computeControls:  t = 2.6128
rdCMC.computeControls:  t = 2.6138
rdCMC.computeControls:  t = 2.6148
rdCMC.computeControls:  t = 2.6158
rdCMC.computeControls:  t = 2.6168
rdCMC.computeControls:  t = 2.6178
rdCMC.computeControls:  t = 2.6188
rdCMC.computeControls:  t = 2.6198
rdCMC.computeControls:  t = 2.6208
rdCMC.computeControls:  t = 2.6218
rdCMC.computeControls:  t = 2.6228
rdCMC.computeControls:  t = 2.6238
rdCMC.computeControls:  t = 2.6248
rdCMC.computeControls:  t = 2.6258
rdCMC.computeControls:  t = 2.6268
rdCMC.computeControls:  t = 2.6278
rdCMC.computeControls:  t = 2.6288
rdCMC.computeControls:  t = 2.6298
rdCMC.computeControls:  t = 2.6308
rdCMC.computeControls:  t = 2.6318
rdCMC.computeControls:  t = 2.6328
rdCMC.computeControls:  t = 2.6338
rdCMC.computeControls:  t = 2.6348
rdCMC.computeControls:  t = 2.6358
rdCMC.computeControls:  t = 2.6368
rdCMC.computeControls:  t = 2.6378
rdCMC.computeControls:  t = 2.6388
rdCMC.computeControls:  t = 2.6398
rdCMC.computeControls:  t = 2.6408
rdCMC.computeControls:  t = 2.6418
rdCMC.computeControls:  t = 2.6428
rdCMC.computeControls:  t = 2.6438
rdCMC.computeControls:  t = 2.6448
rdCMC.computeControls:  t = 2.6458
rdCMC.computeControls:  t = 2.6468
rdCMC.computeControls:  t = 2.6478
rdCMC.computeControls:  t = 2.6488
rdCMC.computeControls:  t = 2.6498
rdCMC.computeControls:  t = 2.6508
rdCMC.computeControls:  t = 2.6518
rdCMC.computeControls:  t = 2.6528
rdCMC.computeControls:  t = 2.6538
rdCMC.computeControls:  t = 2.6548
rdCMC.computeControls:  t = 2.6558
rdCMC.computeControls:  t = 2.6568
rdCMC.computeControls:  t = 2.6578
rdCMC.computeControls:  t = 2.6588
rdCMC.computeControls:  t = 2.6598
rdCMC.computeControls:  t = 2.6608
rdCMC.computeControls:  t = 2.6618
rdCMC.computeControls:  t = 2.6628
rdCMC.computeControls:  t = 2.6638
rdCMC.computeControls:  t = 2.6648
rdCMC.computeControls:  t = 2.6658
----------------------------------------------------------------
Finished tracking the specified kinematics
=================================================================
Start time   = Fri Dec 23 08:45:04 2011
Finish time  = Fri Dec 23 08:47:06 2011
Elapsed time = 122 seconds.
================================================================


Printing results of investigation subject19_Run_40001_cycle3 to RRA_Results_v191_Run_40001_cycle3.


Average residuals:
FX=-0.0478285 FY=-0.908024 FZ=-0.373362
MX=-4.01489 MY=-1.15479 MZ=-2.24979


