<!-- Copyright (c) 2013, Stanford University

Permission is hereby granted, free of charge, to any person obtaining a copy of this software and associated documentation files (the "Software"), to deal in the Software without restriction, including without limitation the rights to use, copy, modify, merge, publish, distribute, sublicense, and/or sell copies of the Software, and to permit persons to whom the Software is furnished to do so, subject to the following conditions:

The above copyright notice and this permission notice shall be included in all copies or substantial portions of the Software.

THE SOFTWARE IS PROVIDED "AS IS", WITHOUT WARRANTY OF ANY KIND, EXPRESS OR IMPLIED, INCLUDING BUT NOT LIMITED TO THE WARRANTIES OF MERCHANTABILITY, FITNESS FOR A PARTICULAR PURPOSE AND NONINFRINGEMENT. IN NO EVENT SHALL THE AUTHORS OR COPYRIGHT HOLDERS BE LIABLE FOR ANY CLAIM, DAMAGES OR OTHER LIABILITY, WHETHER IN AN ACTION OF CONTRACT, TORT OR OTHERWISE, ARISING FROM, OUT OF OR IN CONNECTION WITH THE SOFTWARE OR THE USE OR OTHER DEALINGS IN THE 
SOFTWARE.

Please cite: Hamner, S.R., Delp, S.L. (2013) Muscle contributions to fore-aft and vertical body mass center accelerations 
over a range of running speeds. Journal of Biomechanics, vol 46, pp 780-787.-->

-------------------------------------------------------
This program includes software developed by the
Apache Software Foundation (http://www.apache.org/).
-------------------------------------------------------


-------------------------------------------------------
Library SimbodyEngine...
-------------------------------------------------------

Constructing investigation from setup file subject17_Setup_RRA_Run_40001_cycle2_v191.xml.

AbstractTool subject17_Run_40001_cycle2 loading model '../../scale/subject17_scaled_v191.osim'
Created model subject17_scaled from file ../../scale/subject17_scaled_v191.osim
Adding actuator set from ../gait2392_RRA_Actuators_v191.xml
-----------------------------------------------------------------------
Loaded library
-----------------------------------------------------------------------
             MODEL: subject17_scaled
         actuators: 29
          analyses: 0
          contacts: 0
-----------------------------------------------------------------------

Running tool subject17_Run_40001_cycle2.
MODEL: subject17_scaled

ANALYSES (0)

BODIES (21)
body[0] = ground (mass: 0) (inertia: 0 0 0 0 0 0 0 0 0)
body[1] = pelvis (mass: 10.7245) (inertia: 0.0849368 0 0 0 0.0719649 0 0 0 0.0478389)
body[2] = femur_r (mass: 8.47013) (inertia: 0.131522 0 0 0 0.0344766 0 0 0 0.138692)
body[3] = tibia_r (mass: 3.37616) (inertia: 0.0479256 0 0 0 0.00484962 0 0 0 0.0485913)
body[4] = talus_r (mass: 0.0910629) (inertia: 0.00095175 0 0 0 0.00095175 0 0 0 0.00095175)
body[5] = calcn_r (mass: 1.13829) (inertia: 0.00133244 0 0 0 0.00371181 0 0 0 0.00390216)
body[6] = toes_r (mass: 0.197242) (inertia: 9.517e-005 0 0 0 0.00019035 0 0 0 0.00095175)
body[7] = femur_l (mass: 8.47013) (inertia: 0.131522 0 0 0 0.0344766 0 0 0 0.138692)
body[8] = tibia_l (mass: 3.37616) (inertia: 0.0476422 0 0 0 0.00428282 0 0 0 0.0476422)
body[9] = talus_l (mass: 0.0910629) (inertia: 0.00095175 0 0 0 0.00095175 0 0 0 0.00095175)
body[10] = calcn_l (mass: 1.13829) (inertia: 0.00133244 0 0 0 0.00371181 0 0 0 0.00390216)
body[11] = toes_l (mass: 0.197242) (inertia: 9.517e-005 0 0 0 0.00019035 0 0 0 0.00095175)
body[12] = torso (mass: 24.4291) (inertia: 1.27414 0 0 0 0.652838 0 0 0 1.23689)
body[13] = humerus_r (mass: 1.85085) (inertia: 0.00987128 0 0 0 0.00340528 0 0 0 0.0110802)
body[14] = ulna_r (mass: 0.553207) (inertia: 0.00260446 0 0 0 0.0005434 0 0 0 0.00282516)
body[15] = radius_r (mass: 0.553207) (inertia: 0.00260446 0 0 0 0.0005434 0 0 0 0.00282516)
body[16] = hand_r (mass: 0.416613) (inertia: 0.00078433 0 0 0 0.00048097 0 0 0 0.00117825)
body[17] = humerus_l (mass: 1.85085) (inertia: 0.00987128 0 0 0 0.00340528 0 0 0 0.0110802)
body[18] = ulna_l (mass: 0.553207) (inertia: 0.00260446 0 0 0 0.0005434 0 0 0 0.00282516)
body[19] = radius_l (mass: 0.553207) (inertia: 0.00260446 0 0 0 0.0005434 0 0 0 0.00282516)
body[20] = hand_l (mass: 0.416613) (inertia: 0.00078433 0 0 0 0.00048097 0 0 0 0.00117825)

ACTUATORS (29)
actuator[0] = FX (controls: FX.excitation)
actuator[1] = FY (controls: FY.excitation)
actuator[2] = FZ (controls: FZ.excitation)
actuator[3] = MX (controls: MX.excitation)
actuator[4] = MY (controls: MY.excitation)
actuator[5] = MZ (controls: MZ.excitation)
actuator[6] = hip_flexion_r (controls: hip_flexion_r.excitation)
actuator[7] = hip_adduction_r (controls: hip_adduction_r.excitation)
actuator[8] = hip_rotation_r (controls: hip_rotation_r.excitation)
actuator[9] = knee_angle_r (controls: knee_angle_r.excitation)
actuator[10] = ankle_angle_r (controls: ankle_angle_r.excitation)
actuator[11] = hip_flexion_l (controls: hip_flexion_l.excitation)
actuator[12] = hip_adduction_l (controls: hip_adduction_l.excitation)
actuator[13] = hip_rotation_l (controls: hip_rotation_l.excitation)
actuator[14] = knee_angle_l (controls: knee_angle_l.excitation)
actuator[15] = ankle_angle_l (controls: ankle_angle_l.excitation)
actuator[16] = lumbar_extension (controls: lumbar_extension.excitation)
actuator[17] = lumbar_bending (controls: lumbar_bending.excitation)
actuator[18] = lumbar_rotation (controls: lumbar_rotation.excitation)
actuator[19] = arm_flex_r (controls: arm_flex_r.excitation)
actuator[20] = arm_add_r (controls: arm_add_r.excitation)
actuator[21] = arm_rot_r (controls: arm_rot_r.excitation)
actuator[22] = elbow_flex_r (controls: elbow_flex_r.excitation)
actuator[23] = pro_sup_r (controls: pro_sup_r.excitation)
actuator[24] = arm_flex_l (controls: arm_flex_l.excitation)
actuator[25] = arm_add_l (controls: arm_add_l.excitation)
actuator[26] = arm_rot_l (controls: arm_rot_l.excitation)
actuator[27] = elbow_flex_l (controls: elbow_flex_l.excitation)
actuator[28] = pro_sup_l (controls: pro_sup_l.excitation)

CONTACTS (0)
numControls = 29
numStates = 74
numCoordinates = 37
numSpeeds = 37
numActuators = 29
numBodies = 21
numConstraints = 0

STATES (74)
y[0] = pelvis_tilt
y[1] = pelvis_list
y[2] = pelvis_rotation
y[3] = pelvis_tx
y[4] = pelvis_ty
y[5] = pelvis_tz
y[6] = hip_flexion_r
y[7] = hip_adduction_r
y[8] = hip_rotation_r
y[9] = knee_angle_r
y[10] = ankle_angle_r
y[11] = subtalar_angle_r
y[12] = mtp_angle_r
y[13] = hip_flexion_l
y[14] = hip_adduction_l
y[15] = hip_rotation_l
y[16] = knee_angle_l
y[17] = ankle_angle_l
y[18] = subtalar_angle_l
y[19] = mtp_angle_l
y[20] = lumbar_extension
y[21] = lumbar_bending
y[22] = lumbar_rotation
y[23] = arm_flex_r
y[24] = arm_add_r
y[25] = arm_rot_r
y[26] = elbow_flex_r
y[27] = pro_sup_r
y[28] = wrist_flex_r
y[29] = wrist_dev_r
y[30] = arm_flex_l
y[31] = arm_add_l
y[32] = arm_rot_l
y[33] = elbow_flex_l
y[34] = pro_sup_l
y[35] = wrist_flex_l
y[36] = wrist_dev_l
y[37] = pelvis_tilt_u
y[38] = pelvis_list_u
y[39] = pelvis_rotation_u
y[40] = pelvis_tx_u
y[41] = pelvis_ty_u
y[42] = pelvis_tz_u
y[43] = hip_flexion_r_u
y[44] = hip_adduction_r_u
y[45] = hip_rotation_r_u
y[46] = knee_angle_r_u
y[47] = ankle_angle_r_u
y[48] = subtalar_angle_r_u
y[49] = mtp_angle_r_u
y[50] = hip_flexion_l_u
y[51] = hip_adduction_l_u
y[52] = hip_rotation_l_u
y[53] = knee_angle_l_u
y[54] = ankle_angle_l_u
y[55] = subtalar_angle_l_u
y[56] = mtp_angle_l_u
y[57] = lumbar_extension_u
y[58] = lumbar_bending_u
y[59] = lumbar_rotation_u
y[60] = arm_flex_r_u
y[61] = arm_add_r_u
y[62] = arm_rot_r_u
y[63] = elbow_flex_r_u
y[64] = pro_sup_r_u
y[65] = wrist_flex_r_u
y[66] = wrist_dev_r_u
y[67] = arm_flex_l_u
y[68] = arm_add_l_u
y[69] = arm_rot_l_u
y[70] = elbow_flex_l_u
y[71] = pro_sup_l_u
y[72] = wrist_flex_l_u
y[73] = wrist_dev_l_u


WARN- a desired points file was not specified.



Loading desired kinematics from file S:\RackSpaceSync\nmbl_running\OpenSimResults\subject17\ik\Results_191\Run_40001.mot ...
Storage: file=S:\RackSpaceSync\nmbl_running\OpenSimResults\subject17\ik\Results_191\Run_40001.mot (nr=648 nc=161)


Low-pass filtering desired kinematics with a cutoff frequency of 15...



Loading external loads kinematics from file S:\RackSpaceSync\nmbl_running\OpenSimResults\subject17\ik\Results_191\Run_40001.mot ...
Storage: file=S:\RackSpaceSync\nmbl_running\OpenSimResults\subject17\ik\Results_191\Run_40001.mot (nr=648 nc=161)
Low-pass filtering external load kinematics with a cutoff frequency of 15...
Storage: file=S:\RackSpaceSync\nmbl_running\HPL_Data\Hamner_Test\subject17\Session 1\ExportedData\Run_400 01_newCOP3.mot (nr=5185 nc=19)

Note: requested COM adjustment time range 1.0365 - 1.7458 clamped to nearest available data times 1.03319 - 1.74149

Computing average residuals between 1.03319 and 1.74149
Average residuals before adjusting torso COM:
FX=-3.69666 FY=-21.1221 FZ=-3.43499
MX=5.97102 MY=0.143906 MZ=-12.0507

CMCTool.adjustCOMToReduceResiduals:
torso weight = 239.568
dx=-0.050302, dz=-0.0249242

dmass = 2.15386

Recommended mass adjustments:
ground:  orig mass = 0, new mass = 0
pelvis:  orig mass = 10.7245, new mass = 11.062
femur_r:  orig mass = 8.47013, new mass = 8.73666
tibia_r:  orig mass = 3.37616, new mass = 3.4824
talus_r:  orig mass = 0.0910629, new mass = 0.0939285
calcn_r:  orig mass = 1.13829, new mass = 1.17411
toes_r:  orig mass = 0.197242, new mass = 0.203449
femur_l:  orig mass = 8.47013, new mass = 8.73666
tibia_l:  orig mass = 3.37616, new mass = 3.4824
talus_l:  orig mass = 0.0910629, new mass = 0.0939285
calcn_l:  orig mass = 1.13829, new mass = 1.17411
toes_l:  orig mass = 0.197242, new mass = 0.203449
torso:  orig mass = 24.4291, new mass = 25.1978
humerus_r:  orig mass = 1.85085, new mass = 1.9091
ulna_r:  orig mass = 0.553207, new mass = 0.570615
radius_r:  orig mass = 0.553207, new mass = 0.570615
hand_r:  orig mass = 0.416613, new mass = 0.429723
humerus_l:  orig mass = 1.85085, new mass = 1.9091
ulna_l:  orig mass = 0.553207, new mass = 0.570615
radius_l:  orig mass = 0.553207, new mass = 0.570615
hand_l:  orig mass = 0.416613, new mass = 0.429723

Computing average residuals between 1.03319 and 1.74149
Average residuals after adjusting torso COM:
FX=-4.28373 FY=-21.0001 FZ=-2.89853
MX=-0.671543 MY=0.160037 MZ=-0.580197


Constructing function set for tracking desired kinematics...

No Actuation analysis found in analysis set -- adding one
No Kinematics analysis found in analysis set -- adding one


 taskSet size = 29

Using the generalized coordinates specified in S:\RackSpaceSync\nmbl_running\OpenSimResults\subject17\ik\Results_191\Run_40001.mot to set the initial configuration.
Successfully linked to CFSQP library 'osimCFSQP.dll'
Using CFSQP optimizer algorithm.

Setting optimizer print level to 0.
Setting optimizer convergence criterion to 1e-006.
Setting optimizer maximum iterations to 1000.

Setting cmc controller to not use verbose printing.



================================================================
================================================================
Using CMC to track the specified kinematics
Integrating from 1.0365 to 1.7458
Start time = Tue Feb 28 23:36:18 2012
================================================================
rdCMC.computeControls:  t = 1.0365
rdCMC.computeControls:  t = 1.0375
rdCMC.computeControls:  t = 1.0385
rdCMC.computeControls:  t = 1.0395
rdCMC.computeControls:  t = 1.0405
rdCMC.computeControls:  t = 1.0415
rdCMC.computeControls:  t = 1.0425
rdCMC.computeControls:  t = 1.0435
rdCMC.computeControls:  t = 1.0445
rdCMC.computeControls:  t = 1.0455
rdCMC.computeControls:  t = 1.0465
rdCMC.computeControls:  t = 1.0475
rdCMC.computeControls:  t = 1.0485
rdCMC.computeControls:  t = 1.0495
rdCMC.computeControls:  t = 1.0505
rdCMC.computeControls:  t = 1.0515
rdCMC.computeControls:  t = 1.0525
rdCMC.computeControls:  t = 1.0535
rdCMC.computeControls:  t = 1.0545
rdCMC.computeControls:  t = 1.0555
rdCMC.computeControls:  t = 1.0565
rdCMC.computeControls:  t = 1.0575
rdCMC.computeControls:  t = 1.0585
rdCMC.computeControls:  t = 1.0595
rdCMC.computeControls:  t = 1.0605
rdCMC.computeControls:  t = 1.0615
rdCMC.computeControls:  t = 1.0625
rdCMC.computeControls:  t = 1.0635
rdCMC.computeControls:  t = 1.0645
rdCMC.computeControls:  t = 1.0655
rdCMC.computeControls:  t = 1.0665
rdCMC.computeControls:  t = 1.0675
rdCMC.computeControls:  t = 1.0685
rdCMC.computeControls:  t = 1.0695
rdCMC.computeControls:  t = 1.0705
rdCMC.computeControls:  t = 1.0715
rdCMC.computeControls:  t = 1.0725
rdCMC.computeControls:  t = 1.0735
rdCMC.computeControls:  t = 1.0745
rdCMC.computeControls:  t = 1.0755
rdCMC.computeControls:  t = 1.0765
rdCMC.computeControls:  t = 1.0775
rdCMC.computeControls:  t = 1.0785
rdCMC.computeControls:  t = 1.0795
rdCMC.computeControls:  t = 1.0805
rdCMC.computeControls:  t = 1.0815
rdCMC.computeControls:  t = 1.0825
rdCMC.computeControls:  t = 1.0835
rdCMC.computeControls:  t = 1.0845
rdCMC.computeControls:  t = 1.0855
rdCMC.computeControls:  t = 1.0865
rdCMC.computeControls:  t = 1.0875
rdCMC.computeControls:  t = 1.0885
rdCMC.computeControls:  t = 1.0895
rdCMC.computeControls:  t = 1.0905
rdCMC.computeControls:  t = 1.0915
rdCMC.computeControls:  t = 1.0925
rdCMC.computeControls:  t = 1.0935
rdCMC.computeControls:  t = 1.0945
rdCMC.computeControls:  t = 1.0955
rdCMC.computeControls:  t = 1.0965
rdCMC.computeControls:  t = 1.0975
rdCMC.computeControls:  t = 1.0985
rdCMC.computeControls:  t = 1.0995
rdCMC.computeControls:  t = 1.1005
rdCMC.computeControls:  t = 1.1015
rdCMC.computeControls:  t = 1.1025
rdCMC.computeControls:  t = 1.1035
rdCMC.computeControls:  t = 1.1045
rdCMC.computeControls:  t = 1.1055
rdCMC.computeControls:  t = 1.1065
rdCMC.computeControls:  t = 1.1075
rdCMC.computeControls:  t = 1.1085
rdCMC.computeControls:  t = 1.1095
rdCMC.computeControls:  t = 1.1105
rdCMC.computeControls:  t = 1.1115
rdCMC.computeControls:  t = 1.1125
rdCMC.computeControls:  t = 1.1135
rdCMC.computeControls:  t = 1.1145
rdCMC.computeControls:  t = 1.1155
rdCMC.computeControls:  t = 1.1165
rdCMC.computeControls:  t = 1.1175
rdCMC.computeControls:  t = 1.1185
rdCMC.computeControls:  t = 1.1195
rdCMC.computeControls:  t = 1.1205
rdCMC.computeControls:  t = 1.1215
rdCMC.computeControls:  t = 1.1225
rdCMC.computeControls:  t = 1.1235
rdCMC.computeControls:  t = 1.1245
rdCMC.computeControls:  t = 1.1255
rdCMC.computeControls:  t = 1.1265
rdCMC.computeControls:  t = 1.1275
rdCMC.computeControls:  t = 1.1285
rdCMC.computeControls:  t = 1.1295
rdCMC.computeControls:  t = 1.1305
rdCMC.computeControls:  t = 1.1315
rdCMC.computeControls:  t = 1.1325
rdCMC.computeControls:  t = 1.1335
rdCMC.computeControls:  t = 1.1345
rdCMC.computeControls:  t = 1.1355
rdCMC.computeControls:  t = 1.1365
rdCMC.computeControls:  t = 1.1375
rdCMC.computeControls:  t = 1.1385
rdCMC.computeControls:  t = 1.1395
rdCMC.computeControls:  t = 1.1405
rdCMC.computeControls:  t = 1.1415
rdCMC.computeControls:  t = 1.1425
rdCMC.computeControls:  t = 1.1435
rdCMC.computeControls:  t = 1.1445
rdCMC.computeControls:  t = 1.1455
rdCMC.computeControls:  t = 1.1465
rdCMC.computeControls:  t = 1.1475
rdCMC.computeControls:  t = 1.1485
rdCMC.computeControls:  t = 1.1495
rdCMC.computeControls:  t = 1.1505
rdCMC.computeControls:  t = 1.1515
rdCMC.computeControls:  t = 1.1525
rdCMC.computeControls:  t = 1.1535
rdCMC.computeControls:  t = 1.1545
rdCMC.computeControls:  t = 1.1555
rdCMC.computeControls:  t = 1.1565
rdCMC.computeControls:  t = 1.1575
rdCMC.computeControls:  t = 1.1585
rdCMC.computeControls:  t = 1.1595
rdCMC.computeControls:  t = 1.1605
rdCMC.computeControls:  t = 1.1615
rdCMC.computeControls:  t = 1.1625
rdCMC.computeControls:  t = 1.1635
rdCMC.computeControls:  t = 1.1645
rdCMC.computeControls:  t = 1.1655
rdCMC.computeControls:  t = 1.1665
rdCMC.computeControls:  t = 1.1675
rdCMC.computeControls:  t = 1.1685
rdCMC.computeControls:  t = 1.1695
rdCMC.computeControls:  t = 1.1705
rdCMC.computeControls:  t = 1.1715
rdCMC.computeControls:  t = 1.1725
rdCMC.computeControls:  t = 1.1735
rdCMC.computeControls:  t = 1.1745
rdCMC.computeControls:  t = 1.1755
rdCMC.computeControls:  t = 1.1765
rdCMC.computeControls:  t = 1.1775
rdCMC.computeControls:  t = 1.1785
rdCMC.computeControls:  t = 1.1795
rdCMC.computeControls:  t = 1.1805
rdCMC.computeControls:  t = 1.1815
rdCMC.computeControls:  t = 1.1825
rdCMC.computeControls:  t = 1.1835
rdCMC.computeControls:  t = 1.1845
rdCMC.computeControls:  t = 1.1855
rdCMC.computeControls:  t = 1.1865
rdCMC.computeControls:  t = 1.1875
rdCMC.computeControls:  t = 1.1885
rdCMC.computeControls:  t = 1.1895
rdCMC.computeControls:  t = 1.1905
rdCMC.computeControls:  t = 1.1915
rdCMC.computeControls:  t = 1.1925
rdCMC.computeControls:  t = 1.1935
rdCMC.computeControls:  t = 1.1945
rdCMC.computeControls:  t = 1.1955
rdCMC.computeControls:  t = 1.1965
rdCMC.computeControls:  t = 1.1975
rdCMC.computeControls:  t = 1.1985
rdCMC.computeControls:  t = 1.1995
rdCMC.computeControls:  t = 1.2005
rdCMC.computeControls:  t = 1.2015
rdCMC.computeControls:  t = 1.2025
rdCMC.computeControls:  t = 1.2035
rdCMC.computeControls:  t = 1.2045
rdCMC.computeControls:  t = 1.2055
rdCMC.computeControls:  t = 1.2065
rdCMC.computeControls:  t = 1.2075
rdCMC.computeControls:  t = 1.2085
rdCMC.computeControls:  t = 1.2095
rdCMC.computeControls:  t = 1.2105
rdCMC.computeControls:  t = 1.2115
rdCMC.computeControls:  t = 1.2125
rdCMC.computeControls:  t = 1.2135
rdCMC.computeControls:  t = 1.2145
rdCMC.computeControls:  t = 1.2155
rdCMC.computeControls:  t = 1.2165
rdCMC.computeControls:  t = 1.2175
rdCMC.computeControls:  t = 1.2185
rdCMC.computeControls:  t = 1.2195
rdCMC.computeControls:  t = 1.2205
rdCMC.computeControls:  t = 1.2215
rdCMC.computeControls:  t = 1.2225
rdCMC.computeControls:  t = 1.2235
rdCMC.computeControls:  t = 1.2245
rdCMC.computeControls:  t = 1.2255
rdCMC.computeControls:  t = 1.2265
rdCMC.computeControls:  t = 1.2275
rdCMC.computeControls:  t = 1.2285
rdCMC.computeControls:  t = 1.2295
rdCMC.computeControls:  t = 1.2305
rdCMC.computeControls:  t = 1.2315
rdCMC.computeControls:  t = 1.2325
rdCMC.computeControls:  t = 1.2335
rdCMC.computeControls:  t = 1.2345
rdCMC.computeControls:  t = 1.2355
rdCMC.computeControls:  t = 1.2365
rdCMC.computeControls:  t = 1.2375
rdCMC.computeControls:  t = 1.2385
rdCMC.computeControls:  t = 1.2395
rdCMC.computeControls:  t = 1.2405
rdCMC.computeControls:  t = 1.2415
rdCMC.computeControls:  t = 1.2425
rdCMC.computeControls:  t = 1.2435
rdCMC.computeControls:  t = 1.2445
rdCMC.computeControls:  t = 1.2455
rdCMC.computeControls:  t = 1.2465
rdCMC.computeControls:  t = 1.2475
rdCMC.computeControls:  t = 1.2485
rdCMC.computeControls:  t = 1.2495
rdCMC.computeControls:  t = 1.2505
rdCMC.computeControls:  t = 1.2515
rdCMC.computeControls:  t = 1.2525
rdCMC.computeControls:  t = 1.2535
rdCMC.computeControls:  t = 1.2545
rdCMC.computeControls:  t = 1.2555
rdCMC.computeControls:  t = 1.2565
rdCMC.computeControls:  t = 1.2575
rdCMC.computeControls:  t = 1.2585
rdCMC.computeControls:  t = 1.2595
rdCMC.computeControls:  t = 1.2605
rdCMC.computeControls:  t = 1.2615
rdCMC.computeControls:  t = 1.2625
rdCMC.computeControls:  t = 1.2635
rdCMC.computeControls:  t = 1.2645
rdCMC.computeControls:  t = 1.2655
rdCMC.computeControls:  t = 1.2665
rdCMC.computeControls:  t = 1.2675
rdCMC.computeControls:  t = 1.2685
rdCMC.computeControls:  t = 1.2695
rdCMC.computeControls:  t = 1.2705
rdCMC.computeControls:  t = 1.2715
rdCMC.computeControls:  t = 1.2725
rdCMC.computeControls:  t = 1.2735
rdCMC.computeControls:  t = 1.2745
rdCMC.computeControls:  t = 1.2755
rdCMC.computeControls:  t = 1.2765
rdCMC.computeControls:  t = 1.2775
rdCMC.computeControls:  t = 1.2785
rdCMC.computeControls:  t = 1.2795
rdCMC.computeControls:  t = 1.2805
rdCMC.computeControls:  t = 1.2815
rdCMC.computeControls:  t = 1.2825
rdCMC.computeControls:  t = 1.2835
rdCMC.computeControls:  t = 1.2845
rdCMC.computeControls:  t = 1.2855
rdCMC.computeControls:  t = 1.2865
rdCMC.computeControls:  t = 1.2875
rdCMC.computeControls:  t = 1.2885
rdCMC.computeControls:  t = 1.2895
rdCMC.computeControls:  t = 1.2905
rdCMC.computeControls:  t = 1.2915
rdCMC.computeControls:  t = 1.2925
rdCMC.computeControls:  t = 1.2935
rdCMC.computeControls:  t = 1.2945
rdCMC.computeControls:  t = 1.2955
rdCMC.computeControls:  t = 1.2965
rdCMC.computeControls:  t = 1.2975
rdCMC.computeControls:  t = 1.2985
rdCMC.computeControls:  t = 1.2995
rdCMC.computeControls:  t = 1.3005
rdCMC.computeControls:  t = 1.3015
rdCMC.computeControls:  t = 1.3025
rdCMC.computeControls:  t = 1.3035
rdCMC.computeControls:  t = 1.3045
rdCMC.computeControls:  t = 1.3055
rdCMC.computeControls:  t = 1.3065
rdCMC.computeControls:  t = 1.3075
rdCMC.computeControls:  t = 1.3085
rdCMC.computeControls:  t = 1.3095
rdCMC.computeControls:  t = 1.3105
rdCMC.computeControls:  t = 1.3115
rdCMC.computeControls:  t = 1.3125
rdCMC.computeControls:  t = 1.3135
rdCMC.computeControls:  t = 1.3145
rdCMC.computeControls:  t = 1.3155
rdCMC.computeControls:  t = 1.3165
rdCMC.computeControls:  t = 1.3175
rdCMC.computeControls:  t = 1.3185
rdCMC.computeControls:  t = 1.3195
rdCMC.computeControls:  t = 1.3205
rdCMC.computeControls:  t = 1.3215
rdCMC.computeControls:  t = 1.3225
rdCMC.computeControls:  t = 1.3235
rdCMC.computeControls:  t = 1.3245
rdCMC.computeControls:  t = 1.3255
rdCMC.computeControls:  t = 1.3265
rdCMC.computeControls:  t = 1.3275
rdCMC.computeControls:  t = 1.3285
rdCMC.computeControls:  t = 1.3295
rdCMC.computeControls:  t = 1.3305
rdCMC.computeControls:  t = 1.3315
rdCMC.computeControls:  t = 1.3325
rdCMC.computeControls:  t = 1.3335
rdCMC.computeControls:  t = 1.3345
rdCMC.computeControls:  t = 1.3355
rdCMC.computeControls:  t = 1.3365
rdCMC.computeControls:  t = 1.3375
rdCMC.computeControls:  t = 1.3385
rdCMC.computeControls:  t = 1.3395
rdCMC.computeControls:  t = 1.3405
rdCMC.computeControls:  t = 1.3415
rdCMC.computeControls:  t = 1.3425
rdCMC.computeControls:  t = 1.3435
rdCMC.computeControls:  t = 1.3445
rdCMC.computeControls:  t = 1.3455
rdCMC.computeControls:  t = 1.3465
rdCMC.computeControls:  t = 1.3475
rdCMC.computeControls:  t = 1.3485
rdCMC.computeControls:  t = 1.3495
rdCMC.computeControls:  t = 1.3505
rdCMC.computeControls:  t = 1.3515
rdCMC.computeControls:  t = 1.3525
rdCMC.computeControls:  t = 1.3535
rdCMC.computeControls:  t = 1.3545
rdCMC.computeControls:  t = 1.3555
rdCMC.computeControls:  t = 1.3565
rdCMC.computeControls:  t = 1.3575
rdCMC.computeControls:  t = 1.3585
rdCMC.computeControls:  t = 1.3595
rdCMC.computeControls:  t = 1.3605
rdCMC.computeControls:  t = 1.3615
rdCMC.computeControls:  t = 1.3625
rdCMC.computeControls:  t = 1.3635
rdCMC.computeControls:  t = 1.3645
rdCMC.computeControls:  t = 1.3655
rdCMC.computeControls:  t = 1.3665
rdCMC.computeControls:  t = 1.3675
rdCMC.computeControls:  t = 1.3685
rdCMC.computeControls:  t = 1.3695
rdCMC.computeControls:  t = 1.3705
rdCMC.computeControls:  t = 1.3715
rdCMC.computeControls:  t = 1.3725
rdCMC.computeControls:  t = 1.3735
rdCMC.computeControls:  t = 1.3745
rdCMC.computeControls:  t = 1.3755
rdCMC.computeControls:  t = 1.3765
rdCMC.computeControls:  t = 1.3775
rdCMC.computeControls:  t = 1.3785
rdCMC.computeControls:  t = 1.3795
rdCMC.computeControls:  t = 1.3805
rdCMC.computeControls:  t = 1.3815
rdCMC.computeControls:  t = 1.3825
rdCMC.computeControls:  t = 1.3835
rdCMC.computeControls:  t = 1.3845
rdCMC.computeControls:  t = 1.3855
rdCMC.computeControls:  t = 1.3865
rdCMC.computeControls:  t = 1.3875
rdCMC.computeControls:  t = 1.3885
rdCMC.computeControls:  t = 1.3895
rdCMC.computeControls:  t = 1.3905
rdCMC.computeControls:  t = 1.3915
rdCMC.computeControls:  t = 1.3925
rdCMC.computeControls:  t = 1.3935
rdCMC.computeControls:  t = 1.3945
rdCMC.computeControls:  t = 1.3955
rdCMC.computeControls:  t = 1.3965
rdCMC.computeControls:  t = 1.3975
rdCMC.computeControls:  t = 1.3985
rdCMC.computeControls:  t = 1.3995
rdCMC.computeControls:  t = 1.4005
rdCMC.computeControls:  t = 1.4015
rdCMC.computeControls:  t = 1.4025
rdCMC.computeControls:  t = 1.4035
rdCMC.computeControls:  t = 1.4045
rdCMC.computeControls:  t = 1.4055
rdCMC.computeControls:  t = 1.4065
rdCMC.computeControls:  t = 1.4075
rdCMC.computeControls:  t = 1.4085
rdCMC.computeControls:  t = 1.4095
rdCMC.computeControls:  t = 1.4105
rdCMC.computeControls:  t = 1.4115
rdCMC.computeControls:  t = 1.4125
rdCMC.computeControls:  t = 1.4135
rdCMC.computeControls:  t = 1.4145
rdCMC.computeControls:  t = 1.4155
rdCMC.computeControls:  t = 1.4165
rdCMC.computeControls:  t = 1.4175
rdCMC.computeControls:  t = 1.4185
rdCMC.computeControls:  t = 1.4195
rdCMC.computeControls:  t = 1.4205
rdCMC.computeControls:  t = 1.4215
rdCMC.computeControls:  t = 1.4225
rdCMC.computeControls:  t = 1.4235
rdCMC.computeControls:  t = 1.4245
rdCMC.computeControls:  t = 1.4255
rdCMC.computeControls:  t = 1.4265
rdCMC.computeControls:  t = 1.4275
rdCMC.computeControls:  t = 1.4285
rdCMC.computeControls:  t = 1.4295
rdCMC.computeControls:  t = 1.4305
rdCMC.computeControls:  t = 1.4315
rdCMC.computeControls:  t = 1.4325
rdCMC.computeControls:  t = 1.4335
rdCMC.computeControls:  t = 1.4345
rdCMC.computeControls:  t = 1.4355
rdCMC.computeControls:  t = 1.4365
rdCMC.computeControls:  t = 1.4375
rdCMC.computeControls:  t = 1.4385
rdCMC.computeControls:  t = 1.4395
rdCMC.computeControls:  t = 1.4405
rdCMC.computeControls:  t = 1.4415
rdCMC.computeControls:  t = 1.4425
rdCMC.computeControls:  t = 1.4435
rdCMC.computeControls:  t = 1.4445
rdCMC.computeControls:  t = 1.4455
rdCMC.computeControls:  t = 1.4465
rdCMC.computeControls:  t = 1.4475
rdCMC.computeControls:  t = 1.4485
rdCMC.computeControls:  t = 1.4495
rdCMC.computeControls:  t = 1.4505
rdCMC.computeControls:  t = 1.4515
rdCMC.computeControls:  t = 1.4525
rdCMC.computeControls:  t = 1.4535
rdCMC.computeControls:  t = 1.4545
rdCMC.computeControls:  t = 1.4555
rdCMC.computeControls:  t = 1.4565
rdCMC.computeControls:  t = 1.4575
rdCMC.computeControls:  t = 1.4585
rdCMC.computeControls:  t = 1.4595
rdCMC.computeControls:  t = 1.4605
rdCMC.computeControls:  t = 1.4615
rdCMC.computeControls:  t = 1.4625
rdCMC.computeControls:  t = 1.4635
rdCMC.computeControls:  t = 1.4645
rdCMC.computeControls:  t = 1.4655
rdCMC.computeControls:  t = 1.4665
rdCMC.computeControls:  t = 1.4675
rdCMC.computeControls:  t = 1.4685
rdCMC.computeControls:  t = 1.4695
rdCMC.computeControls:  t = 1.4705
rdCMC.computeControls:  t = 1.4715
rdCMC.computeControls:  t = 1.4725
rdCMC.computeControls:  t = 1.4735
rdCMC.computeControls:  t = 1.4745
rdCMC.computeControls:  t = 1.4755
rdCMC.computeControls:  t = 1.4765
rdCMC.computeControls:  t = 1.4775
rdCMC.computeControls:  t = 1.4785
rdCMC.computeControls:  t = 1.4795
rdCMC.computeControls:  t = 1.4805
rdCMC.computeControls:  t = 1.4815
rdCMC.computeControls:  t = 1.4825
rdCMC.computeControls:  t = 1.4835
rdCMC.computeControls:  t = 1.4845
rdCMC.computeControls:  t = 1.4855
rdCMC.computeControls:  t = 1.4865
rdCMC.computeControls:  t = 1.4875
rdCMC.computeControls:  t = 1.4885
rdCMC.computeControls:  t = 1.4895
rdCMC.computeControls:  t = 1.4905
rdCMC.computeControls:  t = 1.4915
rdCMC.computeControls:  t = 1.4925
rdCMC.computeControls:  t = 1.4935
rdCMC.computeControls:  t = 1.4945
rdCMC.computeControls:  t = 1.4955
rdCMC.computeControls:  t = 1.4965
rdCMC.computeControls:  t = 1.4975
rdCMC.computeControls:  t = 1.4985
rdCMC.computeControls:  t = 1.4995
rdCMC.computeControls:  t = 1.5005
rdCMC.computeControls:  t = 1.5015
rdCMC.computeControls:  t = 1.5025
rdCMC.computeControls:  t = 1.5035
rdCMC.computeControls:  t = 1.5045
rdCMC.computeControls:  t = 1.5055
rdCMC.computeControls:  t = 1.5065
rdCMC.computeControls:  t = 1.5075
rdCMC.computeControls:  t = 1.5085
rdCMC.computeControls:  t = 1.5095
rdCMC.computeControls:  t = 1.5105
rdCMC.computeControls:  t = 1.5115
rdCMC.computeControls:  t = 1.5125
rdCMC.computeControls:  t = 1.5135
rdCMC.computeControls:  t = 1.5145
rdCMC.computeControls:  t = 1.5155
rdCMC.computeControls:  t = 1.5165
rdCMC.computeControls:  t = 1.5175
rdCMC.computeControls:  t = 1.5185
rdCMC.computeControls:  t = 1.5195
rdCMC.computeControls:  t = 1.5205
rdCMC.computeControls:  t = 1.5215
rdCMC.computeControls:  t = 1.5225
rdCMC.computeControls:  t = 1.5235
rdCMC.computeControls:  t = 1.5245
rdCMC.computeControls:  t = 1.5255
rdCMC.computeControls:  t = 1.5265
rdCMC.computeControls:  t = 1.5275
rdCMC.computeControls:  t = 1.5285
rdCMC.computeControls:  t = 1.5295
rdCMC.computeControls:  t = 1.5305
rdCMC.computeControls:  t = 1.5315
rdCMC.computeControls:  t = 1.5325
rdCMC.computeControls:  t = 1.5335
rdCMC.computeControls:  t = 1.5345
rdCMC.computeControls:  t = 1.5355
rdCMC.computeControls:  t = 1.5365
rdCMC.computeControls:  t = 1.5375
rdCMC.computeControls:  t = 1.5385
rdCMC.computeControls:  t = 1.5395
rdCMC.computeControls:  t = 1.5405
rdCMC.computeControls:  t = 1.5415
rdCMC.computeControls:  t = 1.5425
rdCMC.computeControls:  t = 1.5435
rdCMC.computeControls:  t = 1.5445
rdCMC.computeControls:  t = 1.5455
rdCMC.computeControls:  t = 1.5465
rdCMC.computeControls:  t = 1.5475
rdCMC.computeControls:  t = 1.5485
rdCMC.computeControls:  t = 1.5495
rdCMC.computeControls:  t = 1.5505
rdCMC.computeControls:  t = 1.5515
rdCMC.computeControls:  t = 1.5525
rdCMC.computeControls:  t = 1.5535
rdCMC.computeControls:  t = 1.5545
rdCMC.computeControls:  t = 1.5555
rdCMC.computeControls:  t = 1.5565
rdCMC.computeControls:  t = 1.5575
rdCMC.computeControls:  t = 1.5585
rdCMC.computeControls:  t = 1.5595
rdCMC.computeControls:  t = 1.5605
rdCMC.computeControls:  t = 1.5615
rdCMC.computeControls:  t = 1.5625
rdCMC.computeControls:  t = 1.5635
rdCMC.computeControls:  t = 1.5645
rdCMC.computeControls:  t = 1.5655
rdCMC.computeControls:  t = 1.5665
rdCMC.computeControls:  t = 1.5675
rdCMC.computeControls:  t = 1.5685
rdCMC.computeControls:  t = 1.5695
rdCMC.computeControls:  t = 1.5705
rdCMC.computeControls:  t = 1.5715
rdCMC.computeControls:  t = 1.5725
rdCMC.computeControls:  t = 1.5735
rdCMC.computeControls:  t = 1.5745
rdCMC.computeControls:  t = 1.5755
rdCMC.computeControls:  t = 1.5765
rdCMC.computeControls:  t = 1.5775
rdCMC.computeControls:  t = 1.5785
rdCMC.computeControls:  t = 1.5795
rdCMC.computeControls:  t = 1.5805
rdCMC.computeControls:  t = 1.5815
rdCMC.computeControls:  t = 1.5825
rdCMC.computeControls:  t = 1.5835
rdCMC.computeControls:  t = 1.5845
rdCMC.computeControls:  t = 1.5855
rdCMC.computeControls:  t = 1.5865
rdCMC.computeControls:  t = 1.5875
rdCMC.computeControls:  t = 1.5885
rdCMC.computeControls:  t = 1.5895
rdCMC.computeControls:  t = 1.5905
rdCMC.computeControls:  t = 1.5915
rdCMC.computeControls:  t = 1.5925
rdCMC.computeControls:  t = 1.5935
rdCMC.computeControls:  t = 1.5945
rdCMC.computeControls:  t = 1.5955
rdCMC.computeControls:  t = 1.5965
rdCMC.computeControls:  t = 1.5975
rdCMC.computeControls:  t = 1.5985
rdCMC.computeControls:  t = 1.5995
rdCMC.computeControls:  t = 1.6005
rdCMC.computeControls:  t = 1.6015
rdCMC.computeControls:  t = 1.6025
rdCMC.computeControls:  t = 1.6035
rdCMC.computeControls:  t = 1.6045
rdCMC.computeControls:  t = 1.6055
rdCMC.computeControls:  t = 1.6065
rdCMC.computeControls:  t = 1.6075
rdCMC.computeControls:  t = 1.6085
rdCMC.computeControls:  t = 1.6095
rdCMC.computeControls:  t = 1.6105
rdCMC.computeControls:  t = 1.6115
rdCMC.computeControls:  t = 1.6125
rdCMC.computeControls:  t = 1.6135
rdCMC.computeControls:  t = 1.6145
rdCMC.computeControls:  t = 1.6155
rdCMC.computeControls:  t = 1.6165
rdCMC.computeControls:  t = 1.6175
rdCMC.computeControls:  t = 1.6185
rdCMC.computeControls:  t = 1.6195
rdCMC.computeControls:  t = 1.6205
rdCMC.computeControls:  t = 1.6215
rdCMC.computeControls:  t = 1.6225
rdCMC.computeControls:  t = 1.6235
rdCMC.computeControls:  t = 1.6245
rdCMC.computeControls:  t = 1.6255
rdCMC.computeControls:  t = 1.6265
rdCMC.computeControls:  t = 1.6275
rdCMC.computeControls:  t = 1.6285
rdCMC.computeControls:  t = 1.6295
rdCMC.computeControls:  t = 1.6305
rdCMC.computeControls:  t = 1.6315
rdCMC.computeControls:  t = 1.6325
rdCMC.computeControls:  t = 1.6335
rdCMC.computeControls:  t = 1.6345
rdCMC.computeControls:  t = 1.6355
rdCMC.computeControls:  t = 1.6365
rdCMC.computeControls:  t = 1.6375
rdCMC.computeControls:  t = 1.6385
rdCMC.computeControls:  t = 1.6395
rdCMC.computeControls:  t = 1.6405
rdCMC.computeControls:  t = 1.6415
rdCMC.computeControls:  t = 1.6425
rdCMC.computeControls:  t = 1.6435
rdCMC.computeControls:  t = 1.6445
rdCMC.computeControls:  t = 1.6455
rdCMC.computeControls:  t = 1.6465
rdCMC.computeControls:  t = 1.6475
rdCMC.computeControls:  t = 1.6485
rdCMC.computeControls:  t = 1.6495
rdCMC.computeControls:  t = 1.6505
rdCMC.computeControls:  t = 1.6515
rdCMC.computeControls:  t = 1.6525
rdCMC.computeControls:  t = 1.6535
rdCMC.computeControls:  t = 1.6545
rdCMC.computeControls:  t = 1.6555
rdCMC.computeControls:  t = 1.6565
rdCMC.computeControls:  t = 1.6575
rdCMC.computeControls:  t = 1.6585
rdCMC.computeControls:  t = 1.6595
rdCMC.computeControls:  t = 1.6605
rdCMC.computeControls:  t = 1.6615
rdCMC.computeControls:  t = 1.6625
rdCMC.computeControls:  t = 1.6635
rdCMC.computeControls:  t = 1.6645
rdCMC.computeControls:  t = 1.6655
rdCMC.computeControls:  t = 1.6665
rdCMC.computeControls:  t = 1.6675
rdCMC.computeControls:  t = 1.6685
rdCMC.computeControls:  t = 1.6695
rdCMC.computeControls:  t = 1.6705
rdCMC.computeControls:  t = 1.6715
rdCMC.computeControls:  t = 1.6725
rdCMC.computeControls:  t = 1.6735
rdCMC.computeControls:  t = 1.6745
rdCMC.computeControls:  t = 1.6755
rdCMC.computeControls:  t = 1.6765
rdCMC.computeControls:  t = 1.6775
rdCMC.computeControls:  t = 1.6785
rdCMC.computeControls:  t = 1.6795
rdCMC.computeControls:  t = 1.6805
rdCMC.computeControls:  t = 1.6815
rdCMC.computeControls:  t = 1.6825
rdCMC.computeControls:  t = 1.6835
rdCMC.computeControls:  t = 1.6845
rdCMC.computeControls:  t = 1.6855
rdCMC.computeControls:  t = 1.6865
rdCMC.computeControls:  t = 1.6875
rdCMC.computeControls:  t = 1.6885
rdCMC.computeControls:  t = 1.6895
rdCMC.computeControls:  t = 1.6905
rdCMC.computeControls:  t = 1.6915
rdCMC.computeControls:  t = 1.6925
rdCMC.computeControls:  t = 1.6935
rdCMC.computeControls:  t = 1.6945
rdCMC.computeControls:  t = 1.6955
rdCMC.computeControls:  t = 1.6965
rdCMC.computeControls:  t = 1.6975
rdCMC.computeControls:  t = 1.6985
rdCMC.computeControls:  t = 1.6995
rdCMC.computeControls:  t = 1.7005
rdCMC.computeControls:  t = 1.7015
rdCMC.computeControls:  t = 1.7025
rdCMC.computeControls:  t = 1.7035
rdCMC.computeControls:  t = 1.7045
rdCMC.computeControls:  t = 1.7055
rdCMC.computeControls:  t = 1.7065
rdCMC.computeControls:  t = 1.7075
rdCMC.computeControls:  t = 1.7085
rdCMC.computeControls:  t = 1.7095
rdCMC.computeControls:  t = 1.7105
rdCMC.computeControls:  t = 1.7115
rdCMC.computeControls:  t = 1.7125
rdCMC.computeControls:  t = 1.7135
rdCMC.computeControls:  t = 1.7145
rdCMC.computeControls:  t = 1.7155
rdCMC.computeControls:  t = 1.7165
rdCMC.computeControls:  t = 1.7175
rdCMC.computeControls:  t = 1.7185
rdCMC.computeControls:  t = 1.7195
rdCMC.computeControls:  t = 1.7205
rdCMC.computeControls:  t = 1.7215
rdCMC.computeControls:  t = 1.7225
rdCMC.computeControls:  t = 1.7235
rdCMC.computeControls:  t = 1.7245
rdCMC.computeControls:  t = 1.7255
rdCMC.computeControls:  t = 1.7265
rdCMC.computeControls:  t = 1.7275
rdCMC.computeControls:  t = 1.7285
rdCMC.computeControls:  t = 1.7295
rdCMC.computeControls:  t = 1.7305
rdCMC.computeControls:  t = 1.7315
rdCMC.computeControls:  t = 1.7325
rdCMC.computeControls:  t = 1.7335
rdCMC.computeControls:  t = 1.7345
rdCMC.computeControls:  t = 1.7355
rdCMC.computeControls:  t = 1.7365
rdCMC.computeControls:  t = 1.7375
rdCMC.computeControls:  t = 1.7385
rdCMC.computeControls:  t = 1.7395
rdCMC.computeControls:  t = 1.7405
rdCMC.computeControls:  t = 1.7415
rdCMC.computeControls:  t = 1.7425
rdCMC.computeControls:  t = 1.7435
rdCMC.computeControls:  t = 1.7445
----------------------------------------------------------------
Finished tracking the specified kinematics
=================================================================
Start time   = Tue Feb 28 23:36:18 2012
Finish time  = Tue Feb 28 23:44:36 2012
Elapsed time = 498 seconds.
================================================================


Printing results of investigation subject17_Run_40001_cycle2 to RRA_Results_v191_Run_40001_cycle2.


Average residuals:
FX=-1.8053 FY=-1.45062 FZ=-0.924319
MX=1.11945 MY=-0.542564 MZ=-3.51288


