<!-- Copyright (c) 2013, Stanford University

Permission is hereby granted, free of charge, to any person obtaining a copy of this software and associated documentation files (the "Software"), to deal in the Software without restriction, including without limitation the rights to use, copy, modify, merge, publish, distribute, sublicense, and/or sell copies of the Software, and to permit persons to whom the Software is furnished to do so, subject to the following conditions:

The above copyright notice and this permission notice shall be included in all copies or substantial portions of the Software.

THE SOFTWARE IS PROVIDED "AS IS", WITHOUT WARRANTY OF ANY KIND, EXPRESS OR IMPLIED, INCLUDING BUT NOT LIMITED TO THE WARRANTIES OF MERCHANTABILITY, FITNESS FOR A PARTICULAR PURPOSE AND NONINFRINGEMENT. IN NO EVENT SHALL THE AUTHORS OR COPYRIGHT HOLDERS BE LIABLE FOR ANY CLAIM, DAMAGES OR OTHER LIABILITY, WHETHER IN AN ACTION OF CONTRACT, TORT OR OTHERWISE, ARISING FROM, OUT OF OR IN CONNECTION WITH THE SOFTWARE OR THE USE OR OTHER DEALINGS IN THE 
SOFTWARE.

Please cite: Hamner, S.R., Delp, S.L. (2013) Muscle contributions to fore-aft and vertical body mass center accelerations 
over a range of running speeds. Journal of Biomechanics, vol 46, pp 780-787.-->

-------------------------------------------------------
This program includes software developed by the
Apache Software Foundation (http://www.apache.org/).
-------------------------------------------------------


-------------------------------------------------------
Library SimbodyEngine...
-------------------------------------------------------

Constructing investigation from setup file subject17_Setup_RRA_Run_40001_cycle3_v191.xml.

AbstractTool subject17_Run_40001_cycle3 loading model '../../scale/subject17_scaled_v191.osim'
Created model subject17_scaled from file ../../scale/subject17_scaled_v191.osim
Adding actuator set from ../gait2392_RRA_Actuators_v191.xml
-----------------------------------------------------------------------
Loaded library
-----------------------------------------------------------------------
             MODEL: subject17_scaled
         actuators: 29
          analyses: 0
          contacts: 0
-----------------------------------------------------------------------

Running tool subject17_Run_40001_cycle3.
MODEL: subject17_scaled

ANALYSES (0)

BODIES (21)
body[0] = ground (mass: 0) (inertia: 0 0 0 0 0 0 0 0 0)
body[1] = pelvis (mass: 10.7245) (inertia: 0.0849368 0 0 0 0.0719649 0 0 0 0.0478389)
body[2] = femur_r (mass: 8.47013) (inertia: 0.131522 0 0 0 0.0344766 0 0 0 0.138692)
body[3] = tibia_r (mass: 3.37616) (inertia: 0.0479256 0 0 0 0.00484962 0 0 0 0.0485913)
body[4] = talus_r (mass: 0.0910629) (inertia: 0.00095175 0 0 0 0.00095175 0 0 0 0.00095175)
body[5] = calcn_r (mass: 1.13829) (inertia: 0.00133244 0 0 0 0.00371181 0 0 0 0.00390216)
body[6] = toes_r (mass: 0.197242) (inertia: 9.517e-005 0 0 0 0.00019035 0 0 0 0.00095175)
body[7] = femur_l (mass: 8.47013) (inertia: 0.131522 0 0 0 0.0344766 0 0 0 0.138692)
body[8] = tibia_l (mass: 3.37616) (inertia: 0.0476422 0 0 0 0.00428282 0 0 0 0.0476422)
body[9] = talus_l (mass: 0.0910629) (inertia: 0.00095175 0 0 0 0.00095175 0 0 0 0.00095175)
body[10] = calcn_l (mass: 1.13829) (inertia: 0.00133244 0 0 0 0.00371181 0 0 0 0.00390216)
body[11] = toes_l (mass: 0.197242) (inertia: 9.517e-005 0 0 0 0.00019035 0 0 0 0.00095175)
body[12] = torso (mass: 24.4291) (inertia: 1.27414 0 0 0 0.652838 0 0 0 1.23689)
body[13] = humerus_r (mass: 1.85085) (inertia: 0.00987128 0 0 0 0.00340528 0 0 0 0.0110802)
body[14] = ulna_r (mass: 0.553207) (inertia: 0.00260446 0 0 0 0.0005434 0 0 0 0.00282516)
body[15] = radius_r (mass: 0.553207) (inertia: 0.00260446 0 0 0 0.0005434 0 0 0 0.00282516)
body[16] = hand_r (mass: 0.416613) (inertia: 0.00078433 0 0 0 0.00048097 0 0 0 0.00117825)
body[17] = humerus_l (mass: 1.85085) (inertia: 0.00987128 0 0 0 0.00340528 0 0 0 0.0110802)
body[18] = ulna_l (mass: 0.553207) (inertia: 0.00260446 0 0 0 0.0005434 0 0 0 0.00282516)
body[19] = radius_l (mass: 0.553207) (inertia: 0.00260446 0 0 0 0.0005434 0 0 0 0.00282516)
body[20] = hand_l (mass: 0.416613) (inertia: 0.00078433 0 0 0 0.00048097 0 0 0 0.00117825)

ACTUATORS (29)
actuator[0] = FX (controls: FX.excitation)
actuator[1] = FY (controls: FY.excitation)
actuator[2] = FZ (controls: FZ.excitation)
actuator[3] = MX (controls: MX.excitation)
actuator[4] = MY (controls: MY.excitation)
actuator[5] = MZ (controls: MZ.excitation)
actuator[6] = hip_flexion_r (controls: hip_flexion_r.excitation)
actuator[7] = hip_adduction_r (controls: hip_adduction_r.excitation)
actuator[8] = hip_rotation_r (controls: hip_rotation_r.excitation)
actuator[9] = knee_angle_r (controls: knee_angle_r.excitation)
actuator[10] = ankle_angle_r (controls: ankle_angle_r.excitation)
actuator[11] = hip_flexion_l (controls: hip_flexion_l.excitation)
actuator[12] = hip_adduction_l (controls: hip_adduction_l.excitation)
actuator[13] = hip_rotation_l (controls: hip_rotation_l.excitation)
actuator[14] = knee_angle_l (controls: knee_angle_l.excitation)
actuator[15] = ankle_angle_l (controls: ankle_angle_l.excitation)
actuator[16] = lumbar_extension (controls: lumbar_extension.excitation)
actuator[17] = lumbar_bending (controls: lumbar_bending.excitation)
actuator[18] = lumbar_rotation (controls: lumbar_rotation.excitation)
actuator[19] = arm_flex_r (controls: arm_flex_r.excitation)
actuator[20] = arm_add_r (controls: arm_add_r.excitation)
actuator[21] = arm_rot_r (controls: arm_rot_r.excitation)
actuator[22] = elbow_flex_r (controls: elbow_flex_r.excitation)
actuator[23] = pro_sup_r (controls: pro_sup_r.excitation)
actuator[24] = arm_flex_l (controls: arm_flex_l.excitation)
actuator[25] = arm_add_l (controls: arm_add_l.excitation)
actuator[26] = arm_rot_l (controls: arm_rot_l.excitation)
actuator[27] = elbow_flex_l (controls: elbow_flex_l.excitation)
actuator[28] = pro_sup_l (controls: pro_sup_l.excitation)

CONTACTS (0)
numControls = 29
numStates = 74
numCoordinates = 37
numSpeeds = 37
numActuators = 29
numBodies = 21
numConstraints = 0

STATES (74)
y[0] = pelvis_tilt
y[1] = pelvis_list
y[2] = pelvis_rotation
y[3] = pelvis_tx
y[4] = pelvis_ty
y[5] = pelvis_tz
y[6] = hip_flexion_r
y[7] = hip_adduction_r
y[8] = hip_rotation_r
y[9] = knee_angle_r
y[10] = ankle_angle_r
y[11] = subtalar_angle_r
y[12] = mtp_angle_r
y[13] = hip_flexion_l
y[14] = hip_adduction_l
y[15] = hip_rotation_l
y[16] = knee_angle_l
y[17] = ankle_angle_l
y[18] = subtalar_angle_l
y[19] = mtp_angle_l
y[20] = lumbar_extension
y[21] = lumbar_bending
y[22] = lumbar_rotation
y[23] = arm_flex_r
y[24] = arm_add_r
y[25] = arm_rot_r
y[26] = elbow_flex_r
y[27] = pro_sup_r
y[28] = wrist_flex_r
y[29] = wrist_dev_r
y[30] = arm_flex_l
y[31] = arm_add_l
y[32] = arm_rot_l
y[33] = elbow_flex_l
y[34] = pro_sup_l
y[35] = wrist_flex_l
y[36] = wrist_dev_l
y[37] = pelvis_tilt_u
y[38] = pelvis_list_u
y[39] = pelvis_rotation_u
y[40] = pelvis_tx_u
y[41] = pelvis_ty_u
y[42] = pelvis_tz_u
y[43] = hip_flexion_r_u
y[44] = hip_adduction_r_u
y[45] = hip_rotation_r_u
y[46] = knee_angle_r_u
y[47] = ankle_angle_r_u
y[48] = subtalar_angle_r_u
y[49] = mtp_angle_r_u
y[50] = hip_flexion_l_u
y[51] = hip_adduction_l_u
y[52] = hip_rotation_l_u
y[53] = knee_angle_l_u
y[54] = ankle_angle_l_u
y[55] = subtalar_angle_l_u
y[56] = mtp_angle_l_u
y[57] = lumbar_extension_u
y[58] = lumbar_bending_u
y[59] = lumbar_rotation_u
y[60] = arm_flex_r_u
y[61] = arm_add_r_u
y[62] = arm_rot_r_u
y[63] = elbow_flex_r_u
y[64] = pro_sup_r_u
y[65] = wrist_flex_r_u
y[66] = wrist_dev_r_u
y[67] = arm_flex_l_u
y[68] = arm_add_l_u
y[69] = arm_rot_l_u
y[70] = elbow_flex_l_u
y[71] = pro_sup_l_u
y[72] = wrist_flex_l_u
y[73] = wrist_dev_l_u


WARN- a desired points file was not specified.



Loading desired kinematics from file S:\RackSpaceSync\nmbl_running\OpenSimResults\subject17\ik\Results_191\Run_40001.mot ...
Storage: file=S:\RackSpaceSync\nmbl_running\OpenSimResults\subject17\ik\Results_191\Run_40001.mot (nr=648 nc=161)


Low-pass filtering desired kinematics with a cutoff frequency of 15...



Loading external loads kinematics from file S:\RackSpaceSync\nmbl_running\OpenSimResults\subject17\ik\Results_191\Run_40001.mot ...
Storage: file=S:\RackSpaceSync\nmbl_running\OpenSimResults\subject17\ik\Results_191\Run_40001.mot (nr=648 nc=161)
Low-pass filtering external load kinematics with a cutoff frequency of 15...
Storage: file=S:\RackSpaceSync\nmbl_running\HPL_Data\Hamner_Test\subject17\Session 1\ExportedData\Run_400 01_newCOP3.mot (nr=5185 nc=19)

Note: requested COM adjustment time range 1.7458 - 2.4385 clamped to nearest available data times 1.74149 - 2.43313

Computing average residuals between 1.74149 and 2.43313
Average residuals before adjusting torso COM:
FX=1.88249 FY=-18.1935 FZ=-1.23591
MX=7.40895 MY=1.09975 MZ=-12.1895

CMCTool.adjustCOMToReduceResiduals:
torso weight = 239.568
dx=-0.0508812, dz=-0.0309264

dmass = 1.85522

Recommended mass adjustments:
ground:  orig mass = 0, new mass = 0
pelvis:  orig mass = 10.7245, new mass = 11.0152
femur_r:  orig mass = 8.47013, new mass = 8.69971
tibia_r:  orig mass = 3.37616, new mass = 3.46767
talus_r:  orig mass = 0.0910629, new mass = 0.0935311
calcn_r:  orig mass = 1.13829, new mass = 1.16914
toes_r:  orig mass = 0.197242, new mass = 0.202588
femur_l:  orig mass = 8.47013, new mass = 8.69971
tibia_l:  orig mass = 3.37616, new mass = 3.46767
talus_l:  orig mass = 0.0910629, new mass = 0.0935311
calcn_l:  orig mass = 1.13829, new mass = 1.16914
toes_l:  orig mass = 0.197242, new mass = 0.202588
torso:  orig mass = 24.4291, new mass = 25.0912
humerus_r:  orig mass = 1.85085, new mass = 1.90102
ulna_r:  orig mass = 0.553207, new mass = 0.568202
radius_r:  orig mass = 0.553207, new mass = 0.568202
hand_r:  orig mass = 0.416613, new mass = 0.427905
humerus_l:  orig mass = 1.85085, new mass = 1.90102
ulna_l:  orig mass = 0.553207, new mass = 0.568202
radius_l:  orig mass = 0.553207, new mass = 0.568202
hand_l:  orig mass = 0.416613, new mass = 0.427905

Computing average residuals between 1.74149 and 2.43313
Average residuals after adjusting torso COM:
FX=2.48687 FY=-18.527 FZ=-1.67323
MX=-2.26862 MY=1.08149 MZ=-1.59256


Constructing function set for tracking desired kinematics...

No Actuation analysis found in analysis set -- adding one
No Kinematics analysis found in analysis set -- adding one


 taskSet size = 29

Using the generalized coordinates specified in S:\RackSpaceSync\nmbl_running\OpenSimResults\subject17\ik\Results_191\Run_40001.mot to set the initial configuration.
Successfully linked to CFSQP library 'osimCFSQP.dll'
Using CFSQP optimizer algorithm.

Setting optimizer print level to 0.
Setting optimizer convergence criterion to 1e-006.
Setting optimizer maximum iterations to 1000.

Setting cmc controller to not use verbose printing.



================================================================
================================================================
Using CMC to track the specified kinematics
Integrating from 1.7458 to 2.4385
Start time = Tue Feb 28 23:45:30 2012
================================================================
rdCMC.computeControls:  t = 1.7458
rdCMC.computeControls:  t = 1.7468
rdCMC.computeControls:  t = 1.7478
rdCMC.computeControls:  t = 1.7488
rdCMC.computeControls:  t = 1.7498
rdCMC.computeControls:  t = 1.7508
rdCMC.computeControls:  t = 1.7518
rdCMC.computeControls:  t = 1.7528
rdCMC.computeControls:  t = 1.7538
rdCMC.computeControls:  t = 1.7548
rdCMC.computeControls:  t = 1.7558
rdCMC.computeControls:  t = 1.7568
rdCMC.computeControls:  t = 1.7578
rdCMC.computeControls:  t = 1.7588
rdCMC.computeControls:  t = 1.7598
rdCMC.computeControls:  t = 1.7608
rdCMC.computeControls:  t = 1.7618
rdCMC.computeControls:  t = 1.7628
rdCMC.computeControls:  t = 1.7638
rdCMC.computeControls:  t = 1.7648
rdCMC.computeControls:  t = 1.7658
rdCMC.computeControls:  t = 1.7668
rdCMC.computeControls:  t = 1.7678
rdCMC.computeControls:  t = 1.7688
rdCMC.computeControls:  t = 1.7698
rdCMC.computeControls:  t = 1.7708
rdCMC.computeControls:  t = 1.7718
rdCMC.computeControls:  t = 1.7728
rdCMC.computeControls:  t = 1.7738
rdCMC.computeControls:  t = 1.7748
rdCMC.computeControls:  t = 1.7758
rdCMC.computeControls:  t = 1.7768
rdCMC.computeControls:  t = 1.7778
rdCMC.computeControls:  t = 1.7788
rdCMC.computeControls:  t = 1.7798
rdCMC.computeControls:  t = 1.7808
rdCMC.computeControls:  t = 1.7818
rdCMC.computeControls:  t = 1.7828
rdCMC.computeControls:  t = 1.7838
rdCMC.computeControls:  t = 1.7848
rdCMC.computeControls:  t = 1.7858
rdCMC.computeControls:  t = 1.7868
rdCMC.computeControls:  t = 1.7878
rdCMC.computeControls:  t = 1.7888
rdCMC.computeControls:  t = 1.7898
rdCMC.computeControls:  t = 1.7908
rdCMC.computeControls:  t = 1.7918
rdCMC.computeControls:  t = 1.7928
rdCMC.computeControls:  t = 1.7938
rdCMC.computeControls:  t = 1.7948
rdCMC.computeControls:  t = 1.7958
rdCMC.computeControls:  t = 1.7968
rdCMC.computeControls:  t = 1.7978
rdCMC.computeControls:  t = 1.7988
rdCMC.computeControls:  t = 1.7998
rdCMC.computeControls:  t = 1.8008
rdCMC.computeControls:  t = 1.8018
rdCMC.computeControls:  t = 1.8028
rdCMC.computeControls:  t = 1.8038
rdCMC.computeControls:  t = 1.8048
rdCMC.computeControls:  t = 1.8058
rdCMC.computeControls:  t = 1.8068
rdCMC.computeControls:  t = 1.8078
rdCMC.computeControls:  t = 1.8088
rdCMC.computeControls:  t = 1.8098
rdCMC.computeControls:  t = 1.8108
rdCMC.computeControls:  t = 1.8118
rdCMC.computeControls:  t = 1.8128
rdCMC.computeControls:  t = 1.8138
rdCMC.computeControls:  t = 1.8148
rdCMC.computeControls:  t = 1.8158
rdCMC.computeControls:  t = 1.8168
rdCMC.computeControls:  t = 1.8178
rdCMC.computeControls:  t = 1.8188
rdCMC.computeControls:  t = 1.8198
rdCMC.computeControls:  t = 1.8208
rdCMC.computeControls:  t = 1.8218
rdCMC.computeControls:  t = 1.8228
rdCMC.computeControls:  t = 1.8238
rdCMC.computeControls:  t = 1.8248
rdCMC.computeControls:  t = 1.8258
rdCMC.computeControls:  t = 1.8268
rdCMC.computeControls:  t = 1.8278
rdCMC.computeControls:  t = 1.8288
rdCMC.computeControls:  t = 1.8298
rdCMC.computeControls:  t = 1.8308
rdCMC.computeControls:  t = 1.8318
rdCMC.computeControls:  t = 1.8328
rdCMC.computeControls:  t = 1.8338
rdCMC.computeControls:  t = 1.8348
rdCMC.computeControls:  t = 1.8358
rdCMC.computeControls:  t = 1.8368
rdCMC.computeControls:  t = 1.8378
rdCMC.computeControls:  t = 1.8388
rdCMC.computeControls:  t = 1.8398
rdCMC.computeControls:  t = 1.8408
rdCMC.computeControls:  t = 1.8418
rdCMC.computeControls:  t = 1.8428
rdCMC.computeControls:  t = 1.8438
rdCMC.computeControls:  t = 1.8448
rdCMC.computeControls:  t = 1.8458
rdCMC.computeControls:  t = 1.8468
rdCMC.computeControls:  t = 1.8478
rdCMC.computeControls:  t = 1.8488
rdCMC.computeControls:  t = 1.8498
rdCMC.computeControls:  t = 1.8508
rdCMC.computeControls:  t = 1.8518
rdCMC.computeControls:  t = 1.8528
rdCMC.computeControls:  t = 1.8538
rdCMC.computeControls:  t = 1.8548
rdCMC.computeControls:  t = 1.8558
rdCMC.computeControls:  t = 1.8568
rdCMC.computeControls:  t = 1.8578
rdCMC.computeControls:  t = 1.8588
rdCMC.computeControls:  t = 1.8598
rdCMC.computeControls:  t = 1.8608
rdCMC.computeControls:  t = 1.8618
rdCMC.computeControls:  t = 1.8628
rdCMC.computeControls:  t = 1.8638
rdCMC.computeControls:  t = 1.8648
rdCMC.computeControls:  t = 1.8658
rdCMC.computeControls:  t = 1.8668
rdCMC.computeControls:  t = 1.8678
rdCMC.computeControls:  t = 1.8688
rdCMC.computeControls:  t = 1.8698
rdCMC.computeControls:  t = 1.8708
rdCMC.computeControls:  t = 1.8718
rdCMC.computeControls:  t = 1.8728
rdCMC.computeControls:  t = 1.8738
rdCMC.computeControls:  t = 1.8748
rdCMC.computeControls:  t = 1.8758
rdCMC.computeControls:  t = 1.8768
rdCMC.computeControls:  t = 1.8778
rdCMC.computeControls:  t = 1.8788
rdCMC.computeControls:  t = 1.8798
rdCMC.computeControls:  t = 1.8808
rdCMC.computeControls:  t = 1.8818
rdCMC.computeControls:  t = 1.8828
rdCMC.computeControls:  t = 1.8838
rdCMC.computeControls:  t = 1.8848
rdCMC.computeControls:  t = 1.8858
rdCMC.computeControls:  t = 1.8868
rdCMC.computeControls:  t = 1.8878
rdCMC.computeControls:  t = 1.8888
rdCMC.computeControls:  t = 1.8898
rdCMC.computeControls:  t = 1.8908
rdCMC.computeControls:  t = 1.8918
rdCMC.computeControls:  t = 1.8928
rdCMC.computeControls:  t = 1.8938
rdCMC.computeControls:  t = 1.8948
rdCMC.computeControls:  t = 1.8958
rdCMC.computeControls:  t = 1.8968
rdCMC.computeControls:  t = 1.8978
rdCMC.computeControls:  t = 1.8988
rdCMC.computeControls:  t = 1.8998
rdCMC.computeControls:  t = 1.9008
rdCMC.computeControls:  t = 1.9018
rdCMC.computeControls:  t = 1.9028
rdCMC.computeControls:  t = 1.9038
rdCMC.computeControls:  t = 1.9048
rdCMC.computeControls:  t = 1.9058
rdCMC.computeControls:  t = 1.9068
rdCMC.computeControls:  t = 1.9078
rdCMC.computeControls:  t = 1.9088
rdCMC.computeControls:  t = 1.9098
rdCMC.computeControls:  t = 1.9108
rdCMC.computeControls:  t = 1.9118
rdCMC.computeControls:  t = 1.9128
rdCMC.computeControls:  t = 1.9138
rdCMC.computeControls:  t = 1.9148
rdCMC.computeControls:  t = 1.9158
rdCMC.computeControls:  t = 1.9168
rdCMC.computeControls:  t = 1.9178
rdCMC.computeControls:  t = 1.9188
rdCMC.computeControls:  t = 1.9198
rdCMC.computeControls:  t = 1.9208
rdCMC.computeControls:  t = 1.9218
rdCMC.computeControls:  t = 1.9228
rdCMC.computeControls:  t = 1.9238
rdCMC.computeControls:  t = 1.9248
rdCMC.computeControls:  t = 1.9258
rdCMC.computeControls:  t = 1.9268
rdCMC.computeControls:  t = 1.9278
rdCMC.computeControls:  t = 1.9288
rdCMC.computeControls:  t = 1.9298
rdCMC.computeControls:  t = 1.9308
rdCMC.computeControls:  t = 1.9318
rdCMC.computeControls:  t = 1.9328
rdCMC.computeControls:  t = 1.9338
rdCMC.computeControls:  t = 1.9348
rdCMC.computeControls:  t = 1.9358
rdCMC.computeControls:  t = 1.9368
rdCMC.computeControls:  t = 1.9378
rdCMC.computeControls:  t = 1.9388
rdCMC.computeControls:  t = 1.9398
rdCMC.computeControls:  t = 1.9408
rdCMC.computeControls:  t = 1.9418
rdCMC.computeControls:  t = 1.9428
rdCMC.computeControls:  t = 1.9438
rdCMC.computeControls:  t = 1.9448
rdCMC.computeControls:  t = 1.9458
rdCMC.computeControls:  t = 1.9468
rdCMC.computeControls:  t = 1.9478
rdCMC.computeControls:  t = 1.9488
rdCMC.computeControls:  t = 1.9498
rdCMC.computeControls:  t = 1.9508
rdCMC.computeControls:  t = 1.9518
rdCMC.computeControls:  t = 1.9528
rdCMC.computeControls:  t = 1.9538
rdCMC.computeControls:  t = 1.9548
rdCMC.computeControls:  t = 1.9558
rdCMC.computeControls:  t = 1.9568
rdCMC.computeControls:  t = 1.9578
rdCMC.computeControls:  t = 1.9588
rdCMC.computeControls:  t = 1.9598
rdCMC.computeControls:  t = 1.9608
rdCMC.computeControls:  t = 1.9618
rdCMC.computeControls:  t = 1.9628
rdCMC.computeControls:  t = 1.9638
rdCMC.computeControls:  t = 1.9648
rdCMC.computeControls:  t = 1.9658
rdCMC.computeControls:  t = 1.9668
rdCMC.computeControls:  t = 1.9678
rdCMC.computeControls:  t = 1.9688
rdCMC.computeControls:  t = 1.9698
rdCMC.computeControls:  t = 1.9708
rdCMC.computeControls:  t = 1.9718
rdCMC.computeControls:  t = 1.9728
rdCMC.computeControls:  t = 1.9738
rdCMC.computeControls:  t = 1.9748
rdCMC.computeControls:  t = 1.9758
rdCMC.computeControls:  t = 1.9768
rdCMC.computeControls:  t = 1.9778
rdCMC.computeControls:  t = 1.9788
rdCMC.computeControls:  t = 1.9798
rdCMC.computeControls:  t = 1.9808
rdCMC.computeControls:  t = 1.9818
rdCMC.computeControls:  t = 1.9828
rdCMC.computeControls:  t = 1.9838
rdCMC.computeControls:  t = 1.9848
rdCMC.computeControls:  t = 1.9858
rdCMC.computeControls:  t = 1.9868
rdCMC.computeControls:  t = 1.9878
rdCMC.computeControls:  t = 1.9888
rdCMC.computeControls:  t = 1.9898
rdCMC.computeControls:  t = 1.9908
rdCMC.computeControls:  t = 1.9918
rdCMC.computeControls:  t = 1.9928
rdCMC.computeControls:  t = 1.9938
rdCMC.computeControls:  t = 1.9948
rdCMC.computeControls:  t = 1.9958
rdCMC.computeControls:  t = 1.9968
rdCMC.computeControls:  t = 1.9978
rdCMC.computeControls:  t = 1.9988
rdCMC.computeControls:  t = 1.9998
rdCMC.computeControls:  t = 2.0008
rdCMC.computeControls:  t = 2.0018
rdCMC.computeControls:  t = 2.0028
rdCMC.computeControls:  t = 2.0038
rdCMC.computeControls:  t = 2.0048
rdCMC.computeControls:  t = 2.0058
rdCMC.computeControls:  t = 2.0068
rdCMC.computeControls:  t = 2.0078
rdCMC.computeControls:  t = 2.0088
rdCMC.computeControls:  t = 2.0098
rdCMC.computeControls:  t = 2.0108
rdCMC.computeControls:  t = 2.0118
rdCMC.computeControls:  t = 2.0128
rdCMC.computeControls:  t = 2.0138
rdCMC.computeControls:  t = 2.0148
rdCMC.computeControls:  t = 2.0158
rdCMC.computeControls:  t = 2.0168
rdCMC.computeControls:  t = 2.0178
rdCMC.computeControls:  t = 2.0188
rdCMC.computeControls:  t = 2.0198
rdCMC.computeControls:  t = 2.0208
rdCMC.computeControls:  t = 2.0218
rdCMC.computeControls:  t = 2.0228
rdCMC.computeControls:  t = 2.0238
rdCMC.computeControls:  t = 2.0248
rdCMC.computeControls:  t = 2.0258
rdCMC.computeControls:  t = 2.0268
rdCMC.computeControls:  t = 2.0278
rdCMC.computeControls:  t = 2.0288
rdCMC.computeControls:  t = 2.0298
rdCMC.computeControls:  t = 2.0308
rdCMC.computeControls:  t = 2.0318
rdCMC.computeControls:  t = 2.0328
rdCMC.computeControls:  t = 2.0338
rdCMC.computeControls:  t = 2.0348
rdCMC.computeControls:  t = 2.0358
rdCMC.computeControls:  t = 2.0368
rdCMC.computeControls:  t = 2.0378
rdCMC.computeControls:  t = 2.0388
rdCMC.computeControls:  t = 2.0398
rdCMC.computeControls:  t = 2.0408
rdCMC.computeControls:  t = 2.0418
rdCMC.computeControls:  t = 2.0428
rdCMC.computeControls:  t = 2.0438
rdCMC.computeControls:  t = 2.0448
rdCMC.computeControls:  t = 2.0458
rdCMC.computeControls:  t = 2.0468
rdCMC.computeControls:  t = 2.0478
rdCMC.computeControls:  t = 2.0488
rdCMC.computeControls:  t = 2.0498
rdCMC.computeControls:  t = 2.0508
rdCMC.computeControls:  t = 2.0518
rdCMC.computeControls:  t = 2.0528
rdCMC.computeControls:  t = 2.0538
rdCMC.computeControls:  t = 2.0548
rdCMC.computeControls:  t = 2.0558
rdCMC.computeControls:  t = 2.0568
rdCMC.computeControls:  t = 2.0578
rdCMC.computeControls:  t = 2.0588
rdCMC.computeControls:  t = 2.0598
rdCMC.computeControls:  t = 2.0608
rdCMC.computeControls:  t = 2.0618
rdCMC.computeControls:  t = 2.0628
rdCMC.computeControls:  t = 2.0638
rdCMC.computeControls:  t = 2.0648
rdCMC.computeControls:  t = 2.0658
rdCMC.computeControls:  t = 2.0668
rdCMC.computeControls:  t = 2.0678
rdCMC.computeControls:  t = 2.0688
rdCMC.computeControls:  t = 2.0698
rdCMC.computeControls:  t = 2.0708
rdCMC.computeControls:  t = 2.0718
rdCMC.computeControls:  t = 2.0728
rdCMC.computeControls:  t = 2.0738
rdCMC.computeControls:  t = 2.0748
rdCMC.computeControls:  t = 2.0758
rdCMC.computeControls:  t = 2.0768
rdCMC.computeControls:  t = 2.0778
rdCMC.computeControls:  t = 2.0788
rdCMC.computeControls:  t = 2.0798
rdCMC.computeControls:  t = 2.0808
rdCMC.computeControls:  t = 2.0818
rdCMC.computeControls:  t = 2.0828
rdCMC.computeControls:  t = 2.0838
rdCMC.computeControls:  t = 2.0848
rdCMC.computeControls:  t = 2.0858
rdCMC.computeControls:  t = 2.0868
rdCMC.computeControls:  t = 2.0878
rdCMC.computeControls:  t = 2.0888
rdCMC.computeControls:  t = 2.0898
rdCMC.computeControls:  t = 2.0908
rdCMC.computeControls:  t = 2.0918
rdCMC.computeControls:  t = 2.0928
rdCMC.computeControls:  t = 2.0938
rdCMC.computeControls:  t = 2.0948
rdCMC.computeControls:  t = 2.0958
rdCMC.computeControls:  t = 2.0968
rdCMC.computeControls:  t = 2.0978
rdCMC.computeControls:  t = 2.0988
rdCMC.computeControls:  t = 2.0998
rdCMC.computeControls:  t = 2.1008
rdCMC.computeControls:  t = 2.1018
rdCMC.computeControls:  t = 2.1028
rdCMC.computeControls:  t = 2.1038
rdCMC.computeControls:  t = 2.1048
rdCMC.computeControls:  t = 2.1058
rdCMC.computeControls:  t = 2.1068
rdCMC.computeControls:  t = 2.1078
rdCMC.computeControls:  t = 2.1088
rdCMC.computeControls:  t = 2.1098
rdCMC.computeControls:  t = 2.1108
rdCMC.computeControls:  t = 2.1118
rdCMC.computeControls:  t = 2.1128
rdCMC.computeControls:  t = 2.1138
rdCMC.computeControls:  t = 2.1148
rdCMC.computeControls:  t = 2.1158
rdCMC.computeControls:  t = 2.1168
rdCMC.computeControls:  t = 2.1178
rdCMC.computeControls:  t = 2.1188
rdCMC.computeControls:  t = 2.1198
rdCMC.computeControls:  t = 2.1208
rdCMC.computeControls:  t = 2.1218
rdCMC.computeControls:  t = 2.1228
rdCMC.computeControls:  t = 2.1238
rdCMC.computeControls:  t = 2.1248
rdCMC.computeControls:  t = 2.1258
rdCMC.computeControls:  t = 2.1268
rdCMC.computeControls:  t = 2.1278
rdCMC.computeControls:  t = 2.1288
rdCMC.computeControls:  t = 2.1298
rdCMC.computeControls:  t = 2.1308
rdCMC.computeControls:  t = 2.1318
rdCMC.computeControls:  t = 2.1328
rdCMC.computeControls:  t = 2.1338
rdCMC.computeControls:  t = 2.1348
rdCMC.computeControls:  t = 2.1358
rdCMC.computeControls:  t = 2.1368
rdCMC.computeControls:  t = 2.1378
rdCMC.computeControls:  t = 2.1388
rdCMC.computeControls:  t = 2.1398
rdCMC.computeControls:  t = 2.1408
rdCMC.computeControls:  t = 2.1418
rdCMC.computeControls:  t = 2.1428
rdCMC.computeControls:  t = 2.1438
rdCMC.computeControls:  t = 2.1448
rdCMC.computeControls:  t = 2.1458
rdCMC.computeControls:  t = 2.1468
rdCMC.computeControls:  t = 2.1478
rdCMC.computeControls:  t = 2.1488
rdCMC.computeControls:  t = 2.1498
rdCMC.computeControls:  t = 2.1508
rdCMC.computeControls:  t = 2.1518
rdCMC.computeControls:  t = 2.1528
rdCMC.computeControls:  t = 2.1538
rdCMC.computeControls:  t = 2.1548
rdCMC.computeControls:  t = 2.1558
rdCMC.computeControls:  t = 2.1568
rdCMC.computeControls:  t = 2.1578
rdCMC.computeControls:  t = 2.1588
rdCMC.computeControls:  t = 2.1598
rdCMC.computeControls:  t = 2.1608
rdCMC.computeControls:  t = 2.1618
rdCMC.computeControls:  t = 2.1628
rdCMC.computeControls:  t = 2.1638
rdCMC.computeControls:  t = 2.1648
rdCMC.computeControls:  t = 2.1658
rdCMC.computeControls:  t = 2.1668
rdCMC.computeControls:  t = 2.1678
rdCMC.computeControls:  t = 2.1688
rdCMC.computeControls:  t = 2.1698
rdCMC.computeControls:  t = 2.1708
rdCMC.computeControls:  t = 2.1718
rdCMC.computeControls:  t = 2.1728
rdCMC.computeControls:  t = 2.1738
rdCMC.computeControls:  t = 2.1748
rdCMC.computeControls:  t = 2.1758
rdCMC.computeControls:  t = 2.1768
rdCMC.computeControls:  t = 2.1778
rdCMC.computeControls:  t = 2.1788
rdCMC.computeControls:  t = 2.1798
rdCMC.computeControls:  t = 2.1808
rdCMC.computeControls:  t = 2.1818
rdCMC.computeControls:  t = 2.1828
rdCMC.computeControls:  t = 2.1838
rdCMC.computeControls:  t = 2.1848
rdCMC.computeControls:  t = 2.1858
rdCMC.computeControls:  t = 2.1868
rdCMC.computeControls:  t = 2.1878
rdCMC.computeControls:  t = 2.1888
rdCMC.computeControls:  t = 2.1898
rdCMC.computeControls:  t = 2.1908
rdCMC.computeControls:  t = 2.1918
rdCMC.computeControls:  t = 2.1928
rdCMC.computeControls:  t = 2.1938
rdCMC.computeControls:  t = 2.1948
rdCMC.computeControls:  t = 2.1958
rdCMC.computeControls:  t = 2.1968
rdCMC.computeControls:  t = 2.1978
rdCMC.computeControls:  t = 2.1988
rdCMC.computeControls:  t = 2.1998
rdCMC.computeControls:  t = 2.2008
rdCMC.computeControls:  t = 2.2018
rdCMC.computeControls:  t = 2.2028
rdCMC.computeControls:  t = 2.2038
rdCMC.computeControls:  t = 2.2048
rdCMC.computeControls:  t = 2.2058
rdCMC.computeControls:  t = 2.2068
rdCMC.computeControls:  t = 2.2078
rdCMC.computeControls:  t = 2.2088
rdCMC.computeControls:  t = 2.2098
rdCMC.computeControls:  t = 2.2108
rdCMC.computeControls:  t = 2.2118
rdCMC.computeControls:  t = 2.2128
rdCMC.computeControls:  t = 2.2138
rdCMC.computeControls:  t = 2.2148
rdCMC.computeControls:  t = 2.2158
rdCMC.computeControls:  t = 2.2168
rdCMC.computeControls:  t = 2.2178
rdCMC.computeControls:  t = 2.2188
rdCMC.computeControls:  t = 2.2198
rdCMC.computeControls:  t = 2.2208
rdCMC.computeControls:  t = 2.2218
rdCMC.computeControls:  t = 2.2228
rdCMC.computeControls:  t = 2.2238
rdCMC.computeControls:  t = 2.2248
rdCMC.computeControls:  t = 2.2258
rdCMC.computeControls:  t = 2.2268
rdCMC.computeControls:  t = 2.2278
rdCMC.computeControls:  t = 2.2288
rdCMC.computeControls:  t = 2.2298
rdCMC.computeControls:  t = 2.2308
rdCMC.computeControls:  t = 2.2318
rdCMC.computeControls:  t = 2.2328
rdCMC.computeControls:  t = 2.2338
rdCMC.computeControls:  t = 2.2348
rdCMC.computeControls:  t = 2.2358
rdCMC.computeControls:  t = 2.2368
rdCMC.computeControls:  t = 2.2378
rdCMC.computeControls:  t = 2.2388
rdCMC.computeControls:  t = 2.2398
rdCMC.computeControls:  t = 2.2408
rdCMC.computeControls:  t = 2.2418
rdCMC.computeControls:  t = 2.2428
rdCMC.computeControls:  t = 2.2438
rdCMC.computeControls:  t = 2.2448
rdCMC.computeControls:  t = 2.2458
rdCMC.computeControls:  t = 2.2468
rdCMC.computeControls:  t = 2.2478
rdCMC.computeControls:  t = 2.2488
rdCMC.computeControls:  t = 2.2498
rdCMC.computeControls:  t = 2.2508
rdCMC.computeControls:  t = 2.2518
rdCMC.computeControls:  t = 2.2528
rdCMC.computeControls:  t = 2.2538
rdCMC.computeControls:  t = 2.2548
rdCMC.computeControls:  t = 2.2558
rdCMC.computeControls:  t = 2.2568
rdCMC.computeControls:  t = 2.2578
rdCMC.computeControls:  t = 2.2588
rdCMC.computeControls:  t = 2.2598
rdCMC.computeControls:  t = 2.2608
rdCMC.computeControls:  t = 2.2618
rdCMC.computeControls:  t = 2.2628
rdCMC.computeControls:  t = 2.2638
rdCMC.computeControls:  t = 2.2648
rdCMC.computeControls:  t = 2.2658
rdCMC.computeControls:  t = 2.2668
rdCMC.computeControls:  t = 2.2678
rdCMC.computeControls:  t = 2.2688
rdCMC.computeControls:  t = 2.2698
rdCMC.computeControls:  t = 2.2708
rdCMC.computeControls:  t = 2.2718
rdCMC.computeControls:  t = 2.2728
rdCMC.computeControls:  t = 2.2738
rdCMC.computeControls:  t = 2.2748
rdCMC.computeControls:  t = 2.2758
rdCMC.computeControls:  t = 2.2768
rdCMC.computeControls:  t = 2.2778
rdCMC.computeControls:  t = 2.2788
rdCMC.computeControls:  t = 2.2798
rdCMC.computeControls:  t = 2.2808
rdCMC.computeControls:  t = 2.2818
rdCMC.computeControls:  t = 2.2828
rdCMC.computeControls:  t = 2.2838
rdCMC.computeControls:  t = 2.2848
rdCMC.computeControls:  t = 2.2858
rdCMC.computeControls:  t = 2.2868
rdCMC.computeControls:  t = 2.2878
rdCMC.computeControls:  t = 2.2888
rdCMC.computeControls:  t = 2.2898
rdCMC.computeControls:  t = 2.2908
rdCMC.computeControls:  t = 2.2918
rdCMC.computeControls:  t = 2.2928
rdCMC.computeControls:  t = 2.2938
rdCMC.computeControls:  t = 2.2948
rdCMC.computeControls:  t = 2.2958
rdCMC.computeControls:  t = 2.2968
rdCMC.computeControls:  t = 2.2978
rdCMC.computeControls:  t = 2.2988
rdCMC.computeControls:  t = 2.2998
rdCMC.computeControls:  t = 2.3008
rdCMC.computeControls:  t = 2.3018
rdCMC.computeControls:  t = 2.3028
rdCMC.computeControls:  t = 2.3038
rdCMC.computeControls:  t = 2.3048
rdCMC.computeControls:  t = 2.3058
rdCMC.computeControls:  t = 2.3068
rdCMC.computeControls:  t = 2.3078
rdCMC.computeControls:  t = 2.3088
rdCMC.computeControls:  t = 2.3098
rdCMC.computeControls:  t = 2.3108
rdCMC.computeControls:  t = 2.3118
rdCMC.computeControls:  t = 2.3128
rdCMC.computeControls:  t = 2.3138
rdCMC.computeControls:  t = 2.3148
rdCMC.computeControls:  t = 2.3158
rdCMC.computeControls:  t = 2.3168
rdCMC.computeControls:  t = 2.3178
rdCMC.computeControls:  t = 2.3188
rdCMC.computeControls:  t = 2.3198
rdCMC.computeControls:  t = 2.3208
rdCMC.computeControls:  t = 2.3218
rdCMC.computeControls:  t = 2.3228
rdCMC.computeControls:  t = 2.3238
rdCMC.computeControls:  t = 2.3248
rdCMC.computeControls:  t = 2.3258
rdCMC.computeControls:  t = 2.3268
rdCMC.computeControls:  t = 2.3278
rdCMC.computeControls:  t = 2.3288
rdCMC.computeControls:  t = 2.3298
rdCMC.computeControls:  t = 2.3308
rdCMC.computeControls:  t = 2.3318
rdCMC.computeControls:  t = 2.3328
rdCMC.computeControls:  t = 2.3338
rdCMC.computeControls:  t = 2.3348
rdCMC.computeControls:  t = 2.3358
rdCMC.computeControls:  t = 2.3368
rdCMC.computeControls:  t = 2.3378
rdCMC.computeControls:  t = 2.3388
rdCMC.computeControls:  t = 2.3398
rdCMC.computeControls:  t = 2.3408
rdCMC.computeControls:  t = 2.3418
rdCMC.computeControls:  t = 2.3428
rdCMC.computeControls:  t = 2.3438
rdCMC.computeControls:  t = 2.3448
rdCMC.computeControls:  t = 2.3458
rdCMC.computeControls:  t = 2.3468
rdCMC.computeControls:  t = 2.3478
rdCMC.computeControls:  t = 2.3488
rdCMC.computeControls:  t = 2.3498
rdCMC.computeControls:  t = 2.3508
rdCMC.computeControls:  t = 2.3518
rdCMC.computeControls:  t = 2.3528
rdCMC.computeControls:  t = 2.3538
rdCMC.computeControls:  t = 2.3548
rdCMC.computeControls:  t = 2.3558
rdCMC.computeControls:  t = 2.3568
rdCMC.computeControls:  t = 2.3578
rdCMC.computeControls:  t = 2.3588
rdCMC.computeControls:  t = 2.3598
rdCMC.computeControls:  t = 2.3608
rdCMC.computeControls:  t = 2.3618
rdCMC.computeControls:  t = 2.3628
rdCMC.computeControls:  t = 2.3638
rdCMC.computeControls:  t = 2.3648
rdCMC.computeControls:  t = 2.3658
rdCMC.computeControls:  t = 2.3668
rdCMC.computeControls:  t = 2.3678
rdCMC.computeControls:  t = 2.3688
rdCMC.computeControls:  t = 2.3698
rdCMC.computeControls:  t = 2.3708
rdCMC.computeControls:  t = 2.3718
rdCMC.computeControls:  t = 2.3728
rdCMC.computeControls:  t = 2.3738
rdCMC.computeControls:  t = 2.3748
rdCMC.computeControls:  t = 2.3758
rdCMC.computeControls:  t = 2.3768
rdCMC.computeControls:  t = 2.3778
rdCMC.computeControls:  t = 2.3788
rdCMC.computeControls:  t = 2.3798
rdCMC.computeControls:  t = 2.3808
rdCMC.computeControls:  t = 2.3818
rdCMC.computeControls:  t = 2.3828
rdCMC.computeControls:  t = 2.3838
rdCMC.computeControls:  t = 2.3848
rdCMC.computeControls:  t = 2.3858
rdCMC.computeControls:  t = 2.3868
rdCMC.computeControls:  t = 2.3878
rdCMC.computeControls:  t = 2.3888
rdCMC.computeControls:  t = 2.3898
rdCMC.computeControls:  t = 2.3908
rdCMC.computeControls:  t = 2.3918
rdCMC.computeControls:  t = 2.3928
rdCMC.computeControls:  t = 2.3938
rdCMC.computeControls:  t = 2.3948
rdCMC.computeControls:  t = 2.3958
rdCMC.computeControls:  t = 2.3968
rdCMC.computeControls:  t = 2.3978
rdCMC.computeControls:  t = 2.3988
rdCMC.computeControls:  t = 2.3998
rdCMC.computeControls:  t = 2.4008
rdCMC.computeControls:  t = 2.4018
rdCMC.computeControls:  t = 2.4028
rdCMC.computeControls:  t = 2.4038
rdCMC.computeControls:  t = 2.4048
rdCMC.computeControls:  t = 2.4058
rdCMC.computeControls:  t = 2.4068
rdCMC.computeControls:  t = 2.4078
rdCMC.computeControls:  t = 2.4088
rdCMC.computeControls:  t = 2.4098
rdCMC.computeControls:  t = 2.4108
rdCMC.computeControls:  t = 2.4118
rdCMC.computeControls:  t = 2.4128
rdCMC.computeControls:  t = 2.4138
rdCMC.computeControls:  t = 2.4148
rdCMC.computeControls:  t = 2.4158
rdCMC.computeControls:  t = 2.4168
rdCMC.computeControls:  t = 2.4178
rdCMC.computeControls:  t = 2.4188
rdCMC.computeControls:  t = 2.4198
rdCMC.computeControls:  t = 2.4208
rdCMC.computeControls:  t = 2.4218
rdCMC.computeControls:  t = 2.4228
rdCMC.computeControls:  t = 2.4238
rdCMC.computeControls:  t = 2.4248
rdCMC.computeControls:  t = 2.4258
rdCMC.computeControls:  t = 2.4268
rdCMC.computeControls:  t = 2.4278
rdCMC.computeControls:  t = 2.4288
rdCMC.computeControls:  t = 2.4298
rdCMC.computeControls:  t = 2.4308
rdCMC.computeControls:  t = 2.4318
rdCMC.computeControls:  t = 2.4328
rdCMC.computeControls:  t = 2.4338
rdCMC.computeControls:  t = 2.4348
rdCMC.computeControls:  t = 2.4358
rdCMC.computeControls:  t = 2.4368
----------------------------------------------------------------
Finished tracking the specified kinematics
=================================================================
Start time   = Tue Feb 28 23:45:30 2012
Finish time  = Tue Feb 28 23:53:36 2012
Elapsed time = 486 seconds.
================================================================


Printing results of investigation subject17_Run_40001_cycle3 to RRA_Results_v191_Run_40001_cycle3.


Average residuals:
FX=-0.87651 FY=-0.163047 FZ=-0.648385
MX=-2.64411 MY=0.663448 MZ=-0.67728


