<!-- Copyright (c) 2013, Stanford University

Permission is hereby granted, free of charge, to any person obtaining a copy of this software and associated documentation files (the "Software"), to deal in the Software without restriction, including without limitation the rights to use, copy, modify, merge, publish, distribute, sublicense, and/or sell copies of the Software, and to permit persons to whom the Software is furnished to do so, subject to the following conditions:

The above copyright notice and this permission notice shall be included in all copies or substantial portions of the Software.

THE SOFTWARE IS PROVIDED "AS IS", WITHOUT WARRANTY OF ANY KIND, EXPRESS OR IMPLIED, INCLUDING BUT NOT LIMITED TO THE WARRANTIES OF MERCHANTABILITY, FITNESS FOR A PARTICULAR PURPOSE AND NONINFRINGEMENT. IN NO EVENT SHALL THE AUTHORS OR COPYRIGHT HOLDERS BE LIABLE FOR ANY CLAIM, DAMAGES OR OTHER LIABILITY, WHETHER IN AN ACTION OF CONTRACT, TORT OR OTHERWISE, ARISING FROM, OUT OF OR IN CONNECTION WITH THE SOFTWARE OR THE USE OR OTHER DEALINGS IN THE 
SOFTWARE.

Please cite: Hamner, S.R., Delp, S.L. (2013) Muscle contributions to fore-aft and vertical body mass center accelerations 
over a range of running speeds. Journal of Biomechanics, vol 46, pp 780-787.-->

-------------------------------------------------------
This program includes software developed by the
Apache Software Foundation (http://www.apache.org/).
-------------------------------------------------------


-------------------------------------------------------
Library SimbodyEngine...
-------------------------------------------------------

Constructing investigation from setup file subject20_Setup_RRA_Run_30001_cycle2_v191.xml.

AbstractTool subject20_Run_30001_cycle2 loading model '../../scale/subject20_scaled_v191.osim'
Created model subject20_scaled from file ../../scale/subject20_scaled_v191.osim
Adding actuator set from ../gait2392_RRA_Actuators_v191.xml
-----------------------------------------------------------------------
Loaded library
-----------------------------------------------------------------------
             MODEL: subject20_scaled
         actuators: 29
          analyses: 0
          contacts: 0
-----------------------------------------------------------------------

Running tool subject20_Run_30001_cycle2.
MODEL: subject20_scaled

ANALYSES (0)

BODIES (21)
body[0] = ground (mass: 0) (inertia: 0 0 0 0 0 0 0 0 0)
body[1] = pelvis (mass: 10.5255) (inertia: 0.08921 0 0 0 0.0755855 0 0 0 0.0502457)
body[2] = femur_r (mass: 8.31296) (inertia: 0.124788 0 0 0 0.0327113 0 0 0 0.131591)
body[3] = tibia_r (mass: 3.31351) (inertia: 0.0490045 0 0 0 0.00426843 0 0 0 0.0490045)
body[4] = talus_r (mass: 0.0893732) (inertia: 0.00099701 0 0 0 0.00099701 0 0 0 0.00099701)
body[5] = calcn_r (mass: 1.11717) (inertia: 0.00139581 0 0 0 0.00388833 0 0 0 0.00408773)
body[6] = toes_r (mass: 0.193582) (inertia: 9.97e-005 0 0 0 0.0001994 0 0 0 0.00099701)
body[7] = femur_l (mass: 8.31296) (inertia: 0.124788 0 0 0 0.0327113 0 0 0 0.131591)
body[8] = tibia_l (mass: 3.31351) (inertia: 0.0490045 0 0 0 0.00426843 0 0 0 0.0490045)
body[9] = talus_l (mass: 0.0893732) (inertia: 0.00099701 0 0 0 0.00099701 0 0 0 0.00099701)
body[10] = calcn_l (mass: 1.11717) (inertia: 0.00139581 0 0 0 0.00388833 0 0 0 0.00408773)
body[11] = toes_l (mass: 0.193582) (inertia: 9.97e-005 0 0 0 0.0001994 0 0 0 0.00099701)
body[12] = torso (mass: 23.9758) (inertia: 1.21603 0 0 0 0.67355 0 0 0 1.21603)
body[13] = humerus_r (mass: 1.81651) (inertia: 0.0107943 0 0 0 0.0037237 0 0 0 0.0121163)
body[14] = ulna_r (mass: 0.542942) (inertia: 0.00271673 0 0 0 0.00056683 0 0 0 0.00294695)
body[15] = radius_r (mass: 0.542942) (inertia: 0.00271673 0 0 0 0.00056683 0 0 0 0.00294695)
body[16] = hand_r (mass: 0.408883) (inertia: 0.00081814 0 0 0 0.00050171 0 0 0 0.00122904)
body[17] = humerus_l (mass: 1.81651) (inertia: 0.0107943 0 0 0 0.0037237 0 0 0 0.0121163)
body[18] = ulna_l (mass: 0.542942) (inertia: 0.00271673 0 0 0 0.00056683 0 0 0 0.00294695)
body[19] = radius_l (mass: 0.542942) (inertia: 0.00271673 0 0 0 0.00056683 0 0 0 0.00294695)
body[20] = hand_l (mass: 0.408883) (inertia: 0.00081814 0 0 0 0.00050171 0 0 0 0.00122904)

ACTUATORS (29)
actuator[0] = FX (controls: FX.excitation)
actuator[1] = FY (controls: FY.excitation)
actuator[2] = FZ (controls: FZ.excitation)
actuator[3] = MX (controls: MX.excitation)
actuator[4] = MY (controls: MY.excitation)
actuator[5] = MZ (controls: MZ.excitation)
actuator[6] = hip_flexion_r (controls: hip_flexion_r.excitation)
actuator[7] = hip_adduction_r (controls: hip_adduction_r.excitation)
actuator[8] = hip_rotation_r (controls: hip_rotation_r.excitation)
actuator[9] = knee_angle_r (controls: knee_angle_r.excitation)
actuator[10] = ankle_angle_r (controls: ankle_angle_r.excitation)
actuator[11] = hip_flexion_l (controls: hip_flexion_l.excitation)
actuator[12] = hip_adduction_l (controls: hip_adduction_l.excitation)
actuator[13] = hip_rotation_l (controls: hip_rotation_l.excitation)
actuator[14] = knee_angle_l (controls: knee_angle_l.excitation)
actuator[15] = ankle_angle_l (controls: ankle_angle_l.excitation)
actuator[16] = lumbar_extension (controls: lumbar_extension.excitation)
actuator[17] = lumbar_bending (controls: lumbar_bending.excitation)
actuator[18] = lumbar_rotation (controls: lumbar_rotation.excitation)
actuator[19] = arm_flex_r (controls: arm_flex_r.excitation)
actuator[20] = arm_add_r (controls: arm_add_r.excitation)
actuator[21] = arm_rot_r (controls: arm_rot_r.excitation)
actuator[22] = elbow_flex_r (controls: elbow_flex_r.excitation)
actuator[23] = pro_sup_r (controls: pro_sup_r.excitation)
actuator[24] = arm_flex_l (controls: arm_flex_l.excitation)
actuator[25] = arm_add_l (controls: arm_add_l.excitation)
actuator[26] = arm_rot_l (controls: arm_rot_l.excitation)
actuator[27] = elbow_flex_l (controls: elbow_flex_l.excitation)
actuator[28] = pro_sup_l (controls: pro_sup_l.excitation)

CONTACTS (0)
numControls = 29
numStates = 74
numCoordinates = 37
numSpeeds = 37
numActuators = 29
numBodies = 21
numConstraints = 0

STATES (74)
y[0] = pelvis_tilt
y[1] = pelvis_list
y[2] = pelvis_rotation
y[3] = pelvis_tx
y[4] = pelvis_ty
y[5] = pelvis_tz
y[6] = hip_flexion_r
y[7] = hip_adduction_r
y[8] = hip_rotation_r
y[9] = knee_angle_r
y[10] = ankle_angle_r
y[11] = subtalar_angle_r
y[12] = mtp_angle_r
y[13] = hip_flexion_l
y[14] = hip_adduction_l
y[15] = hip_rotation_l
y[16] = knee_angle_l
y[17] = ankle_angle_l
y[18] = subtalar_angle_l
y[19] = mtp_angle_l
y[20] = lumbar_extension
y[21] = lumbar_bending
y[22] = lumbar_rotation
y[23] = arm_flex_r
y[24] = arm_add_r
y[25] = arm_rot_r
y[26] = elbow_flex_r
y[27] = pro_sup_r
y[28] = wrist_flex_r
y[29] = wrist_dev_r
y[30] = arm_flex_l
y[31] = arm_add_l
y[32] = arm_rot_l
y[33] = elbow_flex_l
y[34] = pro_sup_l
y[35] = wrist_flex_l
y[36] = wrist_dev_l
y[37] = pelvis_tilt_u
y[38] = pelvis_list_u
y[39] = pelvis_rotation_u
y[40] = pelvis_tx_u
y[41] = pelvis_ty_u
y[42] = pelvis_tz_u
y[43] = hip_flexion_r_u
y[44] = hip_adduction_r_u
y[45] = hip_rotation_r_u
y[46] = knee_angle_r_u
y[47] = ankle_angle_r_u
y[48] = subtalar_angle_r_u
y[49] = mtp_angle_r_u
y[50] = hip_flexion_l_u
y[51] = hip_adduction_l_u
y[52] = hip_rotation_l_u
y[53] = knee_angle_l_u
y[54] = ankle_angle_l_u
y[55] = subtalar_angle_l_u
y[56] = mtp_angle_l_u
y[57] = lumbar_extension_u
y[58] = lumbar_bending_u
y[59] = lumbar_rotation_u
y[60] = arm_flex_r_u
y[61] = arm_add_r_u
y[62] = arm_rot_r_u
y[63] = elbow_flex_r_u
y[64] = pro_sup_r_u
y[65] = wrist_flex_r_u
y[66] = wrist_dev_r_u
y[67] = arm_flex_l_u
y[68] = arm_add_l_u
y[69] = arm_rot_l_u
y[70] = elbow_flex_l_u
y[71] = pro_sup_l_u
y[72] = wrist_flex_l_u
y[73] = wrist_dev_l_u


WARN- a desired points file was not specified.



Loading desired kinematics from file D:\RackSpaceSync\nmbl_running\OpenSimResults\subject20\ik\Results_191\Run_30001.mot ...
Storage: file=D:\RackSpaceSync\nmbl_running\OpenSimResults\subject20\ik\Results_191\Run_30001.mot (nr=636 nc=164)


Low-pass filtering desired kinematics with a cutoff frequency of 15...



Loading external loads kinematics from file D:\RackSpaceSync\nmbl_running\OpenSimResults\subject20\ik\Results_191\Run_30001.mot ...
Storage: file=D:\RackSpaceSync\nmbl_running\OpenSimResults\subject20\ik\Results_191\Run_30001.mot (nr=636 nc=164)
Low-pass filtering external load kinematics with a cutoff frequency of 15...
Storage: file=D:\RackSpaceSync\nmbl_running\HPL_Data\Hamner_Test\subject20\Session 1\ExportedData\Run_300 01_newCOP3.mot (nr=5081 nc=19)

Note: requested COM adjustment time range 0.83958 - 1.5104 clamped to nearest available data times 0.833195 - 1.50817

Computing average residuals between 0.833195 and 1.50817
Average residuals before adjusting torso COM:
FX=-0.569473 FY=-19.3967 FZ=-2.58948
MX=2.93856 MY=0.821581 MZ=-14.9194

CMCTool.adjustCOMToReduceResiduals:
torso weight = 235.122
dx=-0.0634538, dz=-0.012498

dmass = 1.97791

Recommended mass adjustments:
ground:  orig mass = 0, new mass = 0
pelvis:  orig mass = 10.5255, new mass = 10.8354
femur_r:  orig mass = 8.31296, new mass = 8.55772
tibia_r:  orig mass = 3.31351, new mass = 3.41107
talus_r:  orig mass = 0.0893732, new mass = 0.0920047
calcn_r:  orig mass = 1.11717, new mass = 1.15006
toes_r:  orig mass = 0.193582, new mass = 0.199282
femur_l:  orig mass = 8.31296, new mass = 8.55772
tibia_l:  orig mass = 3.31351, new mass = 3.41107
talus_l:  orig mass = 0.0893732, new mass = 0.0920047
calcn_l:  orig mass = 1.11717, new mass = 1.15006
toes_l:  orig mass = 0.193582, new mass = 0.199282
torso:  orig mass = 23.9758, new mass = 24.6817
humerus_r:  orig mass = 1.81651, new mass = 1.86999
ulna_r:  orig mass = 0.542942, new mass = 0.558928
radius_r:  orig mass = 0.542942, new mass = 0.558928
hand_r:  orig mass = 0.408883, new mass = 0.420921
humerus_l:  orig mass = 1.81651, new mass = 1.86999
ulna_l:  orig mass = 0.542942, new mass = 0.558928
radius_l:  orig mass = 0.542942, new mass = 0.558928
hand_l:  orig mass = 0.408883, new mass = 0.420921

Computing average residuals between 0.833195 and 1.50817
Average residuals after adjusting torso COM:
FX=-0.438496 FY=-19.2972 FZ=-2.72925
MX=-0.381906 MY=0.937024 MZ=-0.87284


Constructing function set for tracking desired kinematics...

No Actuation analysis found in analysis set -- adding one
No Kinematics analysis found in analysis set -- adding one


 taskSet size = 29

Using the generalized coordinates specified in D:\RackSpaceSync\nmbl_running\OpenSimResults\subject20\ik\Results_191\Run_30001.mot to set the initial configuration.
Successfully linked to CFSQP library 'osimCFSQP.dll'
Using CFSQP optimizer algorithm.

Setting optimizer print level to 0.
Setting optimizer convergence criterion to 1e-006.
Setting optimizer maximum iterations to 1000.

Setting cmc controller to not use verbose printing.



================================================================
================================================================
Using CMC to track the specified kinematics
Integrating from 0.83958 to 1.5104
Start time = Wed Dec 21 19:41:42 2011
================================================================
rdCMC.computeControls:  t = 0.83958
rdCMC.computeControls:  t = 0.84058
rdCMC.computeControls:  t = 0.84158
rdCMC.computeControls:  t = 0.84258
rdCMC.computeControls:  t = 0.84358
rdCMC.computeControls:  t = 0.84458
rdCMC.computeControls:  t = 0.84558
rdCMC.computeControls:  t = 0.84658
rdCMC.computeControls:  t = 0.84758
rdCMC.computeControls:  t = 0.84858
rdCMC.computeControls:  t = 0.84958
rdCMC.computeControls:  t = 0.85058
rdCMC.computeControls:  t = 0.85158
rdCMC.computeControls:  t = 0.85258
rdCMC.computeControls:  t = 0.85358
rdCMC.computeControls:  t = 0.85458
rdCMC.computeControls:  t = 0.85558
rdCMC.computeControls:  t = 0.85658
rdCMC.computeControls:  t = 0.85758
rdCMC.computeControls:  t = 0.85858
rdCMC.computeControls:  t = 0.85958
rdCMC.computeControls:  t = 0.86058
rdCMC.computeControls:  t = 0.86158
rdCMC.computeControls:  t = 0.86258
rdCMC.computeControls:  t = 0.86358
rdCMC.computeControls:  t = 0.86458
rdCMC.computeControls:  t = 0.86558
rdCMC.computeControls:  t = 0.86658
rdCMC.computeControls:  t = 0.86758
rdCMC.computeControls:  t = 0.86858
rdCMC.computeControls:  t = 0.86958
rdCMC.computeControls:  t = 0.87058
rdCMC.computeControls:  t = 0.87158
rdCMC.computeControls:  t = 0.87258
rdCMC.computeControls:  t = 0.87358
rdCMC.computeControls:  t = 0.87458
rdCMC.computeControls:  t = 0.87558
rdCMC.computeControls:  t = 0.87658
rdCMC.computeControls:  t = 0.87758
rdCMC.computeControls:  t = 0.87858
rdCMC.computeControls:  t = 0.87958
rdCMC.computeControls:  t = 0.88058
rdCMC.computeControls:  t = 0.88158
rdCMC.computeControls:  t = 0.88258
rdCMC.computeControls:  t = 0.88358
rdCMC.computeControls:  t = 0.88458
rdCMC.computeControls:  t = 0.88558
rdCMC.computeControls:  t = 0.88658
rdCMC.computeControls:  t = 0.88758
rdCMC.computeControls:  t = 0.88858
rdCMC.computeControls:  t = 0.88958
rdCMC.computeControls:  t = 0.89058
rdCMC.computeControls:  t = 0.89158
rdCMC.computeControls:  t = 0.89258
rdCMC.computeControls:  t = 0.89358
rdCMC.computeControls:  t = 0.89458
rdCMC.computeControls:  t = 0.89558
rdCMC.computeControls:  t = 0.89658
rdCMC.computeControls:  t = 0.89758
rdCMC.computeControls:  t = 0.89858
rdCMC.computeControls:  t = 0.89958
rdCMC.computeControls:  t = 0.90058
rdCMC.computeControls:  t = 0.90158
rdCMC.computeControls:  t = 0.90258
rdCMC.computeControls:  t = 0.90358
rdCMC.computeControls:  t = 0.90458
rdCMC.computeControls:  t = 0.90558
rdCMC.computeControls:  t = 0.90658
rdCMC.computeControls:  t = 0.90758
rdCMC.computeControls:  t = 0.90858
rdCMC.computeControls:  t = 0.90958
rdCMC.computeControls:  t = 0.91058
rdCMC.computeControls:  t = 0.91158
rdCMC.computeControls:  t = 0.91258
rdCMC.computeControls:  t = 0.91358
rdCMC.computeControls:  t = 0.91458
rdCMC.computeControls:  t = 0.91558
rdCMC.computeControls:  t = 0.91658
rdCMC.computeControls:  t = 0.91758
rdCMC.computeControls:  t = 0.91858
rdCMC.computeControls:  t = 0.91958
rdCMC.computeControls:  t = 0.92058
rdCMC.computeControls:  t = 0.92158
rdCMC.computeControls:  t = 0.92258
rdCMC.computeControls:  t = 0.92358
rdCMC.computeControls:  t = 0.92458
rdCMC.computeControls:  t = 0.92558
rdCMC.computeControls:  t = 0.92658
rdCMC.computeControls:  t = 0.92758
rdCMC.computeControls:  t = 0.92858
rdCMC.computeControls:  t = 0.92958
rdCMC.computeControls:  t = 0.93058
rdCMC.computeControls:  t = 0.93158
rdCMC.computeControls:  t = 0.93258
rdCMC.computeControls:  t = 0.93358
rdCMC.computeControls:  t = 0.93458
rdCMC.computeControls:  t = 0.93558
rdCMC.computeControls:  t = 0.93658
rdCMC.computeControls:  t = 0.93758
rdCMC.computeControls:  t = 0.93858
rdCMC.computeControls:  t = 0.93958
rdCMC.computeControls:  t = 0.94058
rdCMC.computeControls:  t = 0.94158
rdCMC.computeControls:  t = 0.94258
rdCMC.computeControls:  t = 0.94358
rdCMC.computeControls:  t = 0.94458
rdCMC.computeControls:  t = 0.94558
rdCMC.computeControls:  t = 0.94658
rdCMC.computeControls:  t = 0.94758
rdCMC.computeControls:  t = 0.94858
rdCMC.computeControls:  t = 0.94958
rdCMC.computeControls:  t = 0.95058
rdCMC.computeControls:  t = 0.95158
rdCMC.computeControls:  t = 0.95258
rdCMC.computeControls:  t = 0.95358
rdCMC.computeControls:  t = 0.95458
rdCMC.computeControls:  t = 0.95558
rdCMC.computeControls:  t = 0.95658
rdCMC.computeControls:  t = 0.95758
rdCMC.computeControls:  t = 0.95858
rdCMC.computeControls:  t = 0.95958
rdCMC.computeControls:  t = 0.96058
rdCMC.computeControls:  t = 0.96158
rdCMC.computeControls:  t = 0.96258
rdCMC.computeControls:  t = 0.96358
rdCMC.computeControls:  t = 0.96458
rdCMC.computeControls:  t = 0.96558
rdCMC.computeControls:  t = 0.96658
rdCMC.computeControls:  t = 0.96758
rdCMC.computeControls:  t = 0.96858
rdCMC.computeControls:  t = 0.96958
rdCMC.computeControls:  t = 0.97058
rdCMC.computeControls:  t = 0.97158
rdCMC.computeControls:  t = 0.97258
rdCMC.computeControls:  t = 0.97358
rdCMC.computeControls:  t = 0.97458
rdCMC.computeControls:  t = 0.97558
rdCMC.computeControls:  t = 0.97658
rdCMC.computeControls:  t = 0.97758
rdCMC.computeControls:  t = 0.97858
rdCMC.computeControls:  t = 0.97958
rdCMC.computeControls:  t = 0.98058
rdCMC.computeControls:  t = 0.98158
rdCMC.computeControls:  t = 0.98258
rdCMC.computeControls:  t = 0.98358
rdCMC.computeControls:  t = 0.98458
rdCMC.computeControls:  t = 0.98558
rdCMC.computeControls:  t = 0.98658
rdCMC.computeControls:  t = 0.98758
rdCMC.computeControls:  t = 0.98858
rdCMC.computeControls:  t = 0.98958
rdCMC.computeControls:  t = 0.99058
rdCMC.computeControls:  t = 0.99158
rdCMC.computeControls:  t = 0.99258
rdCMC.computeControls:  t = 0.99358
rdCMC.computeControls:  t = 0.99458
rdCMC.computeControls:  t = 0.99558
rdCMC.computeControls:  t = 0.99658
rdCMC.computeControls:  t = 0.99758
rdCMC.computeControls:  t = 0.99858
rdCMC.computeControls:  t = 0.99958
rdCMC.computeControls:  t = 1.00058
rdCMC.computeControls:  t = 1.00158
rdCMC.computeControls:  t = 1.00258
rdCMC.computeControls:  t = 1.00358
rdCMC.computeControls:  t = 1.00458
rdCMC.computeControls:  t = 1.00558
rdCMC.computeControls:  t = 1.00658
rdCMC.computeControls:  t = 1.00758
rdCMC.computeControls:  t = 1.00858
rdCMC.computeControls:  t = 1.00958
rdCMC.computeControls:  t = 1.01058
rdCMC.computeControls:  t = 1.01158
rdCMC.computeControls:  t = 1.01258
rdCMC.computeControls:  t = 1.01358
rdCMC.computeControls:  t = 1.01458
rdCMC.computeControls:  t = 1.01558
rdCMC.computeControls:  t = 1.01658
rdCMC.computeControls:  t = 1.01758
rdCMC.computeControls:  t = 1.01858
rdCMC.computeControls:  t = 1.01958
rdCMC.computeControls:  t = 1.02058
rdCMC.computeControls:  t = 1.02158
rdCMC.computeControls:  t = 1.02258
rdCMC.computeControls:  t = 1.02358
rdCMC.computeControls:  t = 1.02458
rdCMC.computeControls:  t = 1.02558
rdCMC.computeControls:  t = 1.02658
rdCMC.computeControls:  t = 1.02758
rdCMC.computeControls:  t = 1.02858
rdCMC.computeControls:  t = 1.02958
rdCMC.computeControls:  t = 1.03058
rdCMC.computeControls:  t = 1.03158
rdCMC.computeControls:  t = 1.03258
rdCMC.computeControls:  t = 1.03358
rdCMC.computeControls:  t = 1.03458
rdCMC.computeControls:  t = 1.03558
rdCMC.computeControls:  t = 1.03658
rdCMC.computeControls:  t = 1.03758
rdCMC.computeControls:  t = 1.03858
rdCMC.computeControls:  t = 1.03958
rdCMC.computeControls:  t = 1.04058
rdCMC.computeControls:  t = 1.04158
rdCMC.computeControls:  t = 1.04258
rdCMC.computeControls:  t = 1.04358
rdCMC.computeControls:  t = 1.04458
rdCMC.computeControls:  t = 1.04558
rdCMC.computeControls:  t = 1.04658
rdCMC.computeControls:  t = 1.04758
rdCMC.computeControls:  t = 1.04858
rdCMC.computeControls:  t = 1.04958
rdCMC.computeControls:  t = 1.05058
rdCMC.computeControls:  t = 1.05158
rdCMC.computeControls:  t = 1.05258
rdCMC.computeControls:  t = 1.05358
rdCMC.computeControls:  t = 1.05458
rdCMC.computeControls:  t = 1.05558
rdCMC.computeControls:  t = 1.05658
rdCMC.computeControls:  t = 1.05758
rdCMC.computeControls:  t = 1.05858
rdCMC.computeControls:  t = 1.05958
rdCMC.computeControls:  t = 1.06058
rdCMC.computeControls:  t = 1.06158
rdCMC.computeControls:  t = 1.06258
rdCMC.computeControls:  t = 1.06358
rdCMC.computeControls:  t = 1.06458
rdCMC.computeControls:  t = 1.06558
rdCMC.computeControls:  t = 1.06658
rdCMC.computeControls:  t = 1.06758
rdCMC.computeControls:  t = 1.06858
rdCMC.computeControls:  t = 1.06958
rdCMC.computeControls:  t = 1.07058
rdCMC.computeControls:  t = 1.07158
rdCMC.computeControls:  t = 1.07258
rdCMC.computeControls:  t = 1.07358
rdCMC.computeControls:  t = 1.07458
rdCMC.computeControls:  t = 1.07558
rdCMC.computeControls:  t = 1.07658
rdCMC.computeControls:  t = 1.07758
rdCMC.computeControls:  t = 1.07858
rdCMC.computeControls:  t = 1.07958
rdCMC.computeControls:  t = 1.08058
rdCMC.computeControls:  t = 1.08158
rdCMC.computeControls:  t = 1.08258
rdCMC.computeControls:  t = 1.08358
rdCMC.computeControls:  t = 1.08458
rdCMC.computeControls:  t = 1.08558
rdCMC.computeControls:  t = 1.08658
rdCMC.computeControls:  t = 1.08758
rdCMC.computeControls:  t = 1.08858
rdCMC.computeControls:  t = 1.08958
rdCMC.computeControls:  t = 1.09058
rdCMC.computeControls:  t = 1.09158
rdCMC.computeControls:  t = 1.09258
rdCMC.computeControls:  t = 1.09358
rdCMC.computeControls:  t = 1.09458
rdCMC.computeControls:  t = 1.09558
rdCMC.computeControls:  t = 1.09658
rdCMC.computeControls:  t = 1.09758
rdCMC.computeControls:  t = 1.09858
rdCMC.computeControls:  t = 1.09958
rdCMC.computeControls:  t = 1.10058
rdCMC.computeControls:  t = 1.10158
rdCMC.computeControls:  t = 1.10258
rdCMC.computeControls:  t = 1.10358
rdCMC.computeControls:  t = 1.10458
rdCMC.computeControls:  t = 1.10558
rdCMC.computeControls:  t = 1.10658
rdCMC.computeControls:  t = 1.10758
rdCMC.computeControls:  t = 1.10858
rdCMC.computeControls:  t = 1.10958
rdCMC.computeControls:  t = 1.11058
rdCMC.computeControls:  t = 1.11158
rdCMC.computeControls:  t = 1.11258
rdCMC.computeControls:  t = 1.11358
rdCMC.computeControls:  t = 1.11458
rdCMC.computeControls:  t = 1.11558
rdCMC.computeControls:  t = 1.11658
rdCMC.computeControls:  t = 1.11758
rdCMC.computeControls:  t = 1.11858
rdCMC.computeControls:  t = 1.11958
rdCMC.computeControls:  t = 1.12058
rdCMC.computeControls:  t = 1.12158
rdCMC.computeControls:  t = 1.12258
rdCMC.computeControls:  t = 1.12358
rdCMC.computeControls:  t = 1.12458
rdCMC.computeControls:  t = 1.12558
rdCMC.computeControls:  t = 1.12658
rdCMC.computeControls:  t = 1.12758
rdCMC.computeControls:  t = 1.12858
rdCMC.computeControls:  t = 1.12958
rdCMC.computeControls:  t = 1.13058
rdCMC.computeControls:  t = 1.13158
rdCMC.computeControls:  t = 1.13258
rdCMC.computeControls:  t = 1.13358
rdCMC.computeControls:  t = 1.13458
rdCMC.computeControls:  t = 1.13558
rdCMC.computeControls:  t = 1.13658
rdCMC.computeControls:  t = 1.13758
rdCMC.computeControls:  t = 1.13858
rdCMC.computeControls:  t = 1.13958
rdCMC.computeControls:  t = 1.14058
rdCMC.computeControls:  t = 1.14158
rdCMC.computeControls:  t = 1.14258
rdCMC.computeControls:  t = 1.14358
rdCMC.computeControls:  t = 1.14458
rdCMC.computeControls:  t = 1.14558
rdCMC.computeControls:  t = 1.14658
rdCMC.computeControls:  t = 1.14758
rdCMC.computeControls:  t = 1.14858
rdCMC.computeControls:  t = 1.14958
rdCMC.computeControls:  t = 1.15058
rdCMC.computeControls:  t = 1.15158
rdCMC.computeControls:  t = 1.15258
rdCMC.computeControls:  t = 1.15358
rdCMC.computeControls:  t = 1.15458
rdCMC.computeControls:  t = 1.15558
rdCMC.computeControls:  t = 1.15658
rdCMC.computeControls:  t = 1.15758
rdCMC.computeControls:  t = 1.15858
rdCMC.computeControls:  t = 1.15958
rdCMC.computeControls:  t = 1.16058
rdCMC.computeControls:  t = 1.16158
rdCMC.computeControls:  t = 1.16258
rdCMC.computeControls:  t = 1.16358
rdCMC.computeControls:  t = 1.16458
rdCMC.computeControls:  t = 1.16558
rdCMC.computeControls:  t = 1.16658
rdCMC.computeControls:  t = 1.16758
rdCMC.computeControls:  t = 1.16858
rdCMC.computeControls:  t = 1.16958
rdCMC.computeControls:  t = 1.17058
rdCMC.computeControls:  t = 1.17158
rdCMC.computeControls:  t = 1.17258
rdCMC.computeControls:  t = 1.17358
rdCMC.computeControls:  t = 1.17458
rdCMC.computeControls:  t = 1.17558
rdCMC.computeControls:  t = 1.17658
rdCMC.computeControls:  t = 1.17758
rdCMC.computeControls:  t = 1.17858
rdCMC.computeControls:  t = 1.17958
rdCMC.computeControls:  t = 1.18058
rdCMC.computeControls:  t = 1.18158
rdCMC.computeControls:  t = 1.18258
rdCMC.computeControls:  t = 1.18358
rdCMC.computeControls:  t = 1.18458
rdCMC.computeControls:  t = 1.18558
rdCMC.computeControls:  t = 1.18658
rdCMC.computeControls:  t = 1.18758
rdCMC.computeControls:  t = 1.18858
rdCMC.computeControls:  t = 1.18958
rdCMC.computeControls:  t = 1.19058
rdCMC.computeControls:  t = 1.19158
rdCMC.computeControls:  t = 1.19258
rdCMC.computeControls:  t = 1.19358
rdCMC.computeControls:  t = 1.19458
rdCMC.computeControls:  t = 1.19558
rdCMC.computeControls:  t = 1.19658
rdCMC.computeControls:  t = 1.19758
rdCMC.computeControls:  t = 1.19858
rdCMC.computeControls:  t = 1.19958
rdCMC.computeControls:  t = 1.20058
rdCMC.computeControls:  t = 1.20158
rdCMC.computeControls:  t = 1.20258
rdCMC.computeControls:  t = 1.20358
rdCMC.computeControls:  t = 1.20458
rdCMC.computeControls:  t = 1.20558
rdCMC.computeControls:  t = 1.20658
rdCMC.computeControls:  t = 1.20758
rdCMC.computeControls:  t = 1.20858
rdCMC.computeControls:  t = 1.20958
rdCMC.computeControls:  t = 1.21058
rdCMC.computeControls:  t = 1.21158
rdCMC.computeControls:  t = 1.21258
rdCMC.computeControls:  t = 1.21358
rdCMC.computeControls:  t = 1.21458
rdCMC.computeControls:  t = 1.21558
rdCMC.computeControls:  t = 1.21658
rdCMC.computeControls:  t = 1.21758
rdCMC.computeControls:  t = 1.21858
rdCMC.computeControls:  t = 1.21958
rdCMC.computeControls:  t = 1.22058
rdCMC.computeControls:  t = 1.22158
rdCMC.computeControls:  t = 1.22258
rdCMC.computeControls:  t = 1.22358
rdCMC.computeControls:  t = 1.22458
rdCMC.computeControls:  t = 1.22558
rdCMC.computeControls:  t = 1.22658
rdCMC.computeControls:  t = 1.22758
rdCMC.computeControls:  t = 1.22858
rdCMC.computeControls:  t = 1.22958
rdCMC.computeControls:  t = 1.23058
rdCMC.computeControls:  t = 1.23158
rdCMC.computeControls:  t = 1.23258
rdCMC.computeControls:  t = 1.23358
rdCMC.computeControls:  t = 1.23458
rdCMC.computeControls:  t = 1.23558
rdCMC.computeControls:  t = 1.23658
rdCMC.computeControls:  t = 1.23758
rdCMC.computeControls:  t = 1.23858
rdCMC.computeControls:  t = 1.23958
rdCMC.computeControls:  t = 1.24058
rdCMC.computeControls:  t = 1.24158
rdCMC.computeControls:  t = 1.24258
rdCMC.computeControls:  t = 1.24358
rdCMC.computeControls:  t = 1.24458
rdCMC.computeControls:  t = 1.24558
rdCMC.computeControls:  t = 1.24658
rdCMC.computeControls:  t = 1.24758
rdCMC.computeControls:  t = 1.24858
rdCMC.computeControls:  t = 1.24958
rdCMC.computeControls:  t = 1.25058
rdCMC.computeControls:  t = 1.25158
rdCMC.computeControls:  t = 1.25258
rdCMC.computeControls:  t = 1.25358
rdCMC.computeControls:  t = 1.25458
rdCMC.computeControls:  t = 1.25558
rdCMC.computeControls:  t = 1.25658
rdCMC.computeControls:  t = 1.25758
rdCMC.computeControls:  t = 1.25858
rdCMC.computeControls:  t = 1.25958
rdCMC.computeControls:  t = 1.26058
rdCMC.computeControls:  t = 1.26158
rdCMC.computeControls:  t = 1.26258
rdCMC.computeControls:  t = 1.26358
rdCMC.computeControls:  t = 1.26458
rdCMC.computeControls:  t = 1.26558
rdCMC.computeControls:  t = 1.26658
rdCMC.computeControls:  t = 1.26758
rdCMC.computeControls:  t = 1.26858
rdCMC.computeControls:  t = 1.26958
rdCMC.computeControls:  t = 1.27058
rdCMC.computeControls:  t = 1.27158
rdCMC.computeControls:  t = 1.27258
rdCMC.computeControls:  t = 1.27358
rdCMC.computeControls:  t = 1.27458
rdCMC.computeControls:  t = 1.27558
rdCMC.computeControls:  t = 1.27658
rdCMC.computeControls:  t = 1.27758
rdCMC.computeControls:  t = 1.27858
rdCMC.computeControls:  t = 1.27958
rdCMC.computeControls:  t = 1.28058
rdCMC.computeControls:  t = 1.28158
rdCMC.computeControls:  t = 1.28258
rdCMC.computeControls:  t = 1.28358
rdCMC.computeControls:  t = 1.28458
rdCMC.computeControls:  t = 1.28558
rdCMC.computeControls:  t = 1.28658
rdCMC.computeControls:  t = 1.28758
rdCMC.computeControls:  t = 1.28858
rdCMC.computeControls:  t = 1.28958
rdCMC.computeControls:  t = 1.29058
rdCMC.computeControls:  t = 1.29158
rdCMC.computeControls:  t = 1.29258
rdCMC.computeControls:  t = 1.29358
rdCMC.computeControls:  t = 1.29458
rdCMC.computeControls:  t = 1.29558
rdCMC.computeControls:  t = 1.29658
rdCMC.computeControls:  t = 1.29758
rdCMC.computeControls:  t = 1.29858
rdCMC.computeControls:  t = 1.29958
rdCMC.computeControls:  t = 1.30058
rdCMC.computeControls:  t = 1.30158
rdCMC.computeControls:  t = 1.30258
rdCMC.computeControls:  t = 1.30358
rdCMC.computeControls:  t = 1.30458
rdCMC.computeControls:  t = 1.30558
rdCMC.computeControls:  t = 1.30658
rdCMC.computeControls:  t = 1.30758
rdCMC.computeControls:  t = 1.30858
rdCMC.computeControls:  t = 1.30958
rdCMC.computeControls:  t = 1.31058
rdCMC.computeControls:  t = 1.31158
rdCMC.computeControls:  t = 1.31258
rdCMC.computeControls:  t = 1.31358
rdCMC.computeControls:  t = 1.31458
rdCMC.computeControls:  t = 1.31558
rdCMC.computeControls:  t = 1.31658
rdCMC.computeControls:  t = 1.31758
rdCMC.computeControls:  t = 1.31858
rdCMC.computeControls:  t = 1.31958
rdCMC.computeControls:  t = 1.32058
rdCMC.computeControls:  t = 1.32158
rdCMC.computeControls:  t = 1.32258
rdCMC.computeControls:  t = 1.32358
rdCMC.computeControls:  t = 1.32458
rdCMC.computeControls:  t = 1.32558
rdCMC.computeControls:  t = 1.32658
rdCMC.computeControls:  t = 1.32758
rdCMC.computeControls:  t = 1.32858
rdCMC.computeControls:  t = 1.32958
rdCMC.computeControls:  t = 1.33058
rdCMC.computeControls:  t = 1.33158
rdCMC.computeControls:  t = 1.33258
rdCMC.computeControls:  t = 1.33358
rdCMC.computeControls:  t = 1.33458
rdCMC.computeControls:  t = 1.33558
rdCMC.computeControls:  t = 1.33658
rdCMC.computeControls:  t = 1.33758
rdCMC.computeControls:  t = 1.33858
rdCMC.computeControls:  t = 1.33958
rdCMC.computeControls:  t = 1.34058
rdCMC.computeControls:  t = 1.34158
rdCMC.computeControls:  t = 1.34258
rdCMC.computeControls:  t = 1.34358
rdCMC.computeControls:  t = 1.34458
rdCMC.computeControls:  t = 1.34558
rdCMC.computeControls:  t = 1.34658
rdCMC.computeControls:  t = 1.34758
rdCMC.computeControls:  t = 1.34858
rdCMC.computeControls:  t = 1.34958
rdCMC.computeControls:  t = 1.35058
rdCMC.computeControls:  t = 1.35158
rdCMC.computeControls:  t = 1.35258
rdCMC.computeControls:  t = 1.35358
rdCMC.computeControls:  t = 1.35458
rdCMC.computeControls:  t = 1.35558
rdCMC.computeControls:  t = 1.35658
rdCMC.computeControls:  t = 1.35758
rdCMC.computeControls:  t = 1.35858
rdCMC.computeControls:  t = 1.35958
rdCMC.computeControls:  t = 1.36058
rdCMC.computeControls:  t = 1.36158
rdCMC.computeControls:  t = 1.36258
rdCMC.computeControls:  t = 1.36358
rdCMC.computeControls:  t = 1.36458
rdCMC.computeControls:  t = 1.36558
rdCMC.computeControls:  t = 1.36658
rdCMC.computeControls:  t = 1.36758
rdCMC.computeControls:  t = 1.36858
rdCMC.computeControls:  t = 1.36958
rdCMC.computeControls:  t = 1.37058
rdCMC.computeControls:  t = 1.37158
rdCMC.computeControls:  t = 1.37258
rdCMC.computeControls:  t = 1.37358
rdCMC.computeControls:  t = 1.37458
rdCMC.computeControls:  t = 1.37558
rdCMC.computeControls:  t = 1.37658
rdCMC.computeControls:  t = 1.37758
rdCMC.computeControls:  t = 1.37858
rdCMC.computeControls:  t = 1.37958
rdCMC.computeControls:  t = 1.38058
rdCMC.computeControls:  t = 1.38158
rdCMC.computeControls:  t = 1.38258
rdCMC.computeControls:  t = 1.38358
rdCMC.computeControls:  t = 1.38458
rdCMC.computeControls:  t = 1.38558
rdCMC.computeControls:  t = 1.38658
rdCMC.computeControls:  t = 1.38758
rdCMC.computeControls:  t = 1.38858
rdCMC.computeControls:  t = 1.38958
rdCMC.computeControls:  t = 1.39058
rdCMC.computeControls:  t = 1.39158
rdCMC.computeControls:  t = 1.39258
rdCMC.computeControls:  t = 1.39358
rdCMC.computeControls:  t = 1.39458
rdCMC.computeControls:  t = 1.39558
rdCMC.computeControls:  t = 1.39658
rdCMC.computeControls:  t = 1.39758
rdCMC.computeControls:  t = 1.39858
rdCMC.computeControls:  t = 1.39958
rdCMC.computeControls:  t = 1.40058
rdCMC.computeControls:  t = 1.40158
rdCMC.computeControls:  t = 1.40258
rdCMC.computeControls:  t = 1.40358
rdCMC.computeControls:  t = 1.40458
rdCMC.computeControls:  t = 1.40558
rdCMC.computeControls:  t = 1.40658
rdCMC.computeControls:  t = 1.40758
rdCMC.computeControls:  t = 1.40858
rdCMC.computeControls:  t = 1.40958
rdCMC.computeControls:  t = 1.41058
rdCMC.computeControls:  t = 1.41158
rdCMC.computeControls:  t = 1.41258
rdCMC.computeControls:  t = 1.41358
rdCMC.computeControls:  t = 1.41458
rdCMC.computeControls:  t = 1.41558
rdCMC.computeControls:  t = 1.41658
rdCMC.computeControls:  t = 1.41758
rdCMC.computeControls:  t = 1.41858
rdCMC.computeControls:  t = 1.41958
rdCMC.computeControls:  t = 1.42058
rdCMC.computeControls:  t = 1.42158
rdCMC.computeControls:  t = 1.42258
rdCMC.computeControls:  t = 1.42358
rdCMC.computeControls:  t = 1.42458
rdCMC.computeControls:  t = 1.42558
rdCMC.computeControls:  t = 1.42658
rdCMC.computeControls:  t = 1.42758
rdCMC.computeControls:  t = 1.42858
rdCMC.computeControls:  t = 1.42958
rdCMC.computeControls:  t = 1.43058
rdCMC.computeControls:  t = 1.43158
rdCMC.computeControls:  t = 1.43258
rdCMC.computeControls:  t = 1.43358
rdCMC.computeControls:  t = 1.43458
rdCMC.computeControls:  t = 1.43558
rdCMC.computeControls:  t = 1.43658
rdCMC.computeControls:  t = 1.43758
rdCMC.computeControls:  t = 1.43858
rdCMC.computeControls:  t = 1.43958
rdCMC.computeControls:  t = 1.44058
rdCMC.computeControls:  t = 1.44158
rdCMC.computeControls:  t = 1.44258
rdCMC.computeControls:  t = 1.44358
rdCMC.computeControls:  t = 1.44458
rdCMC.computeControls:  t = 1.44558
rdCMC.computeControls:  t = 1.44658
rdCMC.computeControls:  t = 1.44758
rdCMC.computeControls:  t = 1.44858
rdCMC.computeControls:  t = 1.44958
rdCMC.computeControls:  t = 1.45058
rdCMC.computeControls:  t = 1.45158
rdCMC.computeControls:  t = 1.45258
rdCMC.computeControls:  t = 1.45358
rdCMC.computeControls:  t = 1.45458
rdCMC.computeControls:  t = 1.45558
rdCMC.computeControls:  t = 1.45658
rdCMC.computeControls:  t = 1.45758
rdCMC.computeControls:  t = 1.45858
rdCMC.computeControls:  t = 1.45958
rdCMC.computeControls:  t = 1.46058
rdCMC.computeControls:  t = 1.46158
rdCMC.computeControls:  t = 1.46258
rdCMC.computeControls:  t = 1.46358
rdCMC.computeControls:  t = 1.46458
rdCMC.computeControls:  t = 1.46558
rdCMC.computeControls:  t = 1.46658
rdCMC.computeControls:  t = 1.46758
rdCMC.computeControls:  t = 1.46858
rdCMC.computeControls:  t = 1.46958
rdCMC.computeControls:  t = 1.47058
rdCMC.computeControls:  t = 1.47158
rdCMC.computeControls:  t = 1.47258
rdCMC.computeControls:  t = 1.47358
rdCMC.computeControls:  t = 1.47458
rdCMC.computeControls:  t = 1.47558
rdCMC.computeControls:  t = 1.47658
rdCMC.computeControls:  t = 1.47758
rdCMC.computeControls:  t = 1.47858
rdCMC.computeControls:  t = 1.47958
rdCMC.computeControls:  t = 1.48058
rdCMC.computeControls:  t = 1.48158
rdCMC.computeControls:  t = 1.48258
rdCMC.computeControls:  t = 1.48358
rdCMC.computeControls:  t = 1.48458
rdCMC.computeControls:  t = 1.48558
rdCMC.computeControls:  t = 1.48658
rdCMC.computeControls:  t = 1.48758
rdCMC.computeControls:  t = 1.48858
rdCMC.computeControls:  t = 1.48958
rdCMC.computeControls:  t = 1.49058
rdCMC.computeControls:  t = 1.49158
rdCMC.computeControls:  t = 1.49258
rdCMC.computeControls:  t = 1.49358
rdCMC.computeControls:  t = 1.49458
rdCMC.computeControls:  t = 1.49558
rdCMC.computeControls:  t = 1.49658
rdCMC.computeControls:  t = 1.49758
rdCMC.computeControls:  t = 1.49858
rdCMC.computeControls:  t = 1.49958
rdCMC.computeControls:  t = 1.50058
rdCMC.computeControls:  t = 1.50158
rdCMC.computeControls:  t = 1.50258
rdCMC.computeControls:  t = 1.50358
rdCMC.computeControls:  t = 1.50458
rdCMC.computeControls:  t = 1.50558
rdCMC.computeControls:  t = 1.50658
rdCMC.computeControls:  t = 1.50758
rdCMC.computeControls:  t = 1.50858
----------------------------------------------------------------
Finished tracking the specified kinematics
=================================================================
Start time   = Wed Dec 21 19:41:42 2011
Finish time  = Wed Dec 21 19:43:47 2011
Elapsed time = 125 seconds.
================================================================


Printing results of investigation subject20_Run_30001_cycle2 to RRA_Results_v191_Run_30001_cycle2.


Average residuals:
FX=-0.489934 FY=-3.41888 FZ=-0.49399
MX=0.305809 MY=0.237382 MZ=1.46983


