<!-- Copyright (c) 2013, Stanford University

Permission is hereby granted, free of charge, to any person obtaining a copy of this software and associated documentation files (the "Software"), to deal in the Software without restriction, including without limitation the rights to use, copy, modify, merge, publish, distribute, sublicense, and/or sell copies of the Software, and to permit persons to whom the Software is furnished to do so, subject to the following conditions:

The above copyright notice and this permission notice shall be included in all copies or substantial portions of the Software.

THE SOFTWARE IS PROVIDED "AS IS", WITHOUT WARRANTY OF ANY KIND, EXPRESS OR IMPLIED, INCLUDING BUT NOT LIMITED TO THE WARRANTIES OF MERCHANTABILITY, FITNESS FOR A PARTICULAR PURPOSE AND NONINFRINGEMENT. IN NO EVENT SHALL THE AUTHORS OR COPYRIGHT HOLDERS BE LIABLE FOR ANY CLAIM, DAMAGES OR OTHER LIABILITY, WHETHER IN AN ACTION OF CONTRACT, TORT OR OTHERWISE, ARISING FROM, OUT OF OR IN CONNECTION WITH THE SOFTWARE OR THE USE OR OTHER DEALINGS IN THE 
SOFTWARE.

Please cite: Hamner, S.R., Delp, S.L. (2013) Muscle contributions to fore-aft and vertical body mass center accelerations 
over a range of running speeds. Journal of Biomechanics, vol 46, pp 780-787.-->

-------------------------------------------------------
This program includes software developed by the
Apache Software Foundation (http://www.apache.org/).
-------------------------------------------------------


-------------------------------------------------------
Library SimbodyEngine...
-------------------------------------------------------

Constructing investigation from setup file subject19_Setup_RRA_Run_50001_cycle1_v191.xml.

AbstractTool subject19_Run_50001_cycle1 loading model '../../scale/subject19_scaled_v191.osim'
Created model subject19_scaled from file ../../scale/subject19_scaled_v191.osim
Adding actuator set from ../gait2392_RRA_Actuators_v191.xml
-----------------------------------------------------------------------
Loaded library
-----------------------------------------------------------------------
             MODEL: subject19_scaled
         actuators: 29
          analyses: 0
          contacts: 0
-----------------------------------------------------------------------

Running tool subject19_Run_50001_cycle1.
MODEL: subject19_scaled

ANALYSES (0)

BODIES (21)
body[0] = ground (mass: 0) (inertia: 0 0 0 0 0 0 0 0 0)
body[1] = pelvis (mass: 10.2057) (inertia: 0.0829698 0 0 0 0.0829698 0 0 0 0.037124)
body[2] = femur_r (mass: 8.06037) (inertia: 0.134888 0 0 0 0.0353589 0 0 0 0.142242)
body[3] = tibia_r (mass: 3.21283) (inertia: 0.0510904 0 0 0 0.00516987 0 0 0 0.0518)
body[4] = talus_r (mass: 0.0866576) (inertia: 0.00100769 0 0 0 0.00100769 0 0 0 0.00100769)
body[5] = calcn_r (mass: 1.08322) (inertia: 0.00141077 0 0 0 0.00392999 0 0 0 0.00413153)
body[6] = toes_r (mass: 0.1877) (inertia: 0.00010077 0 0 0 0.00020154 0 0 0 0.00100769)
body[7] = femur_l (mass: 8.06037) (inertia: 0.134888 0 0 0 0.0353589 0 0 0 0.142242)
body[8] = tibia_l (mass: 3.21283) (inertia: 0.0507594 0 0 0 0.00450769 0 0 0 0.0507594)
body[9] = talus_l (mass: 0.0866576) (inertia: 0.00100769 0 0 0 0.00100769 0 0 0 0.00100769)
body[10] = calcn_l (mass: 1.08322) (inertia: 0.00141077 0 0 0 0.00392999 0 0 0 0.00413153)
body[11] = toes_l (mass: 0.1877) (inertia: 0.00010077 0 0 0 0.00020154 0 0 0 0.00100769)
body[12] = torso (mass: 23.2473) (inertia: 1.29577 0 0 0 0.663923 0 0 0 1.25789)
body[13] = humerus_r (mass: 1.76132) (inertia: 0.0093068 0 0 0 0.00321056 0 0 0 0.0104466)
body[14] = ulna_r (mass: 0.526445) (inertia: 0.0029637 0 0 0 0.00061836 0 0 0 0.00321485)
body[15] = radius_r (mass: 0.526445) (inertia: 0.0029637 0 0 0 0.00061836 0 0 0 0.00321485)
body[16] = hand_r (mass: 0.396459) (inertia: 0.00089251 0 0 0 0.00054731 0 0 0 0.00134077)
body[17] = humerus_l (mass: 1.76132) (inertia: 0.0093068 0 0 0 0.00321056 0 0 0 0.0104466)
body[18] = ulna_l (mass: 0.526445) (inertia: 0.0029637 0 0 0 0.00061836 0 0 0 0.00321485)
body[19] = radius_l (mass: 0.526445) (inertia: 0.0029637 0 0 0 0.00061836 0 0 0 0.00321485)
body[20] = hand_l (mass: 0.396459) (inertia: 0.00089251 0 0 0 0.00054731 0 0 0 0.00134077)

ACTUATORS (29)
actuator[0] = FX (controls: FX.excitation)
actuator[1] = FY (controls: FY.excitation)
actuator[2] = FZ (controls: FZ.excitation)
actuator[3] = MX (controls: MX.excitation)
actuator[4] = MY (controls: MY.excitation)
actuator[5] = MZ (controls: MZ.excitation)
actuator[6] = hip_flexion_r (controls: hip_flexion_r.excitation)
actuator[7] = hip_adduction_r (controls: hip_adduction_r.excitation)
actuator[8] = hip_rotation_r (controls: hip_rotation_r.excitation)
actuator[9] = knee_angle_r (controls: knee_angle_r.excitation)
actuator[10] = ankle_angle_r (controls: ankle_angle_r.excitation)
actuator[11] = hip_flexion_l (controls: hip_flexion_l.excitation)
actuator[12] = hip_adduction_l (controls: hip_adduction_l.excitation)
actuator[13] = hip_rotation_l (controls: hip_rotation_l.excitation)
actuator[14] = knee_angle_l (controls: knee_angle_l.excitation)
actuator[15] = ankle_angle_l (controls: ankle_angle_l.excitation)
actuator[16] = lumbar_extension (controls: lumbar_extension.excitation)
actuator[17] = lumbar_bending (controls: lumbar_bending.excitation)
actuator[18] = lumbar_rotation (controls: lumbar_rotation.excitation)
actuator[19] = arm_flex_r (controls: arm_flex_r.excitation)
actuator[20] = arm_add_r (controls: arm_add_r.excitation)
actuator[21] = arm_rot_r (controls: arm_rot_r.excitation)
actuator[22] = elbow_flex_r (controls: elbow_flex_r.excitation)
actuator[23] = pro_sup_r (controls: pro_sup_r.excitation)
actuator[24] = arm_flex_l (controls: arm_flex_l.excitation)
actuator[25] = arm_add_l (controls: arm_add_l.excitation)
actuator[26] = arm_rot_l (controls: arm_rot_l.excitation)
actuator[27] = elbow_flex_l (controls: elbow_flex_l.excitation)
actuator[28] = pro_sup_l (controls: pro_sup_l.excitation)

CONTACTS (0)
numControls = 29
numStates = 74
numCoordinates = 37
numSpeeds = 37
numActuators = 29
numBodies = 21
numConstraints = 0

STATES (74)
y[0] = pelvis_tilt
y[1] = pelvis_list
y[2] = pelvis_rotation
y[3] = pelvis_tx
y[4] = pelvis_ty
y[5] = pelvis_tz
y[6] = hip_flexion_r
y[7] = hip_adduction_r
y[8] = hip_rotation_r
y[9] = knee_angle_r
y[10] = ankle_angle_r
y[11] = subtalar_angle_r
y[12] = mtp_angle_r
y[13] = hip_flexion_l
y[14] = hip_adduction_l
y[15] = hip_rotation_l
y[16] = knee_angle_l
y[17] = ankle_angle_l
y[18] = subtalar_angle_l
y[19] = mtp_angle_l
y[20] = lumbar_extension
y[21] = lumbar_bending
y[22] = lumbar_rotation
y[23] = arm_flex_r
y[24] = arm_add_r
y[25] = arm_rot_r
y[26] = elbow_flex_r
y[27] = pro_sup_r
y[28] = wrist_flex_r
y[29] = wrist_dev_r
y[30] = arm_flex_l
y[31] = arm_add_l
y[32] = arm_rot_l
y[33] = elbow_flex_l
y[34] = pro_sup_l
y[35] = wrist_flex_l
y[36] = wrist_dev_l
y[37] = pelvis_tilt_u
y[38] = pelvis_list_u
y[39] = pelvis_rotation_u
y[40] = pelvis_tx_u
y[41] = pelvis_ty_u
y[42] = pelvis_tz_u
y[43] = hip_flexion_r_u
y[44] = hip_adduction_r_u
y[45] = hip_rotation_r_u
y[46] = knee_angle_r_u
y[47] = ankle_angle_r_u
y[48] = subtalar_angle_r_u
y[49] = mtp_angle_r_u
y[50] = hip_flexion_l_u
y[51] = hip_adduction_l_u
y[52] = hip_rotation_l_u
y[53] = knee_angle_l_u
y[54] = ankle_angle_l_u
y[55] = subtalar_angle_l_u
y[56] = mtp_angle_l_u
y[57] = lumbar_extension_u
y[58] = lumbar_bending_u
y[59] = lumbar_rotation_u
y[60] = arm_flex_r_u
y[61] = arm_add_r_u
y[62] = arm_rot_r_u
y[63] = elbow_flex_r_u
y[64] = pro_sup_r_u
y[65] = wrist_flex_r_u
y[66] = wrist_dev_r_u
y[67] = arm_flex_l_u
y[68] = arm_add_l_u
y[69] = arm_rot_l_u
y[70] = elbow_flex_l_u
y[71] = pro_sup_l_u
y[72] = wrist_flex_l_u
y[73] = wrist_dev_l_u


WARN- a desired points file was not specified.



Loading desired kinematics from file D:\RackSpaceSync\nmbl_running\OpenSimResults\subject19\ik\Results_191\Run_50001.mot ...
Storage: file=D:\RackSpaceSync\nmbl_running\OpenSimResults\subject19\ik\Results_191\Run_50001.mot (nr=655 nc=164)


Low-pass filtering desired kinematics with a cutoff frequency of 15...



Loading external loads kinematics from file D:\RackSpaceSync\nmbl_running\OpenSimResults\subject19\ik\Results_191\Run_50001.mot ...
Storage: file=D:\RackSpaceSync\nmbl_running\OpenSimResults\subject19\ik\Results_191\Run_50001.mot (nr=655 nc=164)
Low-pass filtering external load kinematics with a cutoff frequency of 15...
Storage: file=D:\RackSpaceSync\nmbl_running\HPL_Data\Hamner_Test\subject19\Session 1\ExportedData\Run_500 01_newCOP3.mot (nr=5241 nc=19)

Note: requested COM adjustment time range 0.18854 - 0.84375 clamped to nearest available data times 0.183218 - 0.841525

Computing average residuals between 0.183218 and 0.841525
Average residuals before adjusting torso COM:
FX=-5.28249 FY=-13.9537 FZ=-4.85002
MX=3.99553 MY=-0.771046 MZ=-13.4482

CMCTool.adjustCOMToReduceResiduals:
torso weight = 227.978
dx=-0.0589891, dz=-0.0175259

dmass = 1.42288

Recommended mass adjustments:
ground:  orig mass = 0, new mass = 0
pelvis:  orig mass = 10.2057, new mass = 10.4286
femur_r:  orig mass = 8.06037, new mass = 8.23645
tibia_r:  orig mass = 3.21283, new mass = 3.28302
talus_r:  orig mass = 0.0866576, new mass = 0.0885506
calcn_r:  orig mass = 1.08322, new mass = 1.10688
toes_r:  orig mass = 0.1877, new mass = 0.191801
femur_l:  orig mass = 8.06037, new mass = 8.23645
tibia_l:  orig mass = 3.21283, new mass = 3.28302
talus_l:  orig mass = 0.0866576, new mass = 0.0885506
calcn_l:  orig mass = 1.08322, new mass = 1.10688
toes_l:  orig mass = 0.1877, new mass = 0.191801
torso:  orig mass = 23.2473, new mass = 23.7551
humerus_r:  orig mass = 1.76132, new mass = 1.79979
ulna_r:  orig mass = 0.526445, new mass = 0.537945
radius_r:  orig mass = 0.526445, new mass = 0.537945
hand_r:  orig mass = 0.396459, new mass = 0.405119
humerus_l:  orig mass = 1.76132, new mass = 1.79979
ulna_l:  orig mass = 0.526445, new mass = 0.537945
radius_l:  orig mass = 0.526445, new mass = 0.537945
hand_l:  orig mass = 0.396459, new mass = 0.405119

Computing average residuals between 0.183218 and 0.841525
Average residuals after adjusting torso COM:
FX=-5.33565 FY=-13.9203 FZ=-5.03894
MX=0.0274445 MY=-0.640904 MZ=-0.370572


Constructing function set for tracking desired kinematics...

No Actuation analysis found in analysis set -- adding one
No Kinematics analysis found in analysis set -- adding one


 taskSet size = 29

Using the generalized coordinates specified in D:\RackSpaceSync\nmbl_running\OpenSimResults\subject19\ik\Results_191\Run_50001.mot to set the initial configuration.
Successfully linked to CFSQP library 'osimCFSQP.dll'
Using CFSQP optimizer algorithm.

Setting optimizer print level to 0.
Setting optimizer convergence criterion to 1e-006.
Setting optimizer maximum iterations to 1000.

Setting cmc controller to not use verbose printing.



================================================================
================================================================
Using CMC to track the specified kinematics
Integrating from 0.18854 to 0.84375
Start time = Fri Dec 23 08:54:27 2011
================================================================
rdCMC.computeControls:  t = 0.18854
rdCMC.computeControls:  t = 0.18954
rdCMC.computeControls:  t = 0.19054
rdCMC.computeControls:  t = 0.19154
rdCMC.computeControls:  t = 0.19254
rdCMC.computeControls:  t = 0.19354
rdCMC.computeControls:  t = 0.19454
rdCMC.computeControls:  t = 0.19554
rdCMC.computeControls:  t = 0.19654
rdCMC.computeControls:  t = 0.19754
rdCMC.computeControls:  t = 0.19854
rdCMC.computeControls:  t = 0.19954
rdCMC.computeControls:  t = 0.20054
rdCMC.computeControls:  t = 0.20154
rdCMC.computeControls:  t = 0.20254
rdCMC.computeControls:  t = 0.20354
rdCMC.computeControls:  t = 0.20454
rdCMC.computeControls:  t = 0.20554
rdCMC.computeControls:  t = 0.20654
rdCMC.computeControls:  t = 0.20754
rdCMC.computeControls:  t = 0.20854
rdCMC.computeControls:  t = 0.20954
rdCMC.computeControls:  t = 0.21054
rdCMC.computeControls:  t = 0.21154
rdCMC.computeControls:  t = 0.21254
rdCMC.computeControls:  t = 0.21354
rdCMC.computeControls:  t = 0.21454
rdCMC.computeControls:  t = 0.21554
rdCMC.computeControls:  t = 0.21654
rdCMC.computeControls:  t = 0.21754
rdCMC.computeControls:  t = 0.21854
rdCMC.computeControls:  t = 0.21954
rdCMC.computeControls:  t = 0.22054
rdCMC.computeControls:  t = 0.22154
rdCMC.computeControls:  t = 0.22254
rdCMC.computeControls:  t = 0.22354
rdCMC.computeControls:  t = 0.22454
rdCMC.computeControls:  t = 0.22554
rdCMC.computeControls:  t = 0.22654
rdCMC.computeControls:  t = 0.22754
rdCMC.computeControls:  t = 0.22854
rdCMC.computeControls:  t = 0.22954
rdCMC.computeControls:  t = 0.23054
rdCMC.computeControls:  t = 0.23154
rdCMC.computeControls:  t = 0.23254
rdCMC.computeControls:  t = 0.23354
rdCMC.computeControls:  t = 0.23454
rdCMC.computeControls:  t = 0.23554
rdCMC.computeControls:  t = 0.23654
rdCMC.computeControls:  t = 0.23754
rdCMC.computeControls:  t = 0.23854
rdCMC.computeControls:  t = 0.23954
rdCMC.computeControls:  t = 0.24054
rdCMC.computeControls:  t = 0.24154
rdCMC.computeControls:  t = 0.24254
rdCMC.computeControls:  t = 0.24354
rdCMC.computeControls:  t = 0.24454
rdCMC.computeControls:  t = 0.24554
rdCMC.computeControls:  t = 0.24654
rdCMC.computeControls:  t = 0.24754
rdCMC.computeControls:  t = 0.24854
rdCMC.computeControls:  t = 0.24954
rdCMC.computeControls:  t = 0.25054
rdCMC.computeControls:  t = 0.25154
rdCMC.computeControls:  t = 0.25254
rdCMC.computeControls:  t = 0.25354
rdCMC.computeControls:  t = 0.25454
rdCMC.computeControls:  t = 0.25554
rdCMC.computeControls:  t = 0.25654
rdCMC.computeControls:  t = 0.25754
rdCMC.computeControls:  t = 0.25854
rdCMC.computeControls:  t = 0.25954
rdCMC.computeControls:  t = 0.26054
rdCMC.computeControls:  t = 0.26154
rdCMC.computeControls:  t = 0.26254
rdCMC.computeControls:  t = 0.26354
rdCMC.computeControls:  t = 0.26454
rdCMC.computeControls:  t = 0.26554
rdCMC.computeControls:  t = 0.26654
rdCMC.computeControls:  t = 0.26754
rdCMC.computeControls:  t = 0.26854
rdCMC.computeControls:  t = 0.26954
rdCMC.computeControls:  t = 0.27054
rdCMC.computeControls:  t = 0.27154
rdCMC.computeControls:  t = 0.27254
rdCMC.computeControls:  t = 0.27354
rdCMC.computeControls:  t = 0.27454
rdCMC.computeControls:  t = 0.27554
rdCMC.computeControls:  t = 0.27654
rdCMC.computeControls:  t = 0.27754
rdCMC.computeControls:  t = 0.27854
rdCMC.computeControls:  t = 0.27954
rdCMC.computeControls:  t = 0.28054
rdCMC.computeControls:  t = 0.28154
rdCMC.computeControls:  t = 0.28254
rdCMC.computeControls:  t = 0.28354
rdCMC.computeControls:  t = 0.28454
rdCMC.computeControls:  t = 0.28554
rdCMC.computeControls:  t = 0.28654
rdCMC.computeControls:  t = 0.28754
rdCMC.computeControls:  t = 0.28854
rdCMC.computeControls:  t = 0.28954
rdCMC.computeControls:  t = 0.29054
rdCMC.computeControls:  t = 0.29154
rdCMC.computeControls:  t = 0.29254
rdCMC.computeControls:  t = 0.29354
rdCMC.computeControls:  t = 0.29454
rdCMC.computeControls:  t = 0.29554
rdCMC.computeControls:  t = 0.29654
rdCMC.computeControls:  t = 0.29754
rdCMC.computeControls:  t = 0.29854
rdCMC.computeControls:  t = 0.29954
rdCMC.computeControls:  t = 0.30054
rdCMC.computeControls:  t = 0.30154
rdCMC.computeControls:  t = 0.30254
rdCMC.computeControls:  t = 0.30354
rdCMC.computeControls:  t = 0.30454
rdCMC.computeControls:  t = 0.30554
rdCMC.computeControls:  t = 0.30654
rdCMC.computeControls:  t = 0.30754
rdCMC.computeControls:  t = 0.30854
rdCMC.computeControls:  t = 0.30954
rdCMC.computeControls:  t = 0.31054
rdCMC.computeControls:  t = 0.31154
rdCMC.computeControls:  t = 0.31254
rdCMC.computeControls:  t = 0.31354
rdCMC.computeControls:  t = 0.31454
rdCMC.computeControls:  t = 0.31554
rdCMC.computeControls:  t = 0.31654
rdCMC.computeControls:  t = 0.31754
rdCMC.computeControls:  t = 0.31854
rdCMC.computeControls:  t = 0.31954
rdCMC.computeControls:  t = 0.32054
rdCMC.computeControls:  t = 0.32154
rdCMC.computeControls:  t = 0.32254
rdCMC.computeControls:  t = 0.32354
rdCMC.computeControls:  t = 0.32454
rdCMC.computeControls:  t = 0.32554
rdCMC.computeControls:  t = 0.32654
rdCMC.computeControls:  t = 0.32754
rdCMC.computeControls:  t = 0.32854
rdCMC.computeControls:  t = 0.32954
rdCMC.computeControls:  t = 0.33054
rdCMC.computeControls:  t = 0.33154
rdCMC.computeControls:  t = 0.33254
rdCMC.computeControls:  t = 0.33354
rdCMC.computeControls:  t = 0.33454
rdCMC.computeControls:  t = 0.33554
rdCMC.computeControls:  t = 0.33654
rdCMC.computeControls:  t = 0.33754
rdCMC.computeControls:  t = 0.33854
rdCMC.computeControls:  t = 0.33954
rdCMC.computeControls:  t = 0.34054
rdCMC.computeControls:  t = 0.34154
rdCMC.computeControls:  t = 0.34254
rdCMC.computeControls:  t = 0.34354
rdCMC.computeControls:  t = 0.34454
rdCMC.computeControls:  t = 0.34554
rdCMC.computeControls:  t = 0.34654
rdCMC.computeControls:  t = 0.34754
rdCMC.computeControls:  t = 0.34854
rdCMC.computeControls:  t = 0.34954
rdCMC.computeControls:  t = 0.35054
rdCMC.computeControls:  t = 0.35154
rdCMC.computeControls:  t = 0.35254
rdCMC.computeControls:  t = 0.35354
rdCMC.computeControls:  t = 0.35454
rdCMC.computeControls:  t = 0.35554
rdCMC.computeControls:  t = 0.35654
rdCMC.computeControls:  t = 0.35754
rdCMC.computeControls:  t = 0.35854
rdCMC.computeControls:  t = 0.35954
rdCMC.computeControls:  t = 0.36054
rdCMC.computeControls:  t = 0.36154
rdCMC.computeControls:  t = 0.36254
rdCMC.computeControls:  t = 0.36354
rdCMC.computeControls:  t = 0.36454
rdCMC.computeControls:  t = 0.36554
rdCMC.computeControls:  t = 0.36654
rdCMC.computeControls:  t = 0.36754
rdCMC.computeControls:  t = 0.36854
rdCMC.computeControls:  t = 0.36954
rdCMC.computeControls:  t = 0.37054
rdCMC.computeControls:  t = 0.37154
rdCMC.computeControls:  t = 0.37254
rdCMC.computeControls:  t = 0.37354
rdCMC.computeControls:  t = 0.37454
rdCMC.computeControls:  t = 0.37554
rdCMC.computeControls:  t = 0.37654
rdCMC.computeControls:  t = 0.37754
rdCMC.computeControls:  t = 0.37854
rdCMC.computeControls:  t = 0.37954
rdCMC.computeControls:  t = 0.38054
rdCMC.computeControls:  t = 0.38154
rdCMC.computeControls:  t = 0.38254
rdCMC.computeControls:  t = 0.38354
rdCMC.computeControls:  t = 0.38454
rdCMC.computeControls:  t = 0.38554
rdCMC.computeControls:  t = 0.38654
rdCMC.computeControls:  t = 0.38754
rdCMC.computeControls:  t = 0.38854
rdCMC.computeControls:  t = 0.38954
rdCMC.computeControls:  t = 0.39054
rdCMC.computeControls:  t = 0.39154
rdCMC.computeControls:  t = 0.39254
rdCMC.computeControls:  t = 0.39354
rdCMC.computeControls:  t = 0.39454
rdCMC.computeControls:  t = 0.39554
rdCMC.computeControls:  t = 0.39654
rdCMC.computeControls:  t = 0.39754
rdCMC.computeControls:  t = 0.39854
rdCMC.computeControls:  t = 0.39954
rdCMC.computeControls:  t = 0.40054
rdCMC.computeControls:  t = 0.40154
rdCMC.computeControls:  t = 0.40254
rdCMC.computeControls:  t = 0.40354
rdCMC.computeControls:  t = 0.40454
rdCMC.computeControls:  t = 0.40554
rdCMC.computeControls:  t = 0.40654
rdCMC.computeControls:  t = 0.40754
rdCMC.computeControls:  t = 0.40854
rdCMC.computeControls:  t = 0.40954
rdCMC.computeControls:  t = 0.41054
rdCMC.computeControls:  t = 0.41154
rdCMC.computeControls:  t = 0.41254
rdCMC.computeControls:  t = 0.41354
rdCMC.computeControls:  t = 0.41454
rdCMC.computeControls:  t = 0.41554
rdCMC.computeControls:  t = 0.41654
rdCMC.computeControls:  t = 0.41754
rdCMC.computeControls:  t = 0.41854
rdCMC.computeControls:  t = 0.41954
rdCMC.computeControls:  t = 0.42054
rdCMC.computeControls:  t = 0.42154
rdCMC.computeControls:  t = 0.42254
rdCMC.computeControls:  t = 0.42354
rdCMC.computeControls:  t = 0.42454
rdCMC.computeControls:  t = 0.42554
rdCMC.computeControls:  t = 0.42654
rdCMC.computeControls:  t = 0.42754
rdCMC.computeControls:  t = 0.42854
rdCMC.computeControls:  t = 0.42954
rdCMC.computeControls:  t = 0.43054
rdCMC.computeControls:  t = 0.43154
rdCMC.computeControls:  t = 0.43254
rdCMC.computeControls:  t = 0.43354
rdCMC.computeControls:  t = 0.43454
rdCMC.computeControls:  t = 0.43554
rdCMC.computeControls:  t = 0.43654
rdCMC.computeControls:  t = 0.43754
rdCMC.computeControls:  t = 0.43854
rdCMC.computeControls:  t = 0.43954
rdCMC.computeControls:  t = 0.44054
rdCMC.computeControls:  t = 0.44154
rdCMC.computeControls:  t = 0.44254
rdCMC.computeControls:  t = 0.44354
rdCMC.computeControls:  t = 0.44454
rdCMC.computeControls:  t = 0.44554
rdCMC.computeControls:  t = 0.44654
rdCMC.computeControls:  t = 0.44754
rdCMC.computeControls:  t = 0.44854
rdCMC.computeControls:  t = 0.44954
rdCMC.computeControls:  t = 0.45054
rdCMC.computeControls:  t = 0.45154
rdCMC.computeControls:  t = 0.45254
rdCMC.computeControls:  t = 0.45354
rdCMC.computeControls:  t = 0.45454
rdCMC.computeControls:  t = 0.45554
rdCMC.computeControls:  t = 0.45654
rdCMC.computeControls:  t = 0.45754
rdCMC.computeControls:  t = 0.45854
rdCMC.computeControls:  t = 0.45954
rdCMC.computeControls:  t = 0.46054
rdCMC.computeControls:  t = 0.46154
rdCMC.computeControls:  t = 0.46254
rdCMC.computeControls:  t = 0.46354
rdCMC.computeControls:  t = 0.46454
rdCMC.computeControls:  t = 0.46554
rdCMC.computeControls:  t = 0.46654
rdCMC.computeControls:  t = 0.46754
rdCMC.computeControls:  t = 0.46854
rdCMC.computeControls:  t = 0.46954
rdCMC.computeControls:  t = 0.47054
rdCMC.computeControls:  t = 0.47154
rdCMC.computeControls:  t = 0.47254
rdCMC.computeControls:  t = 0.47354
rdCMC.computeControls:  t = 0.47454
rdCMC.computeControls:  t = 0.47554
rdCMC.computeControls:  t = 0.47654
rdCMC.computeControls:  t = 0.47754
rdCMC.computeControls:  t = 0.47854
rdCMC.computeControls:  t = 0.47954
rdCMC.computeControls:  t = 0.48054
rdCMC.computeControls:  t = 0.48154
rdCMC.computeControls:  t = 0.48254
rdCMC.computeControls:  t = 0.48354
rdCMC.computeControls:  t = 0.48454
rdCMC.computeControls:  t = 0.48554
rdCMC.computeControls:  t = 0.48654
rdCMC.computeControls:  t = 0.48754
rdCMC.computeControls:  t = 0.48854
rdCMC.computeControls:  t = 0.48954
rdCMC.computeControls:  t = 0.49054
rdCMC.computeControls:  t = 0.49154
rdCMC.computeControls:  t = 0.49254
rdCMC.computeControls:  t = 0.49354
rdCMC.computeControls:  t = 0.49454
rdCMC.computeControls:  t = 0.49554
rdCMC.computeControls:  t = 0.49654
rdCMC.computeControls:  t = 0.49754
rdCMC.computeControls:  t = 0.49854
rdCMC.computeControls:  t = 0.49954
rdCMC.computeControls:  t = 0.50054
rdCMC.computeControls:  t = 0.50154
rdCMC.computeControls:  t = 0.50254
rdCMC.computeControls:  t = 0.50354
rdCMC.computeControls:  t = 0.50454
rdCMC.computeControls:  t = 0.50554
rdCMC.computeControls:  t = 0.50654
rdCMC.computeControls:  t = 0.50754
rdCMC.computeControls:  t = 0.50854
rdCMC.computeControls:  t = 0.50954
rdCMC.computeControls:  t = 0.51054
rdCMC.computeControls:  t = 0.51154
rdCMC.computeControls:  t = 0.51254
rdCMC.computeControls:  t = 0.51354
rdCMC.computeControls:  t = 0.51454
rdCMC.computeControls:  t = 0.51554
rdCMC.computeControls:  t = 0.51654
rdCMC.computeControls:  t = 0.51754
rdCMC.computeControls:  t = 0.51854
rdCMC.computeControls:  t = 0.51954
rdCMC.computeControls:  t = 0.52054
rdCMC.computeControls:  t = 0.52154
rdCMC.computeControls:  t = 0.52254
rdCMC.computeControls:  t = 0.52354
rdCMC.computeControls:  t = 0.52454
rdCMC.computeControls:  t = 0.52554
rdCMC.computeControls:  t = 0.52654
rdCMC.computeControls:  t = 0.52754
rdCMC.computeControls:  t = 0.52854
rdCMC.computeControls:  t = 0.52954
rdCMC.computeControls:  t = 0.53054
rdCMC.computeControls:  t = 0.53154
rdCMC.computeControls:  t = 0.53254
rdCMC.computeControls:  t = 0.53354
rdCMC.computeControls:  t = 0.53454
rdCMC.computeControls:  t = 0.53554
rdCMC.computeControls:  t = 0.53654
rdCMC.computeControls:  t = 0.53754
rdCMC.computeControls:  t = 0.53854
rdCMC.computeControls:  t = 0.53954
rdCMC.computeControls:  t = 0.54054
rdCMC.computeControls:  t = 0.54154
rdCMC.computeControls:  t = 0.54254
rdCMC.computeControls:  t = 0.54354
rdCMC.computeControls:  t = 0.54454
rdCMC.computeControls:  t = 0.54554
rdCMC.computeControls:  t = 0.54654
rdCMC.computeControls:  t = 0.54754
rdCMC.computeControls:  t = 0.54854
rdCMC.computeControls:  t = 0.54954
rdCMC.computeControls:  t = 0.55054
rdCMC.computeControls:  t = 0.55154
rdCMC.computeControls:  t = 0.55254
rdCMC.computeControls:  t = 0.55354
rdCMC.computeControls:  t = 0.55454
rdCMC.computeControls:  t = 0.55554
rdCMC.computeControls:  t = 0.55654
rdCMC.computeControls:  t = 0.55754
rdCMC.computeControls:  t = 0.55854
rdCMC.computeControls:  t = 0.55954
rdCMC.computeControls:  t = 0.56054
rdCMC.computeControls:  t = 0.56154
rdCMC.computeControls:  t = 0.56254
rdCMC.computeControls:  t = 0.56354
rdCMC.computeControls:  t = 0.56454
rdCMC.computeControls:  t = 0.56554
rdCMC.computeControls:  t = 0.56654
rdCMC.computeControls:  t = 0.56754
rdCMC.computeControls:  t = 0.56854
rdCMC.computeControls:  t = 0.56954
rdCMC.computeControls:  t = 0.57054
rdCMC.computeControls:  t = 0.57154
rdCMC.computeControls:  t = 0.57254
rdCMC.computeControls:  t = 0.57354
rdCMC.computeControls:  t = 0.57454
rdCMC.computeControls:  t = 0.57554
rdCMC.computeControls:  t = 0.57654
rdCMC.computeControls:  t = 0.57754
rdCMC.computeControls:  t = 0.57854
rdCMC.computeControls:  t = 0.57954
rdCMC.computeControls:  t = 0.58054
rdCMC.computeControls:  t = 0.58154
rdCMC.computeControls:  t = 0.58254
rdCMC.computeControls:  t = 0.58354
rdCMC.computeControls:  t = 0.58454
rdCMC.computeControls:  t = 0.58554
rdCMC.computeControls:  t = 0.58654
rdCMC.computeControls:  t = 0.58754
rdCMC.computeControls:  t = 0.58854
rdCMC.computeControls:  t = 0.58954
rdCMC.computeControls:  t = 0.59054
rdCMC.computeControls:  t = 0.59154
rdCMC.computeControls:  t = 0.59254
rdCMC.computeControls:  t = 0.59354
rdCMC.computeControls:  t = 0.59454
rdCMC.computeControls:  t = 0.59554
rdCMC.computeControls:  t = 0.59654
rdCMC.computeControls:  t = 0.59754
rdCMC.computeControls:  t = 0.59854
rdCMC.computeControls:  t = 0.59954
rdCMC.computeControls:  t = 0.60054
rdCMC.computeControls:  t = 0.60154
rdCMC.computeControls:  t = 0.60254
rdCMC.computeControls:  t = 0.60354
rdCMC.computeControls:  t = 0.60454
rdCMC.computeControls:  t = 0.60554
rdCMC.computeControls:  t = 0.60654
rdCMC.computeControls:  t = 0.60754
rdCMC.computeControls:  t = 0.60854
rdCMC.computeControls:  t = 0.60954
rdCMC.computeControls:  t = 0.61054
rdCMC.computeControls:  t = 0.61154
rdCMC.computeControls:  t = 0.61254
rdCMC.computeControls:  t = 0.61354
rdCMC.computeControls:  t = 0.61454
rdCMC.computeControls:  t = 0.61554
rdCMC.computeControls:  t = 0.61654
rdCMC.computeControls:  t = 0.61754
rdCMC.computeControls:  t = 0.61854
rdCMC.computeControls:  t = 0.61954
rdCMC.computeControls:  t = 0.62054
rdCMC.computeControls:  t = 0.62154
rdCMC.computeControls:  t = 0.62254
rdCMC.computeControls:  t = 0.62354
rdCMC.computeControls:  t = 0.62454
rdCMC.computeControls:  t = 0.62554
rdCMC.computeControls:  t = 0.62654
rdCMC.computeControls:  t = 0.62754
rdCMC.computeControls:  t = 0.62854
rdCMC.computeControls:  t = 0.62954
rdCMC.computeControls:  t = 0.63054
rdCMC.computeControls:  t = 0.63154
rdCMC.computeControls:  t = 0.63254
rdCMC.computeControls:  t = 0.63354
rdCMC.computeControls:  t = 0.63454
rdCMC.computeControls:  t = 0.63554
rdCMC.computeControls:  t = 0.63654
rdCMC.computeControls:  t = 0.63754
rdCMC.computeControls:  t = 0.63854
rdCMC.computeControls:  t = 0.63954
rdCMC.computeControls:  t = 0.64054
rdCMC.computeControls:  t = 0.64154
rdCMC.computeControls:  t = 0.64254
rdCMC.computeControls:  t = 0.64354
rdCMC.computeControls:  t = 0.64454
rdCMC.computeControls:  t = 0.64554
rdCMC.computeControls:  t = 0.64654
rdCMC.computeControls:  t = 0.64754
rdCMC.computeControls:  t = 0.64854
rdCMC.computeControls:  t = 0.64954
rdCMC.computeControls:  t = 0.65054
rdCMC.computeControls:  t = 0.65154
rdCMC.computeControls:  t = 0.65254
rdCMC.computeControls:  t = 0.65354
rdCMC.computeControls:  t = 0.65454
rdCMC.computeControls:  t = 0.65554
rdCMC.computeControls:  t = 0.65654
rdCMC.computeControls:  t = 0.65754
rdCMC.computeControls:  t = 0.65854
rdCMC.computeControls:  t = 0.65954
rdCMC.computeControls:  t = 0.66054
rdCMC.computeControls:  t = 0.66154
rdCMC.computeControls:  t = 0.66254
rdCMC.computeControls:  t = 0.66354
rdCMC.computeControls:  t = 0.66454
rdCMC.computeControls:  t = 0.66554
rdCMC.computeControls:  t = 0.66654
rdCMC.computeControls:  t = 0.66754
rdCMC.computeControls:  t = 0.66854
rdCMC.computeControls:  t = 0.66954
rdCMC.computeControls:  t = 0.67054
rdCMC.computeControls:  t = 0.67154
rdCMC.computeControls:  t = 0.67254
rdCMC.computeControls:  t = 0.67354
rdCMC.computeControls:  t = 0.67454
rdCMC.computeControls:  t = 0.67554
rdCMC.computeControls:  t = 0.67654
rdCMC.computeControls:  t = 0.67754
rdCMC.computeControls:  t = 0.67854
rdCMC.computeControls:  t = 0.67954
rdCMC.computeControls:  t = 0.68054
rdCMC.computeControls:  t = 0.68154
rdCMC.computeControls:  t = 0.68254
rdCMC.computeControls:  t = 0.68354
rdCMC.computeControls:  t = 0.68454
rdCMC.computeControls:  t = 0.68554
rdCMC.computeControls:  t = 0.68654
rdCMC.computeControls:  t = 0.68754
rdCMC.computeControls:  t = 0.68854
rdCMC.computeControls:  t = 0.68954
rdCMC.computeControls:  t = 0.69054
rdCMC.computeControls:  t = 0.69154
rdCMC.computeControls:  t = 0.69254
rdCMC.computeControls:  t = 0.69354
rdCMC.computeControls:  t = 0.69454
rdCMC.computeControls:  t = 0.69554
rdCMC.computeControls:  t = 0.69654
rdCMC.computeControls:  t = 0.69754
rdCMC.computeControls:  t = 0.69854
rdCMC.computeControls:  t = 0.69954
rdCMC.computeControls:  t = 0.70054
rdCMC.computeControls:  t = 0.70154
rdCMC.computeControls:  t = 0.70254
rdCMC.computeControls:  t = 0.70354
rdCMC.computeControls:  t = 0.70454
rdCMC.computeControls:  t = 0.70554
rdCMC.computeControls:  t = 0.70654
rdCMC.computeControls:  t = 0.70754
rdCMC.computeControls:  t = 0.70854
rdCMC.computeControls:  t = 0.70954
rdCMC.computeControls:  t = 0.71054
rdCMC.computeControls:  t = 0.71154
rdCMC.computeControls:  t = 0.71254
rdCMC.computeControls:  t = 0.71354
rdCMC.computeControls:  t = 0.71454
rdCMC.computeControls:  t = 0.71554
rdCMC.computeControls:  t = 0.71654
rdCMC.computeControls:  t = 0.71754
rdCMC.computeControls:  t = 0.71854
rdCMC.computeControls:  t = 0.71954
rdCMC.computeControls:  t = 0.72054
rdCMC.computeControls:  t = 0.72154
rdCMC.computeControls:  t = 0.72254
rdCMC.computeControls:  t = 0.72354
rdCMC.computeControls:  t = 0.72454
rdCMC.computeControls:  t = 0.72554
rdCMC.computeControls:  t = 0.72654
rdCMC.computeControls:  t = 0.72754
rdCMC.computeControls:  t = 0.72854
rdCMC.computeControls:  t = 0.72954
rdCMC.computeControls:  t = 0.73054
rdCMC.computeControls:  t = 0.73154
rdCMC.computeControls:  t = 0.73254
rdCMC.computeControls:  t = 0.73354
rdCMC.computeControls:  t = 0.73454
rdCMC.computeControls:  t = 0.73554
rdCMC.computeControls:  t = 0.73654
rdCMC.computeControls:  t = 0.73754
rdCMC.computeControls:  t = 0.73854
rdCMC.computeControls:  t = 0.73954
rdCMC.computeControls:  t = 0.74054
rdCMC.computeControls:  t = 0.74154
rdCMC.computeControls:  t = 0.74254
rdCMC.computeControls:  t = 0.74354
rdCMC.computeControls:  t = 0.74454
rdCMC.computeControls:  t = 0.74554
rdCMC.computeControls:  t = 0.74654
rdCMC.computeControls:  t = 0.74754
rdCMC.computeControls:  t = 0.74854
rdCMC.computeControls:  t = 0.74954
rdCMC.computeControls:  t = 0.75054
rdCMC.computeControls:  t = 0.75154
rdCMC.computeControls:  t = 0.75254
rdCMC.computeControls:  t = 0.75354
rdCMC.computeControls:  t = 0.75454
rdCMC.computeControls:  t = 0.75554
rdCMC.computeControls:  t = 0.75654
rdCMC.computeControls:  t = 0.75754
rdCMC.computeControls:  t = 0.75854
rdCMC.computeControls:  t = 0.75954
rdCMC.computeControls:  t = 0.76054
rdCMC.computeControls:  t = 0.76154
rdCMC.computeControls:  t = 0.76254
rdCMC.computeControls:  t = 0.76354
rdCMC.computeControls:  t = 0.76454
rdCMC.computeControls:  t = 0.76554
rdCMC.computeControls:  t = 0.76654
rdCMC.computeControls:  t = 0.76754
rdCMC.computeControls:  t = 0.76854
rdCMC.computeControls:  t = 0.76954
rdCMC.computeControls:  t = 0.77054
rdCMC.computeControls:  t = 0.77154
rdCMC.computeControls:  t = 0.77254
rdCMC.computeControls:  t = 0.77354
rdCMC.computeControls:  t = 0.77454
rdCMC.computeControls:  t = 0.77554
rdCMC.computeControls:  t = 0.77654
rdCMC.computeControls:  t = 0.77754
rdCMC.computeControls:  t = 0.77854
rdCMC.computeControls:  t = 0.77954
rdCMC.computeControls:  t = 0.78054
rdCMC.computeControls:  t = 0.78154
rdCMC.computeControls:  t = 0.78254
rdCMC.computeControls:  t = 0.78354
rdCMC.computeControls:  t = 0.78454
rdCMC.computeControls:  t = 0.78554
rdCMC.computeControls:  t = 0.78654
rdCMC.computeControls:  t = 0.78754
rdCMC.computeControls:  t = 0.78854
rdCMC.computeControls:  t = 0.78954
rdCMC.computeControls:  t = 0.79054
rdCMC.computeControls:  t = 0.79154
rdCMC.computeControls:  t = 0.79254
rdCMC.computeControls:  t = 0.79354
rdCMC.computeControls:  t = 0.79454
rdCMC.computeControls:  t = 0.79554
rdCMC.computeControls:  t = 0.79654
rdCMC.computeControls:  t = 0.79754
rdCMC.computeControls:  t = 0.79854
rdCMC.computeControls:  t = 0.79954
rdCMC.computeControls:  t = 0.80054
rdCMC.computeControls:  t = 0.80154
rdCMC.computeControls:  t = 0.80254
rdCMC.computeControls:  t = 0.80354
rdCMC.computeControls:  t = 0.80454
rdCMC.computeControls:  t = 0.80554
rdCMC.computeControls:  t = 0.80654
rdCMC.computeControls:  t = 0.80754
rdCMC.computeControls:  t = 0.80854
rdCMC.computeControls:  t = 0.80954
rdCMC.computeControls:  t = 0.81054
rdCMC.computeControls:  t = 0.81154
rdCMC.computeControls:  t = 0.81254
rdCMC.computeControls:  t = 0.81354
rdCMC.computeControls:  t = 0.81454
rdCMC.computeControls:  t = 0.81554
rdCMC.computeControls:  t = 0.81654
rdCMC.computeControls:  t = 0.81754
rdCMC.computeControls:  t = 0.81854
rdCMC.computeControls:  t = 0.81954
rdCMC.computeControls:  t = 0.82054
rdCMC.computeControls:  t = 0.82154
rdCMC.computeControls:  t = 0.82254
rdCMC.computeControls:  t = 0.82354
rdCMC.computeControls:  t = 0.82454
rdCMC.computeControls:  t = 0.82554
rdCMC.computeControls:  t = 0.82654
rdCMC.computeControls:  t = 0.82754
rdCMC.computeControls:  t = 0.82854
rdCMC.computeControls:  t = 0.82954
rdCMC.computeControls:  t = 0.83054
rdCMC.computeControls:  t = 0.83154
rdCMC.computeControls:  t = 0.83254
rdCMC.computeControls:  t = 0.83354
rdCMC.computeControls:  t = 0.83454
rdCMC.computeControls:  t = 0.83554
rdCMC.computeControls:  t = 0.83654
rdCMC.computeControls:  t = 0.83754
rdCMC.computeControls:  t = 0.83854
rdCMC.computeControls:  t = 0.83954
rdCMC.computeControls:  t = 0.84054
rdCMC.computeControls:  t = 0.84154
rdCMC.computeControls:  t = 0.84254
----------------------------------------------------------------
Finished tracking the specified kinematics
=================================================================
Start time   = Fri Dec 23 08:54:27 2011
Finish time  = Fri Dec 23 08:56:27 2011
Elapsed time = 120 seconds.
================================================================


Printing results of investigation subject19_Run_50001_cycle1 to RRA_Results_v191_Run_50001_cycle1.


Average residuals:
FX=0.0347069 FY=-1.01769 FZ=-0.326851
MX=-6.06046 MY=-1.07858 MZ=0.101307


