<!-- Copyright (c) 2013, Stanford University

Permission is hereby granted, free of charge, to any person obtaining a copy of this software and associated documentation files (the "Software"), to deal in the Software without restriction, including without limitation the rights to use, copy, modify, merge, publish, distribute, sublicense, and/or sell copies of the Software, and to permit persons to whom the Software is furnished to do so, subject to the following conditions:

The above copyright notice and this permission notice shall be included in all copies or substantial portions of the Software.

THE SOFTWARE IS PROVIDED "AS IS", WITHOUT WARRANTY OF ANY KIND, EXPRESS OR IMPLIED, INCLUDING BUT NOT LIMITED TO THE WARRANTIES OF MERCHANTABILITY, FITNESS FOR A PARTICULAR PURPOSE AND NONINFRINGEMENT. IN NO EVENT SHALL THE AUTHORS OR COPYRIGHT HOLDERS BE LIABLE FOR ANY CLAIM, DAMAGES OR OTHER LIABILITY, WHETHER IN AN ACTION OF CONTRACT, TORT OR OTHERWISE, ARISING FROM, OUT OF OR IN CONNECTION WITH THE SOFTWARE OR THE USE OR OTHER DEALINGS IN THE 
SOFTWARE.

Please cite: Hamner, S.R., Delp, S.L. (2013) Muscle contributions to fore-aft and vertical body mass center accelerations 
over a range of running speeds. Journal of Biomechanics, vol 46, pp 780-787.-->

-------------------------------------------------------
This program includes software developed by the
Apache Software Foundation (http://www.apache.org/).
-------------------------------------------------------


-------------------------------------------------------
Library SimbodyEngine...
-------------------------------------------------------

Constructing investigation from setup file subject02_Setup_RRA_Run_50002_cycle1_v191.xml.

AbstractTool subject02_Run_50002_cycle1 loading model '../../scale/subject02_scaled_v191.osim'
Created model subject02_scaled from file ../../scale/subject02_scaled_v191.osim
Adding actuator set from ../gait2392_RRA_Actuators_v191.xml
-----------------------------------------------------------------------
Loaded library
-----------------------------------------------------------------------
             MODEL: subject02_scaled
         actuators: 29
          analyses: 0
          contacts: 0
-----------------------------------------------------------------------

Running tool subject02_Run_50002_cycle1.
MODEL: subject02_scaled

ANALYSES (0)

BODIES (21)
body[0] = ground (mass: 0) (inertia: 0 0 0 0 0 0 0 0 0)
body[1] = pelvis (mass: 11.9824) (inertia: 0.115611 0 0 0 0.115611 0 0 0 0.0685758)
body[2] = femur_r (mass: 9.46364) (inertia: 0.189852 0 0 0 0.049767 0 0 0 0.200202)
body[3] = tibia_r (mass: 3.77217) (inertia: 0.0674814 0 0 0 0.00558012 0 0 0 0.0674814)
body[4] = talus_r (mass: 0.101744) (inertia: 0.00119922 0 0 0 0.00119922 0 0 0 0.00119922)
body[5] = calcn_r (mass: 1.2718) (inertia: 0.0016789 0 0 0 0.00467695 0 0 0 0.00491679)
body[6] = toes_r (mass: 0.220378) (inertia: 0.00011992 0 0 0 0.00023984 0 0 0 0.00119922)
body[7] = femur_l (mass: 9.46364) (inertia: 0.189852 0 0 0 0.049767 0 0 0 0.200202)
body[8] = tibia_l (mass: 3.77217) (inertia: 0.0674814 0 0 0 0.00558012 0 0 0 0.0674814)
body[9] = talus_l (mass: 0.101744) (inertia: 0.00119922 0 0 0 0.00119922 0 0 0 0.00119922)
body[10] = calcn_l (mass: 1.2718) (inertia: 0.0016789 0 0 0 0.00467695 0 0 0 0.00491679)
body[11] = toes_l (mass: 0.220378) (inertia: 0.00011992 0 0 0 0.00023984 0 0 0 0.00119922)
body[12] = torso (mass: 27.2945) (inertia: 1.51131 0 0 0 0.774358 0 0 0 1.46713)
body[13] = humerus_r (mass: 2.06795) (inertia: 0.0151604 0 0 0 0.00522986 0 0 0 0.017017)
body[14] = ulna_r (mass: 0.618096) (inertia: 0.00393111 0 0 0 0.0008202 0 0 0 0.00426423)
body[15] = radius_r (mass: 0.618096) (inertia: 0.00393111 0 0 0 0.0008202 0 0 0 0.00426423)
body[16] = hand_r (mass: 0.46548) (inertia: 0.00118385 0 0 0 0.00072597 0 0 0 0.00177842)
body[17] = humerus_l (mass: 2.06795) (inertia: 0.0151604 0 0 0 0.00522986 0 0 0 0.017017)
body[18] = ulna_l (mass: 0.618096) (inertia: 0.00393111 0 0 0 0.0008202 0 0 0 0.00426423)
body[19] = radius_l (mass: 0.618096) (inertia: 0.00393111 0 0 0 0.0008202 0 0 0 0.00426423)
body[20] = hand_l (mass: 0.46548) (inertia: 0.00118385 0 0 0 0.00072597 0 0 0 0.00177842)

ACTUATORS (29)
actuator[0] = FX (controls: FX.excitation)
actuator[1] = FY (controls: FY.excitation)
actuator[2] = FZ (controls: FZ.excitation)
actuator[3] = MX (controls: MX.excitation)
actuator[4] = MY (controls: MY.excitation)
actuator[5] = MZ (controls: MZ.excitation)
actuator[6] = hip_flexion_r (controls: hip_flexion_r.excitation)
actuator[7] = hip_adduction_r (controls: hip_adduction_r.excitation)
actuator[8] = hip_rotation_r (controls: hip_rotation_r.excitation)
actuator[9] = knee_angle_r (controls: knee_angle_r.excitation)
actuator[10] = ankle_angle_r (controls: ankle_angle_r.excitation)
actuator[11] = hip_flexion_l (controls: hip_flexion_l.excitation)
actuator[12] = hip_adduction_l (controls: hip_adduction_l.excitation)
actuator[13] = hip_rotation_l (controls: hip_rotation_l.excitation)
actuator[14] = knee_angle_l (controls: knee_angle_l.excitation)
actuator[15] = ankle_angle_l (controls: ankle_angle_l.excitation)
actuator[16] = lumbar_extension (controls: lumbar_extension.excitation)
actuator[17] = lumbar_bending (controls: lumbar_bending.excitation)
actuator[18] = lumbar_rotation (controls: lumbar_rotation.excitation)
actuator[19] = arm_flex_r (controls: arm_flex_r.excitation)
actuator[20] = arm_add_r (controls: arm_add_r.excitation)
actuator[21] = arm_rot_r (controls: arm_rot_r.excitation)
actuator[22] = elbow_flex_r (controls: elbow_flex_r.excitation)
actuator[23] = pro_sup_r (controls: pro_sup_r.excitation)
actuator[24] = arm_flex_l (controls: arm_flex_l.excitation)
actuator[25] = arm_add_l (controls: arm_add_l.excitation)
actuator[26] = arm_rot_l (controls: arm_rot_l.excitation)
actuator[27] = elbow_flex_l (controls: elbow_flex_l.excitation)
actuator[28] = pro_sup_l (controls: pro_sup_l.excitation)

CONTACTS (0)
numControls = 29
numStates = 74
numCoordinates = 37
numSpeeds = 37
numActuators = 29
numBodies = 21
numConstraints = 0

STATES (74)
y[0] = pelvis_tilt
y[1] = pelvis_list
y[2] = pelvis_rotation
y[3] = pelvis_tx
y[4] = pelvis_ty
y[5] = pelvis_tz
y[6] = hip_flexion_r
y[7] = hip_adduction_r
y[8] = hip_rotation_r
y[9] = knee_angle_r
y[10] = ankle_angle_r
y[11] = subtalar_angle_r
y[12] = mtp_angle_r
y[13] = hip_flexion_l
y[14] = hip_adduction_l
y[15] = hip_rotation_l
y[16] = knee_angle_l
y[17] = ankle_angle_l
y[18] = subtalar_angle_l
y[19] = mtp_angle_l
y[20] = lumbar_extension
y[21] = lumbar_bending
y[22] = lumbar_rotation
y[23] = arm_flex_r
y[24] = arm_add_r
y[25] = arm_rot_r
y[26] = elbow_flex_r
y[27] = pro_sup_r
y[28] = wrist_flex_r
y[29] = wrist_dev_r
y[30] = arm_flex_l
y[31] = arm_add_l
y[32] = arm_rot_l
y[33] = elbow_flex_l
y[34] = pro_sup_l
y[35] = wrist_flex_l
y[36] = wrist_dev_l
y[37] = pelvis_tilt_u
y[38] = pelvis_list_u
y[39] = pelvis_rotation_u
y[40] = pelvis_tx_u
y[41] = pelvis_ty_u
y[42] = pelvis_tz_u
y[43] = hip_flexion_r_u
y[44] = hip_adduction_r_u
y[45] = hip_rotation_r_u
y[46] = knee_angle_r_u
y[47] = ankle_angle_r_u
y[48] = subtalar_angle_r_u
y[49] = mtp_angle_r_u
y[50] = hip_flexion_l_u
y[51] = hip_adduction_l_u
y[52] = hip_rotation_l_u
y[53] = knee_angle_l_u
y[54] = ankle_angle_l_u
y[55] = subtalar_angle_l_u
y[56] = mtp_angle_l_u
y[57] = lumbar_extension_u
y[58] = lumbar_bending_u
y[59] = lumbar_rotation_u
y[60] = arm_flex_r_u
y[61] = arm_add_r_u
y[62] = arm_rot_r_u
y[63] = elbow_flex_r_u
y[64] = pro_sup_r_u
y[65] = wrist_flex_r_u
y[66] = wrist_dev_r_u
y[67] = arm_flex_l_u
y[68] = arm_add_l_u
y[69] = arm_rot_l_u
y[70] = elbow_flex_l_u
y[71] = pro_sup_l_u
y[72] = wrist_flex_l_u
y[73] = wrist_dev_l_u


WARN- a desired points file was not specified.



Loading desired kinematics from file D:\RackSpaceSync\nmbl_running\OpenSimResults\subject02\ik\Results_191\Run_50002.mot ...
Storage: file=D:\RackSpaceSync\nmbl_running\OpenSimResults\subject02\ik\Results_191\Run_50002.mot (nr=450 nc=164)


Low-pass filtering desired kinematics with a cutoff frequency of 15...



Loading external loads kinematics from file D:\RackSpaceSync\nmbl_running\OpenSimResults\subject02\ik\Results_191\Run_50002.mot ...
Storage: file=D:\RackSpaceSync\nmbl_running\OpenSimResults\subject02\ik\Results_191\Run_50002.mot (nr=450 nc=164)
Low-pass filtering external load kinematics with a cutoff frequency of 15...
Storage: file=D:\RackSpaceSync\nmbl_running\HPL_Data\Hamner_Test\subject02\Session 2\ExportedData\Run_500 02_newCOP3.mot (nr=3593 nc=19)

Note: requested COM adjustment time range 0.1625 - 0.81563 clamped to nearest available data times 0.158254 - 0.808228

Computing average residuals between 0.158254 and 0.808228
Average residuals before adjusting torso COM:
FX=2.37335 FY=-15.7429 FZ=-2.28411
MX=10.6814 MY=-1.79986 MZ=-10.6859

CMCTool.adjustCOMToReduceResiduals:
torso weight = 267.668
dx=-0.0399222, dz=-0.0399056

dmass = 1.60533

Recommended mass adjustments:
ground:  orig mass = 0, new mass = 0
pelvis:  orig mass = 11.9824, new mass = 12.2339
femur_r:  orig mass = 9.46364, new mass = 9.6623
tibia_r:  orig mass = 3.77217, new mass = 3.85135
talus_r:  orig mass = 0.101744, new mass = 0.10388
calcn_r:  orig mass = 1.2718, new mass = 1.2985
toes_r:  orig mass = 0.220378, new mass = 0.225004
femur_l:  orig mass = 9.46364, new mass = 9.6623
tibia_l:  orig mass = 3.77217, new mass = 3.85135
talus_l:  orig mass = 0.101744, new mass = 0.10388
calcn_l:  orig mass = 1.2718, new mass = 1.2985
toes_l:  orig mass = 0.220378, new mass = 0.225004
torso:  orig mass = 27.2945, new mass = 27.8675
humerus_r:  orig mass = 2.06795, new mass = 2.11136
ulna_r:  orig mass = 0.618096, new mass = 0.631071
radius_r:  orig mass = 0.618096, new mass = 0.631071
hand_r:  orig mass = 0.46548, new mass = 0.475251
humerus_l:  orig mass = 2.06795, new mass = 2.11136
ulna_l:  orig mass = 0.618096, new mass = 0.631071
radius_l:  orig mass = 0.618096, new mass = 0.631071
hand_l:  orig mass = 0.46548, new mass = 0.475251

Computing average residuals between 0.158254 and 0.808228
Average residuals after adjusting torso COM:
FX=2.17651 FY=-15.5518 FZ=-2.43252
MX=-0.855285 MY=-1.57866 MZ=-1.15558


Constructing function set for tracking desired kinematics...

No Actuation analysis found in analysis set -- adding one
No Kinematics analysis found in analysis set -- adding one


 taskSet size = 29

Using the generalized coordinates specified in D:\RackSpaceSync\nmbl_running\OpenSimResults\subject02\ik\Results_191\Run_50002.mot to set the initial configuration.
Successfully linked to CFSQP library 'osimCFSQP.dll'
Using CFSQP optimizer algorithm.

Setting optimizer print level to 0.
Setting optimizer convergence criterion to 1e-006.
Setting optimizer maximum iterations to 1000.

Setting cmc controller to not use verbose printing.



================================================================
================================================================
Using CMC to track the specified kinematics
Integrating from 0.1625 to 0.81563
Start time = Mon Dec 19 20:35:08 2011
================================================================
rdCMC.computeControls:  t = 0.1625
rdCMC.computeControls:  t = 0.1635
rdCMC.computeControls:  t = 0.1645
rdCMC.computeControls:  t = 0.1655
rdCMC.computeControls:  t = 0.1665
rdCMC.computeControls:  t = 0.1675
rdCMC.computeControls:  t = 0.1685
rdCMC.computeControls:  t = 0.1695
rdCMC.computeControls:  t = 0.1705
rdCMC.computeControls:  t = 0.1715
rdCMC.computeControls:  t = 0.1725
rdCMC.computeControls:  t = 0.1735
rdCMC.computeControls:  t = 0.1745
rdCMC.computeControls:  t = 0.1755
rdCMC.computeControls:  t = 0.1765
rdCMC.computeControls:  t = 0.1775
rdCMC.computeControls:  t = 0.1785
rdCMC.computeControls:  t = 0.1795
rdCMC.computeControls:  t = 0.1805
rdCMC.computeControls:  t = 0.1815
rdCMC.computeControls:  t = 0.1825
rdCMC.computeControls:  t = 0.1835
rdCMC.computeControls:  t = 0.1845
rdCMC.computeControls:  t = 0.1855
rdCMC.computeControls:  t = 0.1865
rdCMC.computeControls:  t = 0.1875
rdCMC.computeControls:  t = 0.1885
rdCMC.computeControls:  t = 0.1895
rdCMC.computeControls:  t = 0.1905
rdCMC.computeControls:  t = 0.1915
rdCMC.computeControls:  t = 0.1925
rdCMC.computeControls:  t = 0.1935
rdCMC.computeControls:  t = 0.1945
rdCMC.computeControls:  t = 0.1955
rdCMC.computeControls:  t = 0.1965
rdCMC.computeControls:  t = 0.1975
rdCMC.computeControls:  t = 0.1985
rdCMC.computeControls:  t = 0.1995
rdCMC.computeControls:  t = 0.2005
rdCMC.computeControls:  t = 0.2015
rdCMC.computeControls:  t = 0.2025
rdCMC.computeControls:  t = 0.2035
rdCMC.computeControls:  t = 0.2045
rdCMC.computeControls:  t = 0.2055
rdCMC.computeControls:  t = 0.2065
rdCMC.computeControls:  t = 0.2075
rdCMC.computeControls:  t = 0.2085
rdCMC.computeControls:  t = 0.2095
rdCMC.computeControls:  t = 0.2105
rdCMC.computeControls:  t = 0.2115
rdCMC.computeControls:  t = 0.2125
rdCMC.computeControls:  t = 0.2135
rdCMC.computeControls:  t = 0.2145
rdCMC.computeControls:  t = 0.2155
rdCMC.computeControls:  t = 0.2165
rdCMC.computeControls:  t = 0.2175
rdCMC.computeControls:  t = 0.2185
rdCMC.computeControls:  t = 0.2195
rdCMC.computeControls:  t = 0.2205
rdCMC.computeControls:  t = 0.2215
rdCMC.computeControls:  t = 0.2225
rdCMC.computeControls:  t = 0.2235
rdCMC.computeControls:  t = 0.2245
rdCMC.computeControls:  t = 0.2255
rdCMC.computeControls:  t = 0.2265
rdCMC.computeControls:  t = 0.2275
rdCMC.computeControls:  t = 0.2285
rdCMC.computeControls:  t = 0.2295
rdCMC.computeControls:  t = 0.2305
rdCMC.computeControls:  t = 0.2315
rdCMC.computeControls:  t = 0.2325
rdCMC.computeControls:  t = 0.2335
rdCMC.computeControls:  t = 0.2345
rdCMC.computeControls:  t = 0.2355
rdCMC.computeControls:  t = 0.2365
rdCMC.computeControls:  t = 0.2375
rdCMC.computeControls:  t = 0.2385
rdCMC.computeControls:  t = 0.2395
rdCMC.computeControls:  t = 0.2405
rdCMC.computeControls:  t = 0.2415
rdCMC.computeControls:  t = 0.2425
rdCMC.computeControls:  t = 0.2435
rdCMC.computeControls:  t = 0.2445
rdCMC.computeControls:  t = 0.2455
rdCMC.computeControls:  t = 0.2465
rdCMC.computeControls:  t = 0.2475
rdCMC.computeControls:  t = 0.2485
rdCMC.computeControls:  t = 0.2495
rdCMC.computeControls:  t = 0.2505
rdCMC.computeControls:  t = 0.2515
rdCMC.computeControls:  t = 0.2525
rdCMC.computeControls:  t = 0.2535
rdCMC.computeControls:  t = 0.2545
rdCMC.computeControls:  t = 0.2555
rdCMC.computeControls:  t = 0.2565
rdCMC.computeControls:  t = 0.2575
rdCMC.computeControls:  t = 0.2585
rdCMC.computeControls:  t = 0.2595
rdCMC.computeControls:  t = 0.2605
rdCMC.computeControls:  t = 0.2615
rdCMC.computeControls:  t = 0.2625
rdCMC.computeControls:  t = 0.2635
rdCMC.computeControls:  t = 0.2645
rdCMC.computeControls:  t = 0.2655
rdCMC.computeControls:  t = 0.2665
rdCMC.computeControls:  t = 0.2675
rdCMC.computeControls:  t = 0.2685
rdCMC.computeControls:  t = 0.2695
rdCMC.computeControls:  t = 0.2705
rdCMC.computeControls:  t = 0.2715
rdCMC.computeControls:  t = 0.2725
rdCMC.computeControls:  t = 0.2735
rdCMC.computeControls:  t = 0.2745
rdCMC.computeControls:  t = 0.2755
rdCMC.computeControls:  t = 0.2765
rdCMC.computeControls:  t = 0.2775
rdCMC.computeControls:  t = 0.2785
rdCMC.computeControls:  t = 0.2795
rdCMC.computeControls:  t = 0.2805
rdCMC.computeControls:  t = 0.2815
rdCMC.computeControls:  t = 0.2825
rdCMC.computeControls:  t = 0.2835
rdCMC.computeControls:  t = 0.2845
rdCMC.computeControls:  t = 0.2855
rdCMC.computeControls:  t = 0.2865
rdCMC.computeControls:  t = 0.2875
rdCMC.computeControls:  t = 0.2885
rdCMC.computeControls:  t = 0.2895
rdCMC.computeControls:  t = 0.2905
rdCMC.computeControls:  t = 0.2915
rdCMC.computeControls:  t = 0.2925
rdCMC.computeControls:  t = 0.2935
rdCMC.computeControls:  t = 0.2945
rdCMC.computeControls:  t = 0.2955
rdCMC.computeControls:  t = 0.2965
rdCMC.computeControls:  t = 0.2975
rdCMC.computeControls:  t = 0.2985
rdCMC.computeControls:  t = 0.2995
rdCMC.computeControls:  t = 0.3005
rdCMC.computeControls:  t = 0.3015
rdCMC.computeControls:  t = 0.3025
rdCMC.computeControls:  t = 0.3035
rdCMC.computeControls:  t = 0.3045
rdCMC.computeControls:  t = 0.3055
rdCMC.computeControls:  t = 0.3065
rdCMC.computeControls:  t = 0.3075
rdCMC.computeControls:  t = 0.3085
rdCMC.computeControls:  t = 0.3095
rdCMC.computeControls:  t = 0.3105
rdCMC.computeControls:  t = 0.3115
rdCMC.computeControls:  t = 0.3125
rdCMC.computeControls:  t = 0.3135
rdCMC.computeControls:  t = 0.3145
rdCMC.computeControls:  t = 0.3155
rdCMC.computeControls:  t = 0.3165
rdCMC.computeControls:  t = 0.3175
rdCMC.computeControls:  t = 0.3185
rdCMC.computeControls:  t = 0.3195
rdCMC.computeControls:  t = 0.3205
rdCMC.computeControls:  t = 0.3215
rdCMC.computeControls:  t = 0.3225
rdCMC.computeControls:  t = 0.3235
rdCMC.computeControls:  t = 0.3245
rdCMC.computeControls:  t = 0.3255
rdCMC.computeControls:  t = 0.3265
rdCMC.computeControls:  t = 0.3275
rdCMC.computeControls:  t = 0.3285
rdCMC.computeControls:  t = 0.3295
rdCMC.computeControls:  t = 0.3305
rdCMC.computeControls:  t = 0.3315
rdCMC.computeControls:  t = 0.3325
rdCMC.computeControls:  t = 0.3335
rdCMC.computeControls:  t = 0.3345
rdCMC.computeControls:  t = 0.3355
rdCMC.computeControls:  t = 0.3365
rdCMC.computeControls:  t = 0.3375
rdCMC.computeControls:  t = 0.3385
rdCMC.computeControls:  t = 0.3395
rdCMC.computeControls:  t = 0.3405
rdCMC.computeControls:  t = 0.3415
rdCMC.computeControls:  t = 0.3425
rdCMC.computeControls:  t = 0.3435
rdCMC.computeControls:  t = 0.3445
rdCMC.computeControls:  t = 0.3455
rdCMC.computeControls:  t = 0.3465
rdCMC.computeControls:  t = 0.3475
rdCMC.computeControls:  t = 0.3485
rdCMC.computeControls:  t = 0.3495
rdCMC.computeControls:  t = 0.3505
rdCMC.computeControls:  t = 0.3515
rdCMC.computeControls:  t = 0.3525
rdCMC.computeControls:  t = 0.3535
rdCMC.computeControls:  t = 0.3545
rdCMC.computeControls:  t = 0.3555
rdCMC.computeControls:  t = 0.3565
rdCMC.computeControls:  t = 0.3575
rdCMC.computeControls:  t = 0.3585
rdCMC.computeControls:  t = 0.3595
rdCMC.computeControls:  t = 0.3605
rdCMC.computeControls:  t = 0.3615
rdCMC.computeControls:  t = 0.3625
rdCMC.computeControls:  t = 0.3635
rdCMC.computeControls:  t = 0.3645
rdCMC.computeControls:  t = 0.3655
rdCMC.computeControls:  t = 0.3665
rdCMC.computeControls:  t = 0.3675
rdCMC.computeControls:  t = 0.3685
rdCMC.computeControls:  t = 0.3695
rdCMC.computeControls:  t = 0.3705
rdCMC.computeControls:  t = 0.3715
rdCMC.computeControls:  t = 0.3725
rdCMC.computeControls:  t = 0.3735
rdCMC.computeControls:  t = 0.3745
rdCMC.computeControls:  t = 0.3755
rdCMC.computeControls:  t = 0.3765
rdCMC.computeControls:  t = 0.3775
rdCMC.computeControls:  t = 0.3785
rdCMC.computeControls:  t = 0.3795
rdCMC.computeControls:  t = 0.3805
rdCMC.computeControls:  t = 0.3815
rdCMC.computeControls:  t = 0.3825
rdCMC.computeControls:  t = 0.3835
rdCMC.computeControls:  t = 0.3845
rdCMC.computeControls:  t = 0.3855
rdCMC.computeControls:  t = 0.3865
rdCMC.computeControls:  t = 0.3875
rdCMC.computeControls:  t = 0.3885
rdCMC.computeControls:  t = 0.3895
rdCMC.computeControls:  t = 0.3905
rdCMC.computeControls:  t = 0.3915
rdCMC.computeControls:  t = 0.3925
rdCMC.computeControls:  t = 0.3935
rdCMC.computeControls:  t = 0.3945
rdCMC.computeControls:  t = 0.3955
rdCMC.computeControls:  t = 0.3965
rdCMC.computeControls:  t = 0.3975
rdCMC.computeControls:  t = 0.3985
rdCMC.computeControls:  t = 0.3995
rdCMC.computeControls:  t = 0.4005
rdCMC.computeControls:  t = 0.4015
rdCMC.computeControls:  t = 0.4025
rdCMC.computeControls:  t = 0.4035
rdCMC.computeControls:  t = 0.4045
rdCMC.computeControls:  t = 0.4055
rdCMC.computeControls:  t = 0.4065
rdCMC.computeControls:  t = 0.4075
rdCMC.computeControls:  t = 0.4085
rdCMC.computeControls:  t = 0.4095
rdCMC.computeControls:  t = 0.4105
rdCMC.computeControls:  t = 0.4115
rdCMC.computeControls:  t = 0.4125
rdCMC.computeControls:  t = 0.4135
rdCMC.computeControls:  t = 0.4145
rdCMC.computeControls:  t = 0.4155
rdCMC.computeControls:  t = 0.4165
rdCMC.computeControls:  t = 0.4175
rdCMC.computeControls:  t = 0.4185
rdCMC.computeControls:  t = 0.4195
rdCMC.computeControls:  t = 0.4205
rdCMC.computeControls:  t = 0.4215
rdCMC.computeControls:  t = 0.4225
rdCMC.computeControls:  t = 0.4235
rdCMC.computeControls:  t = 0.4245
rdCMC.computeControls:  t = 0.4255
rdCMC.computeControls:  t = 0.4265
rdCMC.computeControls:  t = 0.4275
rdCMC.computeControls:  t = 0.4285
rdCMC.computeControls:  t = 0.4295
rdCMC.computeControls:  t = 0.4305
rdCMC.computeControls:  t = 0.4315
rdCMC.computeControls:  t = 0.4325
rdCMC.computeControls:  t = 0.4335
rdCMC.computeControls:  t = 0.4345
rdCMC.computeControls:  t = 0.4355
rdCMC.computeControls:  t = 0.4365
rdCMC.computeControls:  t = 0.4375
rdCMC.computeControls:  t = 0.4385
rdCMC.computeControls:  t = 0.4395
rdCMC.computeControls:  t = 0.4405
rdCMC.computeControls:  t = 0.4415
rdCMC.computeControls:  t = 0.4425
rdCMC.computeControls:  t = 0.4435
rdCMC.computeControls:  t = 0.4445
rdCMC.computeControls:  t = 0.4455
rdCMC.computeControls:  t = 0.4465
rdCMC.computeControls:  t = 0.4475
rdCMC.computeControls:  t = 0.4485
rdCMC.computeControls:  t = 0.4495
rdCMC.computeControls:  t = 0.4505
rdCMC.computeControls:  t = 0.4515
rdCMC.computeControls:  t = 0.4525
rdCMC.computeControls:  t = 0.4535
rdCMC.computeControls:  t = 0.4545
rdCMC.computeControls:  t = 0.4555
rdCMC.computeControls:  t = 0.4565
rdCMC.computeControls:  t = 0.4575
rdCMC.computeControls:  t = 0.4585
rdCMC.computeControls:  t = 0.4595
rdCMC.computeControls:  t = 0.4605
rdCMC.computeControls:  t = 0.4615
rdCMC.computeControls:  t = 0.4625
rdCMC.computeControls:  t = 0.4635
rdCMC.computeControls:  t = 0.4645
rdCMC.computeControls:  t = 0.4655
rdCMC.computeControls:  t = 0.4665
rdCMC.computeControls:  t = 0.4675
rdCMC.computeControls:  t = 0.4685
rdCMC.computeControls:  t = 0.4695
rdCMC.computeControls:  t = 0.4705
rdCMC.computeControls:  t = 0.4715
rdCMC.computeControls:  t = 0.4725
rdCMC.computeControls:  t = 0.4735
rdCMC.computeControls:  t = 0.4745
rdCMC.computeControls:  t = 0.4755
rdCMC.computeControls:  t = 0.4765
rdCMC.computeControls:  t = 0.4775
rdCMC.computeControls:  t = 0.4785
rdCMC.computeControls:  t = 0.4795
rdCMC.computeControls:  t = 0.4805
rdCMC.computeControls:  t = 0.4815
rdCMC.computeControls:  t = 0.4825
rdCMC.computeControls:  t = 0.4835
rdCMC.computeControls:  t = 0.4845
rdCMC.computeControls:  t = 0.4855
rdCMC.computeControls:  t = 0.4865
rdCMC.computeControls:  t = 0.4875
rdCMC.computeControls:  t = 0.4885
rdCMC.computeControls:  t = 0.4895
rdCMC.computeControls:  t = 0.4905
rdCMC.computeControls:  t = 0.4915
rdCMC.computeControls:  t = 0.4925
rdCMC.computeControls:  t = 0.4935
rdCMC.computeControls:  t = 0.4945
rdCMC.computeControls:  t = 0.4955
rdCMC.computeControls:  t = 0.4965
rdCMC.computeControls:  t = 0.4975
rdCMC.computeControls:  t = 0.4985
rdCMC.computeControls:  t = 0.4995
rdCMC.computeControls:  t = 0.5005
rdCMC.computeControls:  t = 0.5015
rdCMC.computeControls:  t = 0.5025
rdCMC.computeControls:  t = 0.5035
rdCMC.computeControls:  t = 0.5045
rdCMC.computeControls:  t = 0.5055
rdCMC.computeControls:  t = 0.5065
rdCMC.computeControls:  t = 0.5075
rdCMC.computeControls:  t = 0.5085
rdCMC.computeControls:  t = 0.5095
rdCMC.computeControls:  t = 0.5105
rdCMC.computeControls:  t = 0.5115
rdCMC.computeControls:  t = 0.5125
rdCMC.computeControls:  t = 0.5135
rdCMC.computeControls:  t = 0.5145
rdCMC.computeControls:  t = 0.5155
rdCMC.computeControls:  t = 0.5165
rdCMC.computeControls:  t = 0.5175
rdCMC.computeControls:  t = 0.5185
rdCMC.computeControls:  t = 0.5195
rdCMC.computeControls:  t = 0.5205
rdCMC.computeControls:  t = 0.5215
rdCMC.computeControls:  t = 0.5225
rdCMC.computeControls:  t = 0.5235
rdCMC.computeControls:  t = 0.5245
rdCMC.computeControls:  t = 0.5255
rdCMC.computeControls:  t = 0.5265
rdCMC.computeControls:  t = 0.5275
rdCMC.computeControls:  t = 0.5285
rdCMC.computeControls:  t = 0.5295
rdCMC.computeControls:  t = 0.5305
rdCMC.computeControls:  t = 0.5315
rdCMC.computeControls:  t = 0.5325
rdCMC.computeControls:  t = 0.5335
rdCMC.computeControls:  t = 0.5345
rdCMC.computeControls:  t = 0.5355
rdCMC.computeControls:  t = 0.5365
rdCMC.computeControls:  t = 0.5375
rdCMC.computeControls:  t = 0.5385
rdCMC.computeControls:  t = 0.5395
rdCMC.computeControls:  t = 0.5405
rdCMC.computeControls:  t = 0.5415
rdCMC.computeControls:  t = 0.5425
rdCMC.computeControls:  t = 0.5435
rdCMC.computeControls:  t = 0.5445
rdCMC.computeControls:  t = 0.5455
rdCMC.computeControls:  t = 0.5465
rdCMC.computeControls:  t = 0.5475
rdCMC.computeControls:  t = 0.5485
rdCMC.computeControls:  t = 0.5495
rdCMC.computeControls:  t = 0.5505
rdCMC.computeControls:  t = 0.5515
rdCMC.computeControls:  t = 0.5525
rdCMC.computeControls:  t = 0.5535
rdCMC.computeControls:  t = 0.5545
rdCMC.computeControls:  t = 0.5555
rdCMC.computeControls:  t = 0.5565
rdCMC.computeControls:  t = 0.5575
rdCMC.computeControls:  t = 0.5585
rdCMC.computeControls:  t = 0.5595
rdCMC.computeControls:  t = 0.5605
rdCMC.computeControls:  t = 0.5615
rdCMC.computeControls:  t = 0.5625
rdCMC.computeControls:  t = 0.5635
rdCMC.computeControls:  t = 0.5645
rdCMC.computeControls:  t = 0.5655
rdCMC.computeControls:  t = 0.5665
rdCMC.computeControls:  t = 0.5675
rdCMC.computeControls:  t = 0.5685
rdCMC.computeControls:  t = 0.5695
rdCMC.computeControls:  t = 0.5705
rdCMC.computeControls:  t = 0.5715
rdCMC.computeControls:  t = 0.5725
rdCMC.computeControls:  t = 0.5735
rdCMC.computeControls:  t = 0.5745
rdCMC.computeControls:  t = 0.5755
rdCMC.computeControls:  t = 0.5765
rdCMC.computeControls:  t = 0.5775
rdCMC.computeControls:  t = 0.5785
rdCMC.computeControls:  t = 0.5795
rdCMC.computeControls:  t = 0.5805
rdCMC.computeControls:  t = 0.5815
rdCMC.computeControls:  t = 0.5825
rdCMC.computeControls:  t = 0.5835
rdCMC.computeControls:  t = 0.5845
rdCMC.computeControls:  t = 0.5855
rdCMC.computeControls:  t = 0.5865
rdCMC.computeControls:  t = 0.5875
rdCMC.computeControls:  t = 0.5885
rdCMC.computeControls:  t = 0.5895
rdCMC.computeControls:  t = 0.5905
rdCMC.computeControls:  t = 0.5915
rdCMC.computeControls:  t = 0.5925
rdCMC.computeControls:  t = 0.5935
rdCMC.computeControls:  t = 0.5945
rdCMC.computeControls:  t = 0.5955
rdCMC.computeControls:  t = 0.5965
rdCMC.computeControls:  t = 0.5975
rdCMC.computeControls:  t = 0.5985
rdCMC.computeControls:  t = 0.5995
rdCMC.computeControls:  t = 0.6005
rdCMC.computeControls:  t = 0.6015
rdCMC.computeControls:  t = 0.6025
rdCMC.computeControls:  t = 0.6035
rdCMC.computeControls:  t = 0.6045
rdCMC.computeControls:  t = 0.6055
rdCMC.computeControls:  t = 0.6065
rdCMC.computeControls:  t = 0.6075
rdCMC.computeControls:  t = 0.6085
rdCMC.computeControls:  t = 0.6095
rdCMC.computeControls:  t = 0.6105
rdCMC.computeControls:  t = 0.6115
rdCMC.computeControls:  t = 0.6125
rdCMC.computeControls:  t = 0.6135
rdCMC.computeControls:  t = 0.6145
rdCMC.computeControls:  t = 0.6155
rdCMC.computeControls:  t = 0.6165
rdCMC.computeControls:  t = 0.6175
rdCMC.computeControls:  t = 0.6185
rdCMC.computeControls:  t = 0.6195
rdCMC.computeControls:  t = 0.6205
rdCMC.computeControls:  t = 0.6215
rdCMC.computeControls:  t = 0.6225
rdCMC.computeControls:  t = 0.6235
rdCMC.computeControls:  t = 0.6245
rdCMC.computeControls:  t = 0.6255
rdCMC.computeControls:  t = 0.6265
rdCMC.computeControls:  t = 0.6275
rdCMC.computeControls:  t = 0.6285
rdCMC.computeControls:  t = 0.6295
rdCMC.computeControls:  t = 0.6305
rdCMC.computeControls:  t = 0.6315
rdCMC.computeControls:  t = 0.6325
rdCMC.computeControls:  t = 0.6335
rdCMC.computeControls:  t = 0.6345
rdCMC.computeControls:  t = 0.6355
rdCMC.computeControls:  t = 0.6365
rdCMC.computeControls:  t = 0.6375
rdCMC.computeControls:  t = 0.6385
rdCMC.computeControls:  t = 0.6395
rdCMC.computeControls:  t = 0.6405
rdCMC.computeControls:  t = 0.6415
rdCMC.computeControls:  t = 0.6425
rdCMC.computeControls:  t = 0.6435
rdCMC.computeControls:  t = 0.6445
rdCMC.computeControls:  t = 0.6455
rdCMC.computeControls:  t = 0.6465
rdCMC.computeControls:  t = 0.6475
rdCMC.computeControls:  t = 0.6485
rdCMC.computeControls:  t = 0.6495
rdCMC.computeControls:  t = 0.6505
rdCMC.computeControls:  t = 0.6515
rdCMC.computeControls:  t = 0.6525
rdCMC.computeControls:  t = 0.6535
rdCMC.computeControls:  t = 0.6545
rdCMC.computeControls:  t = 0.6555
rdCMC.computeControls:  t = 0.6565
rdCMC.computeControls:  t = 0.6575
rdCMC.computeControls:  t = 0.6585
rdCMC.computeControls:  t = 0.6595
rdCMC.computeControls:  t = 0.6605
rdCMC.computeControls:  t = 0.6615
rdCMC.computeControls:  t = 0.6625
rdCMC.computeControls:  t = 0.6635
rdCMC.computeControls:  t = 0.6645
rdCMC.computeControls:  t = 0.6655
rdCMC.computeControls:  t = 0.6665
rdCMC.computeControls:  t = 0.6675
rdCMC.computeControls:  t = 0.6685
rdCMC.computeControls:  t = 0.6695
rdCMC.computeControls:  t = 0.6705
rdCMC.computeControls:  t = 0.6715
rdCMC.computeControls:  t = 0.6725
rdCMC.computeControls:  t = 0.6735
rdCMC.computeControls:  t = 0.6745
rdCMC.computeControls:  t = 0.6755
rdCMC.computeControls:  t = 0.6765
rdCMC.computeControls:  t = 0.6775
rdCMC.computeControls:  t = 0.6785
rdCMC.computeControls:  t = 0.6795
rdCMC.computeControls:  t = 0.6805
rdCMC.computeControls:  t = 0.6815
rdCMC.computeControls:  t = 0.6825
rdCMC.computeControls:  t = 0.6835
rdCMC.computeControls:  t = 0.6845
rdCMC.computeControls:  t = 0.6855
rdCMC.computeControls:  t = 0.6865
rdCMC.computeControls:  t = 0.6875
rdCMC.computeControls:  t = 0.6885
rdCMC.computeControls:  t = 0.6895
rdCMC.computeControls:  t = 0.6905
rdCMC.computeControls:  t = 0.6915
rdCMC.computeControls:  t = 0.6925
rdCMC.computeControls:  t = 0.6935
rdCMC.computeControls:  t = 0.6945
rdCMC.computeControls:  t = 0.6955
rdCMC.computeControls:  t = 0.6965
rdCMC.computeControls:  t = 0.6975
rdCMC.computeControls:  t = 0.6985
rdCMC.computeControls:  t = 0.6995
rdCMC.computeControls:  t = 0.7005
rdCMC.computeControls:  t = 0.7015
rdCMC.computeControls:  t = 0.7025
rdCMC.computeControls:  t = 0.7035
rdCMC.computeControls:  t = 0.7045
rdCMC.computeControls:  t = 0.7055
rdCMC.computeControls:  t = 0.7065
rdCMC.computeControls:  t = 0.7075
rdCMC.computeControls:  t = 0.7085
rdCMC.computeControls:  t = 0.7095
rdCMC.computeControls:  t = 0.7105
rdCMC.computeControls:  t = 0.7115
rdCMC.computeControls:  t = 0.7125
rdCMC.computeControls:  t = 0.7135
rdCMC.computeControls:  t = 0.7145
rdCMC.computeControls:  t = 0.7155
rdCMC.computeControls:  t = 0.7165
rdCMC.computeControls:  t = 0.7175
rdCMC.computeControls:  t = 0.7185
rdCMC.computeControls:  t = 0.7195
rdCMC.computeControls:  t = 0.7205
rdCMC.computeControls:  t = 0.7215
rdCMC.computeControls:  t = 0.7225
rdCMC.computeControls:  t = 0.7235
rdCMC.computeControls:  t = 0.7245
rdCMC.computeControls:  t = 0.7255
rdCMC.computeControls:  t = 0.7265
rdCMC.computeControls:  t = 0.7275
rdCMC.computeControls:  t = 0.7285
rdCMC.computeControls:  t = 0.7295
rdCMC.computeControls:  t = 0.7305
rdCMC.computeControls:  t = 0.7315
rdCMC.computeControls:  t = 0.7325
rdCMC.computeControls:  t = 0.7335
rdCMC.computeControls:  t = 0.7345
rdCMC.computeControls:  t = 0.7355
rdCMC.computeControls:  t = 0.7365
rdCMC.computeControls:  t = 0.7375
rdCMC.computeControls:  t = 0.7385
rdCMC.computeControls:  t = 0.7395
rdCMC.computeControls:  t = 0.7405
rdCMC.computeControls:  t = 0.7415
rdCMC.computeControls:  t = 0.7425
rdCMC.computeControls:  t = 0.7435
rdCMC.computeControls:  t = 0.7445
rdCMC.computeControls:  t = 0.7455
rdCMC.computeControls:  t = 0.7465
rdCMC.computeControls:  t = 0.7475
rdCMC.computeControls:  t = 0.7485
rdCMC.computeControls:  t = 0.7495
rdCMC.computeControls:  t = 0.7505
rdCMC.computeControls:  t = 0.7515
rdCMC.computeControls:  t = 0.7525
rdCMC.computeControls:  t = 0.7535
rdCMC.computeControls:  t = 0.7545
rdCMC.computeControls:  t = 0.7555
rdCMC.computeControls:  t = 0.7565
rdCMC.computeControls:  t = 0.7575
rdCMC.computeControls:  t = 0.7585
rdCMC.computeControls:  t = 0.7595
rdCMC.computeControls:  t = 0.7605
rdCMC.computeControls:  t = 0.7615
rdCMC.computeControls:  t = 0.7625
rdCMC.computeControls:  t = 0.7635
rdCMC.computeControls:  t = 0.7645
rdCMC.computeControls:  t = 0.7655
rdCMC.computeControls:  t = 0.7665
rdCMC.computeControls:  t = 0.7675
rdCMC.computeControls:  t = 0.7685
rdCMC.computeControls:  t = 0.7695
rdCMC.computeControls:  t = 0.7705
rdCMC.computeControls:  t = 0.7715
rdCMC.computeControls:  t = 0.7725
rdCMC.computeControls:  t = 0.7735
rdCMC.computeControls:  t = 0.7745
rdCMC.computeControls:  t = 0.7755
rdCMC.computeControls:  t = 0.7765
rdCMC.computeControls:  t = 0.7775
rdCMC.computeControls:  t = 0.7785
rdCMC.computeControls:  t = 0.7795
rdCMC.computeControls:  t = 0.7805
rdCMC.computeControls:  t = 0.7815
rdCMC.computeControls:  t = 0.7825
rdCMC.computeControls:  t = 0.7835
rdCMC.computeControls:  t = 0.7845
rdCMC.computeControls:  t = 0.7855
rdCMC.computeControls:  t = 0.7865
rdCMC.computeControls:  t = 0.7875
rdCMC.computeControls:  t = 0.7885
rdCMC.computeControls:  t = 0.7895
rdCMC.computeControls:  t = 0.7905
rdCMC.computeControls:  t = 0.7915
rdCMC.computeControls:  t = 0.7925
rdCMC.computeControls:  t = 0.7935
rdCMC.computeControls:  t = 0.7945
rdCMC.computeControls:  t = 0.7955
rdCMC.computeControls:  t = 0.7965
rdCMC.computeControls:  t = 0.7975
rdCMC.computeControls:  t = 0.7985
rdCMC.computeControls:  t = 0.7995
rdCMC.computeControls:  t = 0.8005
rdCMC.computeControls:  t = 0.8015
rdCMC.computeControls:  t = 0.8025
rdCMC.computeControls:  t = 0.8035
rdCMC.computeControls:  t = 0.8045
rdCMC.computeControls:  t = 0.8055
rdCMC.computeControls:  t = 0.8065
rdCMC.computeControls:  t = 0.8075
rdCMC.computeControls:  t = 0.8085
rdCMC.computeControls:  t = 0.8095
rdCMC.computeControls:  t = 0.8105
rdCMC.computeControls:  t = 0.8115
rdCMC.computeControls:  t = 0.8125
rdCMC.computeControls:  t = 0.8135
rdCMC.computeControls:  t = 0.8145
----------------------------------------------------------------
Finished tracking the specified kinematics
=================================================================
Start time   = Mon Dec 19 20:35:08 2011
Finish time  = Mon Dec 19 20:37:04 2011
Elapsed time = 116 seconds.
================================================================


Printing results of investigation subject02_Run_50002_cycle1 to RRA_Results_v191_Run_50002_cycle1.


Average residuals:
FX=-0.0261105 FY=-5.53351 FZ=-0.733032
MX=-3.18902 MY=-3.74912 MZ=0.405396


